3859.027579 0.0000
3859.085499 0.0000
3859.143779 0.0000
3859.201932 0.0000
3859.260177 0.0000
3859.318435 0.0000
3859.376572 0.0000
3859.434773 0.0000
3859.493048 0.0000
3859.551258 0.0000
3859.609518 0.0000
3859.667715 0.0000
3859.726696 0.0000
3859.784185 0.0000
3859.842159 0.0000
3859.900346 0.0000
3859.959110 0.0000
3860.017294 0.0000
3860.075521 4.01916409
3860.133943 0.0000
3860.192052 0.0000
3860.250343 0.0000
3860.308555 0.0000
3860.366764 0.0000
3860.424965 0.0000
3860.483148 0.0000
3860.541348 0.0000
3860.599470 0.0000
3860.657664 0.0000
3860.715819 0.0000
3860.774147 0.0000
3860.832301 0.0000
3860.890633 0.0000
3860.948795 0.0000
3861.006920 0.0000
3861.065137 0.0000
3861.123351 3.89320755
3861.182178 3.89320755
3861.240610 4.03824854
3861.299023 4.03824854
3861.357362 4.03824854
3861.416276 4.03824854
3861.474072 4.03824854
3861.532346 4.24817657
3861.590695 4.24817657
3861.649048 4.24817657
3861.707524 4.24817657
3861.765834 0.0000
3861.824000 0.0000
3861.882267 0.0000
3861.940914 0.0000
3861.999071 0.0000
3862.057330 0.0000
3862.115543 0.0000
3862.174719 0.0000
3862.232650 0.0000
3862.291040 0.0000
3862.349298 0.0000
3862.407506 0.0000
3862.465691 0.0000
3862.524007 0.0000
3862.582366 0.0000
3862.640602 0.0000
3862.698816 0.0000
3862.757616 0.0000
3862.815291 3.88939047
3862.873467 4.01153040
3862.932198 4.01153040
3862.990585 4.01153040
3863.048948 4.01153040
3863.107337 4.01153040
3863.165676 4.64894772
3863.224127 4.64894772
3863.282449 4.64894772
3863.340960 4.64894772
3863.399303 4.64894772
3863.457830 4.77872133
3863.516170 4.77872133
3863.574500 4.77872133
3863.632828 4.77872133
3863.692063 4.74055243
3863.750793 4.74055243
3863.809337 4.74055243
3863.867756 0.0000
3863.925936 0.0000
3863.984039 0.0000
3864.042238 0.0000
3864.100517 0.0000
3864.158769 0.0000
3864.216983 0.0000
3864.275277 0.0000
3864.333435 0.0000
3864.391540 0.0000
3864.449783 0.0000
3864.508031 0.0000
3864.566209 0.0000
3864.624459 0.0000
3864.683048 0.0000
3864.742007 0.0000
3864.799428 0.0000
3864.857428 3.91992545
3864.915811 3.91992545
3864.974596 3.91992545
3865.032929 3.91992545
3865.091429 4.11840296
3865.149821 4.11840296
3865.208116 4.11840296
3865.267082 4.11840296
3865.325804 4.11840296
3865.384394 4.13367033
3865.442699 4.13367033
3865.501083 4.13367033
3865.559541 4.13367033
3865.617809 4.15275478
3865.676198 4.15275478
3865.734644 4.15275478
3865.793106 4.15275478
3865.851417 4.15275478
3865.909922 4.16802216
3865.968262 4.16802216
3866.026679 4.16802216
3866.085043 4.16802216
3866.143483 4.16802216
3866.202384 4.16038847
3866.260747 4.16038847
3866.319498 4.16038847
3866.378045 0.0000
3866.436908 0.0000
3866.494551 0.0000
3866.552638 0.0000
3866.610887 0.0000
3866.669068 0.0000
3866.727355 0.0000
3866.785521 0.0000
3866.843693 0.0000
3866.901863 0.0000
3866.960924 0.0000
3867.019526 0.0000
3867.078065 0.0000
3867.136305 0.0000
3867.195262 0.0000
3867.253197 0.0000
3867.311821 0.0000
3867.370340 0.0000
3867.429030 3.88175678
3867.487490 0.0000
3867.545711 0.0000
3867.603853 0.0000
3867.662344 0.0000
3867.719932 0.0000
3867.777916 0.0000
3867.836170 0.0000
3867.894362 0.0000
3867.953197 0.0000
3868.011387 0.0000
3868.069498 0.0000
3868.127749 0.0000
3868.185904 0.0000
3868.244161 0.0000
3868.302404 0.0000
3868.360690 0.0000
3868.418838 0.0000
3868.477167 0.0000
