3847.784016 0.0000
3847.841886 0.0000
3847.900044 0.0000
3847.958752 0.0000
3848.017107 0.0000
3848.075375 0.0000
3848.133644 0.0000
3848.192239 0.0000
3848.250397 0.0000
3848.308528 0.0000
3848.366752 0.0000
3848.424968 0.0000
3848.483238 0.0000
3848.541416 0.0000
3848.599770 0.0000
3848.657935 0.0000
3848.716083 0.0000
3848.774261 0.0000
3848.832516 4.00771332
3848.890859 0.0000
3848.949177 0.0000
3849.007842 0.0000
3849.066498 0.0000
3849.124711 0.0000
3849.183402 0.0000
3849.241549 0.0000
3849.299733 0.0000
3849.358372 0.0000
3849.417020 0.0000
3849.475277 0.0000
3849.533400 0.0000
3849.591657 0.0000
3849.649907 0.0000
3849.708136 0.0000
3849.766383 0.0000
3849.824566 0.0000
3849.882845 3.88939047
3849.941667 3.88939047
3850.000042 3.88939047
3850.058316 4.50390673
3850.116734 4.50390673
3850.175031 4.50390673
3850.233574 0.0000
3850.291739 0.0000
3850.350011 0.0000
3850.408155 0.0000
3850.466288 0.0000
3850.524514 0.0000
3850.582744 0.0000
3850.640901 0.0000
3850.699110 0.0000
3850.757383 0.0000
3850.815616 0.0000
3850.873742 0.0000
3850.931970 0.0000
3850.990184 0.0000
3851.048571 0.0000
3851.106779 0.0000
3851.165517 0.0000
3851.223580 0.0000
3851.281726 3.88175678
3851.340080 3.88175678
3851.399182 5.35125160
3851.456788 5.35125160
3851.515236 5.35125160
3851.572987 5.35125160
3851.631246 5.35125160
3851.689501 8.28642464
3851.748282 8.28642464
3851.806632 8.28642464
3851.865060 8.28642464
3851.924146 0.0000
3851.981826 0.0000
3852.039879 0.0000
3852.098064 0.0000
3852.156825 0.0000
3852.215422 0.0000
3852.273659 0.0000
3852.331813 0.0000
3852.389977 0.0000
3852.448290 0.0000
3852.506760 0.0000
3852.565142 0.0000
3852.623378 0.0000
3852.681654 0.0000
3852.740496 0.0000
3852.798296 0.0000
3852.856308 0.0000
3852.914509 0.0000
3852.973038 3.97336173
3853.031661 3.98481226
3853.089558 3.98481226
3853.147770 3.98481226
3853.206183 3.98481226
3853.264598 3.98481226
3853.322885 5.51156044
3853.381281 5.51156044
3853.439718 5.51156044
3853.498164 5.51156044
3853.556576 5.51156044
3853.615027 5.67950249
3853.673406 0.0000
3853.732123 0.0000
3853.790404 0.0000
3853.847971 0.0000
3853.906002 0.0000
3853.964288 0.0000
3854.022366 0.0000
3854.080908 0.0000
3854.138475 0.0000
3854.197192 0.0000
3854.254522 0.0000
3854.312508 0.0000
3854.370744 0.0000
3854.428994 0.0000
3854.487156 0.0000
3854.545435 0.0000
3854.603656 0.0000
3854.661768 0.0000
3854.720034 3.92374229
3854.778398 3.92374229
3854.836786 0.0000
3854.894971 0.0000
3854.953616 0.0000
3855.011873 0.0000
3855.069951 0.0000
3855.128167 0.0000
3855.186380 0.0000
3855.244647 0.0000
3855.302795 0.0000
3855.361113 0.0000
3855.419275 0.0000
3855.477433 0.0000
3855.535579 0.0000
3855.593843 0.0000
3855.652142 0.0000
3855.710362 0.0000
3855.768547 0.0000
