13887.748020 0.0000
13887.751391 4.84360790
13887.755113 4.84360790
13887.758900 4.84360790
13887.762643 4.84360790
13887.766340 4.84360790
13887.770059 4.84360790
13887.773754 4.84360790
13887.777468 4.84360790
13887.781252 4.84360790
13887.784888 4.84360790
13887.788575 4.84360790
13887.792287 4.84360790
13887.796158 4.84360790
13887.799976 4.84360790
13887.803708 4.84360790
13887.807502 4.84360790
13887.811238 4.84360790
13887.814944 4.84360790
13887.818652 4.84360790
13887.822357 4.84360790
13887.826070 4.84360790
13887.829779 4.84360790
13887.833682 4.84360790
13887.837443 4.84360790
13887.841143 4.84360790
13887.845014 4.84360790
13887.848819 3.83977127
13887.852534 3.83977127
13887.856318 3.83977127
13887.860062 3.83977127
13887.863759 3.83977127
13887.867376 3.83977127
13887.871058 3.83977127
13887.874770 3.83977127
13887.878470 3.83977127
13887.882271 3.83977127
13887.885999 3.83977127
13887.889709 3.83977127
13887.893414 3.83977127
13887.897130 3.83977127
13887.900923 3.83977127
13887.904736 3.83977127
13887.908560 3.83977127
13887.912294 3.83977127
13887.916003 3.83977127
13887.919707 3.83977127
13887.923415 3.83977127
13887.927120 3.83977127
13887.930888 3.83977127
13887.934644 3.83977127
13887.938362 3.83977127
13887.942068 3.83977127
13887.945919 3.83977127
13887.949722 3.83977127
13887.953560 3.83977127
13887.957510 3.83977127
13887.961251 3.83977127
13887.964970 3.83977127
13887.968666 3.83977127
13887.972384 3.83977127
13887.976082 3.83977127
13887.979799 3.83977127
13887.983589 3.83977127
13887.987336 3.83977127
13887.991032 3.83977127
13887.994870 3.83977127
13887.998592 3.83977127
13888.002477 3.83977127
13888.006367 3.83977127
13888.010131 3.83977127
13888.013840 3.83977127
13888.017555 3.83977127
13888.021265 3.83977127
13888.024979 3.83977127
13888.028689 3.83977127
13888.032490 3.83977127
13888.036222 3.83977127
13888.039943 3.83977127
13888.043652 3.83977127
13888.047532 3.83977127
13888.051349 3.83977127
13888.055066 3.83977127
13888.058912 3.83977127
13888.062666 3.83977127
13888.066377 3.83977127
13888.070085 3.83977127
13888.073802 3.83977127
13888.077518 3.83977127
13888.081753 3.83977127
13888.085140 3.83977127
13888.089033 3.83977127
13888.092829 3.83977127
13888.096533 3.83977127
13888.100266 3.83977127
13888.104133 3.83977127
13888.108145 3.83977127
13888.111934 3.83977127
13888.115639 3.83977127
13888.119354 3.83977127
13888.123062 5.64515066
13888.126694 5.64515066
13888.130391 5.64515066
13888.134188 5.64515066
13888.137954 5.64515066
13888.141675 5.64515066
13888.145388 5.64515066
13888.149263 5.64515066
13888.153078 5.64515066
13888.156872 5.64515066
13888.160616 5.64515066
13888.164331 5.64515066
13888.168103 5.64515066
13888.171856 5.64515066
13888.175561 5.64515066
13888.179281 5.64515066
13888.183090 5.64515066
13888.186843 5.64515066
13888.190557 5.64515066
13888.194274 5.64515066
13888.197982 5.64515066
13888.201700 5.64515066
13888.205571 5.64515066
13888.209474 5.64515066
13888.213245 5.64515066
13888.216951 5.64515066
13888.220665 5.64515066
13888.224378 5.64515066
13888.228090 5.64515066
13888.231872 5.64515066
13888.235631 5.64515066
13888.239336 5.64515066
13888.243052 5.64515066
13888.246763 5.64515066
13888.250619 5.64515066
13888.254436 5.64515066
13888.258298 5.64515066
13888.262056 5.64515066
13888.265774 5.64515066
13888.269487 5.64515066
13888.273200 5.64515066
13888.276823 5.64515066
13888.280536 5.64515066
13888.284325 5.64515066
13888.288072 5.64515066
13888.291793 5.64515066
13888.295498 5.64515066
13888.299206 5.64515066
13888.302343 5.64515066
13888.305959 5.64515066
13888.309873 5.64515066
13888.314022 5.64515066
13888.317775 5.64515066
13888.321512 5.64515066
13888.325222 5.64515066
13888.328945 5.64515066
13888.332797 5.64515066
13888.336560 5.64515066
13888.340278 5.64515066
13888.344001 5.64515066
13888.347713 5.64515066
13888.351579 5.64515066
13888.355401 5.64515066
13888.359193 5.64515066
13888.362945 5.64515066
13888.366669 5.64515066
13888.370373 5.64515066
13888.374086 5.64515066
13888.377797 5.64515066
13888.381597 5.64515066
13888.385348 5.64515066
13888.389070 5.64515066
13888.392776 5.64515066
13888.396495 4.99246597
13888.400211 4.99246597
13888.403928 4.99246597
13888.407799 4.99246597
13888.411636 4.99246597
13888.415459 4.99246597
13888.419200 4.99246597
13888.422924 4.99246597
13888.426635 4.99246597
13888.430349 4.99246597
13888.434203 4.99246597
13888.437955 4.99246597
13888.441678 4.99246597
13888.445397 4.99246597
13888.449109 4.99246597
13888.452969 4.99246597
13888.456875 4.99246597
13888.460621 4.99246597
13888.464340 4.99246597
13888.468064 4.99246597
13888.471775 4.99246597
13888.475491 4.99246597
13888.479214 4.99246597
13888.483004 4.99246597
13888.486754 4.99246597
13888.490476 4.99246597
13888.494189 4.99246597
13888.497907 4.99246597
13888.501533 4.99246597
13888.505224 4.99246597
13888.509029 4.99246597
13888.512860 4.99246597
13888.516684 4.99246597
13888.520432 4.99246597
13888.524145 4.99246597
13888.527867 4.99246597
13888.531662 4.99246597
13888.535425 4.99246597
13888.539129 4.99246597
13888.542850 4.99246597
13888.546566 4.99246597
13888.550212 4.99246597
13888.554051 4.99246597
13888.558042 4.99246597
13888.561783 4.99246597
13888.565511 4.99246597
13888.569218 4.99246597
13888.572938 4.99246597
13888.576637 4.99246597
13888.580362 4.99246597
13888.584070 4.99246597
13888.587830 4.99246597
13888.591546 4.99246597
13888.595598 4.99246597
13888.599294 4.99246597
13888.603049 4.99246597
13888.606824 4.99246597
13888.610589 4.99246597
13888.614419 4.99246597
13888.618309 4.99246597
13888.622046 4.99246597
13888.625765 4.99246597
13888.629468 4.99246597
13888.633275 4.99246597
13888.637020 4.99246597
13888.640742 4.99246597
13888.644452 4.99246597
13888.648171 4.99246597
13888.651879 4.99246597
13888.655789 4.99246597
13888.659637 4.99246597
13888.663368 4.99246597
13888.667082 4.99246597
13888.670808 3.86267257
13888.674524 3.86267257
13888.678250 3.86267257
13888.682102 3.86267257
13888.685865 3.86267257
13888.689581 3.86267257
13888.693309 3.86267257
13888.697027 3.86267257
13888.700753 3.86267257
13888.704469 3.86267257
13888.708364 3.86267257
13888.712137 3.86267257
13888.715856 3.86267257
13888.719743 3.86267257
13888.723562 3.86267257
13888.727309 3.86267257
13888.731091 3.86267257
13888.734859 3.86267257
13888.738585 3.86267257
13888.742307 3.86267257
13888.746024 3.86267257
13888.749748 3.86267257
13888.753467 3.86267257
13888.757386 3.86267257
13888.761221 3.86267257
13888.764943 3.86267257
13888.768660 3.86267257
13888.772384 3.86267257
13888.776102 3.86267257
13888.779831 3.86267257
13888.783682 3.86267257
13888.787438 3.86267257
13888.791160 3.86267257
13888.794875 3.86267257
13888.798593 3.86267257
13888.802317 3.86267257
13888.806101 3.86267257
13888.809870 3.86267257
13888.813595 3.86267257
13888.817318 3.86267257
13888.821196 3.86267257
13888.825037 3.86267257
13888.828786 3.86267257
13888.832586 3.86267257
13888.836350 3.86267257
13888.840066 3.86267257
13888.843792 3.86267257
13888.847508 3.86267257
13888.851234 3.86267257
13888.854954 3.86267257
13888.858933 3.86267257
13888.862786 3.86267257
13888.866500 3.86267257
13888.870138 3.86267257
13888.873843 3.86267257
13888.877566 3.86267257
13888.881362 3.86267257
13888.885123 3.86267257
13888.888840 3.86267257
13888.892563 3.86267257
13888.896280 3.86267257
13888.900003 3.86267257
13888.903722 3.86267257
13888.907525 3.86267257
13888.911278 3.86267257
13888.915002 3.86267257
13888.918718 3.86267257
13888.922609 3.86267257
13888.926438 3.86267257
13888.930179 3.86267257
13888.934034 3.86267257
13888.937799 3.86267257
13888.941519 3.86267257
13888.945244 3.88939047
13888.948964 3.88939047
13888.952687 3.88939047
13888.956483 3.88939047
13888.960380 3.88939047
13888.964193 3.88939047
13888.967920 3.88939047
13888.971637 3.88939047
13888.975361 3.88939047
13888.979082 3.88939047
13888.982885 3.88939047
13888.986636 3.88939047
13888.990362 3.88939047
13888.994078 3.88939047
13888.997804 3.88939047
13889.001519 3.88939047
13889.005249 3.88939047
13889.009125 3.88939047
13889.012910 3.88939047
13889.016630 3.88939047
13889.020363 3.88939047
13889.024222 3.88939047
13889.028100 3.88939047
13889.031949 3.88939047
13889.035696 3.88939047
13889.039432 3.88939047
13889.043148 3.88939047
13889.046886 3.88939047
13889.050537 3.88939047
13889.054471 3.88939047
13889.058422 3.88939047
13889.062336 3.88939047
13889.066172 3.88939047
13889.069897 3.88939047
13889.073624 3.88939047
13889.077348 3.88939047
13889.081140 3.88939047
13889.084910 3.88939047
13889.088644 3.88939047
13889.092370 3.88939047
13889.096005 3.88939047
13889.099719 3.88939047
13889.103448 3.88939047
13889.107252 3.88939047
13889.111005 3.88939047
13889.114722 3.88939047
13889.118450 3.88939047
13889.122168 3.88939047
13889.125889 3.88939047
13889.129770 3.88939047
13889.133686 3.88939047
13889.137466 3.88939047
13889.141178 3.88939047
13889.144905 3.88939047
13889.148613 3.88939047
13889.152342 3.88939047
13889.156118 3.88939047
13889.159898 3.88939047
13889.163756 3.88939047
13889.167587 3.88939047
13889.171297 3.88939047
13889.175027 3.88939047
13889.178737 3.88939047
13889.182652 3.88939047
13889.186426 3.88939047
13889.190145 3.88939047
13889.193861 3.88939047
13889.197577 3.88939047
13889.201300 3.88939047
13889.205015 3.88939047
13889.208811 3.88939047
13889.212570 3.88939047
13889.216288 3.88939047
13889.220004 3.86648941
13889.223721 3.86648941
13889.227440 3.86648941
13889.231280 3.86648941
13889.235124 3.86648941
13889.238867 3.86648941
13889.242585 3.86648941
13889.246210 3.86648941
13889.249921 3.86648941
13889.253641 3.86648941
13889.257445 3.86648941
13889.261199 3.86648941
13889.265063 3.86648941
13889.268893 3.86648941
13889.272616 3.86648941
13889.276333 3.86648941
13889.280059 3.86648941
13889.283914 3.86648941
13889.287677 3.86648941
13889.291401 3.86648941
13889.295124 3.86648941
13889.298843 3.86648941
13889.302565 3.86648941
13889.306365 3.86648941
13889.310118 3.86648941
13889.313755 3.86648941
13889.317465 3.86648941
13889.321185 3.86648941
13889.324901 3.86648941
13889.328623 3.86648941
13889.332644 3.86648941
13889.336509 3.86648941
13889.340260 3.86648941
13889.343970 3.86648941
13889.347699 3.86648941
13889.351404 3.86648941
13889.355129 3.86648941
13889.358920 3.86648941
13889.362693 3.86648941
13889.366539 3.86648941
13889.370364 3.86648941
13889.374066 3.86648941
13889.377791 3.86648941
13889.381570 3.86648941
13889.385334 3.86648941
13889.389037 3.86648941
13889.392762 3.86648941
13889.396467 3.86648941
13889.400193 3.86648941
13889.403821 3.86648941
13889.407643 3.86648941
13889.411397 3.86648941
13889.415120 3.86648941
13889.418834 3.86648941
13889.422551 3.86648941
13889.426262 3.86648941
13889.429982 3.86648941
13889.433916 3.86648941
13889.437777 3.86648941
13889.441510 3.86648941
13889.445231 3.86648941
13889.448941 3.86648941
13889.452660 3.86648941
13889.456455 3.86648941
13889.460213 3.86648941
13889.463926 3.86648941
13889.467785 3.86648941
13889.471607 3.86648941
13889.475322 3.86648941
13889.479033 3.86648941
13889.482890 3.86648941
13889.486653 3.86648941
13889.490372 3.86648941
13889.494083 3.76725078
13889.497800 3.76725078
13889.501511 3.76725078
13889.505183 3.76725078
13889.509202 3.76725078
13889.513022 3.76725078
13889.516727 3.76725078
13889.520448 3.76725078
13889.524150 3.76725078
13889.527877 3.76725078
13889.531662 3.76725078
13889.535556 3.76725078
13889.539404 3.76725078
13889.543154 3.76725078
13889.546864 3.76725078
13889.550582 3.76725078
13889.554295 3.76725078
13889.558152 3.76725078
13889.561903 3.76725078
13889.565629 3.76725078
13889.569493 3.76725078
13889.573325 3.76725078
13889.577038 3.76725078
13889.580833 3.76725078
13889.584585 3.76725078
13889.588327 3.76725078
13889.592041 3.76725078
13889.595770 3.76725078
13889.599483 3.76725078
13889.603212 3.76725078
13889.606999 3.76725078
13889.610769 3.76725078
13889.614480 3.76725078
13889.618207 3.76725078
13889.621919 3.76725078
13889.625645 3.76725078
13889.629354 3.76725078
13889.633250 3.76725078
13889.637027 3.76725078
13889.640904 3.76725078
13889.644737 3.76725078
13889.648487 3.76725078
13889.652202 3.76725078
13889.655999 3.76725078
13889.659751 3.76725078
13889.663491 3.76725078
13889.667204 3.76725078
13889.670990 3.76725078
13889.674805 3.76725078
13889.678535 3.76725078
13889.682380 3.76725078
13889.686152 3.76725078
13889.689866 3.76725078
13889.693596 3.76725078
13889.697310 3.76725078
13889.701041 3.76725078
13889.704756 3.76725078
13889.708563 3.76725078
13889.712313 3.76725078
13889.716046 3.76725078
13889.719757 3.76725078
13889.723485 3.76725078
13889.727196 3.76725078
13889.730905 3.76725078
13889.734657 3.76725078
13889.738417 3.76725078
13889.742292 3.76725078
13889.746134 3.76725078
13889.749876 3.76725078
13889.753598 3.76725078
13889.757399 3.76725078
13889.761162 3.76725078
13889.764883 4.53444147
13889.768604 4.53444147
13889.772464 4.53444147
13889.776288 4.53444147
13889.780010 4.53444147
13889.783889 4.53444147
13889.787665 4.53444147
13889.791306 4.53444147
13889.795014 4.53444147
13889.798744 4.53444147
13889.802456 4.53444147
13889.806263 4.53444147
13889.810012 4.53444147
13889.813739 4.53444147
13889.817420 4.53444147
13889.821139 4.53444147
13889.824858 4.53444147
13889.828579 4.53444147
13889.832372 4.53444147
13889.836133 4.53444147
13889.839853 4.53444147
13889.843745 4.53444147
13889.847587 4.53444147
13889.851245 4.53444147
13889.854958 4.53444147
13889.858754 4.53444147
13889.862517 4.53444147
13889.866239 4.53444147
13889.869956 4.53444147
13889.873226 4.53444147
13889.877424 4.53444147
13889.881420 4.53444147
13889.885156 4.53444147
13889.888878 4.53444147
13889.892565 4.53444147
13889.896289 4.53444147
13889.900096 4.53444147
13889.903340 4.53444147
13889.906440 4.53444147
13889.909882 4.53444147
13889.913006 4.53444147
13889.916550 4.53444147
13889.919778 4.53444147
13889.923272 4.53444147
13889.926493 4.53444147
13889.929433 4.53444147
13889.932477 4.53444147
13889.935993 4.53444147
13889.939620 4.53444147
13889.942685 4.53444147
13889.945692 4.53444147
13889.948592 4.53444147
13889.954966 4.53444147
13889.958693 4.53444147
13889.962435 4.53444147
13889.966134 4.53444147
13889.969831 4.53444147
13889.973688 4.53444147
13889.977502 4.53444147
13889.981286 4.53444147
13889.985026 4.53444147
13889.988726 4.53444147
13889.992430 4.53444147
13889.996130 4.53444147
13889.999831 4.53444147
13890.003537 4.53444147
13890.007321 4.53444147
13890.011061 4.53444147
13890.014768 4.53444147
13890.018471 4.53444147
13890.022175 4.53444147
13890.025880 4.53444147
13890.029582 4.53444147
13890.033420 4.53444147
13890.037173 4.53444147
13890.040877 5.56881332
13890.044581 5.56881332
13890.048448 5.56881332
13890.052293 5.56881332
13890.056102 5.56881332
13890.059851 5.56881332
13890.063556 5.56881332
13890.067265 5.56881332
13890.070898 5.56881332
13890.074751 5.56881332
13890.078559 5.56881332
13890.082346 5.56881332
13890.086092 5.56881332
13890.089802 5.56881332
13890.093509 5.56881332
13890.097216 5.56881332
13890.100919 5.56881332
13890.104625 5.56881332
13890.108469 5.56881332
13890.112151 5.56881332
13890.116192 5.56881332
13890.119866 5.56881332
13890.123570 5.56881332
13890.127274 5.56881332
13890.131038 5.56881332
13890.134774 5.56881332
13890.138488 5.56881332
13890.142187 5.56881332
13890.145889 5.56881332
13890.149589 5.56881332
13890.153462 5.56881332
13890.157359 5.56881332
13890.161119 5.56881332
13890.164820 5.56881332
13890.168576 5.56881332
13890.172320 5.56881332
13890.176169 5.56881332
13890.179972 5.56881332
13890.183800 5.56881332
13890.187547 5.56881332
13890.191187 5.56881332
13890.194893 5.56881332
13890.198593 5.56881332
13890.202291 5.56881332
13890.206068 5.56881332
13890.209808 5.56881332
13890.213511 5.56881332
13890.217213 5.56881332
13890.220905 5.56881332
13890.224612 5.56881332
13890.228315 5.56881332
13890.232086 5.56881332
13890.235829 5.56881332
13890.239533 5.56881332
13890.243153 5.56881332
13890.246855 5.56881332
13890.250557 5.56881332
13890.254417 5.56881332
13890.258319 5.56881332
13890.262073 5.56881332
13890.265771 5.56881332
13890.269466 5.56881332
13890.273178 5.56881332
13890.277036 5.56881332
13890.280974 5.56881332
13890.284759 5.56881332
13890.288474 5.56881332
13890.292166 5.56881332
13890.295876 5.56881332
13890.299582 0.0000
