13896.062422 0.0000
13896.065748 3.87412310
13896.069561 3.87412310
13896.073272 3.87412310
13896.076975 3.87412310
13896.080766 3.87412310
13896.084507 3.87412310
13896.088219 3.87412310
13896.092077 3.87412310
13896.095903 3.87412310
13896.099641 3.87412310
13896.103349 3.87412310
13896.107186 3.87412310
13896.110934 3.87412310
13896.114640 3.87412310
13896.118343 3.87412310
13896.122046 3.87412310
13896.125748 3.87412310
13896.129451 3.87412310
13896.133230 3.87412310
13896.136999 3.87412310
13896.140850 3.87412310
13896.144659 3.87412310
13896.148363 3.87412310
13896.152064 3.87412310
13896.155845 3.87412310
13896.159584 3.87412310
13896.163285 3.87412310
13896.167048 3.87412310
13896.170791 3.87412310
13896.174493 3.87412310
13896.178194 3.87412310
13896.181973 3.87412310
13896.185711 3.87412310
13896.188840 3.87412310
13896.192477 3.87412310
13896.195780 3.87412310
13896.198833 3.87412310
13896.202332 3.87412310
13896.206348 3.87412310
13896.210105 3.87412310
13896.213802 3.87412310
13896.217513 3.87412310
13896.221210 3.87412310
13896.224924 3.87412310
13896.228618 3.87412310
13896.232576 3.87412310
13896.236355 3.87412310
13896.240065 3.87412310
13896.243919 3.87412310
13896.247716 3.87412310
13896.251422 3.87412310
13896.255182 3.87412310
13896.258936 3.87412310
13896.262651 3.87412310
13896.266420 3.87412310
13896.270154 3.87412310
13896.273860 3.87412310
13896.277562 3.87412310
13896.281337 3.87412310
13896.285081 3.87412310
13896.288786 3.87412310
13896.292490 3.87412310
13896.296363 3.87412310
13896.300167 3.87412310
13896.303905 3.87412310
13896.307687 3.87412310
13896.311430 3.87412310
13896.315133 3.87412310
13896.318752 3.87412310
13896.322450 3.87412310
13896.326154 3.87412310
13896.329863 3.87412310
13896.333717 5.12223959
13896.337475 5.12223959
13896.341184 5.12223959
13896.345040 5.12223959
13896.348855 5.12223959
13896.352560 5.12223959
13896.356338 5.12223959
13896.360080 5.12223959
13896.363784 5.12223959
13896.367490 5.12223959
13896.371194 5.12223959
13896.374901 5.12223959
13896.378605 5.12223959
13896.382385 5.12223959
13896.386128 5.12223959
13896.389830 5.12223959
13896.393536 5.12223959
13896.397411 5.12223959
13896.401224 5.12223959
13896.404966 5.12223959
13896.408744 5.12223959
13896.412491 5.12223959
13896.416187 5.12223959
13896.419895 5.12223959
13896.423595 5.12223959
13896.427304 5.12223959
13896.431081 5.12223959
13896.434828 5.12223959
13896.438526 5.12223959
13896.442235 5.12223959
13896.446081 5.12223959
13896.449890 5.12223959
13896.453595 5.12223959
13896.457429 5.12223959
13896.461173 5.12223959
13896.465058 5.12223959
13896.468705 5.12223959
13896.472420 5.12223959
13896.476120 5.12223959
13896.479826 5.12223959
13896.483712 5.12223959
13896.487473 5.12223959
13896.491166 5.12223959
13896.494883 5.12223959
13896.498729 5.12223959
13896.502585 5.12223959
13896.506403 5.12223959
13896.510147 5.12223959
13896.513848 5.12223959
13896.517554 5.12223959
13896.521255 5.12223959
13896.524962 5.12223959
13896.528662 5.12223959
13896.532447 5.12223959
13896.536184 5.12223959
13896.539890 5.12223959
13896.543589 5.12223959
13896.547450 5.12223959
13896.551258 5.12223959
13896.554965 5.12223959
13896.558797 5.12223959
13896.562543 5.12223959
13896.566414 5.12223959
13896.570147 5.12223959
13896.573854 5.12223959
13896.577557 5.12223959
13896.581345 5.12223959
13896.585089 5.12223959
13896.588791 5.12223959
13896.592498 5.12223959
13896.596201 5.12223959
13896.599903 5.12223959
13896.603747 5.12223959
13896.607632 5.78637505
13896.610924 5.78637505
13896.613921 5.78637505
13896.617487 5.78637505
13896.621198 5.78637505
13896.624887 5.78637505
13896.628600 5.78637505
13896.632431 5.78637505
13896.636201 5.78637505
13896.639889 5.78637505
13896.643600 5.78637505
13896.647433 5.78637505
13896.651260 5.78637505
13896.654951 5.78637505
13896.658743 5.78637505
13896.662472 5.78637505
13896.666181 5.78637505
13896.669868 5.78637505
13896.673496 5.78637505
13896.677180 5.78637505
13896.680966 5.78637505
13896.684701 5.78637505
13896.688412 5.78637505
13896.692105 5.78637505
13896.695815 5.78637505
13896.699508 5.78637505
13896.703216 5.78637505
13896.707154 5.78637505
13896.710973 5.78637505
13896.714719 5.78637505
13896.718429 5.78637505
13896.722123 5.78637505
13896.725832 5.78637505
13896.729525 5.78637505
13896.733310 5.78637505
13896.737042 5.78637505
13896.740752 5.78637505
13896.744448 5.78637505
13896.748318 5.78637505
13896.752113 5.78637505
13896.755882 5.78637505
13896.759609 5.78637505
13896.762733 5.78637505
13896.765680 5.78637505
13896.768646 5.78637505
13896.772558 5.78637505
13896.775662 5.78637505
13896.779132 5.78637505
13896.782567 5.78637505
13896.785502 5.78637505
13896.788437 5.78637505
13896.792195 5.78637505
13896.795902 5.78637505
13896.799588 5.78637505
13896.803292 5.78637505
13896.807183 5.78637505
13896.811025 5.78637505
13896.814743 5.78637505
13896.818443 5.78637505
13896.822132 5.78637505
13896.825832 5.78637505
13896.829525 5.78637505
13896.833367 5.78637505
13896.837103 5.78637505
13896.840809 5.78637505
13896.844498 5.78637505
13896.848340 5.78637505
13896.852144 5.78637505
13896.855926 5.78637505
13896.859655 5.78637505
13896.863358 5.78637505
13896.867049 5.78637505
13896.870749 5.78637505
13896.874442 5.78637505
13896.878073 5.78637505
13896.881856 3.77488446
13896.885596 3.77488446
13896.889284 3.77488446
13896.892985 3.77488446
13896.896678 3.77488446
13896.900305 3.77488446
13896.903995 3.77488446
13896.907772 3.77488446
13896.911584 3.77488446
13896.915421 3.77488446
13896.919142 3.77488446
13896.922846 3.77488446
13896.926535 3.77488446
13896.930307 3.77488446
13896.934039 3.77488446
13896.937746 3.77488446
13896.941437 3.77488446
13896.945138 3.77488446
13896.948968 3.77488446
13896.952766 3.77488446
13896.956611 3.77488446
13896.960358 3.77488446
13896.964056 3.77488446
13896.967757 3.77488446
13896.971451 3.77488446
13896.975150 3.77488446
13896.978844 3.77488446
13896.982620 3.77488446
13896.986351 3.77488446
13896.990046 3.77488446
13896.993739 3.77488446
13896.997440 3.77488446
13897.001045 3.77488446
13897.004753 3.77488446
13897.008520 3.77488446
13897.012421 3.77488446
13897.016237 3.77488446
13897.019976 3.77488446
13897.023669 3.77488446
13897.027373 3.77488446
13897.031148 3.77488446
13897.034893 3.77488446
13897.038587 3.77488446
13897.042296 3.77488446
13897.045987 3.77488446
13897.049837 3.77488446
13897.053646 3.77488446
13897.057488 3.77488446
13897.061220 3.77488446
13897.064932 3.77488446
13897.068626 3.77488446
13897.072336 3.77488446
13897.076028 3.77488446
13897.079738 3.77488446
13897.083530 3.77488446
13897.087309 3.77488446
13897.090995 3.77488446
13897.094150 3.77488446
13897.097693 3.77488446
13897.101396 3.77488446
13897.105137 3.77488446
13897.108887 3.77488446
13897.112588 3.77488446
13897.116482 3.77488446
13897.120291 3.77488446
13897.124022 3.77488446
13897.127708 3.77488446
13897.131493 3.77488446
13897.135213 3.77488446
13897.138909 3.77488446
13897.142597 3.77488446
13897.146300 3.77488446
13897.150140 3.77488446
13897.153953 3.92755938
13897.157724 3.92755938
13897.161467 3.92755938
13897.165160 3.92755938
13897.168867 3.92755938
13897.172560 3.92755938
13897.176270 3.92755938
13897.179964 3.92755938
13897.183801 3.92755938
13897.187544 3.92755938
13897.191255 3.92755938
13897.194946 3.92755938
13897.198652 3.92755938
13897.202345 3.92755938
13897.206054 3.92755938
13897.209769 3.92755938
13897.212910 3.92755938
13897.216603 3.92755938
13897.220431 3.92755938
13897.224155 3.92755938
13897.227860 3.92755938
13897.231641 3.92755938
13897.235383 3.92755938
13897.239079 3.92755938
13897.242783 3.92755938
13897.246473 3.92755938
13897.250320 3.92755938
13897.254127 3.92755938
13897.257982 3.92755938
13897.261723 3.92755938
13897.265431 3.92755938
13897.269129 3.92755938
13897.272832 3.92755938
13897.276530 3.92755938
13897.280299 3.92755938
13897.284038 3.92755938
13897.287672 3.92755938
13897.291373 3.92755938
13897.295082 3.92755938
13897.298777 3.92755938
13897.302485 3.92755938
13897.306258 3.92755938
13897.310003 3.92755938
13897.313695 3.92755938
13897.317404 3.92755938
13897.321268 3.92755938
13897.325486 3.92755938
13897.329195 3.92755938
13897.333084 3.92755938
13897.336829 3.92755938
13897.340562 3.92755938
13897.344267 3.92755938
13897.347998 3.92755938
13897.351847 3.92755938
13897.355752 3.92755938
13897.359488 3.92755938
13897.363223 3.92755938
13897.366927 3.92755938
13897.370662 3.92755938
13897.374368 3.92755938
13897.378101 3.92755938
13897.381890 3.92755938
13897.385659 3.92755938
13897.389363 3.92755938
13897.393093 3.92755938
13897.396799 3.92755938
13897.400529 3.92755938
13897.404236 3.92755938
13897.408137 3.92755938
13897.411817 3.92755938
13897.415735 3.92755938
13897.419506 3.92755938
13897.423371 3.92755938
13897.427200 3.92755938
13897.431012 3.88557363
13897.434746 3.88557363
13897.438451 3.88557363
13897.442147 3.88557363
13897.445854 3.88557363
13897.449546 3.88557363
13897.453411 3.88557363
13897.457370 3.88557363
13897.461108 3.88557363
13897.464806 3.88557363
13897.468514 3.88557363
13897.472210 3.88557363
13897.475919 3.88557363
13897.479615 3.88557363
13897.483404 3.88557363
13897.487131 3.88557363
13897.490840 3.88557363
13897.494533 3.88557363
13897.498240 3.88557363
13897.501931 3.88557363
13897.505723 3.88557363
13897.509454 3.88557363
13897.513163 3.88557363
13897.516859 3.88557363
13897.520569 3.88557363
13897.524431 3.88557363
13897.528263 3.88557363
13897.532071 3.88557363
13897.535806 3.88557363
13897.539509 3.88557363
13897.543208 3.88557363
13897.546911 3.88557363
13897.550534 3.88557363
13897.554377 3.88557363
13897.558343 3.88557363
13897.562081 3.88557363
13897.565792 3.88557363
13897.569481 3.88557363
13897.573197 3.88557363
13897.576891 3.88557363
13897.580681 3.88557363
13897.584412 3.88557363
13897.588122 3.88557363
13897.591813 3.88557363
13897.595434 3.88557363
13897.599122 3.88557363
13897.602825 3.88557363
13897.606606 3.88557363
13897.610694 3.88557363
13897.614576 3.88557363
13897.618338 3.88557363
13897.622035 3.88557363
13897.625871 3.88557363
13897.629692 3.88557363
13897.633529 3.88557363
13897.637257 3.88557363
13897.640971 3.88557363
13897.644663 3.88557363
13897.648375 3.88557363
13897.652068 3.88557363
13897.655987 3.88557363
13897.659810 3.88557363
13897.663516 3.88557363
13897.667220 3.88557363
13897.670926 3.88557363
13897.674624 3.88557363
13897.678329 3.88557363
13897.682164 3.88557363
13897.685907 3.88557363
13897.689612 3.88557363
13897.693315 3.88557363
13897.697019 3.88557363
13897.700726 3.88557363
13897.704427 3.79778576
13897.708301 3.79778576
13897.712054 3.79778576
13897.715749 3.79778576
13897.719459 3.79778576
13897.723158 3.79778576
13897.726871 3.79778576
13897.730766 3.79778576
13897.734618 3.79778576
13897.738412 3.79778576
13897.742125 3.79778576
13897.745823 3.79778576
13897.749521 3.79778576
13897.753224 3.79778576
13897.757119 3.79778576
13897.760935 3.79778576
13897.764644 3.79778576
13897.768340 3.79778576
13897.772045 3.79778576
13897.775744 3.79778576
13897.779450 3.79778576
13897.783277 3.79778576
13897.787021 3.79778576
13897.790723 3.79778576
13897.794426 3.79778576
13897.798124 3.79778576
13897.801827 3.79778576
13897.805605 3.79778576
13897.809349 3.79778576
13897.813049 3.79778576
13897.816756 3.79778576
13897.820382 3.79778576
13897.824085 3.79778576
13897.827789 3.79778576
13897.831703 3.79778576
13897.835544 3.79778576
13897.839272 3.79778576
13897.842969 3.79778576
13897.846674 3.79778576
13897.850374 3.79778576
13897.854082 3.79778576
13897.858038 3.79778576
13897.861875 3.79778576
13897.865576 3.79778576
13897.869284 3.79778576
13897.872980 3.79778576
13897.876687 3.79778576
13897.880449 3.79778576
13897.884201 3.79778576
13897.887905 3.79778576
13897.891611 3.79778576
13897.895309 3.79778576
13897.899015 3.79778576
13897.902641 3.79778576
13897.906418 3.79778576
13897.910163 3.79778576
13897.913861 3.79778576
13897.917569 3.79778576
13897.921269 3.79778576
13897.924977 3.79778576
13897.928676 3.79778576
13897.932483 3.79778576
13897.936380 3.79778576
13897.940211 3.79778576
13897.943942 3.79778576
13897.947639 3.79778576
13897.951348 3.79778576
13897.955108 3.79778576
13897.959000 3.79778576
13897.962817 3.79778576
13897.966520 3.79778576
13897.970216 3.79778576
13897.973916 3.79778576
13897.977615 5.33980131
13897.981400 5.33980131
13897.985135 5.33980131
13897.988840 5.33980131
13897.992542 5.33980131
13897.996247 5.33980131
13897.999945 5.33980131
13898.003651 5.33980131
13898.007538 5.33980131
13898.011302 5.33980131
13898.015005 5.33980131
13898.018711 5.33980131
13898.022415 5.33980131
13898.026121 5.33980131
13898.029821 5.33980131
13898.033646 5.33980131
13898.037547 5.33980131
13898.041379 5.33980131
13898.045111 5.33980131
13898.048814 5.33980131
13898.052526 5.33980131
13898.056318 5.33980131
13898.060196 5.33980131
13898.064008 5.33980131
13898.067719 5.33980131
13898.071420 5.33980131
13898.075122 5.33980131
13898.078825 5.33980131
13898.082615 5.33980131
13898.086355 5.33980131
13898.090064 5.33980131
13898.093771 5.33980131
13898.097481 5.33980131
13898.101184 5.33980131
13898.104884 5.33980131
13898.108667 5.33980131
13898.112401 5.33980131
13898.116102 5.33980131
13898.119802 5.33980131
13898.123504 5.33980131
13898.127113 5.33980131
13898.130903 5.33980131
13898.134640 5.33980131
13898.138480 5.33980131
13898.142305 5.33980131
13898.146034 5.33980131
13898.149728 5.33980131
13898.153434 5.33980131
13898.157281 5.33980131
13898.161165 5.33980131
13898.164964 5.33980131
13898.168716 5.33980131
13898.172450 5.33980131
13898.176161 5.33980131
13898.179854 5.33980131
13898.183645 5.33980131
13898.187374 5.33980131
13898.191082 5.33980131
13898.194773 5.33980131
13898.198483 5.33980131
13898.202178 5.33980131
13898.205964 5.33980131
13898.209601 5.33980131
13898.212799 5.33980131
13898.216345 5.33980131
13898.220057 5.33980131
13898.223737 5.33980131
13898.227460 5.33980131
13898.231222 5.33980131
13898.234980 5.33980131
13898.238662 5.33980131
13898.242470 5.33980131
13898.246261 5.33980131
13898.250003 5.57644701
13898.253691 5.57644701
13898.257547 5.57644701
13898.261410 5.57644701
13898.265233 5.57644701
13898.268918 5.57644701
13898.272635 5.57644701
13898.276316 5.57644701
13898.280088 5.57644701
13898.283818 5.57644701
13898.287544 5.57644701
13898.291224 5.57644701
13898.294949 5.57644701
13898.298635 5.57644701
13898.302353 5.57644701
13898.306197 5.57644701
13898.309967 5.57644701
13898.313654 5.57644701
13898.317371 5.57644701
13898.321411 5.57644701
13898.325123 5.57644701
13898.328856 5.57644701
13898.332633 5.57644701
13898.336374 5.57644701
13898.340075 5.57644701
13898.343947 5.57644701
13898.347748 5.57644701
13898.351475 5.57644701
13898.355248 5.57644701
13898.358993 5.57644701
13898.362851 5.57644701
13898.366668 5.57644701
13898.370371 5.57644701
13898.374077 5.57644701
13898.377783 5.57644701
13898.381615 5.57644701
13898.385362 5.57644701
13898.389072 5.57644701
13898.392775 5.57644701
13898.396482 5.57644701
13898.400185 5.57644701
13898.403890 5.57644701
13898.407673 5.57644701
13898.411413 5.57644701
13898.415118 5.57644701
13898.418823 5.57644701
13898.422528 5.57644701
13898.426228 5.57644701
13898.429934 5.57644701
13898.433753 5.57644701
13898.437508 5.57644701
13898.441213 5.57644701
13898.445081 5.57644701
13898.448909 5.57644701
13898.452642 5.57644701
13898.456431 5.57644701
13898.460177 5.57644701
13898.464012 0.0000
