13904.439422 0.0000
13904.442743 5.12987328
13904.446494 5.12987328
13904.450219 5.12987328
13904.453961 5.12987328
13904.457779 5.12987328
13904.461542 5.12987328
13904.465265 5.12987328
13904.469006 5.12987328
13904.472726 5.12987328
13904.476463 5.12987328
13904.480278 5.12987328
13904.484040 5.12987328
13904.487906 5.12987328
13904.491710 5.12987328
13904.495461 5.12987328
13904.499201 5.12987328
13904.502922 5.12987328
13904.506805 5.12987328
13904.510534 5.12987328
13904.514278 5.12987328
13904.518000 5.12987328
13904.521738 5.12987328
13904.525589 5.12987328
13904.529389 5.12987328
13904.533197 5.12987328
13904.536955 5.12987328
13904.540671 5.12987328
13904.544405 3.57259035
13904.548123 3.57259035
13904.551856 3.57259035
13904.555667 3.57259035
13904.559421 3.57259035
13904.563135 3.57259035
13904.566868 3.57259035
13904.570588 3.57259035
13904.574321 3.57259035
13904.578042 3.57259035
13904.581867 3.57259035
13904.585605 3.57259035
13904.589501 3.57259035
13904.593317 3.57259035
13904.597074 3.57259035
13904.600792 3.57259035
13904.604523 3.57259035
13904.608443 3.57259035
13904.612216 3.57259035
13904.615940 3.57259035
13904.619668 3.57259035
13904.623390 3.57259035
13904.627241 3.57259035
13904.631122 3.57259035
13904.634879 3.57259035
13904.638597 3.57259035
13904.642325 3.57259035
13904.646042 3.57259035
13904.649777 3.57259035
13904.653492 3.57259035
13904.657317 3.57259035
13904.660964 3.57259035
13904.664651 3.57259035
13904.668360 3.57259035
13904.672099 3.57259035
13904.675809 3.57259035
13904.679547 3.57259035
13904.683353 3.57259035
13904.687112 3.57259035
13904.690960 3.57259035
13904.694836 3.57259035
13904.698585 3.57259035
13904.702316 3.57259035
13904.706134 3.57259035
13904.709890 3.57259035
13904.713607 3.57259035
13904.717341 3.57259035
13904.721059 3.57259035
13904.724789 3.57259035
13904.728659 3.57259035
13904.732630 3.57259035
13904.736372 3.57259035
13904.740108 3.57259035
13904.743826 3.57259035
13904.747557 3.57259035
13904.751277 3.57259035
13904.755060 3.57259035
13904.758830 3.57259035
13904.762573 3.57259035
13904.766289 3.57259035
13904.770018 3.57259035
13904.773735 3.57259035
13904.777467 3.57259035
13904.781310 3.57259035
13904.785080 3.57259035
13904.788800 3.57259035
13904.792438 3.57259035
13904.796285 3.57259035
13904.800118 3.57259035
13904.803864 3.57259035
13904.807697 3.57259035
13904.811436 3.57259035
13904.815169 3.57259035
13904.818887 5.77110767
13904.822621 5.77110767
13904.826337 5.77110767
13904.830274 5.77110767
13904.834102 5.77110767
13904.837835 5.77110767
13904.841552 5.77110767
13904.845286 5.77110767
13904.849001 5.77110767
13904.852739 5.77110767
13904.856601 5.77110767
13904.860363 5.77110767
13904.864079 5.77110767
13904.867820 5.77110767
13904.871537 5.77110767
13904.875273 5.77110767
13904.878989 5.77110767
13904.882811 5.77110767
13904.886547 5.77110767
13904.890276 5.77110767
13904.893994 5.77110767
13904.897867 5.77110767
13904.901654 5.77110767
13904.905506 5.77110767
13904.909257 5.77110767
13904.912896 5.77110767
13904.916826 5.77110767
13904.920593 5.77110767
13904.924288 5.77110767
13904.928005 5.77110767
13904.932020 5.77110767
13904.935846 5.77110767
13904.939546 5.77110767
13904.943263 5.77110767
13904.946963 5.77110767
13904.950588 5.77110767
13904.954270 5.77110767
13904.958079 5.77110767
13904.961802 5.77110767
13904.965523 5.77110767
13904.969221 5.77110767
13904.972937 5.77110767
13904.976634 5.77110767
13904.980439 5.77110767
13904.984160 5.77110767
13904.987881 5.77110767
13904.991579 5.77110767
13904.995296 5.77110767
13904.999152 5.77110767
13905.002974 5.77110767
13905.006871 5.77110767
13905.010612 5.77110767
13905.014325 5.77110767
13905.018037 5.77110767
13905.021750 5.77110767
13905.025464 5.77110767
13905.029179 5.77110767
13905.033097 5.77110767
13905.036921 5.77110767
13905.040635 5.77110767
13905.044350 5.77110767
13905.048060 5.77110767
13905.051762 5.77110767
13905.055566 5.77110767
13905.059300 5.77110767
13905.063010 5.77110767
13905.066725 5.77110767
13905.070341 5.77110767
13905.074063 5.77110767
13905.077781 5.77110767
13905.081580 5.77110767
13905.085316 5.77110767
13905.089026 5.77110767
13905.092739 4.98483229
13905.096447 4.98483229
13905.100169 4.98483229
13905.104035 4.98483229
13905.108032 4.98483229
13905.111791 4.98483229
13905.115499 4.98483229
13905.119203 4.98483229
13905.122912 4.98483229
13905.126617 4.98483229
13905.130410 4.98483229
13905.134305 4.98483229
13905.138113 4.98483229
13905.141826 4.98483229
13905.145542 4.98483229
13905.149254 4.98483229
13905.152968 4.98483229
13905.156769 4.98483229
13905.160507 4.98483229
13905.164219 4.98483229
13905.167932 4.98483229
13905.171643 4.98483229
13905.175353 4.98483229
13905.179068 4.98483229
13905.182866 4.98483229
13905.186606 4.98483229
13905.190323 4.98483229
13905.194037 4.98483229
13905.197749 4.98483229
13905.201462 4.98483229
13905.205397 4.98483229
13905.209225 4.98483229
13905.212973 4.98483229
13905.216675 4.98483229
13905.220392 4.98483229
13905.224100 4.98483229
13905.227727 4.98483229
13905.231612 4.98483229
13905.235539 4.98483229
13905.239345 4.98483229
13905.243068 4.98483229
13905.246770 4.98483229
13905.250488 4.98483229
13905.254186 4.98483229
13905.258007 4.98483229
13905.261731 4.98483229
13905.265455 4.98483229
13905.269158 4.98483229
13905.272881 4.98483229
13905.276581 4.98483229
13905.280401 4.98483229
13905.284122 4.98483229
13905.287846 4.98483229
13905.291540 4.98483229
13905.294681 4.98483229
13905.298240 4.98483229
13905.301969 4.98483229
13905.305870 4.98483229
13905.309737 4.98483229
13905.313485 4.98483229
13905.317835 4.98483229
13905.320981 4.98483229
13905.324448 4.98483229
13905.328187 4.98483229
13905.332061 4.98483229
13905.335976 4.98483229
13905.339810 4.98483229
13905.343546 4.98483229
13905.347270 4.98483229
13905.350909 4.98483229
13905.354636 4.98483229
13905.358427 4.98483229
13905.362163 4.98483229
13905.365902 3.84358811
13905.369627 3.84358811
13905.373366 3.84358811
13905.377092 3.84358811
13905.380959 3.84358811
13905.384715 3.84358811
13905.388451 3.84358811
13905.392176 3.84358811
13905.395913 3.84358811
13905.399638 3.84358811
13905.403374 3.84358811
13905.407197 3.84358811
13905.411018 3.84358811
13905.414813 3.84358811
13905.418579 3.84358811
13905.422303 3.84358811
13905.426036 3.84358811
13905.429813 3.84358811
13905.432988 3.84358811
13905.436669 3.84358811
13905.440481 3.84358811
13905.444202 3.84358811
13905.447945 3.84358811
13905.451670 3.84358811
13905.455504 3.84358811
13905.459245 3.84358811
13905.462986 3.84358811
13905.466709 3.84358811
13905.470446 3.84358811
13905.474167 3.84358811
13905.477907 3.84358811
13905.481770 3.84358811
13905.485539 3.84358811
13905.489263 3.84358811
13905.493006 3.84358811
13905.496731 3.84358811
13905.500368 3.84358811
13905.504035 3.84358811
13905.507866 3.84358811
13905.511689 3.84358811
13905.515480 3.84358811
13905.519231 3.84358811
13905.522972 3.84358811
13905.526695 3.84358811
13905.530540 3.84358811
13905.534289 3.84358811
13905.538147 3.84358811
13905.541940 3.84358811
13905.545678 3.84358811
13905.549402 3.84358811
13905.553143 3.84358811
13905.557054 3.84358811
13905.560828 3.84358811
13905.564558 3.84358811
13905.568297 3.84358811
13905.572022 3.84358811
13905.575761 3.84358811
13905.579485 3.84358811
13905.583205 3.84358811
13905.586915 3.84358811
13905.590654 3.84358811
13905.594377 3.84358811
13905.598123 3.84358811
13905.602178 3.84358811
13905.605948 3.84358811
13905.609723 3.84358811
13905.613608 3.84358811
13905.617438 3.84358811
13905.621185 3.84358811
13905.624894 3.84358811
13905.628611 3.84358811
13905.632513 3.84358811
13905.636256 3.84358811
13905.640118 3.88557363
13905.643933 3.88557363
13905.647640 3.88557363
13905.651356 3.88557363
13905.655161 3.88557363
13905.658904 3.88557363
13905.662612 3.88557363
13905.666332 3.88557363
13905.670035 3.88557363
13905.673757 3.88557363
13905.677469 3.88557363
13905.681279 3.88557363
13905.684923 3.88557363
13905.688624 3.88557363
13905.692341 3.88557363
13905.696050 3.88557363
13905.699769 3.88557363
13905.703479 3.88557363
13905.707287 3.88557363
13905.711013 3.88557363
13905.714724 3.88557363
13905.718597 3.88557363
13905.722425 3.88557363
13905.726166 3.88557363
13905.729962 3.88557363
13905.733780 3.88557363
13905.737526 3.88557363
13905.741402 3.88557363
13905.745217 3.88557363
13905.748933 3.88557363
13905.752638 3.88557363
13905.756471 3.88557363
13905.760209 3.88557363
13905.763932 3.88557363
13905.767642 3.88557363
13905.771360 3.88557363
13905.775068 3.88557363
13905.778790 3.88557363
13905.782593 3.88557363
13905.786256 3.88557363
13905.790173 3.88557363
13905.793954 3.88557363
13905.797660 3.88557363
13905.801383 3.88557363
13905.805181 3.88557363
13905.808925 3.88557363
13905.812635 3.88557363
13905.816357 3.88557363
13905.820235 3.88557363
13905.824066 3.88557363
13905.827812 3.88557363
13905.831619 3.88557363
13905.835359 3.88557363
13905.839067 3.88557363
13905.842935 3.88557363
13905.846743 3.88557363
13905.850459 3.88557363
13905.854170 3.88557363
13905.858093 3.88557363
13905.861856 3.88557363
13905.865555 3.88557363
13905.869284 3.88557363
13905.872983 3.88557363
13905.876713 3.88557363
13905.880506 3.88557363
13905.884259 3.88557363
13905.887948 3.88557363
13905.891098 3.88557363
13905.894652 3.88557363
13905.898381 3.88557363
13905.902083 3.88557363
13905.905912 3.88557363
13905.909627 3.88557363
13905.913366 3.90084124
13905.917074 3.90084124
13905.920966 3.90084124
13905.924765 3.90084124
13905.928530 3.90084124
13905.932332 3.90084124
13905.936086 3.90084124
13905.939797 3.90084124
13905.943664 3.90084124
13905.947473 3.90084124
13905.951197 3.90084124
13905.954963 3.90084124
13905.958737 3.90084124
13905.962466 3.90084124
13905.966179 3.90084124
13905.969899 3.90084124
13905.973620 3.90084124
13905.977332 3.90084124
13905.981193 3.90084124
13905.984940 3.90084124
13905.988653 3.90084124
13905.992271 3.90084124
13905.995975 3.90084124
13905.999683 3.90084124
13906.003407 3.90084124
13906.007260 3.90084124
13906.011002 3.90084124
13906.014725 3.90084124
13906.018448 3.90084124
13906.022318 3.90084124
13906.026175 3.90084124
13906.029992 3.90084124
13906.033769 3.90084124
13906.037495 3.90084124
13906.041222 3.90084124
13906.045079 3.90084124
13906.048901 3.90084124
13906.052613 3.90084124
13906.056440 3.90084124
13906.060170 3.90084124
13906.063913 3.90084124
13906.067616 3.90084124
13906.071354 3.90084124
13906.075067 3.90084124
13906.078799 3.90084124
13906.082653 3.90084124
13906.086420 3.90084124
13906.090123 3.90084124
13906.093867 3.90084124
13906.097580 3.90084124
13906.101312 3.90084124
13906.105102 3.90084124
13906.108861 3.90084124
13906.112554 3.90084124
13906.116284 3.90084124
13906.119990 3.90084124
13906.123716 3.90084124
13906.127586 3.90084124
13906.131524 3.90084124
13906.135280 3.90084124
13906.139002 3.90084124
13906.142713 3.90084124
13906.146583 3.90084124
13906.150400 3.90084124
13906.154128 3.90084124
13906.158019 3.90084124
13906.161784 3.90084124
13906.165501 3.90084124
13906.169268 3.90084124
13906.173014 3.90084124
13906.176737 3.90084124
13906.180536 3.90084124
13906.184280 3.90084124
13906.187996 3.76343393
13906.191710 3.76343393
13906.195421 3.76343393
13906.199147 3.76343393
13906.202854 3.76343393
13906.206659 3.76343393
13906.210401 3.76343393
13906.214113 3.76343393
13906.217827 3.76343393
13906.221551 3.76343393
13906.225260 3.76343393
13906.229144 3.76343393
13906.233104 3.76343393
13906.236879 3.76343393
13906.240587 3.76343393
13906.244322 3.76343393
13906.248156 3.76343393
13906.251956 3.76343393
13906.255748 3.76343393
13906.259495 3.76343393
13906.263189 3.76343393
13906.266917 3.76343393
13906.270607 3.76343393
13906.274334 3.76343393
13906.278037 3.76343393
13906.281846 3.76343393
13906.285571 3.76343393
13906.289302 3.76343393
13906.292993 3.76343393
13906.296720 3.76343393
13906.300345 3.76343393
13906.304060 3.76343393
13906.307858 3.76343393
13906.311506 3.76343393
13906.314582 3.76343393
13906.318071 3.76343393
13906.321825 3.76343393
13906.325522 3.76343393
13906.329237 3.76343393
13906.333234 3.76343393
13906.337081 3.76343393
13906.340812 3.76343393
13906.344525 3.76343393
13906.348372 3.76343393
13906.352180 3.76343393
13906.355958 3.76343393
13906.359710 3.76343393
13906.363404 3.76343393
13906.367124 3.76343393
13906.370744 3.76343393
13906.374462 3.76343393
13906.378158 3.76343393
13906.381963 3.76343393
13906.385694 3.76343393
13906.389410 3.76343393
13906.393105 3.76343393
13906.396827 3.76343393
13906.400520 3.76343393
13906.404240 3.76343393
13906.408027 3.76343393
13906.411770 3.76343393
13906.415468 3.76343393
13906.419188 3.76343393
13906.422876 3.76343393
13906.426588 3.76343393
13906.430380 3.76343393
13906.434279 3.76343393
13906.438091 3.76343393
13906.441840 3.76343393
13906.445533 3.76343393
13906.449401 3.76343393
13906.453201 3.76343393
13906.457142 3.76343393
13906.460882 5.21766138
13906.464593 5.21766138
13906.468304 5.21766138
13906.472006 5.21766138
13906.475714 5.21766138
13906.479418 5.21766138
13906.483219 5.21766138
13906.486948 5.21766138
13906.490659 5.21766138
13906.494365 5.21766138
13906.498076 5.21766138
13906.501782 5.21766138
13906.505581 5.21766138
13906.509308 5.21766138
13906.513016 5.21766138
13906.516718 5.21766138
13906.520429 5.21766138
13906.524051 5.21766138
13906.527755 5.21766138
13906.531559 5.21766138
13906.535450 5.21766138
13906.539280 5.21766138
13906.543012 5.21766138
13906.546718 5.21766138
13906.550582 5.21766138
13906.554391 5.21766138
13906.558246 5.21766138
13906.561990 5.21766138
13906.565707 5.21766138
13906.569420 5.21766138
13906.573131 5.21766138
13906.576844 5.21766138
13906.580645 5.21766138
13906.584384 5.21766138
13906.588100 5.21766138
13906.591812 5.21766138
13906.595525 5.21766138
13906.599237 5.21766138
13906.602953 5.21766138
13906.606691 5.21766138
13906.610441 5.21766138
13906.614167 5.21766138
13906.617869 5.21766138
13906.621590 5.21766138
13906.625296 5.21766138
13906.629017 5.21766138
13906.632816 5.21766138
13906.636561 5.21766138
13906.640350 5.21766138
13906.644168 5.21766138
13906.647909 5.21766138
13906.651773 5.21766138
13906.655694 5.21766138
13906.659429 5.21766138
13906.663139 5.21766138
13906.666850 5.21766138
13906.670560 5.21766138
13906.674275 5.21766138
13906.677992 5.21766138
13906.681848 5.21766138
13906.685588 5.21766138
13906.689303 5.21766138
13906.693020 5.21766138
13906.696731 5.21766138
13906.700445 5.21766138
13906.704160 5.21766138
13906.707958 5.21766138
13906.711700 5.21766138
13906.715415 5.21766138
13906.719126 5.21766138
13906.722843 5.21766138
13906.726552 5.21766138
13906.730355 5.21766138
13906.734093 5.58789778
13906.737806 5.58789778
13906.741687 5.58789778
13906.745511 5.58789778
13906.749261 5.58789778
13906.753120 5.58789778
13906.757135 5.58789778
13906.760878 5.58789778
13906.764596 5.58789778
13906.768305 5.58789778
13906.772020 5.58789778
13906.775720 5.58789778
13906.779445 5.58789778
13906.783244 5.58789778
13906.786990 5.58789778
13906.790697 5.58789778
13906.794415 5.58789778
13906.798121 5.58789778
13906.801843 5.58789778
13906.805639 5.58789778
13906.809384 5.58789778
13906.813093 5.58789778
13906.816811 5.58789778
13906.820513 5.58789778
13906.824235 5.58789778
13906.827943 5.58789778
13906.831816 5.58789778
13906.835545 5.58789778
13906.839243 5.58789778
13906.842681 5.58789778
13906.845807 5.58789778
13906.848854 5.58789778
13906.851802 5.58789778
13906.854953 5.58789778
13906.858102 5.58789778
13906.862402 5.58789778
13906.865636 5.58789778
13906.869111 5.58789778
13906.872950 5.58789778
13906.876831 5.58789778
13906.880644 5.58789778
13906.884369 5.58789778
13906.888110 5.58789778
13906.891727 5.58789778
13906.895441 5.58789778
13906.899152 5.58789778
13906.902883 5.58789778
13906.906745 5.58789778
13906.910513 5.58789778
13906.914229 5.58789778
13906.917955 5.58789778
13906.921666 5.58789778
13906.925402 0.0000
