13913.286177 0.0000
13913.289498 3.27105761
13913.293446 3.27105761
13913.297281 3.27105761
13913.301012 3.27105761
13913.304870 3.48480225
13913.308610 3.48480225
13913.312327 3.48480225
13913.316033 3.48480225
13913.319749 3.48480225
13913.323453 3.48480225
13913.327170 3.48480225
13913.330955 3.48480225
13913.334704 3.48480225
13913.338558 3.48480225
13913.342368 3.48480225
13913.346075 3.48480225
13913.349789 3.48480225
13913.353494 3.48480225
13913.357386 3.48480225
13913.361143 3.48480225
13913.364851 3.48480225
13913.368565 3.48480225
13913.372270 3.48480225
13913.375984 3.48480225
13913.379775 3.48480225
13913.383519 3.48480225
13913.387229 3.48480225
13913.390941 3.48480225
13913.394797 3.48480225
13913.398667 3.48480225
13913.402425 3.48480225
13913.406220 3.48480225
13913.409970 3.48480225
13913.413672 3.48480225
13913.417391 3.48480225
13913.421092 3.48480225
13913.424806 3.48480225
13913.428509 3.48480225
13913.432360 3.48480225
13913.436104 3.48480225
13913.439972 3.48480225
13913.443778 3.48480225
13913.447497 3.48480225
13913.451202 3.48480225
13913.455006 3.48480225
13913.458745 3.48480225
13913.462462 3.48480225
13913.466160 3.48480225
13913.469885 3.48480225
13913.473584 3.48480225
13913.477302 3.48480225
13913.481088 3.48480225
13913.484838 3.48480225
13913.488544 3.48480225
13913.492259 3.48480225
13913.495960 3.48480225
13913.499837 3.48480225
13913.503642 3.48480225
13913.507540 3.48480225
13913.511285 3.48480225
13913.514998 3.48480225
13913.518709 3.48480225
13913.522423 3.48480225
13913.526132 3.48480225
13913.529928 3.48480225
13913.533668 3.48480225
13913.537383 3.48480225
13913.541242 3.48480225
13913.545049 3.48480225
13913.548759 3.48480225
13913.552474 3.48480225
13913.556287 3.48480225
13913.560034 3.48480225
13913.563746 3.48480225
13913.567460 3.48480225
13913.571166 3.48480225
13913.574877 4.56115961
13913.578589 4.56115961
13913.582384 4.56115961
13913.586126 4.56115961
13913.589837 4.56115961
13913.593542 4.56115961
13913.597253 4.56115961
13913.601125 4.56115961
13913.605037 4.56115961
13913.608811 4.56115961
13913.612440 4.56115961
13913.616157 4.56115961
13913.620513 4.56115961
13913.623679 4.56115961
13913.627138 4.56115961
13913.630951 4.56115961
13913.634700 4.56115961
13913.638436 4.56115961
13913.642290 4.56115961
13913.646093 4.56115961
13913.649805 4.56115961
13913.653546 4.56115961
13913.657447 4.56115961
13913.661239 4.56115961
13913.664954 4.56115961
13913.668692 4.56115961
13913.672324 4.56115961
13913.676023 4.56115961
13913.679811 4.56115961
13913.683589 4.56115961
13913.687296 4.56115961
13913.691036 4.56115961
13913.694744 4.56115961
13913.698483 4.56115961
13913.702196 4.56115961
13913.706145 4.56115961
13913.709977 4.56115961
13913.713740 4.56115961
13913.717458 4.56115961
13913.721192 4.56115961
13913.724911 4.56115961
13913.728644 4.56115961
13913.732442 4.56115961
13913.736214 4.56115961
13913.739954 4.56115961
13913.743830 4.56115961
13913.747616 4.56115961
13913.751348 4.56115961
13913.755139 4.56115961
13913.758905 4.56115961
13913.762618 4.56115961
13913.766357 4.56115961
13913.770070 4.56115961
13913.773809 4.56115961
13913.777523 4.56115961
13913.781474 4.56115961
13913.785243 4.56115961
13913.788988 4.56115961
13913.792703 4.56115961
13913.796441 4.56115961
13913.800155 4.56115961
13913.803894 4.56115961
13913.807838 4.56115961
13913.811666 4.56115961
13913.815385 4.56115961
13913.819117 4.56115961
13913.822833 4.56115961
13913.826566 4.56115961
13913.830376 4.56115961
13913.834141 4.56115961
13913.837860 4.56115961
13913.841597 4.56115961
13913.845473 4.56115961
13913.849308 5.48484230
13913.853030 5.48484230
13913.856856 5.48484230
13913.860607 5.48484230
13913.864349 5.48484230
13913.868069 5.48484230
13913.871722 5.48484230
13913.875394 5.48484230
13913.879197 5.48484230
13913.882968 5.48484230
13913.886720 5.48484230
13913.890441 5.48484230
13913.894179 5.48484230
13913.897901 5.48484230
13913.901642 5.48484230
13913.905496 5.48484230
13913.909338 5.48484230
13913.913141 5.48484230
13913.916913 5.48484230
13913.920630 5.48484230
13913.924371 5.48484230
13913.928091 5.48484230
13913.931925 5.48484230
13913.935674 5.48484230
13913.939415 5.48484230
13913.943136 5.48484230
13913.947033 5.48484230
13913.950856 5.48484230
13913.954681 5.48484230
13913.958434 5.48484230
13913.962178 5.48484230
13913.965895 5.48484230
13913.969639 5.48484230
13913.973354 5.48484230
13913.977098 5.48484230
13913.981001 5.48484230
13913.984790 5.48484230
13913.988513 5.48484230
13913.992254 5.48484230
13913.995975 5.48484230
13913.999717 5.48484230
13914.003437 5.48484230
13914.007267 5.48484230
13914.011183 5.48484230
13914.015032 5.48484230
13914.018778 5.48484230
13914.022529 5.48484230
13914.026247 5.48484230
13914.030083 5.48484230
13914.033841 5.48484230
13914.037593 5.48484230
13914.041314 5.48484230
13914.045071 5.48484230
13914.048938 5.48484230
13914.052787 5.48484230
13914.056642 5.48484230
13914.060432 5.48484230
13914.064158 5.48484230
13914.067909 5.48484230
13914.071626 5.48484230
13914.075377 5.48484230
13914.079155 5.48484230
13914.082954 5.48484230
13914.086681 5.48484230
13914.090436 5.48484230
13914.094156 5.48484230
13914.097911 5.48484230
13914.101633 5.48484230
13914.105462 5.48484230
13914.109206 5.48484230
13914.113096 5.48484230
13914.116878 5.48484230
13914.120643 5.48484230
13914.124363 3.82068682
13914.128105 3.82068682
13914.131982 3.82068682
13914.135758 3.82068682
13914.139479 3.82068682
13914.143221 3.82068682
13914.146858 3.82068682
13914.150686 3.82068682
13914.154589 3.82068682
13914.158358 3.82068682
13914.162075 3.82068682
13914.165817 3.82068682
13914.169590 3.82068682
13914.173368 3.82068682
13914.177089 3.82068682
13914.180937 3.82068682
13914.184592 3.82068682
13914.188274 3.82068682
13914.192286 3.82068682
13914.196072 3.82068682
13914.199771 3.82068682
13914.203501 3.82068682
13914.207279 3.82068682
13914.211046 3.82068682
13914.214899 3.82068682
13914.218737 3.82068682
13914.222465 3.82068682
13914.226188 3.82068682
13914.229975 3.82068682
13914.233734 3.82068682
13914.237436 3.82068682
13914.241162 3.82068682
13914.244862 3.82068682
13914.248588 3.82068682
13914.252441 3.82068682
13914.256343 3.82068682
13914.260076 3.82068682
13914.263799 3.82068682
13914.267497 3.82068682
13914.271225 3.82068682
13914.274925 3.82068682
13914.278653 3.82068682
13914.282553 3.82068682
13914.286335 3.82068682
13914.290029 3.82068682
13914.293768 3.82068682
13914.297456 3.82068682
13914.301193 3.82068682
13914.304967 3.82068682
13914.308736 3.82068682
13914.312421 3.82068682
13914.316305 3.82068682
13914.320134 3.82068682
13914.323907 3.82068682
13914.327598 3.82068682
13914.331423 3.82068682
13914.335144 3.82068682
13914.338883 3.82068682
13914.342571 3.82068682
13914.346307 3.82068682
13914.349990 3.82068682
13914.353882 3.82068682
13914.357757 3.82068682
13914.361528 3.82068682
13914.365215 3.82068682
13914.368954 3.82068682
13914.372645 3.82068682
13914.376380 3.82068682
13914.380150 3.82068682
13914.383921 3.82068682
13914.387606 3.82068682
13914.391344 3.82068682
13914.395034 3.82068682
13914.398771 3.88557363
13914.402462 3.88557363
13914.406338 3.88557363
13914.410058 3.88557363
13914.413804 3.88557363
13914.417497 3.88557363
13914.421397 3.88557363
13914.425188 3.88557363
13914.428952 3.88557363
13914.432800 3.88557363
13914.436576 3.88557363
13914.440269 3.88557363
13914.444003 3.88557363
13914.447695 3.88557363
13914.451341 3.88557363
13914.455209 3.88557363
13914.459058 3.88557363
13914.462748 3.88557363
13914.466488 3.88557363
13914.470177 3.88557363
13914.473914 3.88557363
13914.477604 3.88557363
13914.481425 3.88557363
13914.485148 3.88557363
13914.488885 3.88557363
13914.492574 3.88557363
13914.496308 3.88557363
13914.500000 3.88557363
13914.503739 3.88557363
13914.507511 3.88557363
13914.511187 3.88557363
13914.515082 3.88557363
13914.518899 3.88557363
13914.522755 3.88557363
13914.526599 3.88557363
13914.530463 3.88557363
13914.534233 3.88557363
13914.537938 3.88557363
13914.541662 3.88557363
13914.545363 3.88557363
13914.549088 3.88557363
13914.552795 3.88557363
13914.556722 3.88557363
13914.560544 3.88557363
13914.564264 3.88557363
13914.567964 3.88557363
13914.571613 3.88557363
13914.575300 3.88557363
13914.579096 3.88557363
13914.582836 3.88557363
13914.586580 3.88557363
13914.590268 3.88557363
13914.593919 3.88557363
13914.597597 3.88557363
13914.601332 3.88557363
13914.605192 3.88557363
13914.608976 3.88557363
13914.612669 3.88557363
13914.616403 3.88557363
13914.620093 3.88557363
13914.623829 3.88557363
13914.627685 3.88557363
13914.631617 3.88557363
13914.635379 3.88557363
13914.639108 3.88557363
13914.642810 3.88557363
13914.646538 3.88557363
13914.650234 3.88557363
13914.654016 3.88557363
13914.657907 3.88557363
13914.661736 3.88557363
13914.665439 3.88557363
13914.669166 3.88557363
13914.672865 3.88939047
13914.676590 3.88939047
13914.680422 3.88939047
13914.684184 3.88939047
13914.687891 3.88939047
13914.691613 3.88939047
13914.695314 3.88939047
13914.699043 3.88939047
13914.702746 3.88939047
13914.706551 3.88939047
13914.710282 3.88939047
13914.713450 3.88939047
13914.716921 3.88939047
13914.720656 3.88939047
13914.724362 3.88939047
13914.728245 3.88939047
13914.732150 3.88939047
13914.735937 3.88939047
13914.739633 3.88939047
13914.743362 3.88939047
13914.747060 3.88939047
13914.750781 3.88939047
13914.754557 3.88939047
13914.758468 3.88939047
13914.762268 3.88939047
13914.765994 3.88939047
13914.769689 3.88939047
13914.773418 3.88939047
13914.777115 3.88939047
13914.781005 3.88939047
13914.784748 3.88939047
13914.788485 3.88939047
13914.792181 3.88939047
13914.795910 3.88939047
13914.799607 3.88939047
13914.803337 3.88939047
13914.807116 3.88939047
13914.810783 3.88939047
13914.814479 3.88939047
13914.818202 3.88939047
13914.821906 3.88939047
13914.825633 3.88939047
13914.829538 3.88939047
13914.833401 3.88939047
13914.837135 3.88939047
13914.840860 3.88939047
13914.844563 3.88939047
13914.848284 3.88939047
13914.851901 3.88939047
13914.855691 3.88939047
13914.859578 3.88939047
13914.863401 3.88939047
13914.867097 3.88939047
13914.870834 3.88939047
13914.874525 3.88939047
13914.878259 3.88939047
13914.882142 3.88939047
13914.885920 3.88939047
13914.889616 3.88939047
13914.893350 3.88939047
13914.897043 3.88939047
13914.900678 3.88939047
13914.904423 3.88939047
13914.908198 3.88939047
13914.911900 3.88939047
13914.915628 3.88939047
13914.919326 3.88939047
13914.923055 3.88939047
13914.926753 3.88939047
13914.930567 3.88939047
13914.934456 3.88939047
13914.938295 3.88939047
13914.942030 3.88939047
13914.945752 3.88175678
13914.949458 3.88175678
13914.953181 3.88175678
13914.956977 3.88175678
13914.960884 3.88175678
13914.964689 3.88175678
13914.968409 3.88175678
13914.972115 3.88175678
13914.975837 3.88175678
13914.979627 3.88175678
13914.983380 3.88175678
13914.987087 3.88175678
13914.990809 3.88175678
13914.994512 3.88175678
13914.998236 3.88175678
13915.001936 3.88175678
13915.005844 3.88175678
13915.009586 3.88175678
13915.013318 3.88175678
13915.017028 3.88175678
13915.020759 3.88175678
13915.024395 3.88175678
13915.028318 3.88175678
13915.032237 3.88175678
13915.036167 3.88175678
13915.039990 3.88175678
13915.043753 3.88175678
13915.047453 3.88175678
13915.051184 3.88175678
13915.054969 3.88175678
13915.058743 3.88175678
13915.062599 3.88175678
13915.066434 3.88175678
13915.070129 3.88175678
13915.073871 3.88175678
13915.077573 3.88175678
13915.081395 3.88175678
13915.085127 3.88175678
13915.088862 3.88175678
13915.092560 3.88175678
13915.096297 3.88175678
13915.099996 3.88175678
13915.103735 3.88175678
13915.107569 3.88175678
13915.111237 3.88175678
13915.114922 3.88175678
13915.118655 3.88175678
13915.122349 3.88175678
13915.125995 3.88175678
13915.129745 3.88175678
13915.133508 3.88175678
13915.137304 3.88175678
13915.141135 3.88175678
13915.144870 3.88175678
13915.148592 3.88175678
13915.152300 3.88175678
13915.156110 3.88175678
13915.159846 3.88175678
13915.163715 3.88175678
13915.167519 3.88175678
13915.171160 3.88175678
13915.174848 3.88175678
13915.178580 3.88175678
13915.182458 3.88175678
13915.186233 3.88175678
13915.189930 3.88175678
13915.193657 3.88175678
13915.197350 3.88175678
13915.201076 3.88175678
13915.204857 3.88175678
13915.208521 3.88175678
13915.212211 3.88175678
13915.215937 3.88175678
13915.219632 4.20619059
13915.223360 4.20619059
13915.227055 4.20619059
13915.230776 4.20619059
13915.234490 4.20619059
13915.238390 4.20619059
13915.242180 4.20619059
13915.245938 4.20619059
13915.249634 4.20619059
13915.253365 4.20619059
13915.257197 4.20619059
13915.260960 4.20619059
13915.264816 4.20619059
13915.268638 4.20619059
13915.272334 4.20619059
13915.276064 4.20619059
13915.279844 4.20619059
13915.283606 4.20619059
13915.287298 4.20619059
13915.291030 4.20619059
13915.294726 4.20619059
13915.298451 4.20619059
13915.302147 4.20619059
13915.305960 4.20619059
13915.309679 4.20619059
13915.313411 4.20619059
13915.317107 4.20619059
13915.320838 4.20619059
13915.324534 4.20619059
13915.328596 4.20619059
13915.332435 4.20619059
13915.336219 4.20619059
13915.339939 4.20619059
13915.343763 4.20619059
13915.347556 4.20619059
13915.351314 4.20619059
13915.355102 4.20619059
13915.358863 4.20619059
13915.362561 4.20619059
13915.366443 4.20619059
13915.370235 4.20619059
13915.373970 4.20619059
13915.377669 4.20619059
13915.381531 4.20619059
13915.385261 4.20619059
13915.388994 4.20619059
13915.392692 4.20619059
13915.396419 4.20619059
13915.400118 4.20619059
13915.403848 4.20619059
13915.407630 4.20619059
13915.411392 4.20619059
13915.415087 4.20619059
13915.418817 4.20619059
13915.422515 4.20619059
13915.426246 4.20619059
13915.430024 4.20619059
13915.433785 4.20619059
13915.437483 4.20619059
13915.441214 4.20619059
13915.445077 4.20619059
13915.448920 4.20619059
13915.452654 4.20619059
13915.456468 4.20619059
13915.460204 4.20619059
13915.463923 4.20619059
13915.467777 4.20619059
13915.471597 4.20619059
13915.475288 4.20619059
13915.479080 4.20619059
13915.482819 4.20619059
13915.486558 4.20619059
13915.490253 4.20619059
13915.493988 5.52682781
13915.497682 5.52682781
13915.501417 5.52682781
13915.505303 5.52682781
13915.509085 5.52682781
13915.512782 5.52682781
13915.516516 5.52682781
13915.520208 5.52682781
13915.523941 5.52682781
13915.527636 5.52682781
13915.531450 5.52682781
13915.535175 5.52682781
13915.538911 5.52682781
13915.542605 5.52682781
13915.546500 5.52682781
13915.550287 5.52682781
13915.554111 5.52682781
13915.557858 5.52682781
13915.561598 5.52682781
13915.565296 5.52682781
13915.569174 5.52682781
13915.572975 5.52682781
13915.576623 5.52682781
13915.580394 5.52682781
13915.584156 5.52682781
13915.587854 5.52682781
13915.591583 5.52682781
13915.595279 5.52682781
13915.599012 5.52682781
13915.602708 5.52682781
13915.606580 5.52682781
13915.610665 5.52682781
13915.614412 5.52682781
13915.618046 5.52682781
13915.621742 5.52682781
13915.625461 5.52682781
13915.629236 5.52682781
13915.632998 5.52682781
13915.636713 5.52682781
13915.640436 5.52682781
13915.644150 5.52682781
13915.647993 5.52682781
13915.651819 5.52682781
13915.655721 5.52682781
13915.659492 5.52682781
13915.663198 5.52682781
13915.666929 5.52682781
13915.670782 5.52682781
13915.674607 5.52682781
13915.678314 5.52682781
13915.682130 5.52682781
13915.685868 5.52682781
13915.689597 5.52682781
13915.693299 5.52682781
13915.697028 5.52682781
13915.700733 5.52682781
13915.704545 5.52682781
13915.708283 5.52682781
13915.711925 5.52682781
13915.715815 5.52682781
13915.719627 5.52682781
13915.723330 5.52682781
13915.727060 5.52682781
13915.730871 5.52682781
13915.734633 5.52682781
13915.738345 5.52682781
13915.742075 5.52682781
13915.745781 5.52682781
13915.749508 5.52682781
13915.753380 5.52682781
13915.757307 5.52682781
13915.761085 5.52682781
13915.764805 5.36651945
13915.768524 5.36651945
13915.772392 5.36651945
13915.776209 5.36651945
13915.780008 5.36651945
13915.783762 5.36651945
13915.787478 5.36651945
13915.791197 5.36651945
13915.794913 5.36651945
13915.798631 5.36651945
13915.802350 5.36651945
13915.806256 5.36651945
13915.810038 5.36651945
13915.813735 5.36651945
13915.817473 5.36651945
13915.821168 0.0000
