13879.338767 0.0000
13879.342077 5.50010967
13879.345775 5.50010967
13879.349485 5.50010967
13879.353297 5.50010967
13879.357198 5.50010967
13879.360910 5.50010967
13879.364621 3.72526526
13879.368237 3.72526526
13879.371939 3.72526526
13879.375634 3.72526526
13879.379336 3.72526526
13879.383119 3.72526526
13879.386837 3.72526526
13879.390540 3.72526526
13879.394244 3.72526526
13879.397942 3.72526526
13879.401819 3.72526526
13879.405622 3.72526526
13879.409511 3.72526526
13879.413225 3.72526526
13879.416939 3.72526526
13879.420635 3.72526526
13879.424342 3.72526526
13879.428032 3.72526526
13879.431838 3.72526526
13879.435554 3.72526526
13879.439266 3.72526526
13879.442956 3.72526526
13879.446667 3.72526526
13879.450361 3.72526526
13879.454230 3.72526526
13879.458112 3.72526526
13879.461839 3.72526526
13879.465534 3.72526526
13879.469244 3.72526526
13879.472941 3.72526526
13879.476652 3.72526526
13879.480348 3.72526526
13879.484154 3.72526526
13879.487868 3.72526526
13879.491575 3.72526526
13879.495268 3.72526526
13879.498980 3.72526526
13879.502844 3.72526526
13879.506758 3.72526526
13879.510571 3.72526526
13879.514285 3.72526526
13879.517981 3.72526526
13879.521687 3.72526526
13879.525380 3.72526526
13879.529089 3.72526526
13879.532899 3.72526526
13879.536631 3.72526526
13879.540334 3.72526526
13879.544039 3.72526526
13879.547734 3.72526526
13879.551443 3.72526526
13879.555303 3.72526526
13879.559189 3.72526526
13879.562908 3.72526526
13879.566616 3.72526526
13879.570312 3.72526526
13879.574021 3.72526526
13879.577720 3.72526526
13879.581476 3.72526526
13879.585237 3.72526526
13879.588948 3.72526526
13879.592646 3.72526526
13879.596350 3.72526526
13879.600045 3.72526526
13879.603923 3.72526526
13879.607821 3.72526526
13879.611573 3.72526526
13879.615268 3.72526526
13879.618977 3.72526526
13879.622669 3.72526526
13879.626381 3.72526526
13879.630076 3.72526526
13879.633985 3.72526526
13879.637720 3.72526526
13879.641433 5.09552145
13879.645128 5.09552145
13879.648839 5.09552145
13879.652531 5.09552145
13879.656431 5.09552145
13879.660242 5.09552145
13879.663952 5.09552145
13879.667655 5.09552145
13879.671354 5.09552145
13879.674964 5.09552145
13879.678653 5.09552145
13879.682445 5.09552145
13879.686173 5.09552145
13879.689872 5.09552145
13879.693577 5.09552145
13879.697275 5.09552145
13879.700982 5.09552145
13879.704679 5.09552145
13879.708601 5.09552145
13879.712406 5.09552145
13879.716141 5.09552145
13879.719836 5.09552145
13879.723543 5.09552145
13879.727235 5.09552145
13879.730945 5.09552145
13879.734824 5.09552145
13879.738565 5.09552145
13879.742263 5.09552145
13879.745974 5.09552145
13879.749665 5.09552145
13879.753374 5.09552145
13879.757269 5.09552145
13879.761064 5.09552145
13879.764754 5.09552145
13879.768469 5.09552145
13879.772159 5.09552145
13879.775873 5.09552145
13879.779558 5.09552145
13879.783401 5.09552145
13879.787124 5.09552145
13879.790837 5.09552145
13879.794527 5.09552145
13879.798238 5.09552145
13879.801918 5.09552145
13879.805634 5.09552145
13879.809539 5.09552145
13879.813364 5.09552145
13879.817085 5.09552145
13879.820788 5.09552145
13879.824486 5.09552145
13879.828191 5.09552145
13879.831984 5.09552145
13879.835714 5.09552145
13879.839407 5.09552145
13879.843114 5.09552145
13879.846814 5.09552145
13879.850523 5.09552145
13879.854218 5.09552145
13879.858134 5.09552145
13879.861913 5.09552145
13879.865613 5.09552145
13879.869296 5.09552145
13879.872420 5.09552145
13879.875942 5.09552145
13879.879560 5.09552145
13879.883374 5.09552145
13879.887109 5.09552145
13879.890793 5.09552145
13879.894510 5.09552145
13879.898188 5.09552145
13879.901901 5.09552145
13879.905578 5.09552145
13879.909378 5.09552145
13879.913252 5.55354595
13879.917087 5.55354595
13879.920794 5.55354595
13879.924506 5.55354595
13879.928186 5.55354595
13879.931998 5.55354595
13879.935696 5.55354595
13879.939407 5.55354595
13879.943083 5.55354595
13879.946794 5.55354595
13879.950476 5.55354595
13879.954189 5.55354595
13879.958165 5.55354595
13879.962005 5.55354595
13879.965699 5.55354595
13879.969406 5.55354595
13879.973100 5.55354595
13879.976817 5.55354595
13879.980509 5.55354595
13879.984318 5.55354595
13879.988028 5.55354595
13879.991743 5.55354595
13879.995430 5.55354595
13879.999145 5.55354595
13880.002831 5.55354595
13880.006595 5.55354595
13880.010348 5.55354595
13880.014244 5.55354595
13880.018053 5.55354595
13880.021801 5.55354595
13880.025491 5.55354595
13880.029208 5.55354595
13880.033054 5.55354595
13880.036800 5.55354595
13880.040491 5.55354595
13880.044216 5.55354595
13880.047908 5.55354595
13880.051633 5.55354595
13880.055322 5.55354595
13880.059270 5.55354595
13880.063056 5.55354595
13880.066783 5.55354595
13880.070474 5.55354595
13880.074197 5.55354595
13880.077887 5.55354595
13880.081663 5.55354595
13880.085400 5.55354595
13880.089127 5.55354595
13880.092819 5.55354595
13880.096545 5.55354595
13880.100237 5.55354595
13880.103956 5.55354595
13880.107732 5.55354595
13880.111467 5.55354595
13880.115323 5.55354595
13880.119154 5.55354595
13880.122863 5.55354595
13880.126576 5.55354595
13880.130175 5.55354595
13880.134024 5.55354595
13880.137794 5.55354595
13880.141519 5.55354595
13880.145213 5.55354595
13880.148921 5.55354595
13880.152617 5.55354595
13880.156362 5.55354595
13880.160240 5.55354595
13880.164042 5.55354595
13880.167793 5.55354595
13880.171535 5.55354595
13880.175226 5.55354595
13880.178934 5.55354595
13880.182725 5.55354595
13880.186454 4.36268234
13880.190147 4.36268234
13880.193857 4.36268234
13880.197550 4.36268234
13880.201257 4.36268234
13880.204952 4.36268234
13880.208757 4.36268234
13880.212471 4.36268234
13880.216183 4.36268234
13880.220050 4.36268234
13880.223854 4.36268234
13880.227567 4.36268234
13880.231335 4.36268234
13880.235079 4.36268234
13880.238804 4.36268234
13880.242494 4.36268234
13880.246208 4.36268234
13880.249893 4.36268234
13880.253599 4.36268234
13880.257495 4.36268234
13880.261413 4.36268234
13880.265197 4.36268234
13880.268910 4.36268234
13880.272597 4.36268234
13880.276310 4.36268234
13880.280001 4.36268234
13880.283810 4.36268234
13880.287509 4.36268234
13880.290650 4.36268234
13880.294181 4.36268234
13880.297891 4.36268234
13880.301571 4.36268234
13880.305298 4.36268234
13880.309067 4.36268234
13880.312818 4.36268234
13880.316497 4.36268234
13880.320311 4.36268234
13880.324081 4.36268234
13880.327823 4.36268234
13880.331553 4.36268234
13880.335336 4.36268234
13880.339022 4.36268234
13880.342744 4.36268234
13880.346422 4.36268234
13880.350053 4.36268234
13880.353727 4.36268234
13880.357599 4.36268234
13880.361430 4.36268234
13880.365275 4.36268234
13880.368959 4.36268234
13880.372678 4.36268234
13880.376365 4.36268234
13880.380082 4.36268234
13880.383896 4.36268234
13880.387643 4.36268234
13880.391326 4.36268234
13880.395042 4.36268234
13880.398726 4.36268234
13880.402445 4.36268234
13880.406180 4.36268234
13880.409957 4.36268234
13880.413647 4.36268234
13880.417364 4.36268234
13880.421050 4.36268234
13880.424957 4.36268234
13880.428749 4.36268234
13880.432590 4.36268234
13880.436298 4.36268234
13880.440014 4.36268234
13880.443696 4.36268234
13880.447413 4.36268234
13880.451097 4.36268234
13880.454818 4.36268234
13880.458595 4.36268234
13880.462494 3.91992545
13880.466271 3.91992545
13880.469987 3.91992545
13880.473662 3.91992545
13880.477381 3.91992545
13880.481067 3.91992545
13880.484935 3.91992545
13880.488648 3.91992545
13880.492363 3.91992545
13880.496036 3.91992545
13880.499714 3.91992545
13880.503398 3.91992545
13880.507214 3.91992545
13880.510919 3.91992545
13880.514548 3.91992545
13880.518220 3.91992545
13880.521938 3.91992545
13880.525789 3.91992545
13880.529607 3.91992545
13880.533421 3.91992545
13880.537153 3.91992545
13880.540840 3.91992545
13880.544554 3.91992545
13880.548241 3.91992545
13880.551956 3.91992545
13880.555647 3.91992545
13880.559562 3.91992545
13880.563460 3.91992545
13880.567252 3.91992545
13880.570949 3.91992545
13880.574662 3.91992545
13880.578703 3.91992545
13880.582510 3.91992545
13880.586263 3.91992545
13880.589967 3.91992545
13880.593670 3.91992545
13880.597297 3.91992545
13880.600991 3.91992545
13880.604701 3.91992545
13880.608498 3.91992545
13880.612227 3.91992545
13880.615919 3.91992545
13880.619630 3.91992545
13880.623330 3.91992545
13880.627170 3.91992545
13880.630982 3.91992545
13880.634876 3.91992545
13880.638607 3.91992545
13880.642314 3.91992545
13880.646017 3.91992545
13880.649722 3.91992545
13880.653427 3.91992545
13880.657225 3.91992545
13880.660950 3.91992545
13880.664816 3.91992545
13880.668611 3.91992545
13880.672316 3.91992545
13880.676019 3.91992545
13880.679728 3.91992545
13880.683530 3.91992545
13880.687255 3.91992545
13880.690959 3.91992545
13880.694667 3.91992545
13880.698372 3.91992545
13880.702075 3.91992545
13880.705779 3.91992545
13880.709580 3.91992545
13880.713302 3.91992545
13880.717008 3.91992545
13880.720715 3.91992545
13880.724421 3.91992545
13880.728128 3.91992545
13880.732114 3.91992545
13880.735934 3.87412310
13880.739673 3.87412310
13880.743369 3.87412310
13880.747083 3.87412310
13880.750703 3.87412310
13880.754407 3.87412310
13880.758226 3.87412310
13880.761962 3.87412310
13880.765828 3.87412310
13880.769620 3.87412310
13880.773320 3.87412310
13880.777030 3.87412310
13880.780731 3.87412310
13880.784530 3.87412310
13880.788256 3.87412310
13880.791962 3.87412310
13880.795662 3.87412310
13880.799372 3.87412310
13880.803073 3.87412310
13880.806873 3.87412310
13880.810595 3.87412310
13880.814638 3.87412310
13880.818324 3.87412310
13880.822059 3.87412310
13880.825746 3.87412310
13880.829463 3.87412310
13880.833369 3.87412310
13880.837194 3.87412310
13880.840915 3.87412310
13880.844627 3.87412310
13880.848322 3.87412310
13880.852037 3.87412310
13880.855738 3.87412310
13880.859664 3.87412310
13880.863410 3.87412310
13880.867279 3.87412310
13880.871076 3.87412310
13880.874779 3.87412310
13880.878487 3.87412310
13880.882282 3.87412310
13880.886011 3.87412310
13880.889707 3.87412310
13880.893419 3.87412310
13880.897123 3.87412310
13880.900827 3.87412310
13880.904453 3.87412310
13880.908215 3.87412310
13880.911965 3.87412310
13880.915668 3.87412310
13880.919380 3.87412310
13880.923079 3.87412310
13880.926788 3.87412310
13880.930490 3.87412310
13880.934422 3.87412310
13880.938223 3.87412310
13880.941957 3.87412310
13880.945656 3.87412310
13880.949364 3.87412310
13880.953067 3.87412310
13880.956875 3.87412310
13880.960594 3.87412310
13880.964303 3.87412310
13880.968161 3.87412310
13880.971933 3.87412310
13880.975629 3.87412310
13880.979333 3.87412310
13880.983218 3.87412310
13880.986946 3.87412310
13880.990583 3.87412310
13880.994485 3.87412310
13880.998272 3.87412310
13881.001985 3.87412310
13881.005688 3.87412310
13881.009525 3.71763134
13881.013256 3.71763134
13881.016960 3.71763134
13881.020666 3.71763134
13881.024370 3.71763134
13881.028071 3.71763134
13881.031867 3.71763134
13881.035592 3.71763134
13881.039408 3.71763134
13881.043222 3.71763134
13881.046951 3.71763134
13881.050656 3.71763134
13881.054360 3.71763134
13881.058163 3.71763134
13881.061886 3.71763134
13881.065593 3.71763134
13881.069471 3.71763134
13881.073250 3.71763134
13881.076954 3.71763134
13881.080666 3.71763134
13881.084517 3.71763134
13881.088252 3.71763134
13881.091954 3.71763134
13881.095660 3.71763134
13881.099359 3.71763134
13881.103067 3.71763134
13881.106860 3.71763134
13881.110491 3.71763134
13881.114177 3.71763134
13881.117875 3.71763134
13881.121575 3.71763134
13881.125269 3.71763134
13881.128884 3.71763134
13881.132108 3.71763134
13881.135712 3.71763134
13881.139597 3.71763134
13881.143375 3.71763134
13881.147105 3.71763134
13881.150791 3.71763134
13881.154499 3.71763134
13881.158378 3.71763134
13881.162110 3.71763134
13881.165794 3.71763134
13881.169682 3.71763134
13881.173448 3.71763134
13881.177154 3.71763134
13881.180845 3.71763134
13881.184647 3.71763134
13881.188355 3.71763134
13881.192056 3.71763134
13881.195751 3.71763134
13881.199454 3.71763134
13881.203144 3.71763134
13881.206944 3.71763134
13881.210655 3.71763134
13881.214354 3.71763134
13881.218046 3.71763134
13881.221749 3.71763134
13881.225441 3.71763134
13881.229136 3.71763134
13881.232952 3.71763134
13881.236680 3.71763134
13881.240375 3.71763134
13881.244248 3.71763134
13881.248050 3.71763134
13881.251781 3.71763134
13881.255465 3.71763134
13881.259272 3.71763134
13881.262981 3.71763134
13881.266690 3.71763134
13881.270546 3.71763134
13881.274341 3.71763134
13881.278035 3.71763134
13881.281849 5.32071686
13881.285562 5.32071686
13881.289272 5.32071686
13881.292967 5.32071686
13881.296682 5.32071686
13881.300374 5.32071686
13881.304088 5.32071686
13881.307950 5.32071686
13881.311694 5.32071686
13881.315383 5.32071686
13881.319100 5.32071686
13881.322790 5.32071686
13881.326505 5.32071686
13881.330118 5.32071686
13881.333934 5.32071686
13881.337654 5.32071686
13881.341367 5.32071686
13881.345235 5.32071686
13881.349035 5.32071686
13881.352755 5.32071686
13881.356516 5.32071686
13881.360271 5.32071686
13881.363991 5.32071686
13881.367687 5.32071686
13881.371561 5.32071686
13881.375345 5.32071686
13881.379057 5.32071686
13881.382848 5.32071686
13881.386580 5.32071686
13881.390192 5.32071686
13881.393893 5.32071686
13881.397591 5.32071686
13881.401300 5.32071686
13881.404998 5.32071686
13881.408803 5.32071686
13881.412517 5.32071686
13881.416152 5.32071686
13881.419839 5.32071686
13881.423554 5.32071686
13881.427245 5.32071686
13881.430964 5.32071686
13881.434860 5.32071686
13881.438614 5.32071686
13881.442314 5.32071686
13881.446028 5.32071686
13881.449818 5.32071686
13881.453637 5.32071686
13881.457459 5.32071686
13881.461189 5.32071686
13881.464885 5.32071686
13881.468597 5.32071686
13881.472457 5.32071686
13881.476251 5.32071686
13881.479948 5.32071686
13881.483757 5.32071686
13881.487476 5.32071686
13881.491189 5.32071686
13881.494888 5.32071686
13881.498599 5.32071686
13881.502294 5.32071686
13881.506003 5.32071686
13881.509789 5.32071686
13881.512947 5.32071686
13881.516484 5.32071686
13881.520197 5.32071686
13881.523892 5.32071686
13881.527614 5.32071686
13881.531348 5.32071686
13881.535123 5.32071686
13881.538817 5.32071686
13881.542540 5.32071686
13881.546227 5.32071686
13881.550017 5.32071686
13881.553798 5.53446150
13881.557704 5.53446150
13881.561418 5.53446150
13881.565139 5.53446150
13881.568825 5.53446150
13881.572712 5.53446150
13881.576486 5.53446150
13881.580195 5.53446150
13881.584029 5.53446150
13881.587767 5.53446150
13881.591470 5.53446150
13881.595179 5.53446150
13881.598877 5.53446150
13881.602585 5.53446150
13881.606333 5.53446150
13881.610098 5.53446150
13881.613803 5.53446150
13881.617513 5.53446150
13881.621121 5.53446150
13881.624816 5.53446150
13881.628514 5.53446150
13881.632324 5.53446150
13881.636042 5.53446150
13881.639753 5.53446150
13881.643451 5.53446150
13881.647161 5.53446150
13881.650856 5.53446150
13881.654741 5.53446150
13881.658649 5.53446150
13881.662408 5.53446150
13881.666102 5.53446150
13881.669817 5.53446150
13881.673676 5.53446150
13881.677478 5.53446150
13881.681250 5.53446150
13881.685060 5.53446150
13881.688759 5.53446150
13881.692475 5.53446150
13881.696168 5.53446150
13881.699884 5.53446150
13881.703577 5.53446150
13881.707383 5.53446150
13881.711095 5.53446150
13881.714802 5.53446150
13881.718495 5.53446150
13881.722215 0.0000
