13964.608136 0.0000
13964.611461 5.67568588
13964.615224 5.67568588
13964.618942 5.67568588
13964.622816 5.67568588
13964.626712 5.67568588
13964.630472 5.67568588
13964.634190 5.67568588
13964.637918 5.67568588
13964.641632 5.67568588
13964.645358 5.67568588
13964.649074 5.67568588
13964.652884 5.67568588
13964.656632 5.67568588
13964.660361 5.67568588
13964.664077 5.67568588
13964.667805 5.67568588
13964.671525 5.67568588
13964.675256 5.67568588
13964.679111 5.67568588
13964.682873 5.67568588
13964.686596 5.67568588
13964.690323 5.67568588
13964.694040 5.67568588
13964.697863 5.67568588
13964.701747 5.67568588
13964.705550 5.67568588
13964.709256 5.67568588
13964.712995 5.67568588
13964.716700 5.67568588
13964.720440 5.67568588
13964.724297 5.67568588
13964.728205 5.67568588
13964.731944 5.67568588
13964.735682 5.67568588
13964.739385 5.67568588
13964.743126 5.67568588
13964.746831 5.67568588
13964.750575 5.67568588
13964.754454 5.67568588
13964.758250 6.49631262
13964.761954 6.49631262
13964.765695 6.49631262
13964.769393 6.49631262
13964.773136 6.49631262
13964.776920 6.49631262
13964.780694 6.49631262
13964.784397 6.49631262
13964.788136 6.49631262
13964.791843 6.49631262
13964.795585 6.49631262
13964.799293 6.49631262
13964.803241 6.49631262
13964.807056 6.49631262
13964.810818 6.49631262
13964.814524 6.49631262
13964.818260 6.49631262
13964.821970 6.49631262
13964.825928 6.49631262
13964.829795 6.49631262
13964.833533 6.49631262
13964.837245 6.49631262
13964.840968 6.49631262
13964.844681 6.49631262
13964.848404 6.49631262
13964.852199 6.49631262
13964.855951 6.49631262
13964.859663 6.49631262
13964.863385 6.49631262
13964.867096 6.49631262
13964.870814 6.49631262
13964.874530 6.49631262
13964.878336 6.49631262
13964.882079 6.49631262
13964.885802 6.49631262
13964.889517 6.49631262
13964.893240 6.49631262
13964.896951 6.49631262
13964.900673 6.49631262
13964.904633 6.49631262
13964.908501 6.49631262
13964.912239 6.49631262
13964.915965 6.49631262
13964.919676 6.49631262
13964.923403 6.49631262
13964.927320 6.49631262
13964.931155 6.49631262
13964.934864 6.49631262
13964.938617 6.49631262
13964.942323 6.49631262
13964.946056 6.49631262
13964.949756 6.49631262
13964.953623 6.49631262
13964.957364 6.49631262
13964.961100 6.49631262
13964.964801 6.49631262
13964.968535 6.49631262
13964.972237 6.49631262
13964.975943 6.49631262
13964.979691 6.49631262
13964.983428 6.49631262
13964.987133 6.49631262
13964.990863 6.49631262
13964.994562 6.49631262
13964.998296 6.49631262
13965.002080 6.49631262
13965.006005 6.49631262
13965.009809 6.49631262
13965.013570 6.49631262
13965.017279 6.49631262
13965.021012 6.49631262
13965.024723 6.49631262
13965.028660 6.49631262
13965.032488 6.11844254
13965.036218 6.11844254
13965.039932 6.11844254
13965.043659 6.11844254
13965.047370 6.11844254
13965.051156 6.11844254
13965.054919 6.11844254
13965.058654 6.11844254
13965.062367 6.11844254
13965.066094 6.11844254
13965.069811 6.11844254
13965.073539 6.11844254
13965.077464 6.11844254
13965.081251 6.11844254
13965.084957 6.11844254
13965.088697 6.11844254
13965.092396 6.11844254
13965.096133 6.11844254
13965.099841 6.11844254
13965.103663 6.11844254
13965.107537 6.11844254
13965.111420 6.11844254
13965.115165 6.11844254
13965.118808 6.11844254
13965.123083 6.11844254
13965.126452 6.11844254
13965.130532 6.11844254
13965.134512 6.11844254
13965.138253 6.11844254
13965.142216 6.11844254
13965.145384 6.11844254
13965.148357 6.11844254
13965.151402 6.11844254
13965.154304 6.11844254
13965.157293 6.11844254
13965.160767 6.11844254
13965.163980 6.11844254
13965.166991 6.11844254
13965.179734 6.11844254
13965.183480 6.11844254
13965.186555 6.11844254
13965.189534 6.11844254
13965.198938 6.11844254
13965.203043 6.11844254
13965.206907 6.11844254
13965.210807 6.11844254
13965.214643 6.11844254
13965.218407 6.11844254
13965.222147 6.11844254
13965.225946 6.11844254
13965.229733 6.11844254
13965.233643 6.11844254
13965.237485 6.11844254
13965.241225 6.11844254
13965.244964 6.11844254
13965.248702 6.11844254
13965.252526 6.11844254
13965.256297 6.11844254
13965.260040 6.11844254
13965.263776 6.11844254
13965.267518 6.11844254
13965.271250 6.11844254
13965.274968 6.11844254
13965.278814 6.11844254
13965.282479 6.11844254
13965.286179 6.11844254
13965.289914 6.11844254
13965.293659 6.11844254
13965.297301 6.11844254
13965.301052 6.11844254
13965.304835 4.88941050
13965.308585 4.88941050
13965.312448 4.88941050
13965.316328 4.88941050
13965.320098 4.88941050
13965.323839 4.88941050
13965.327658 4.88941050
13965.331426 4.88941050
13965.335316 4.88941050
13965.339161 4.88941050
13965.342903 4.88941050
13965.346648 4.88941050
13965.350383 4.88941050
13965.354294 4.88941050
13965.358058 4.88941050
13965.361787 4.88941050
13965.365536 4.88941050
13965.369268 4.88941050
13965.373013 4.88941050
13965.376829 4.88941050
13965.380610 4.88941050
13965.384341 4.88941050
13965.388085 4.88941050
13965.391810 4.88941050
13965.395564 4.88941050
13965.399296 4.88941050
13965.403125 4.88941050
13965.406886 4.88941050
13965.410633 4.88941050
13965.414530 4.88941050
13965.418377 4.88941050
13965.422134 4.88941050
13965.426012 4.88941050
13965.429819 4.88941050
13965.433577 4.88941050
13965.437419 4.88941050
13965.441226 4.88941050
13965.444961 4.88941050
13965.448705 4.88941050
13965.452518 4.88941050
13965.456297 4.88941050
13965.460029 4.88941050
13965.463778 4.88941050
13965.467506 4.88941050
13965.471246 4.88941050
13965.474980 4.88941050
13965.478814 4.88941050
13965.482575 4.88941050
13965.486321 4.88941050
13965.490054 4.88941050
13965.493803 4.88941050
13965.497533 4.88941050
13965.501396 4.88941050
13965.505173 4.88941050
13965.508919 4.88941050
13965.512653 4.88941050
13965.516403 4.88941050
13965.520301 4.88941050
13965.524151 4.88941050
13965.528049 4.88941050
13965.531833 4.88941050
13965.535568 4.88941050
13965.539427 4.88941050
13965.543136 4.88941050
13965.546825 4.88941050
13965.550555 4.88941050
13965.554381 4.88941050
13965.558149 4.88941050
13965.561892 4.88941050
13965.565627 4.88941050
13965.569368 4.88941050
13965.573095 4.88941050
13965.576914 4.85505867
13965.580681 4.85505867
13965.584427 4.85505867
13965.588160 4.85505867
13965.591901 4.85505867
13965.595637 4.85505867
13965.599382 4.85505867
13965.603200 4.85505867
13965.606973 4.85505867
13965.610710 4.85505867
13965.614456 4.85505867
13965.618375 4.85505867
13965.622368 4.85505867
13965.626285 4.85505867
13965.630078 4.85505867
13965.633814 4.85505867
13965.637561 4.85505867
13965.641445 4.85505867
13965.645286 4.85505867
13965.649025 4.85505867
13965.652962 4.85505867
13965.657164 4.85505867
13965.660858 4.85505867
13965.664617 4.85505867
13965.668324 4.85505867
13965.671957 4.85505867
13965.675643 4.85505867
13965.679452 4.85505867
13965.683192 4.85505867
13965.686928 4.85505867
13965.690627 4.85505867
13965.693782 4.85505867
13965.697333 4.85505867
13965.701134 4.85505867
13965.704884 4.85505867
13965.708628 4.85505867
13965.712325 4.85505867
13965.716066 4.85505867
13965.719763 4.85505867
13965.723672 4.85505867
13965.727555 4.85505867
13965.731336 4.85505867
13965.735048 4.85505867
13965.738789 4.85505867
13965.742637 4.85505867
13965.746473 4.85505867
13965.750184 4.85505867
13965.754062 4.85505867
13965.757801 4.85505867
13965.761543 4.85505867
13965.765248 4.85505867
13965.768985 4.85505867
13965.772685 4.85505867
13965.776026 4.85505867
13965.779626 4.85505867
13965.783371 4.85505867
13965.787074 4.85505867
13965.790819 4.85505867
13965.794432 4.85505867
13965.798150 4.85505867
13965.801970 4.85505867
13965.805748 4.85505867
13965.809460 4.85505867
13965.813189 4.85505867
13965.816900 4.85505867
13965.820629 4.85505867
13965.824514 4.85505867
13965.828424 4.85505867
13965.832185 4.85505867
13965.835917 4.85505867
13965.839631 4.85505867
13965.843512 4.85505867
13965.847326 4.85505867
13965.851121 4.76727057
13965.854881 4.76727057
13965.858619 4.76727057
13965.862333 4.76727057
13965.866068 4.76727057
13965.869782 4.76727057
13965.873517 4.76727057
13965.877362 4.76727057
13965.881136 4.76727057
13965.884852 4.76727057
13965.888584 4.76727057
13965.892296 4.76727057
13965.896028 4.76727057
13965.899743 4.76727057
13965.903553 4.76727057
13965.907303 4.76727057
13965.911035 4.76727057
13965.914746 4.76727057
13965.918482 4.76727057
13965.922191 4.76727057
13965.926082 4.76727057
13965.929959 4.76727057
13965.933741 4.76727057
13965.937444 4.76727057
13965.941185 4.76727057
13965.945019 4.76727057
13965.948842 4.76727057
13965.952730 4.76727057
13965.956509 4.76727057
13965.960210 4.76727057
13965.963953 4.76727057
13965.967656 4.76727057
13965.971391 4.76727057
13965.975103 4.76727057
13965.978924 4.76727057
13965.982657 4.76727057
13965.986404 4.76727057
13965.990106 4.76727057
13965.993852 4.76727057
13965.997544 4.76727057
13966.001382 4.76727057
13966.005116 4.76727057
13966.008848 4.76727057
13966.012570 4.76727057
13966.016298 4.76727057
13966.020022 4.76727057
13966.023752 4.76727057
13966.027586 4.76727057
13966.031419 4.76727057
13966.035247 4.76727057
13966.039014 4.76727057
13966.042723 4.76727057
13966.046611 4.76727057
13966.050429 4.76727057
13966.054263 4.76727057
13966.058006 4.76727057
13966.061750 4.76727057
13966.065464 4.76727057
13966.069208 4.76727057
13966.072919 4.76727057
13966.076748 4.76727057
13966.080489 4.76727057
13966.084231 4.76727057
13966.087942 4.76727057
13966.091679 4.76727057
13966.095391 4.76727057
13966.099137 4.76727057
13966.102913 4.76727057
13966.106681 4.76727057
13966.110391 4.76727057
13966.114121 4.76727057
13966.117829 4.76727057
13966.121562 4.76727057
13966.125268 4.90086126
13966.128509 4.90086126
13966.132256 4.90086126
13966.136105 4.90086126
13966.139849 4.90086126
13966.143580 4.90086126
13966.147438 4.90086126
13966.151327 4.90086126
13966.155051 4.90086126
13966.158783 4.90086126
13966.162479 4.90086126
13966.166216 4.90086126
13966.169959 4.90086126
13966.173734 4.90086126
13966.177516 4.90086126
13966.181282 4.90086126
13966.184976 4.90086126
13966.188712 4.90086126
13966.192405 4.90086126
13966.196139 4.90086126
13966.199838 4.90086126
13966.203657 4.90086126
13966.207386 4.90086126
13966.211119 4.90086126
13966.214813 4.90086126
13966.218544 4.90086126
13966.222239 4.90086126
13966.226030 4.90086126
13966.229775 4.90086126
13966.233662 4.90086126
13966.237488 4.90086126
13966.241260 4.90086126
13966.244955 4.90086126
13966.248837 4.90086126
13966.252822 4.90086126
13966.256607 4.90086126
13966.260306 4.90086126
13966.264040 4.90086126
13966.267737 4.90086126
13966.271464 4.90086126
13966.274580 4.90086126
13966.278200 4.90086126
13966.281963 4.90086126
13966.285665 4.90086126
13966.289397 4.90086126
13966.293102 4.90086126
13966.296824 4.90086126
13966.300522 4.90086126
13966.304332 4.90086126
13966.308064 4.90086126
13966.311785 4.90086126
13966.315498 4.90086126
13966.319552 4.90086126
13966.323508 4.90086126
13966.327381 4.90086126
13966.331115 4.90086126
13966.334848 4.90086126
13966.338702 4.90086126
13966.342542 4.90086126
13966.346278 4.90086126
13966.350149 4.90086126
13966.354080 4.90086126
13966.357835 4.90086126
13966.361548 4.90086126
13966.365266 4.90086126
13966.368977 4.90086126
13966.372698 4.90086126
13966.376494 4.90086126
13966.380246 4.90086126
13966.383958 4.90086126
13966.387677 4.90086126
13966.391383 4.90086126
13966.395108 4.90086126
13966.398816 5.72148800
13966.402660 5.72148800
13966.406412 5.72148800
13966.410131 5.72148800
13966.413838 5.72148800
13966.417559 5.72148800
13966.421268 5.72148800
13966.424992 5.72148800
13966.428784 5.72148800
13966.432455 5.72148800
13966.436669 5.72148800
13966.440712 5.72148800
13966.444539 5.72148800
13966.448286 5.72148800
13966.452135 5.72148800
13966.456223 5.72148800
13966.459971 5.72148800
13966.463691 5.72148800
13966.467390 5.72148800
13966.471105 5.72148800
13966.474809 5.72148800
13966.478679 5.72148800
13966.482414 5.72148800
13966.486136 5.72148800
13966.489835 5.72148800
13966.493552 5.72148800
13966.497250 5.72148800
13966.501023 5.72148800
13966.504774 5.72148800
13966.508501 5.72148800
13966.512197 5.72148800
13966.515905 5.72148800
13966.519605 5.72148800
13966.523326 5.72148800
13966.527113 5.72148800
13966.530856 5.72148800
13966.534565 5.72148800
13966.538312 5.72148800
13966.542104 5.72148800
13966.545388 5.72148800
13966.548419 5.72148800
13966.551480 5.72148800
13966.554480 5.72148800
13966.557483 5.72148800
13966.560455 5.72148800
13966.564000 5.72148800
13966.567738 5.72148800
13966.570926 5.72148800
13966.578753 5.72148800
13966.583398 5.72148800
13966.592830 5.72148800
13966.596946 5.72148800
13966.601210 5.72148800
13966.604324 5.72148800
13966.607832 5.72148800
13966.611544 5.72148800
13966.615250 5.72148800
13966.618968 5.72148800
13966.622662 5.72148800
13966.626627 5.72148800
13966.630381 5.72148800
13966.634035 5.72148800
13966.637742 5.72148800
13966.641462 5.72148800
13966.645326 5.72148800
13966.649168 5.72148800
13966.652987 5.72148800
13966.656893 5.72148800
13966.660686 5.72148800
13966.664410 5.72148800
13966.668112 5.72148800
13966.671836 5.71003771
13966.675539 5.71003771
13966.679347 5.71003771
13966.683079 5.71003771
13966.686798 5.71003771
13966.690502 5.71003771
13966.694222 5.71003771
13966.697926 5.71003771
13966.701806 5.71003771
13966.705547 5.71003771
13966.709266 5.71003771
13966.712973 5.71003771
13966.716697 5.71003771
13966.720401 5.71003771
13966.724118 5.71003771
13966.727933 5.71003771
13966.731681 5.71003771
13966.735394 5.71003771
13966.739113 5.71003771
13966.742817 5.71003771
13966.746701 5.71003771
13966.750524 5.71003771
13966.754367 5.71003771
13966.758246 5.71003771
13966.762058 5.71003771
13966.765759 5.71003771
13966.769488 5.71003771
13966.773188 5.71003771
13966.777000 5.71003771
13966.780730 5.71003771
13966.784457 5.71003771
13966.788159 5.71003771
13966.791884 5.71003771
13966.795582 5.71003771
13966.799309 5.71003771
13966.803095 5.71003771
13966.806845 5.71003771
13966.810549 5.71003771
13966.814273 5.71003771
13966.817972 5.71003771
13966.821699 5.71003771
13966.825399 5.71003771
13966.829337 5.71003771
13966.833000 5.71003771
13966.836716 5.71003771
13966.840431 5.71003771
13966.844147 5.71003771
13966.848029 0.0000
