13972.818485 0.0000
13972.821808 5.59553146
13972.825794 5.59553146
13972.829613 5.59553146
13972.833317 5.59553146
13972.837033 5.59553146
13972.840731 5.59553146
13972.844441 5.59553146
13972.848144 5.59553146
13972.852042 5.59553146
13972.855788 5.59553146
13972.859497 5.59553146
13972.863205 5.59553146
13972.866910 5.59553146
13972.870621 5.59553146
13972.874325 5.59553146
13972.878121 5.59553146
13972.881859 5.59553146
13972.885570 5.59553146
13972.889308 5.59553146
13972.893187 5.59553146
13972.897010 5.59553146
13972.900845 5.59553146
13972.904575 5.59553146
13972.908292 5.59553146
13972.911988 5.59553146
13972.915705 5.59553146
13972.919399 5.59553146
13972.923114 5.59553146
13972.927071 5.59553146
13972.930881 5.59553146
13972.934570 5.59553146
13972.938304 5.59553146
13972.942002 5.59553146
13972.945715 5.59553146
13972.949407 5.59553146
13972.953205 5.59553146
13972.956921 5.59553146
13972.960633 5.59553146
13972.964322 5.59553146
13972.968034 6.17951250
13972.971724 6.17951250
13972.975493 6.17951250
13972.979234 6.17951250
13972.982958 6.17951250
13972.986648 6.17951250
13972.990360 6.17951250
13972.994225 6.17951250
13972.998062 6.17951250
13973.001950 6.17951250
13973.005701 6.17951250
13973.009394 6.17951250
13973.013105 6.17951250
13973.016803 6.17951250
13973.020519 6.17951250
13973.024215 6.17951250
13973.028123 6.17951250
13973.031922 6.17951250
13973.035640 6.17951250
13973.039342 6.17951250
13973.043056 6.17951250
13973.046756 6.17951250
13973.050526 6.17951250
13973.054279 6.17951250
13973.057997 6.17951250
13973.061699 6.17951250
13973.065346 6.17951250
13973.069060 6.17951250
13973.072775 6.17951250
13973.076580 6.17951250
13973.080334 6.17951250
13973.084032 6.17951250
13973.087749 6.17951250
13973.091445 6.17951250
13973.095336 6.17951250
13973.099126 6.17951250
13973.102961 6.17951250
13973.106689 6.17951250
13973.110394 6.17951250
13973.114086 6.17951250
13973.117793 6.17951250
13973.121481 6.17951250
13973.125241 6.17951250
13973.129112 6.17951250
13973.132918 6.17951250
13973.136611 6.17951250
13973.140323 6.17951250
13973.144012 6.17951250
13973.147723 6.17951250
13973.151622 6.17951250
13973.155354 6.17951250
13973.159041 6.17951250
13973.162756 6.17951250
13973.166445 6.17951250
13973.170154 6.17951250
13973.173845 6.17951250
13973.177666 6.17951250
13973.181390 6.17951250
13973.185103 6.17951250
13973.188791 6.17951250
13973.192499 6.17951250
13973.196190 6.17951250
13973.200070 6.17951250
13973.203943 6.17951250
13973.207710 6.17951250
13973.211400 6.17951250
13973.215110 6.17951250
13973.218802 6.17951250
13973.222508 6.17951250
13973.226283 6.17951250
13973.230176 6.17951250
13973.233963 6.17951250
13973.237673 6.17951250
13973.241367 6.46196079
13973.245075 6.46196079
13973.248769 6.46196079
13973.252563 6.46196079
13973.256284 6.46196079
13973.259993 6.46196079
13973.263688 6.46196079
13973.267398 6.46196079
13973.271089 6.46196079
13973.274715 6.46196079
13973.278572 6.46196079
13973.282329 6.46196079
13973.286017 6.46196079
13973.289727 6.46196079
13973.293421 6.46196079
13973.297449 6.46196079
13973.301422 6.46196079
13973.305283 6.46196079
13973.309002 6.46196079
13973.312711 6.46196079
13973.316392 6.46196079
13973.320103 6.46196079
13973.323790 6.46196079
13973.327589 6.46196079
13973.331466 6.46196079
13973.335264 6.46196079
13973.338949 6.46196079
13973.342665 6.46196079
13973.346352 6.46196079
13973.350064 6.46196079
13973.353838 6.46196079
13973.357579 6.46196079
13973.361267 6.46196079
13973.364981 6.46196079
13973.368667 6.46196079
13973.372296 6.46196079
13973.376070 6.46196079
13973.379831 6.46196079
13973.383519 6.46196079
13973.387241 6.46196079
13973.390922 6.46196079
13973.394638 6.46196079
13973.398323 6.46196079
13973.402279 6.46196079
13973.406075 6.46196079
13973.409819 6.46196079
13973.413505 6.46196079
13973.417214 6.46196079
13973.420906 6.46196079
13973.424618 6.46196079
13973.428483 6.46196079
13973.432391 6.46196079
13973.436179 6.46196079
13973.439900 6.46196079
13973.443585 6.46196079
13973.447299 6.46196079
13973.451070 6.46196079
13973.454816 6.46196079
13973.458501 6.46196079
13973.462214 6.46196079
13973.465901 6.46196079
13973.469615 6.46196079
13973.473299 6.46196079
13973.477104 6.46196079
13973.480819 6.46196079
13973.484537 6.46196079
13973.488222 6.46196079
13973.491934 6.46196079
13973.495623 6.46196079
13973.499344 6.46196079
13973.503113 6.46196079
13973.507025 6.46196079
13973.510806 6.46196079
13973.514544 4.91994572
13973.518234 4.91994572
13973.521948 4.91994572
13973.525766 4.91994572
13973.529561 4.91994572
13973.533416 4.91994572
13973.537215 4.91994572
13973.540909 4.91994572
13973.544625 4.91994572
13973.548311 4.91994572
13973.552111 4.91994572
13973.555828 4.91994572
13973.559539 4.91994572
13973.563230 4.91994572
13973.566942 4.91994572
13973.570632 4.91994572
13973.574346 4.91994572
13973.578160 4.91994572
13973.581312 4.91994572
13973.584275 4.91994572
13973.587242 4.91994572
13973.590204 4.91994572
13973.593158 4.91994572
13973.596053 4.91994572
13973.599574 4.91994572
13973.602837 4.91994572
13973.606544 4.91994572
13973.609821 4.91994572
13973.612847 4.91994572
13973.622624 4.91994572
13973.635719 4.91994572
13973.641839 4.91994572
13973.645733 4.91994572
13973.649437 4.91994572
13973.653281 4.91994572
13973.657016 4.91994572
13973.660719 4.91994572
13973.664422 4.91994572
13973.668121 4.91994572
13973.671827 4.91994572
13973.675950 4.91994572
13973.679687 4.91994572
13973.683448 4.91994572
13973.687136 4.91994572
13973.690851 4.91994572
13973.694538 4.91994572
13973.698250 4.91994572
13973.702028 4.91994572
13973.705771 4.91994572
13973.709555 4.91994572
13973.713372 4.91994572
13973.716521 4.91994572
13973.720036 4.91994572
13973.723760 4.91994572
13973.727542 4.91994572
13973.731299 4.91994572
13973.735152 4.91994572
13973.738972 4.91994572
13973.742669 4.91994572
13973.746401 4.91994572
13973.750095 4.91994572
13973.754040 4.91994572
13973.757789 4.91994572
13973.761517 4.91994572
13973.765219 4.91994572
13973.768944 4.91994572
13973.772649 4.91994572
13973.776462 4.91994572
13973.780184 4.91994572
13973.783913 4.91994572
13973.787616 4.88177681
13973.791341 4.88177681
13973.795044 4.88177681
13973.798768 4.88177681
13973.802556 4.88177681
13973.806310 4.88177681
13973.810014 4.88177681
13973.813832 4.88177681
13973.817646 4.88177681
13973.821397 4.88177681
13973.825102 4.88177681
13973.828916 4.88177681
13973.832650 4.88177681
13973.836531 4.88177681
13973.840344 4.88177681
13973.844066 4.88177681
13973.847770 4.88177681
13973.851580 4.88177681
13973.855316 4.88177681
13973.859037 4.88177681
13973.862748 4.88177681
13973.866472 4.88177681
13973.870183 4.88177681
13973.873907 4.88177681
13973.877786 4.88177681
13973.881549 4.88177681
13973.885254 4.88177681
13973.889036 4.88177681
13973.892766 4.88177681
13973.896478 4.88177681
13973.900237 4.88177681
13973.904009 4.88177681
13973.907725 4.88177681
13973.911448 4.88177681
13973.915322 4.88177681
13973.919162 4.88177681
13973.922900 4.88177681
13973.926708 4.88177681
13973.930449 4.88177681
13973.934170 4.88177681
13973.938035 4.88177681
13973.941840 4.88177681
13973.945556 4.88177681
13973.949274 4.88177681
13973.953072 4.88177681
13973.956818 4.88177681
13973.960532 4.88177681
13973.964248 4.88177681
13973.967957 4.88177681
13973.971668 4.88177681
13973.975443 4.88177681
13973.979209 4.88177681
13973.982931 4.88177681
13973.986647 4.88177681
13973.990358 4.88177681
13973.994076 4.88177681
13973.997790 4.88177681
13974.001648 4.88177681
13974.005404 4.88177681
13974.009125 4.88177681
13974.012839 4.88177681
13974.016718 4.88177681
13974.020553 4.88177681
13974.024303 4.88177681
13974.028218 4.88177681
13974.031988 4.88177681
13974.035696 4.88177681
13974.039581 4.88177681
13974.043390 4.88177681
13974.047113 4.88177681
13974.050915 4.88177681
13974.054667 4.88177681
13974.058384 4.88177681
13974.062106 4.77490425
13974.065821 4.77490425
13974.069542 4.77490425
13974.073256 4.77490425
13974.077067 4.77490425
13974.080810 4.77490425
13974.084534 4.77490425
13974.088247 4.77490425
13974.091968 4.77490425
13974.095683 4.77490425
13974.099407 4.77490425
13974.103238 4.77490425
13974.106996 4.77490425
13974.110701 4.77490425
13974.114418 4.77490425
13974.118268 4.77490425
13974.122150 4.77490425
13974.125988 4.77490425
13974.129732 4.77490425
13974.133437 4.77490425
13974.137142 4.77490425
13974.141005 4.77490425
13974.144808 4.77490425
13974.148525 4.77490425
13974.152327 4.77490425
13974.156067 4.77490425
13974.159780 4.77490425
13974.163489 4.77490425
13974.167249 4.77490425
13974.171005 4.77490425
13974.174722 4.77490425
13974.178593 4.77490425
13974.182339 4.77490425
13974.186050 4.77490425
13974.189759 4.77490425
13974.192889 4.77490425
13974.196436 4.77490425
13974.200213 4.77490425
13974.203953 4.77490425
13974.207686 4.77490425
13974.211371 4.77490425
13974.215103 4.77490425
13974.218803 4.77490425
13974.222689 4.77490425
13974.226591 4.77490425
13974.230366 4.77490425
13974.233991 4.77490425
13974.237934 4.77490425
13974.241866 4.77490425
13974.245674 4.77490425
13974.249365 4.77490425
13974.253226 4.77490425
13974.256957 4.77490425
13974.260681 4.77490425
13974.264368 4.77490425
13974.268094 4.77490425
13974.271783 4.77490425
13974.275565 4.77490425
13974.279312 4.77490425
13974.283036 4.77490425
13974.286729 4.77490425
13974.290779 4.77490425
13974.294495 4.77490425
13974.298242 4.77490425
13974.302014 4.77490425
13974.305771 4.77490425
13974.309460 4.77490425
13974.313179 4.77490425
13974.316873 4.77490425
13974.320598 4.77490425
13974.324460 4.77490425
13974.328497 4.77490425
13974.332270 4.77490425
13974.335967 5.00773335
13974.339674 5.00773335
13974.343535 5.00773335
13974.347342 5.00773335
13974.351139 5.00773335
13974.354874 5.00773335
13974.358578 5.00773335
13974.362289 5.00773335
13974.365994 5.00773335
13974.369701 5.00773335
13974.373405 5.00773335
13974.377224 5.00773335
13974.380966 5.00773335
13974.384673 5.00773335
13974.388374 5.00773335
13974.392078 5.00773335
13974.395790 5.00773335
13974.399500 5.00773335
13974.403289 5.00773335
13974.407025 5.00773335
13974.410731 5.00773335
13974.414437 5.00773335
13974.418141 5.00773335
13974.421850 5.00773335
13974.425615 5.00773335
13974.429521 5.00773335
13974.433325 5.00773335
13974.437059 5.00773335
13974.440766 5.00773335
13974.444628 5.00773335
13974.448420 5.00773335
13974.452207 5.00773335
13974.455946 5.00773335
13974.459638 5.00773335
13974.463344 5.00773335
13974.467037 5.00773335
13974.470746 5.00773335
13974.474439 5.00773335
13974.478318 5.00773335
13974.482053 5.00773335
13974.485765 5.00773335
13974.489456 5.00773335
13974.493074 5.00773335
13974.496775 5.00773335
13974.500538 5.00773335
13974.504286 5.00773335
13974.507998 5.00773335
13974.511689 5.00773335
13974.515403 5.00773335
13974.519101 5.00773335
13974.522802 5.00773335
13974.526591 5.00773335
13974.530494 5.00773335
13974.534314 5.00773335
13974.538079 5.00773335
13974.541814 5.00773335
13974.545682 5.00773335
13974.549478 5.00773335
13974.553287 5.00773335
13974.557016 5.00773335
13974.560731 5.00773335
13974.564430 5.00773335
13974.568142 5.00773335
13974.571844 5.00773335
13974.575614 5.00773335
13974.579367 5.00773335
13974.583084 5.00773335
13974.586784 5.00773335
13974.590500 5.00773335
13974.594197 5.00773335
13974.597905 5.00773335
13974.601668 5.00773335
13974.605415 5.00773335
13974.609130 5.72530508
13974.612834 5.72530508
13974.616541 5.72530508
13974.620247 5.72530508
13974.623959 5.72530508
13974.627840 5.72530508
13974.631660 5.72530508
13974.635480 5.72530508
13974.639211 5.72530508
13974.642918 5.72530508
13974.646776 5.72530508
13974.650635 5.72530508
13974.654396 5.72530508
13974.658111 5.72530508
13974.661817 5.72530508
13974.665527 5.72530508
13974.669231 5.72530508
13974.672938 5.72530508
13974.676733 5.72530508
13974.680473 5.72530508
13974.684176 5.72530508
13974.687882 5.72530508
13974.691582 5.72530508
13974.695297 5.72530508
13974.698999 5.72530508
13974.702887 5.72530508
13974.706628 5.72530508
13974.710337 5.72530508
13974.714037 5.72530508
13974.717744 5.72530508
13974.721445 5.72530508
13974.725204 5.72530508
13974.728958 5.72530508
13974.732677 5.72530508
13974.736475 5.72530508
13974.740292 5.72530508
13974.744023 5.72530508
13974.747885 5.72530508
13974.751775 5.72530508
13974.755526 5.72530508
13974.759232 5.72530508
13974.762930 5.72530508
13974.766630 5.72530508
13974.770340 5.72530508
13974.774044 5.72530508
13974.777915 5.72530508
13974.781652 5.72530508
13974.785360 5.72530508
13974.789066 5.72530508
13974.792773 5.72530508
13974.796477 5.72530508
13974.800180 5.72530508
13974.803939 5.72530508
13974.807661 5.72530508
13974.811365 5.72530508
13974.815077 5.72530508
13974.818775 5.72530508
13974.822486 5.72530508
13974.826277 5.72530508
13974.830021 5.72530508
13974.833718 5.72530508
13974.837602 5.72530508
13974.841397 5.72530508
13974.845141 5.72530508
13974.848998 5.72530508
13974.852944 5.72530508
13974.856686 5.72530508
13974.860399 5.72530508
13974.864098 5.72530508
13974.867810 5.72530508
13974.871515 5.72530508
13974.875284 5.72530508
13974.879035 5.72530508
13974.882754 5.75202322
13974.886458 5.75202322
13974.890175 5.75202322
13974.893872 5.75202322
13974.897582 5.75202322
13974.901375 5.75202322
13974.905118 5.75202322
13974.908737 5.75202322
13974.912451 5.75202322
13974.916159 5.75202322
13974.919869 5.75202322
13974.923574 5.75202322
13974.927367 5.75202322
13974.931100 5.75202322
13974.934810 5.75202322
13974.938687 5.75202322
13974.942488 5.75202322
13974.946221 5.75202322
13974.950085 5.75202322
13974.954111 5.75202322
13974.957882 5.75202322
13974.961570 5.75202322
13974.965298 5.75202322
13974.968983 5.75202322
13974.972613 5.75202322
13974.976392 5.75202322
13974.980141 5.75202322
13974.983832 5.75202322
13974.987552 5.75202322
13974.991241 5.75202322
13974.994969 5.75202322
13974.998664 5.75202322
13975.002469 5.75202322
13975.006196 5.75202322
13975.009919 5.75202322
13975.013618 5.75202322
13975.017338 5.75202322
13975.021039 5.75202322
13975.024767 5.75202322
13975.028557 0.0000
