13939.103955 0.0000
13939.107290 4.42756939
13939.111016 4.42756939
13939.114717 4.42756939
13939.118429 4.42756939
13939.122130 4.42756939
13939.125848 4.42756939
13939.129693 4.42756939
13939.133446 4.42756939
13939.137150 4.42756939
13939.140858 4.42756939
13939.144560 4.42756939
13939.148273 4.42756939
13939.152138 4.42756939
13939.156045 4.42756939
13939.159794 4.42756939
13939.163509 4.42756939
13939.167215 4.42756939
13939.170931 4.42756939
13939.174630 4.42756939
13939.178427 4.42756939
13939.182172 4.42756939
13939.185887 4.42756939
13939.189587 4.42756939
13939.193307 4.42756939
13939.197017 4.42756939
13939.200836 4.42756939
13939.204719 4.42756939
13939.208504 4.42756939
13939.212204 4.42756939
13939.215928 4.42756939
13939.219630 4.42756939
13939.223353 4.42756939
13939.227058 4.42756939
13939.230858 4.42756939
13939.234593 4.42756939
13939.238321 4.42756939
13939.242022 4.42756939
13939.245745 4.42756939
13939.249449 4.42756939
13939.253375 4.42756939
13939.257191 4.42756939
13939.260920 4.42756939
13939.264621 4.42756939
13939.268344 4.42756939
13939.272049 4.42756939
13939.275771 4.42756939
13939.279651 4.42756939
13939.283429 4.42756939
13939.287126 4.42756939
13939.290850 4.42756939
13939.294554 4.42756939
13939.298275 4.42756939
13939.301983 4.70238400
13939.306251 4.70238400
13939.310050 4.70238400
13939.313819 4.70238400
13939.317515 4.70238400
13939.321236 4.70238400
13939.324928 4.70238400
13939.328730 4.70238400
13939.332451 4.70238400
13939.336177 4.70238400
13939.339892 4.70238400
13939.343620 4.70238400
13939.347315 4.70238400
13939.351035 4.70238400
13939.354922 4.70238400
13939.358740 4.70238400
13939.362427 4.70238400
13939.366152 4.70238400
13939.369839 4.70238400
13939.373557 4.70238400
13939.377255 4.70238400
13939.381114 4.70238400
13939.384841 4.70238400
13939.388566 4.70238400
13939.392254 4.70238400
13939.395977 4.70238400
13939.399665 4.70238400
13939.403475 4.70238400
13939.407346 4.70238400
13939.411196 4.70238400
13939.414919 4.70238400
13939.418642 4.70238400
13939.422341 4.70238400
13939.426070 4.70238400
13939.429933 4.70238400
13939.433697 4.70238400
13939.437391 4.70238400
13939.441126 4.70238400
13939.444820 4.70238400
13939.448552 4.70238400
13939.452248 4.70238400
13939.456199 4.70238400
13939.460004 4.70238400
13939.463721 4.70238400
13939.467427 4.70238400
13939.471147 4.70238400
13939.474850 4.70238400
13939.478651 4.70238400
13939.482387 4.70238400
13939.486107 4.70238400
13939.489809 4.70238400
13939.493530 4.70238400
13939.497237 4.70238400
13939.500961 4.70238400
13939.504766 4.70238400
13939.508678 4.70238400
13939.512509 4.70238400
13939.516264 4.70238400
13939.519956 4.70238400
13939.523683 4.70238400
13939.527444 4.70238400
13939.531227 4.70238400
13939.534933 4.70238400
13939.538658 4.70238400
13939.542355 4.70238400
13939.546082 4.70238400
13939.549780 4.70238400
13939.553589 4.70238400
13939.557465 4.70238400
13939.561278 4.70238400
13939.564972 4.70238400
13939.568700 4.70238400
13939.572396 4.70238400
13939.576124 6.27493429
13939.579914 6.27493429
13939.583703 6.27493429
13939.587410 6.27493429
13939.591134 6.27493429
13939.594833 6.27493429
13939.598559 6.27493429
13939.602264 6.27493429
13939.606074 6.27493429
13939.609875 6.27493429
13939.613718 6.27493429
13939.617443 6.27493429
13939.621170 6.27493429
13939.625107 6.27493429
13939.629068 6.27493429
13939.632831 6.27493429
13939.636578 6.27493429
13939.640287 6.27493429
13939.644036 6.27493429
13939.647750 6.27493429
13939.651493 6.27493429
13939.655345 6.27493429
13939.659279 6.27493429
13939.663090 6.27493429
13939.666839 6.27493429
13939.670547 6.27493429
13939.674291 6.27493429
13939.678088 6.27493429
13939.681868 6.27493429
13939.686023 6.27493429
13939.689369 6.27493429
13939.692373 6.27493429
13939.695341 6.27493429
13939.698870 6.27493429
13939.702660 6.27493429
13939.705873 6.27493429
13939.708903 6.27493429
13939.712730 6.27493429
13939.716007 6.27493429
13939.719026 6.27493429
13939.722501 6.27493429
13939.725600 6.27493429
13939.728656 6.27493429
13939.732332 6.27493429
13939.736739 6.27493429
13939.740648 6.27493429
13939.744390 6.27493429
13939.748114 6.27493429
13939.751855 6.27493429
13939.755775 6.27493429
13939.759717 6.27493429
13939.763507 6.27493429
13939.767240 6.27493429
13939.770950 6.27493429
13939.774100 6.27493429
13939.777720 6.27493429
13939.781499 6.27493429
13939.785139 6.27493429
13939.788853 6.27493429
13939.792557 6.27493429
13939.796520 6.27493429
13939.800346 6.27493429
13939.804192 6.27493429
13939.807926 6.27493429
13939.811670 6.27493429
13939.815538 6.27493429
13939.819384 6.27493429
13939.823108 6.27493429
13939.826856 6.27493429
13939.830645 6.27493429
13939.834425 6.27493429
13939.838133 6.27493429
13939.841880 6.27493429
13939.845584 6.27493429
13939.849332 3.91229177
13939.853119 3.91229177
13939.856897 3.91229177
13939.860761 3.91229177
13939.864594 3.91229177
13939.868300 3.91229177
13939.871960 3.91229177
13939.875642 3.91229177
13939.879567 3.91229177
13939.883352 3.91229177
13939.886992 3.91229177
13939.890675 3.91229177
13939.894402 3.91229177
13939.898120 3.91229177
13939.901850 3.91229177
13939.905653 3.91229177
13939.909414 3.91229177
13939.913133 3.91229177
13939.916994 3.91229177
13939.920852 3.91229177
13939.924616 3.91229177
13939.928433 3.91229177
13939.932193 3.91229177
13939.935916 3.91229177
13939.939646 3.91229177
13939.943368 3.91229177
13939.947097 3.91229177
13939.950824 3.91229177
13939.954639 3.91229177
13939.958388 3.91229177
13939.962274 3.91229177
13939.966056 3.91229177
13939.969788 3.91229177
13939.973506 3.91229177
13939.977238 3.91229177
13939.981087 3.91229177
13939.984855 3.91229177
13939.988576 3.91229177
13939.992312 3.91229177
13939.996031 3.91229177
13939.999762 3.91229177
13940.003563 3.91229177
13940.007334 3.91229177
13940.011051 3.91229177
13940.014787 3.91229177
13940.018510 3.91229177
13940.022411 3.91229177
13940.026247 3.91229177
13940.030156 3.91229177
13940.033923 3.91229177
13940.037653 3.91229177
13940.041383 3.91229177
13940.045113 3.91229177
13940.048841 3.91229177
13940.052638 3.91229177
13940.056411 3.91229177
13940.060150 3.91229177
13940.064013 3.91229177
13940.067806 3.91229177
13940.071528 3.91229177
13940.075266 3.91229177
13940.079075 3.91229177
13940.082842 3.91229177
13940.086567 3.91229177
13940.090296 3.91229177
13940.094030 3.91229177
13940.097768 3.91229177
13940.101495 3.91229177
13940.105326 3.91229177
13940.109087 3.91229177
13940.112720 3.91229177
13940.116405 3.91229177
13940.120129 3.91229177
13940.124011 3.95427728
13940.127928 3.95427728
13940.131592 3.95427728
13940.135300 3.95427728
13940.139006 3.95427728
13940.142743 3.95427728
13940.146457 3.95427728
13940.150190 3.95427728
13940.153982 3.95427728
13940.157754 3.95427728
13940.161464 3.95427728
13940.165366 3.95427728
13940.169225 3.95427728
13940.173003 3.95427728
13940.176728 3.95427728
13940.180640 3.95427728
13940.184408 3.95427728
13940.188148 3.95427728
13940.191860 3.95427728
13940.195022 3.95427728
13940.198532 3.95427728
13940.202249 3.95427728
13940.206050 3.95427728
13940.209834 3.95427728
13940.213545 3.95427728
13940.217292 3.95427728
13940.221009 3.95427728
13940.224908 3.95427728
13940.228804 3.95427728
13940.232589 3.95427728
13940.236308 3.95427728
13940.240049 3.95427728
13940.243774 3.95427728
13940.247512 3.95427728
13940.251230 3.95427728
13940.255107 3.95427728
13940.258866 3.95427728
13940.262607 3.95427728
13940.266484 3.95427728
13940.270311 3.95427728
13940.274033 3.95427728
13940.277830 3.95427728
13940.281598 3.95427728
13940.285344 3.95427728
13940.289067 3.95427728
13940.292804 3.95427728
13940.296438 3.95427728
13940.300142 3.95427728
13940.303932 3.95427728
13940.307712 3.95427728
13940.311422 3.95427728
13940.315176 3.95427728
13940.318885 3.95427728
13940.322637 3.95427728
13940.326487 3.95427728
13940.330494 3.95427728
13940.334284 3.95427728
13940.338028 3.95427728
13940.341745 3.95427728
13940.345493 3.95427728
13940.349210 3.95427728
13940.353033 3.95427728
13940.356785 3.95427728
13940.360533 3.95427728
13940.364246 3.95427728
13940.368129 3.95427728
13940.371911 3.95427728
13940.375653 3.95427728
13940.379487 3.95427728
13940.383274 3.95427728
13940.386995 3.95427728
13940.390738 3.95427728
13940.394459 3.95427728
13940.398199 3.90847492
13940.401924 3.90847492
13940.405746 3.90847492
13940.409503 3.90847492
13940.413244 3.90847492
13940.416962 3.90847492
13940.420700 3.90847492
13940.424421 3.90847492
13940.428241 3.90847492
13940.432069 3.90847492
13940.435885 3.90847492
13940.439619 3.90847492
13940.443363 3.90847492
13940.447084 3.90847492
13940.450830 3.90847492
13940.454634 3.90847492
13940.458412 3.90847492
13940.462126 3.90847492
13940.465869 3.90847492
13940.469743 3.90847492
13940.473575 3.90847492
13940.477346 3.90847492
13940.481138 3.90847492
13940.484868 3.90847492
13940.488613 3.90847492
13940.492335 3.90847492
13940.496078 3.90847492
13940.499788 3.90847492
13940.503740 3.90847492
13940.507518 3.90847492
13940.511251 3.90847492
13940.514977 3.90847492
13940.518713 3.90847492
13940.522436 3.90847492
13940.526175 3.90847492
13940.529984 3.90847492
13940.533900 3.90847492
13940.537734 3.90847492
13940.541485 3.90847492
13940.545208 3.90847492
13940.548936 3.90847492
13940.552745 3.90847492
13940.556511 3.90847492
13940.560248 3.90847492
13940.563979 3.90847492
13940.567713 3.90847492
13940.571603 3.90847492
13940.575433 3.90847492
13940.579246 3.90847492
13940.583009 3.90847492
13940.586738 3.90847492
13940.590475 3.90847492
13940.594197 3.90847492
13940.597930 3.90847492
13940.601658 3.90847492
13940.605527 3.90847492
13940.609291 3.90847492
13940.613020 3.90847492
13940.616748 3.90847492
13940.620479 3.90847492
13940.624118 3.90847492
13940.627885 3.90847492
13940.631649 3.90847492
13940.635883 3.90847492
13940.639696 3.90847492
13940.643442 3.90847492
13940.647151 3.90847492
13940.650853 3.90847492
13940.654725 3.90847492
13940.658467 3.90847492
13940.662173 3.90847492
13940.665879 3.90847492
13940.669588 3.90847492
13940.673446 3.81305313
13940.677247 3.81305313
13940.681034 3.81305313
13940.684775 3.81305313
13940.688479 3.81305313
13940.692184 3.81305313
13940.695893 3.81305313
13940.699603 3.81305313
13940.703388 3.81305313
13940.707126 3.81305313
13940.710832 3.81305313
13940.714543 3.81305313
13940.718245 3.81305313
13940.721954 3.81305313
13940.725659 3.81305313
13940.729453 3.81305313
13940.733189 3.81305313
13940.737046 3.81305313
13940.740877 3.81305313
13940.744612 3.81305313
13940.748321 3.81305313
13940.752036 3.81305313
13940.755889 3.81305313
13940.759644 3.81305313
13940.763349 3.81305313
13940.767068 3.81305313
13940.770777 3.81305313
13940.774652 3.81305313
13940.778533 3.81305313
13940.782278 3.81305313
13940.785986 3.81305313
13940.789702 3.81305313
13940.793409 3.81305313
13940.797122 3.81305313
13940.800835 3.81305313
13940.804636 3.81305313
13940.808289 3.81305313
13940.812007 3.81305313
13940.815717 3.81305313
13940.819430 3.81305313
13940.823143 3.81305313
13940.826856 3.81305313
13940.830740 3.81305313
13940.834514 3.81305313
13940.838374 3.81305313
13940.842227 3.81305313
13940.845970 3.81305313
13940.849690 3.81305313
13940.853484 3.81305313
13940.857237 3.81305313
13940.860941 3.81305313
13940.864665 3.81305313
13940.868370 3.81305313
13940.872020 3.81305313
13940.875862 3.81305313
13940.879758 3.81305313
13940.883482 3.81305313
13940.887207 3.81305313
13940.890898 3.81305313
13940.894635 3.81305313
13940.898328 3.81305313
13940.902057 3.81305313
13940.905889 3.81305313
13940.909650 3.81305313
13940.913350 3.81305313
13940.917078 3.81305313
13940.920775 3.81305313
13940.924502 3.81305313
13940.928283 3.81305313
13940.932039 3.81305313
13940.935736 3.81305313
13940.939489 3.81305313
13940.943355 3.81305313
13940.947201 5.09552145
13940.950928 5.09552145
13940.954737 5.09552145
13940.958475 5.09552145
13940.962196 5.09552145
13940.965902 5.09552145
13940.969629 5.09552145
13940.973331 5.09552145
13940.977204 5.09552145
13940.981146 5.09552145
13940.984906 5.09552145
13940.988607 5.09552145
13940.992326 5.09552145
13940.996030 5.09552145
13940.999741 5.09552145
13941.003526 5.09552145
13941.007282 5.09552145
13941.010985 5.09552145
13941.014721 5.09552145
13941.018427 5.09552145
13941.022153 5.09552145
13941.025860 5.09552145
13941.029733 5.09552145
13941.033478 5.09552145
13941.037205 5.09552145
13941.040914 5.09552145
13941.044802 5.09552145
13941.048631 5.09552145
13941.052351 5.09552145
13941.056099 5.09552145
13941.059843 5.09552145
13941.063542 5.09552145
13941.067274 5.09552145
13941.070979 5.09552145
13941.074713 5.09552145
13941.078618 5.09552145
13941.082446 5.09552145
13941.086151 5.09552145
13941.089886 5.09552145
13941.093584 5.09552145
13941.097319 5.09552145
13941.101021 5.09552145
13941.104836 5.09552145
13941.108563 5.09552145
13941.112197 5.09552145
13941.115852 5.09552145
13941.119605 5.09552145
13941.123305 5.09552145
13941.127021 5.09552145
13941.130928 5.09552145
13941.134705 5.09552145
13941.138397 5.09552145
13941.142123 5.09552145
13941.145980 5.09552145
13941.149828 5.09552145
13941.153640 5.09552145
13941.157390 5.09552145
13941.161015 5.09552145
13941.164976 5.09552145
13941.168736 5.09552145
13941.172457 5.09552145
13941.176160 5.09552145
13941.180082 5.09552145
13941.183888 5.09552145
13941.187599 5.09552145
13941.191302 5.09552145
13941.195016 5.09552145
13941.198713 5.09552145
13941.202485 5.09552145
13941.206233 5.09552145
13941.209952 5.09552145
13941.213652 5.09552145
13941.217362 5.09552145
13941.221062 5.58408070
13941.224775 5.58408070
13941.228559 5.58408070
13941.232302 5.58408070
13941.236003 5.58408070
13941.239714 5.58408070
13941.243413 5.58408070
13941.247124 5.58408070
13941.250873 5.58408070
13941.254840 5.58408070
13941.258601 5.58408070
13941.262312 5.58408070
13941.266013 5.58408070
13941.269727 5.58408070
13941.273426 5.58408070
13941.277137 5.58408070
13941.281075 5.58408070
13941.284903 5.58408070
13941.288598 5.58408070
13941.292267 5.58408070
13941.296305 5.58408070
13941.300040 5.58408070
13941.303856 5.58408070
13941.307596 5.58408070
13941.311295 5.58408070
13941.315001 5.58408070
13941.318698 5.58408070
13941.322407 5.58408070
13941.326118 5.58408070
13941.329902 5.58408070
13941.333644 5.58408070
13941.337351 5.58408070
13941.341062 5.58408070
13941.344764 5.58408070
13941.348472 5.58408070
13941.352379 5.58408070
13941.356255 5.58408070
13941.359989 5.58408070
13941.363691 5.58408070
13941.367398 5.58408070
13941.371101 5.58408070
13941.374809 5.58408070
13941.378643 5.58408070
13941.382535 5.58408070
13941.386339 5.58408070
13941.390047 5.58408070
13941.393747 5.58408070
13941.397453 5.58408070
13941.401162 5.58408070
13941.404949 5.58408070
13941.408683 5.58408070
13941.412395 5.58408070
13941.416102 5.58408070
13941.419809 5.58408070
13941.423444 5.58408070
13941.427157 5.58408070
13941.431066 5.58408070
13941.434835 5.58408070
13941.438529 5.58408070
13941.442247 5.58408070
13941.445940 5.58408070
13941.449661 5.58408070
13941.453563 5.58408070
13941.457437 0.0000
