13947.513737 0.0000
13947.517054 3.75961709
13947.520770 3.75961709
13947.524452 3.75961709
13947.528271 3.75961709
13947.532022 3.75961709
13947.535758 3.75961709
13947.539475 3.75961709
13947.543212 3.75961709
13947.547065 3.75961709
13947.550856 3.75961709
13947.554657 3.75961709
13947.558424 3.75961709
13947.562144 3.75961709
13947.565871 3.75961709
13947.569595 3.75961709
13947.573331 3.75961709
13947.577107 3.75961709
13947.580890 3.75961709
13947.584614 3.75961709
13947.588349 3.75961709
13947.592069 3.75961709
13947.595802 3.75961709
13947.599603 3.75961709
13947.603556 3.75961709
13947.607336 3.75961709
13947.611075 3.75961709
13947.614797 3.75961709
13947.618534 3.75961709
13947.622252 3.75961709
13947.625991 3.75961709
13947.629787 3.75961709
13947.633556 3.75961709
13947.637273 3.75961709
13947.641006 3.75961709
13947.644728 3.75961709
13947.648611 3.75961709
13947.652502 3.75961709
13947.656278 3.75961709
13947.660323 3.75961709
13947.664071 3.75961709
13947.667804 3.75961709
13947.671513 3.75961709
13947.675232 3.75961709
13947.679012 3.75961709
13947.682759 3.75961709
13947.686458 3.75961709
13947.690079 3.75961709
13947.693765 3.75961709
13947.697478 3.75961709
13947.701279 3.75961709
13947.705215 3.75961709
13947.708981 3.75961709
13947.712686 3.75961709
13947.716405 3.75961709
13947.720108 3.75961709
13947.723823 3.75961709
13947.727608 3.75961709
13947.731358 3.75961709
13947.735062 3.75961709
13947.738778 3.75961709
13947.742483 3.75961709
13947.746200 3.75961709
13947.750055 3.75961709
13947.754025 3.75961709
13947.757772 3.75961709
13947.761486 3.75961709
13947.765189 3.75961709
13947.768902 3.75961709
13947.772605 3.75961709
13947.776322 3.75961709
13947.780106 3.75961709
13947.783851 3.75961709
13947.787554 4.43138599
13947.791269 4.43138599
13947.794974 4.43138599
13947.798687 4.43138599
13947.802529 4.43138599
13947.806365 4.43138599
13947.810104 4.43138599
13947.813809 4.43138599
13947.817525 4.43138599
13947.821229 4.43138599
13947.824946 4.43138599
13947.828732 4.43138599
13947.832480 4.43138599
13947.836187 4.43138599
13947.839903 4.43138599
13947.843608 4.43138599
13947.847325 4.43138599
13947.851184 4.43138599
13947.855169 4.43138599
13947.858829 4.43138599
13947.862536 4.43138599
13947.866244 4.43138599
13947.869951 4.43138599
13947.873665 4.43138599
13947.877457 4.43138599
13947.881199 4.43138599
13947.884909 4.43138599
13947.888620 4.43138599
13947.892327 4.43138599
13947.896033 4.43138599
13947.899744 4.43138599
13947.903539 4.43138599
13947.907429 4.43138599
13947.911253 4.43138599
13947.914986 4.43138599
13947.918696 4.43138599
13947.922407 4.43138599
13947.926119 4.43138599
13947.929990 4.43138599
13947.933736 4.43138599
13947.937445 4.43138599
13947.941154 4.43138599
13947.944868 4.43138599
13947.948574 4.43138599
13947.952493 4.43138599
13947.956307 4.43138599
13947.960020 4.43138599
13947.963728 4.43138599
13947.967439 4.43138599
13947.971148 4.43138599
13947.974857 4.43138599
13947.978652 4.43138599
13947.982398 4.43138599
13947.986105 4.43138599
13947.989818 4.43138599
13947.993453 4.43138599
13947.997155 4.43138599
13948.000864 4.43138599
13948.004685 4.43138599
13948.008587 4.43138599
13948.012398 4.43138599
13948.016137 4.43138599
13948.019850 4.43138599
13948.023562 4.43138599
13948.027338 4.43138599
13948.031103 4.43138599
13948.034823 4.43138599
13948.038536 4.43138599
13948.042248 4.43138599
13948.045966 4.43138599
13948.049679 4.43138599
13948.053599 4.43138599
13948.057427 4.43138599
13948.061142 5.72530508
13948.064855 5.72530508
13948.068568 5.72530508
13948.072283 5.72530508
13948.075999 5.72530508
13948.079813 5.72530508
13948.083573 5.72530508
13948.087523 5.72530508
13948.091307 5.72530508
13948.095013 5.72530508
13948.098741 5.72530508
13948.102523 5.72530508
13948.106280 5.72530508
13948.110132 5.72530508
13948.113985 5.72530508
13948.117716 5.72530508
13948.121432 5.72530508
13948.125130 5.72530508
13948.128984 5.72530508
13948.132722 5.72530508
13948.136443 5.72530508
13948.140145 5.72530508
13948.143861 5.72530508
13948.147566 5.72530508
13948.151272 5.72530508
13948.155188 5.72530508
13948.159007 5.72530508
13948.162709 5.72530508
13948.166428 5.72530508
13948.170181 5.72530508
13948.173935 5.72530508
13948.177720 5.72530508
13948.181376 5.72530508
13948.185075 5.72530508
13948.188805 5.72530508
13948.192498 5.72530508
13948.196222 5.72530508
13948.199917 5.72530508
13948.203720 5.72530508
13948.207445 5.72530508
13948.211330 5.72530508
13948.215126 5.72530508
13948.218872 5.72530508
13948.222573 5.72530508
13948.226294 5.72530508
13948.230165 5.72530508
13948.233931 5.72530508
13948.237631 5.72530508
13948.241353 5.72530508
13948.245052 5.72530508
13948.248770 5.72530508
13948.252553 5.72530508
13948.256449 5.72530508
13948.260247 5.72530508
13948.263963 5.72530508
13948.267662 5.72530508
13948.271279 5.72530508
13948.274977 5.72530508
13948.278776 5.72530508
13948.282499 5.72530508
13948.286223 5.72530508
13948.289921 5.72530508
13948.293642 5.72530508
13948.297341 5.72530508
13948.301064 5.72530508
13948.304762 5.72530508
13948.308513 5.72530508
13948.312223 5.72530508
13948.316419 5.72530508
13948.320207 5.72530508
13948.323974 5.72530508
13948.327757 5.72530508
13948.331512 5.72530508
13948.335198 4.32833052
13948.338913 4.32833052
13948.342597 4.32833052
13948.346319 4.32833052
13948.350009 4.32833052
13948.353860 4.32833052
13948.357725 4.32833052
13948.361537 4.32833052
13948.365227 4.32833052
13948.368948 4.32833052
13948.372636 4.32833052
13948.376358 4.32833052
13948.380205 4.32833052
13948.383958 4.32833052
13948.387644 4.32833052
13948.391362 4.32833052
13948.395050 4.32833052
13948.398767 4.32833052
13948.402538 4.32833052
13948.406284 4.32833052
13948.409977 4.32833052
13948.413695 4.32833052
13948.417544 4.32833052
13948.421399 4.32833052
13948.425127 4.32833052
13948.428935 4.32833052
13948.432666 4.32833052
13948.436388 4.32833052
13948.440086 4.32833052
13948.443734 4.32833052
13948.447429 4.32833052
13948.451145 4.32833052
13948.454930 4.32833052
13948.458827 4.32833052
13948.462620 4.32833052
13948.466342 4.32833052
13948.470039 4.32833052
13948.473764 4.32833052
13948.477600 4.32833052
13948.481360 4.32833052
13948.485060 4.32833052
13948.488691 4.32833052
13948.492376 4.32833052
13948.496101 4.32833052
13948.499799 4.32833052
13948.503605 4.32833052
13948.507332 4.32833052
13948.511046 4.32833052
13948.514747 4.32833052
13948.518633 4.32833052
13948.522434 4.32833052
13948.526184 4.32833052
13948.530035 4.32833052
13948.533800 4.32833052
13948.537495 4.32833052
13948.541219 4.32833052
13948.544916 4.32833052
13948.548641 4.32833052
13948.552421 4.32833052
13948.556175 4.32833052
13948.560021 4.32833052
13948.563839 4.32833052
13948.567535 4.32833052
13948.571254 4.32833052
13948.574345 4.32833052
13948.578117 4.32833052
13948.581243 4.32833052
13948.584727 4.32833052
13948.588451 4.32833052
13948.592056 4.32833052
13948.595780 4.32833052
13948.599474 4.32833052
13948.603299 4.32833052
13948.607029 4.32833052
13948.610744 3.91610861
13948.614446 3.91610861
13948.618160 3.91610861
13948.621938 3.91610861
13948.625767 3.91610861
13948.629573 3.91610861
13948.632732 3.91610861
13948.636233 3.91610861
13948.639367 3.91610861
13948.642921 3.91610861
13948.646645 3.91610861
13948.650336 3.91610861
13948.654781 3.91610861
13948.657934 3.91610861
13948.661518 3.91610861
13948.665308 3.91610861
13948.669021 3.91610861
13948.672670 3.91610861
13948.676338 3.91610861
13948.680243 3.91610861
13948.683977 3.91610861
13948.687706 3.91610861
13948.691419 3.91610861
13948.694566 3.91610861
13948.698105 3.91610861
13948.701899 3.91610861
13948.705659 3.91610861
13948.709410 3.91610861
13948.713298 3.91610861
13948.717124 3.91610861
13948.720849 3.91610861
13948.724743 3.91610861
13948.728682 3.91610861
13948.732469 3.91610861
13948.736190 3.91610861
13948.739919 3.91610861
13948.743636 3.91610861
13948.747371 3.91610861
13948.751091 3.91610861
13948.754904 3.91610861
13948.758652 3.91610861
13948.762539 3.91610861
13948.766355 3.91610861
13948.770086 3.91610861
13948.773801 3.91610861
13948.777615 3.91610861
13948.781363 3.91610861
13948.785096 3.91610861
13948.788813 3.91610861
13948.792545 3.91610861
13948.796173 3.91610861
13948.799859 3.91610861
13948.803643 3.91610861
13948.807421 3.91610861
13948.811128 3.91610861
13948.814869 3.91610861
13948.818576 3.91610861
13948.822314 3.91610861
13948.826190 3.91610861
13948.830188 3.91610861
13948.833952 3.91610861
13948.837697 3.91610861
13948.841407 3.91610861
13948.845147 3.91610861
13948.848857 3.91610861
13948.852680 3.91610861
13948.856422 3.91610861
13948.860163 3.91610861
13948.864001 3.91610861
13948.867792 3.91610861
13948.871504 3.91610861
13948.875243 3.91610861
13948.879041 3.91610861
13948.882811 3.88175678
13948.886522 3.88175678
13948.890257 3.88175678
13948.893969 3.88175678
13948.897704 3.88175678
13948.901419 3.88175678
13948.905240 3.88175678
13948.908987 3.88175678
13948.912722 3.88175678
13948.916435 3.88175678
13948.920173 3.88175678
13948.923888 3.88175678
13948.927713 3.88175678
13948.931592 3.88175678
13948.935403 3.88175678
13948.939153 3.88175678
13948.942897 3.88175678
13948.946605 3.88175678
13948.950346 3.88175678
13948.954197 3.88175678
13948.957976 3.88175678
13948.961689 3.88175678
13948.965581 3.88175678
13948.969391 3.88175678
13948.973133 3.88175678
13948.976906 3.88175678
13948.980692 3.88175678
13948.984407 3.88175678
13948.988149 3.88175678
13948.991853 3.88175678
13948.995011 3.88175678
13948.998562 3.88175678
13949.002473 3.88175678
13949.006245 3.88175678
13949.009978 3.88175678
13949.013706 3.88175678
13949.017437 3.88175678
13949.021076 3.88175678
13949.024756 3.88175678
13949.028558 3.88175678
13949.032385 3.88175678
13949.036187 3.88175678
13949.039936 3.88175678
13949.043666 3.88175678
13949.047394 3.88175678
13949.051118 3.88175678
13949.054424 3.88175678
13949.058018 3.88175678
13949.061758 3.88175678
13949.065611 3.88175678
13949.069469 3.88175678
13949.073189 3.88175678
13949.077085 3.88175678
13949.080907 3.88175678
13949.084672 3.88175678
13949.088391 3.88175678
13949.092133 3.88175678
13949.095854 3.88175678
13949.099595 3.88175678
13949.103307 3.88175678
13949.107037 3.88175678
13949.110736 3.88175678
13949.114480 3.88175678
13949.118185 3.88175678
13949.121924 3.88175678
13949.125631 3.88175678
13949.129494 3.88175678
13949.133394 3.88175678
13949.137232 3.88175678
13949.140956 3.88175678
13949.144696 3.88175678
13949.148400 3.88175678
13949.152201 3.88175678
13949.155959 3.80541945
13949.159708 3.80541945
13949.163415 3.80541945
13949.167305 3.80541945
13949.171110 3.80541945
13949.174858 3.80541945
13949.178651 3.80541945
13949.182423 3.80541945
13949.186133 3.80541945
13949.189873 3.80541945
13949.193582 3.80541945
13949.197322 3.80541945
13949.201029 3.80541945
13949.204901 3.80541945
13949.208647 3.80541945
13949.212392 3.80541945
13949.216100 3.80541945
13949.219840 3.80541945
13949.223548 3.80541945
13949.227372 3.80541945
13949.231113 3.80541945
13949.234977 3.80541945
13949.238833 3.80541945
13949.242605 3.80541945
13949.246314 3.80541945
13949.250054 3.80541945
13949.253856 3.80541945
13949.257624 3.80541945
13949.261336 3.80541945
13949.265074 3.80541945
13949.268943 3.80541945
13949.272773 3.80541945
13949.276485 3.80541945
13949.280408 3.80541945
13949.284132 3.80541945
13949.287864 3.80541945
13949.291577 3.80541945
13949.295303 3.80541945
13949.299024 3.80541945
13949.302841 3.80541945
13949.306600 3.80541945
13949.310632 3.80541945
13949.314398 3.80541945
13949.318100 3.80541945
13949.321793 3.80541945
13949.325510 3.80541945
13949.329312 3.80541945
13949.333063 3.80541945
13949.336754 3.80541945
13949.340643 3.80541945
13949.344454 3.80541945
13949.348187 3.80541945
13949.351951 3.80541945
13949.355712 3.80541945
13949.359420 3.80541945
13949.363130 3.80541945
13949.366823 3.80541945
13949.370685 3.80541945
13949.374487 3.80541945
13949.378287 3.80541945
13949.382019 3.80541945
13949.385732 3.80541945
13949.389432 3.80541945
13949.393145 3.80541945
13949.396845 3.80541945
13949.400562 3.80541945
13949.404337 3.80541945
13949.408090 3.80541945
13949.411787 3.80541945
13949.415495 3.80541945
13949.419194 3.80541945
13949.422907 3.80541945
13949.426608 3.80541945
13949.430481 5.01536703
13949.434216 5.01536703
13949.437923 5.01536703
13949.441707 5.01536703
13949.445520 5.01536703
13949.449241 5.01536703
13949.453043 5.01536703
13949.456777 5.01536703
13949.460483 5.01536703
13949.464189 5.01536703
13949.467898 5.01536703
13949.471749 5.01536703
13949.475553 5.01536703
13949.479339 5.01536703
13949.483078 5.01536703
13949.486782 5.01536703
13949.490488 5.01536703
13949.494190 5.01536703
13949.497901 5.01536703
13949.501604 5.01536703
13949.505394 5.01536703
13949.509130 5.01536703
13949.512758 5.01536703
13949.516446 5.01536703
13949.520155 5.01536703
13949.523852 5.01536703
13949.527650 5.01536703
13949.531380 5.01536703
13949.535093 5.01536703
13949.538792 5.01536703
13949.542650 5.01536703
13949.546452 5.01536703
13949.550187 5.01536703
13949.554026 5.01536703
13949.557772 5.01536703
13949.561479 5.01536703
13949.565192 5.01536703
13949.568894 5.01536703
13949.572756 5.01536703
13949.576562 5.01536703
13949.580439 5.01536703
13949.584186 5.01536703
13949.587898 5.01536703
13949.591598 5.01536703
13949.595311 5.01536703
13949.599013 5.01536703
13949.602809 5.01536703
13949.606540 5.01536703
13949.610253 5.01536703
13949.613947 5.01536703
13949.617664 5.01536703
13949.621366 5.01536703
13949.625082 5.01536703
13949.628869 5.01536703
13949.632501 5.01536703
13949.635560 5.01536703
13949.638438 5.01536703
13949.641295 5.01536703
13949.644161 5.01536703
13949.647131 5.01536703
13949.650013 5.01536703
13949.652934 5.01536703
13949.683514 5.01536703
13949.687171 5.01536703
13949.690879 5.01536703
13949.694582 5.01536703
13949.698299 5.01536703
13949.702053 5.58026409
13949.705812 5.58026409
13949.709519 5.58026409
13949.713239 5.58026409
13949.716934 5.58026409
13949.720646 5.58026409
13949.724340 5.58026409
13949.728175 5.58026409
13949.731912 5.58026409
13949.735620 5.58026409
13949.739316 5.58026409
13949.743035 5.58026409
13949.746867 5.58026409
13949.750741 5.58026409
13949.754571 5.58026409
13949.758310 5.58026409
13949.762017 5.58026409
13949.765722 5.58026409
13949.769427 5.58026409
13949.773287 5.58026409
13949.777159 5.58026409
13949.780909 5.58026409
13949.784627 5.58026409
13949.788335 5.58026409
13949.791941 5.58026409
13949.795637 5.58026409
13949.799336 5.58026409
13949.803177 5.58026409
13949.806921 5.58026409
13949.810632 5.58026409
13949.814334 5.58026409
13949.818042 5.58026409
13949.821745 5.58026409
13949.825459 5.58026409
13949.829241 5.58026409
13949.832985 5.58026409
13949.836690 5.58026409
13949.840402 5.58026409
13949.844104 5.58026409
13949.847817 5.58026409
13949.851681 5.58026409
13949.855569 5.58026409
13949.859323 5.58026409
13949.863034 5.58026409
13949.866742 5.58026409
13949.870448 5.58026409
13949.874301 5.58026409
13949.878278 5.58026409
13949.882038 5.58026409
13949.885741 5.58026409
13949.889452 5.58026409
13949.893153 5.58026409
13949.896865 5.58026409
13949.900567 5.58026409
13949.904380 5.58026409
13949.908121 5.58026409
13949.911835 5.58026409
13949.915525 5.58026409
13949.919237 5.58026409
13949.922858 5.58026409
13949.926555 5.58026409
13949.930334 5.58026409
13949.934077 5.58026409
13949.937780 5.58026409
13949.941490 5.58026409
13949.945197 5.58026409
13949.948906 5.58026409
13949.952740 0.0000
