13930.716498 0.0000
13930.719819 5.21384430
13930.723623 5.21384430
13930.727359 5.21384430
13930.731157 5.21384430
13930.734928 5.21384430
13930.738649 5.21384430
13930.742384 5.21384430
13930.746107 5.21384430
13930.749992 5.21384430
13930.753883 5.21384430
13930.757651 5.21384430
13930.761370 5.21384430
13930.765107 5.21384430
13930.768824 5.21384430
13930.772560 5.21384430
13930.776286 5.21384430
13930.780189 5.21384430
13930.783973 5.21384430
13930.787699 5.21384430
13930.791426 5.21384430
13930.795156 5.21384430
13930.798882 5.21384430
13930.802768 5.21384430
13930.806701 5.21384430
13930.810496 5.21384430
13930.814221 5.21384430
13930.817948 3.81305313
13930.821673 3.81305313
13930.825404 3.81305313
13930.829204 3.81305313
13930.832977 3.81305313
13930.836705 3.81305313
13930.840431 3.81305313
13930.844160 3.81305313
13930.847890 3.81305313
13930.851775 3.81305313
13930.855714 3.81305313
13930.859482 3.81305313
13930.863216 3.81305313
13930.866946 3.81305313
13930.870676 3.81305313
13930.874402 3.81305313
13930.878194 3.81305313
13930.881967 3.81305313
13930.885702 3.81305313
13930.889431 3.81305313
13930.893157 3.81305313
13930.896884 3.81305313
13930.900612 3.81305313
13930.904416 3.81305313
13930.908334 3.81305313
13930.912161 3.81305313
13930.915913 3.81305313
13930.919645 3.81305313
13930.923370 3.81305313
13930.927105 3.81305313
13930.930978 3.81305313
13930.934757 3.81305313
13930.938479 3.81305313
13930.942210 3.81305313
13930.945932 3.81305313
13930.949668 3.81305313
13930.953559 3.81305313
13930.957379 3.81305313
13930.961102 3.81305313
13930.964831 3.81305313
13930.968556 3.81305313
13930.972288 3.81305313
13930.976011 3.81305313
13930.979853 3.81305313
13930.983624 3.81305313
13930.987362 3.81305313
13930.991088 3.81305313
13930.994817 3.81305313
13930.998541 3.81305313
13931.002273 3.81305313
13931.006076 3.81305313
13931.010001 3.81305313
13931.013832 3.81305313
13931.017590 3.81305313
13931.021323 3.81305313
13931.025055 3.81305313
13931.028871 3.81305313
13931.032639 3.81305313
13931.036376 3.81305313
13931.040023 3.81305313
13931.043953 3.81305313
13931.047735 3.81305313
13931.051442 3.81305313
13931.055362 3.81305313
13931.059207 3.81305313
13931.062913 3.81305313
13931.066633 3.81305313
13931.070343 3.81305313
13931.074065 3.81305313
13931.077778 3.81305313
13931.081682 3.81305313
13931.085448 3.81305313
13931.089177 3.81305313
13931.092884 4.47337151
13931.096606 4.47337151
13931.100312 4.47337151
13931.104102 4.47337151
13931.107847 4.47337151
13931.111719 4.47337151
13931.115521 4.47337151
13931.119263 4.47337151
13931.122970 4.47337151
13931.126683 4.47337151
13931.130468 4.47337151
13931.134220 4.47337151
13931.137928 4.47337151
13931.141640 4.47337151
13931.145346 4.47337151
13931.149059 4.47337151
13931.152768 4.47337151
13931.156681 4.47337151
13931.160507 4.47337151
13931.164220 4.47337151
13931.167929 4.47337151
13931.171546 4.47337151
13931.175247 4.47337151
13931.179035 4.47337151
13931.182686 4.47337151
13931.186387 4.47337151
13931.190108 4.47337151
13931.193809 4.47337151
13931.197528 4.47337151
13931.201229 4.47337151
13931.205073 4.47337151
13931.208815 4.47337151
13931.212608 4.47337151
13931.216406 4.47337151
13931.220156 4.47337151
13931.223854 4.47337151
13931.227575 4.47337151
13931.231424 4.47337151
13931.235194 4.47337151
13931.238894 4.47337151
13931.242612 4.47337151
13931.246313 4.47337151
13931.250031 4.47337151
13931.253809 4.47337151
13931.257714 4.47337151
13931.261510 4.47337151
13931.265228 4.47337151
13931.268928 4.47337151
13931.272551 4.47337151
13931.276234 4.47337151
13931.280034 4.47337151
13931.283766 4.47337151
13931.287492 4.47337151
13931.291195 4.47337151
13931.294915 4.47337151
13931.298613 4.47337151
13931.302334 4.47337151
13931.306106 4.47337151
13931.309863 4.47337151
13931.313562 4.47337151
13931.317448 4.47337151
13931.321269 4.47337151
13931.325016 4.47337151
13931.328852 4.47337151
13931.332608 4.47337151
13931.336316 4.47337151
13931.340056 4.47337151
13931.343766 4.47337151
13931.347483 4.47337151
13931.351187 4.47337151
13931.354978 4.47337151
13931.358866 4.47337151
13931.362671 4.47337151
13931.366374 4.93139601
13931.370090 4.93139601
13931.373794 4.93139601
13931.377512 4.93139601
13931.381376 4.93139601
13931.385148 4.93139601
13931.388853 4.93139601
13931.392481 4.93139601
13931.396166 4.93139601
13931.399890 4.93139601
13931.403663 4.93139601
13931.407423 4.93139601
13931.411120 4.93139601
13931.414263 4.93139601
13931.417989 4.93139601
13931.421833 4.93139601
13931.425574 4.93139601
13931.429364 4.93139601
13931.433110 4.93139601
13931.436817 4.93139601
13931.440527 4.93139601
13931.444232 4.93139601
13931.447944 4.93139601
13931.451565 4.93139601
13931.455385 4.93139601
13931.459299 4.93139601
13931.463102 4.93139601
13931.466821 4.93139601
13931.470516 4.93139601
13931.474241 4.93139601
13931.477998 4.93139601
13931.481764 4.93139601
13931.485475 4.93139601
13931.489195 4.93139601
13931.492898 4.93139601
13931.496620 4.93139601
13931.500322 4.93139601
13931.504120 4.93139601
13931.507863 4.93139601
13931.511577 4.93139601
13931.515272 4.93139601
13931.518990 4.93139601
13931.522847 4.93139601
13931.526679 4.93139601
13931.530565 4.93139601
13931.534319 4.93139601
13931.538031 4.93139601
13931.541739 4.93139601
13931.545449 4.93139601
13931.549158 4.93139601
13931.552927 4.93139601
13931.556675 4.93139601
13931.560553 4.93139601
13931.564356 4.93139601
13931.568069 4.93139601
13931.571779 4.93139601
13931.575492 4.93139601
13931.579377 4.93139601
13931.583154 4.93139601
13931.586869 4.93139601
13931.590579 4.93139601
13931.594287 4.93139601
13931.598000 4.93139601
13931.601707 4.93139601
13931.605497 4.93139601
13931.609239 4.93139601
13931.612950 4.93139601
13931.616658 4.93139601
13931.620375 4.93139601
13931.624239 4.93139601
13931.628137 4.93139601
13931.631918 4.93139601
13931.635049 4.93139601
13931.638561 3.52678800
13931.642295 3.52678800
13931.645986 3.52678800
13931.649718 3.52678800
13931.653477 3.52678800
13931.657247 3.52678800
13931.661083 3.52678800
13931.664914 3.52678800
13931.668601 3.52678800
13931.672329 3.52678800
13931.676009 3.52678800
13931.679932 3.52678800
13931.683687 3.52678800
13931.687414 3.52678800
13931.691030 3.52678800
13931.694711 3.52678800
13931.698440 3.52678800
13931.702161 3.52678800
13931.705939 3.52678800
13931.709697 3.52678800
13931.713396 3.52678800
13931.717114 3.52678800
13931.720816 3.52678800
13931.724663 3.52678800
13931.728570 3.52678800
13931.732353 3.52678800
13931.736056 3.52678800
13931.739777 3.52678800
13931.743481 3.52678800
13931.747202 3.52678800
13931.750898 3.52678800
13931.754700 3.52678800
13931.758439 3.52678800
13931.762308 3.52678800
13931.766112 3.52678800
13931.769829 3.52678800
13931.773529 3.52678800
13931.777250 3.52678800
13931.781078 3.52678800
13931.784840 3.52678800
13931.788544 3.52678800
13931.792267 3.52678800
13931.795961 3.52678800
13931.799688 3.52678800
13931.803469 3.52678800
13931.807223 3.52678800
13931.810915 3.52678800
13931.814641 3.52678800
13931.818341 3.52678800
13931.822064 3.52678800
13931.825765 3.52678800
13931.829747 3.52678800
13931.833608 3.52678800
13931.837352 3.52678800
13931.841053 3.52678800
13931.844771 3.52678800
13931.848471 3.52678800
13931.852189 3.52678800
13931.855956 3.52678800
13931.859715 3.52678800
13931.863567 3.52678800
13931.867385 3.52678800
13931.871086 3.52678800
13931.874805 3.52678800
13931.878584 3.52678800
13931.882343 3.52678800
13931.886044 3.52678800
13931.889768 3.52678800
13931.893465 3.52678800
13931.897184 3.52678800
13931.900887 3.52678800
13931.904711 3.52678800
13931.908454 3.52678800
13931.912086 3.52678800
13931.915779 3.55350590
13931.919499 3.55350590
13931.923201 3.55350590
13931.926924 3.55350590
13931.930823 3.55350590
13931.934679 3.55350590
13931.938410 3.55350590
13931.942124 3.55350590
13931.945836 3.55350590
13931.949550 3.55350590
13931.953329 3.55350590
13931.957091 3.55350590
13931.960809 3.55350590
13931.964657 3.55350590
13931.968470 3.55350590
13931.972176 3.55350590
13931.975882 3.55350590
13931.979761 3.55350590
13931.983521 3.55350590
13931.987230 3.55350590
13931.990934 3.55350590
13931.994642 3.55350590
13931.998353 3.55350590
13932.001983 3.55350590
13932.005759 3.55350590
13932.009526 3.55350590
13932.013227 3.55350590
13932.016951 3.55350590
13932.020655 3.55350590
13932.024380 3.55350590
13932.028148 3.55350590
13932.031921 3.55350590
13932.035787 3.55350590
13932.039630 3.55350590
13932.043369 3.55350590
13932.047087 3.55350590
13932.050796 3.55350590
13932.054053 3.55350590
13932.057612 3.55350590
13932.061360 3.55350590
13932.065209 3.55350590
13932.069039 3.55350590
13932.072733 3.55350590
13932.076462 3.55350590
13932.080235 3.55350590
13932.084005 3.55350590
13932.087702 3.55350590
13932.091434 3.55350590
13932.095132 3.55350590
13932.098866 3.55350590
13932.102563 3.55350590
13932.106378 3.55350590
13932.110101 3.55350590
13932.113831 3.55350590
13932.117516 3.55350590
13932.121246 3.55350590
13932.124933 3.55350590
13932.128744 3.55350590
13932.132465 3.55350590
13932.136354 3.55350590
13932.140148 3.55350590
13932.143898 3.55350590
13932.147587 3.55350590
13932.151317 3.55350590
13932.155201 3.55350590
13932.158957 3.55350590
13932.162649 3.55350590
13932.166526 3.55350590
13932.170354 3.55350590
13932.174120 3.55350590
13932.177810 3.55350590
13932.181617 3.55350590
13932.185343 3.55350590
13932.189070 3.53442168
13932.192763 3.53442168
13932.196492 3.53442168
13932.200183 3.53442168
13932.203988 3.53442168
13932.207624 3.53442168
13932.211326 3.53442168
13932.215244 3.53442168
13932.219055 3.53442168
13932.222758 3.53442168
13932.226489 3.53442168
13932.230251 3.53442168
13932.234021 3.53442168
13932.237873 3.53442168
13932.241722 3.53442168
13932.245445 3.53442168
13932.249160 3.53442168
13932.252920 3.53442168
13932.256688 3.53442168
13932.260405 3.53442168
13932.264123 3.53442168
13932.267977 3.53442168
13932.271794 3.53442168
13932.275494 3.53442168
13932.279408 3.53442168
13932.283174 3.53442168
13932.286888 3.53442168
13932.290593 3.53442168
13932.294308 3.53442168
13932.298017 3.53442168
13932.301730 3.53442168
13932.305525 3.53442168
13932.309186 3.53442168
13932.312893 3.53442168
13932.316622 3.53442168
13932.320321 3.53442168
13932.324044 3.53442168
13932.327745 3.53442168
13932.331543 3.53442168
13932.335278 3.53442168
13932.338998 3.53442168
13932.342786 3.53442168
13932.346622 3.53442168
13932.350357 3.53442168
13932.354157 3.53442168
13932.357899 3.53442168
13932.361610 3.53442168
13932.365316 3.53442168
13932.369182 3.53442168
13932.372994 3.53442168
13932.376708 3.53442168
13932.380547 3.53442168
13932.384297 3.53442168
13932.388010 3.53442168
13932.391721 3.53442168
13932.395428 3.53442168
13932.399139 3.53442168
13932.402904 3.53442168
13932.406657 3.53442168
13932.410372 3.53442168
13932.414086 3.53442168
13932.417797 3.53442168
13932.421510 3.53442168
13932.425220 3.53442168
13932.429049 3.53442168
13932.432800 3.53442168
13932.436513 3.53442168
13932.440219 3.53442168
13932.444091 3.53442168
13932.447919 3.53442168
13932.451664 3.53442168
13932.455451 3.53442168
13932.459204 3.53442168
13932.462902 3.51915407
13932.466621 3.51915407
13932.470461 3.51915407
13932.474278 3.51915407
13932.478043 3.51915407
13932.481806 3.51915407
13932.485512 3.51915407
13932.489234 3.51915407
13932.492935 3.51915407
13932.496654 3.51915407
13932.500355 3.51915407
13932.504206 3.51915407
13932.507942 3.51915407
13932.511664 3.51915407
13932.515363 3.51915407
13932.519081 3.51915407
13932.522782 3.51915407
13932.526500 3.51915407
13932.530280 3.51915407
13932.534030 3.51915407
13932.537736 3.51915407
13932.541456 3.51915407
13932.545317 3.51915407
13932.549159 3.51915407
13932.552961 3.51915407
13932.556718 3.51915407
13932.560432 3.51915407
13932.564143 3.51915407
13932.567853 3.51915407
13932.571714 3.51915407
13932.575526 3.51915407
13932.579409 3.51915407
13932.583167 3.51915407
13932.586873 3.51915407
13932.590588 3.51915407
13932.594295 3.51915407
13932.598005 3.51915407
13932.601713 3.51915407
13932.605506 3.51915407
13932.609251 3.51915407
13932.612964 3.51915407
13932.616592 3.51915407
13932.620290 3.51915407
13932.624009 3.51915407
13932.627709 3.51915407
13932.631543 3.51915407
13932.635268 3.51915407
13932.638988 3.51915407
13932.643034 3.51915407
13932.646899 3.51915407
13932.650747 3.51915407
13932.654584 3.51915407
13932.658324 3.51915407
13932.662039 3.51915407
13932.665738 3.51915407
13932.669454 3.51915407
13932.673295 3.51915407
13932.677109 3.51915407
13932.680889 3.51915407
13932.684642 3.51915407
13932.688342 3.51915407
13932.692062 3.51915407
13932.695765 3.51915407
13932.699488 3.51915407
13932.703253 3.51915407
13932.707018 3.51915407
13932.710718 3.51915407
13932.714443 3.51915407
13932.718137 3.51915407
13932.721862 3.51915407
13932.725564 3.51915407
13932.729429 3.51915407
13932.733173 3.53823853
13932.736896 3.53823853
13932.740597 3.53823853
13932.744321 3.53823853
13932.748025 3.53823853
13932.751816 3.53823853
13932.755781 3.53823853
13932.759563 3.53823853
13932.763267 3.53823853
13932.766987 3.53823853
13932.770683 3.53823853
13932.774558 3.53823853
13932.778426 3.53823853
13932.782182 3.53823853
13932.785883 3.53823853
13932.789602 3.53823853
13932.793299 3.53823853
13932.797021 3.53823853
13932.800720 3.53823853
13932.804519 3.53823853
13932.808262 3.53823853
13932.811984 3.53823853
13932.815683 3.53823853
13932.819396 3.53823853
13932.823098 3.53823853
13932.826820 3.53823853
13932.830596 3.53823853
13932.834357 3.53823853
13932.838057 3.53823853
13932.841781 3.53823853
13932.845480 3.53823853
13932.849201 3.53823853
13932.853096 3.53823853
13932.856963 3.53823853
13932.860701 3.53823853
13932.864411 3.53823853
13932.868123 3.53823853
13932.871831 3.53823853
13932.875684 3.53823853
13932.879675 3.53823853
13932.883428 3.53823853
13932.887154 3.53823853
13932.890855 3.53823853
13932.894576 3.53823853
13932.898277 3.53823853
13932.902001 3.53823853
13932.905785 3.53823853
13932.909541 3.53823853
13932.913242 3.53823853
13932.916962 3.53823853
13932.920665 3.53823853
13932.924297 3.53823853
13932.928051 3.53823853
13932.931812 3.53823853
13932.935531 3.53823853
13932.939265 3.53823853
13932.942972 3.53823853
13932.946689 3.53823853
13932.950395 3.53823853
13932.954316 3.53823853
13932.958148 3.53823853
13932.961888 3.53823853
13932.965595 3.53823853
13932.969314 3.53823853
13932.973021 3.53823853
13932.976890 3.53823853
13932.980829 3.53823853
13932.984580 3.53823853
13932.988290 3.53823853
13932.992010 3.53823853
13932.995716 3.53823853
13932.999430 3.53823853
13933.003199 3.53823853
13933.006964 5.52301073
13933.010678 5.52301073
13933.014398 5.52301073
13933.018102 5.52301073
13933.021825 5.52301073
13933.025529 5.52301073
13933.029371 5.52301073
13933.033120 5.52301073
13933.036840 5.52301073
13933.040545 5.52301073
13933.044268 5.52301073
13933.047975 5.52301073
13933.051700 5.52301073
13933.055488 5.52301073
13933.059401 5.52301073
13933.063212 5.52301073
13933.066961 5.52301073
13933.070667 5.52301073
13933.074392 5.52301073
13933.078284 5.52301073
13933.082130 5.52301073
13933.085854 5.52301073
13933.089574 5.52301073
13933.093282 5.52301073
13933.097003 5.52301073
13933.100710 5.52301073
13933.104554 5.52301073
13933.108294 5.52301073
13933.112009 5.52301073
13933.115711 5.52301073
13933.119428 5.52301073
13933.123131 5.52301073
13933.126847 5.52301073
13933.130625 5.52301073
13933.134381 5.52301073
13933.138083 5.52301073
13933.141800 5.52301073
13933.145501 5.52301073
13933.149213 5.52301073
13933.152979 5.52301073
13933.156743 5.52301073
13933.160612 5.52301073
13933.164444 5.52301073
13933.168179 5.52301073
13933.171884 5.52301073
13933.175592 5.52301073
13933.179606 5.52301073
13933.183440 5.52301073
13933.187138 5.52301073
13933.190839 5.52301073
13933.194544 5.52301073
13933.198250 5.52301073
13933.201949 5.52301073
13933.205737 5.52301073
13933.209473 5.52301073
13933.213180 5.52301073
13933.216874 5.52301073
13933.220581 5.52301073
13933.224282 5.52301073
13933.228052 5.52301073
13933.231709 5.52301073
13933.235433 5.52301073
13933.239144 5.52301073
13933.242846 5.52301073
13933.246553 5.52301073
13933.250244 5.52301073
13933.254059 5.52301073
13933.257794 5.52301073
13933.261681 5.52301073
13933.265512 5.52301073
13933.269240 5.52301073
13933.272941 5.52301073
13933.276647 5.52301073
13933.280554 5.55736256
13933.284370 5.55736256
13933.288071 5.55736256
13933.291778 5.55736256
13933.295477 5.55736256
13933.299182 5.55736256
13933.303279 5.55736256
13933.307013 5.55736256
13933.310742 5.55736256
13933.314439 5.55736256
13933.318727 5.55736256
13933.322168 5.55736256
13933.325668 5.55736256
13933.329286 5.55736256
13933.332416 5.55736256
13933.336006 5.55736256
13933.339157 5.55736256
13933.342152 5.55736256
13933.345076 5.55736256
13933.348028 5.55736256
13933.351667 5.55736256
13933.355387 5.55736256
13933.358357 5.55736256
13933.376757 5.55736256
13933.380155 5.55736256
13933.383883 5.55736256
13933.387727 5.55736256
13933.391440 5.55736256
13933.395178 5.55736256
13933.398888 5.55736256
13933.402628 5.55736256
13933.406415 5.55736256
13933.410192 5.55736256
13933.413903 5.55736256
13933.417642 5.55736256
13933.421353 5.55736256
13933.425093 5.55736256
13933.428885 0.0000
