13922.403826 0.0000
13922.406526 4.40848494
13922.409421 4.40848494
13922.412282 4.40848494
13922.415142 4.40848494
13922.442602 4.40848494
13922.446409 4.40848494
13922.450216 4.40848494
13922.453981 4.40848494
13922.457748 4.40848494
13922.461464 4.40848494
13922.465185 4.40848494
13922.468892 4.40848494
13922.472612 4.40848494
13922.476313 4.40848494
13922.480194 4.40848494
13922.483945 4.40848494
13922.487666 4.40848494
13922.491375 4.40848494
13922.495097 4.40848494
13922.498722 4.40848494
13922.502452 4.40848494
13922.506249 4.40848494
13922.510139 4.40848494
13922.513981 4.40848494
13922.517722 4.40848494
13922.521431 4.40848494
13922.525151 4.40848494
13922.528920 4.40848494
13922.532692 4.40848494
13922.536414 4.40848494
13922.540132 4.40848494
13922.543840 4.40848494
13922.547708 4.40848494
13922.551520 4.40848494
13922.555326 4.40848494
13922.559065 4.40848494
13922.562783 4.40848494
13922.566494 4.40848494
13922.570216 4.40848494
13922.573926 4.40848494
13922.577640 4.40848494
13922.581496 4.40848494
13922.585245 4.40848494
13922.588956 4.40848494
13922.592674 4.40848494
13922.596383 4.40848494
13922.600099 4.40848494
13922.603866 4.40848494
13922.607637 4.89322758
13922.611502 4.89322758
13922.615350 4.89322758
13922.619083 4.89322758
13922.622794 4.89322758
13922.626511 4.89322758
13922.630426 4.89322758
13922.634545 4.89322758
13922.638275 4.89322758
13922.641991 4.89322758
13922.645695 4.89322758
13922.649566 4.89322758
13922.653367 4.89322758
13922.657174 4.89322758
13922.660905 4.89322758
13922.664627 4.89322758
13922.668334 4.89322758
13922.672050 4.89322758
13922.675752 4.89322758
13922.679559 4.89322758
13922.683292 4.89322758
13922.687009 4.89322758
13922.690711 4.89322758
13922.694434 4.89322758
13922.698143 4.89322758
13922.701866 4.89322758
13922.705679 4.89322758
13922.709432 4.89322758
13922.713145 4.89322758
13922.717024 4.89322758
13922.720836 4.89322758
13922.724576 4.89322758
13922.728286 4.89322758
13922.732097 4.89322758
13922.735832 4.89322758
13922.739551 4.89322758
13922.743264 4.89322758
13922.746981 4.89322758
13922.750839 4.89322758
13922.754737 4.89322758
13922.758467 4.89322758
13922.762185 4.89322758
13922.765893 4.89322758
13922.769612 4.89322758
13922.773322 4.89322758
13922.777036 4.89322758
13922.780896 4.89322758
13922.784645 4.89322758
13922.788363 4.89322758
13922.792080 4.89322758
13922.795788 4.89322758
13922.799506 4.89322758
13922.803216 4.89322758
13922.807019 4.89322758
13922.810757 4.89322758
13922.814477 4.89322758
13922.818343 4.89322758
13922.822182 4.89322758
13922.825918 4.89322758
13922.829728 4.89322758
13922.833469 4.89322758
13922.837182 4.89322758
13922.840898 4.89322758
13922.844611 4.89322758
13922.848324 4.89322758
13922.852187 4.89322758
13922.856125 4.89322758
13922.859867 4.89322758
13922.863584 4.89322758
13922.867294 4.89322758
13922.871007 4.89322758
13922.874721 4.89322758
13922.878493 4.89322758
13922.882258 6.25203323
13922.885979 6.25203323
13922.889692 6.25203323
13922.893411 6.25203323
13922.897119 6.25203323
13922.900831 6.25203323
13922.904634 6.25203323
13922.908376 6.25203323
13922.912089 6.25203323
13922.915804 6.25203323
13922.919680 6.25203323
13922.923523 6.25203323
13922.927267 6.25203323
13922.931164 6.25203323
13922.934930 6.25203323
13922.938641 6.25203323
13922.942357 6.25203323
13922.946068 6.25203323
13922.949778 6.25203323
13922.953673 6.25203323
13922.957524 6.25203323
13922.961238 6.25203323
13922.964956 6.25203323
13922.968667 6.25203323
13922.972380 6.25203323
13922.976089 6.25203323
13922.979921 6.25203323
13922.983663 6.25203323
13922.987381 6.25203323
13922.991012 6.25203323
13922.994729 6.25203323
13922.998446 6.25203323
13923.002160 6.25203323
13923.005965 6.25203323
13923.009708 6.25203323
13923.013430 6.25203323
13923.017143 6.25203323
13923.021023 6.25203323
13923.024871 6.25203323
13923.028687 6.25203323
13923.032458 6.25203323
13923.036186 6.25203323
13923.039903 6.25203323
13923.043623 6.25203323
13923.047337 6.25203323
13923.051056 6.25203323
13923.054990 6.25203323
13923.058822 6.25203323
13923.062540 6.25203323
13923.066264 6.25203323
13923.069902 6.25203323
13923.073928 6.25203323
13923.077733 6.25203323
13923.081616 6.25203323
13923.085387 6.25203323
13923.089116 6.25203323
13923.092744 6.25203323
13923.096460 6.25203323
13923.100190 6.25203323
13923.103992 6.25203323
13923.107740 6.25203323
13923.111450 6.25203323
13923.115175 6.25203323
13923.118887 6.25203323
13923.122613 6.25203323
13923.126411 6.25203323
13923.130302 6.25203323
13923.134097 6.25203323
13923.137805 6.25203323
13923.141528 6.25203323
13923.145241 6.25203323
13923.148968 6.25203323
13923.152682 6.25203323
13923.156613 3.83213758
13923.160442 3.83213758
13923.164169 3.83213758
13923.167878 3.83213758
13923.171601 3.83213758
13923.175314 3.83213758
13923.179126 3.83213758
13923.182864 3.83213758
13923.186587 3.83213758
13923.190295 3.83213758
13923.194018 3.83213758
13923.197732 3.83213758
13923.201456 3.83213758
13923.205325 3.83213758
13923.209085 3.83213758
13923.212802 3.83213758
13923.216524 3.83213758
13923.220235 3.83213758
13923.223964 3.83213758
13923.227839 3.83213758
13923.231857 3.83213758
13923.235644 3.83213758
13923.239358 3.83213758
13923.243080 3.83213758
13923.246792 3.83213758
13923.250517 3.83213758
13923.254322 3.83213758
13923.258217 3.83213758
13923.262019 3.83213758
13923.265744 3.83213758
13923.269459 3.83213758
13923.273180 3.83213758
13923.276894 3.83213758
13923.280707 3.83213758
13923.284446 3.83213758
13923.288169 3.83213758
13923.291887 3.83213758
13923.296277 3.83213758
13923.299461 3.83213758
13923.302942 3.83213758
13923.306801 3.83213758
13923.310558 3.83213758
13923.314305 3.83213758
13923.318036 3.83213758
13923.321778 3.83213758
13923.325507 3.83213758
13923.329478 3.83213758
13923.333319 3.83213758
13923.337111 3.83213758
13923.340851 3.83213758
13923.344592 3.83213758
13923.348322 3.83213758
13923.351995 3.83213758
13923.355762 3.83213758
13923.359676 3.83213758
13923.363503 3.83213758
13923.367248 3.83213758
13923.370966 3.83213758
13923.374124 3.83213758
13923.377675 3.83213758
13923.381572 3.83213758
13923.385341 3.83213758
13923.389099 3.83213758
13923.392826 3.83213758
13923.396580 3.83213758
13923.400215 3.83213758
13923.404000 3.83213758
13923.407766 3.83213758
13923.411516 3.83213758
13923.415246 3.83213758
13923.418995 3.83213758
13923.422733 3.83213758
13923.426477 3.83213758
13923.430412 3.90847492
13923.434285 3.90847492
13923.438035 3.90847492
13923.441785 3.90847492
13923.445520 3.90847492
13923.449267 3.90847492
13923.452998 3.90847492
13923.456901 3.90847492
13923.460797 3.90847492
13923.464645 3.90847492
13923.468376 3.90847492
13923.472028 3.90847492
13923.475712 3.90847492
13923.479554 3.90847492
13923.483313 3.90847492
13923.487064 3.90847492
13923.490792 3.90847492
13923.493948 3.90847492
13923.497495 3.90847492
13923.501246 3.90847492
13923.505060 3.90847492
13923.508838 3.90847492
13923.512563 3.90847492
13923.516312 3.90847492
13923.519954 3.90847492
13923.523660 3.90847492
13923.527395 3.90847492
13923.531232 3.90847492
13923.535121 3.90847492
13923.538944 3.90847492
13923.542691 3.90847492
13923.546444 3.90847492
13923.550167 3.90847492
13923.554093 3.90847492
13923.557850 3.90847492
13923.561736 3.90847492
13923.565571 3.90847492
13923.569308 3.90847492
13923.573046 3.90847492
13923.576785 3.90847492
13923.580632 3.90847492
13923.584398 3.90847492
13923.588135 3.90847492
13923.591874 3.90847492
13923.595611 3.90847492
13923.599347 3.90847492
13923.603088 3.90847492
13923.606909 3.90847492
13923.610672 3.90847492
13923.614408 3.90847492
13923.618142 3.90847492
13923.621879 3.90847492
13923.625617 3.90847492
13923.629446 3.90847492
13923.633578 3.90847492
13923.637480 3.90847492
13923.641331 3.90847492
13923.645093 3.90847492
13923.648831 3.90847492
13923.652563 3.90847492
13923.655777 3.90847492
13923.659394 3.90847492
13923.663303 3.90847492
13923.667139 3.90847492
13923.670881 3.90847492
13923.674613 3.90847492
13923.678364 3.90847492
13923.682252 3.90847492
13923.686042 3.90847492
13923.689767 3.90847492
13923.693695 3.90847492
13923.697524 3.90847492
13923.701275 3.90847492
13923.705091 3.90084124
13923.708864 3.90084124
13923.712583 3.90084124
13923.715765 3.90084124
13923.719320 3.90084124
13923.723061 3.90084124
13923.726793 3.90084124
13923.730640 3.90084124
13923.734391 3.90084124
13923.738270 3.90084124
13923.742143 3.90084124
13923.745927 3.90084124
13923.749656 3.90084124
13923.753470 3.90084124
13923.757250 3.90084124
13923.761012 3.90084124
13923.764905 3.90084124
13923.768748 3.90084124
13923.772476 3.90084124
13923.776231 3.90084124
13923.780046 3.90084124
13923.783827 3.90084124
13923.787561 3.90084124
13923.791308 3.90084124
13923.795037 3.90084124
13923.798791 3.90084124
13923.802514 3.90084124
13923.806412 3.90084124
13923.810085 3.90084124
13923.813779 3.90084124
13923.817510 3.90084124
13923.821262 3.90084124
13923.824987 3.90084124
13923.828793 3.90084124
13923.832466 3.90084124
13923.836179 3.90084124
13923.840045 3.90084124
13923.843940 3.90084124
13923.847705 3.90084124
13923.851452 3.90084124
13923.855368 3.90084124
13923.859159 3.90084124
13923.862893 3.90084124
13923.866796 3.90084124
13923.870622 3.90084124
13923.873788 3.90084124
13923.877356 3.90084124
13923.881189 3.90084124
13923.884941 3.90084124
13923.888685 3.90084124
13923.892324 3.90084124
13923.896021 3.90084124
13923.899743 3.90084124
13923.903549 3.90084124
13923.907324 3.90084124
13923.911073 3.90084124
13923.914804 3.90084124
13923.918553 3.90084124
13923.922279 3.90084124
13923.926028 3.90084124
13923.929842 3.90084124
13923.933619 3.90084124
13923.937344 3.90084124
13923.941094 3.90084124
13923.944963 3.90084124
13923.948788 3.90084124
13923.952531 3.90084124
13923.956426 3.90084124
13923.960182 3.90084124
13923.963931 3.90084124
13923.967809 3.90084124
13923.971652 3.90084124
13923.975372 3.83213758
13923.979213 3.83213758
13923.982970 3.83213758
13923.986718 3.83213758
13923.990437 3.83213758
13923.994191 3.83213758
13923.997912 3.83213758
13924.001662 3.83213758
13924.005482 3.83213758
13924.009259 3.83213758
13924.012987 3.83213758
13924.016740 3.83213758
13924.020471 3.83213758
13924.024219 3.83213758
13924.027957 3.83213758
13924.031829 3.83213758
13924.035602 3.83213758
13924.039357 3.83213758
13924.043090 3.83213758
13924.046980 3.83213758
13924.050765 3.83213758
13924.054626 3.83213758
13924.058387 3.83213758
13924.062141 3.83213758
13924.065876 3.83213758
13924.069760 3.83213758
13924.073565 3.83213758
13924.077312 3.83213758
13924.081139 3.83213758
13924.084920 3.83213758
13924.088658 3.83213758
13924.092317 3.83213758
13924.096003 3.83213758
13924.099745 3.83213758
13924.103570 3.83213758
13924.107395 3.83213758
13924.111131 3.83213758
13924.114797 3.83213758
13924.118710 3.83213758
13924.122517 3.83213758
13924.126221 3.83213758
13924.130042 3.83213758
13924.133773 3.83213758
13924.137506 3.83213758
13924.141213 3.83213758
13924.144944 3.83213758
13924.148808 3.83213758
13924.152667 3.83213758
13924.156495 3.83213758
13924.160246 3.83213758
13924.163962 3.83213758
13924.167731 3.83213758
13924.171637 3.83213758
13924.175457 3.83213758
13924.179357 3.83213758
13924.183135 3.83213758
13924.186839 3.83213758
13924.190569 3.83213758
13924.194269 3.83213758
13924.198003 3.83213758
13924.201703 3.83213758
13924.205549 3.83213758
13924.209284 3.83213758
13924.213021 3.83213758
13924.216723 3.83213758
13924.220456 3.83213758
13924.224149 3.83213758
13924.227886 3.83213758
13924.231674 3.83213758
13924.235436 3.83213758
13924.239138 3.83213758
13924.242873 3.83213758
13924.246574 3.83213758
13924.250476 4.43138599
13924.254391 4.43138599
13924.258167 4.43138599
13924.261869 4.43138599
13924.265603 4.43138599
13924.269306 4.43138599
13924.273187 4.43138599
13924.276998 4.43138599
13924.280813 4.43138599
13924.284548 4.43138599
13924.288289 4.43138599
13924.292348 4.43138599
13924.296097 4.43138599
13924.299827 4.43138599
13924.303601 4.43138599
13924.307380 4.43138599
13924.311104 4.43138599
13924.314824 4.43138599
13924.318537 4.43138599
13924.322164 4.43138599
13924.325873 4.43138599
13924.329746 4.43138599
13924.333518 4.43138599
13924.337238 4.43138599
13924.340959 4.43138599
13924.344676 4.43138599
13924.348397 4.43138599
13924.352245 4.43138599
13924.356181 4.43138599
13924.359950 4.43138599
13924.363670 4.43138599
13924.367389 4.43138599
13924.371110 4.43138599
13924.374971 4.43138599
13924.378854 4.43138599
13924.382606 4.43138599
13924.386345 4.43138599
13924.390052 4.43138599
13924.393785 4.43138599
13924.397491 4.43138599
13924.401227 4.43138599
13924.405017 4.43138599
13924.408775 4.43138599
13924.412477 4.43138599
13924.416199 4.43138599
13924.419906 4.43138599
13924.423642 4.43138599
13924.427346 4.43138599
13924.431256 4.43138599
13924.434994 4.43138599
13924.438733 4.43138599
13924.442439 4.43138599
13924.446174 4.43138599
13924.449878 4.43138599
13924.453668 4.43138599
13924.457573 4.43138599
13924.461430 4.43138599
13924.465171 4.43138599
13924.468893 4.43138599
13924.472609 4.43138599
13924.476485 4.43138599
13924.480499 4.43138599
13924.484277 4.43138599
13924.487971 4.43138599
13924.491713 4.43138599
13924.495409 4.43138599
13924.499149 4.43138599
13924.502849 4.43138599
13924.506680 4.43138599
13924.510403 4.43138599
13924.514146 4.43138599
13924.517842 4.43138599
13924.521583 4.43138599
13924.525274 5.56881332
13924.529111 5.56881332
13924.532836 5.56881332
13924.536578 5.56881332
13924.540274 5.56881332
13924.544018 5.56881332
13924.547637 5.56881332
13924.551368 5.56881332
13924.555167 5.56881332
13924.559076 5.56881332
13924.562899 5.56881332
13924.566656 5.56881332
13924.570355 5.56881332
13924.574098 5.56881332
13924.577955 5.56881332
13924.581922 5.56881332
13924.585653 5.56881332
13924.589393 5.56881332
13924.593097 5.56881332
13924.596833 5.56881332
13924.600532 5.56881332
13924.604362 5.56881332
13924.608092 5.56881332
13924.611827 5.56881332
13924.615522 5.56881332
13924.619258 5.56881332
13924.622960 5.56881332
13924.626698 5.56881332
13924.630477 5.56881332
13924.634244 5.56881332
13924.637947 5.56881332
13924.641683 5.56881332
13924.645385 5.56881332
13924.649125 5.56881332
13924.652828 5.56881332
13924.656692 5.56881332
13924.660585 5.56881332
13924.664440 5.56881332
13924.668172 5.56881332
13924.671907 5.56881332
13924.675616 5.56881332
13924.679564 5.56881332
13924.683382 5.56881332
13924.687108 5.56881332
13924.690816 5.56881332
13924.694549 5.56881332
13924.698254 5.56881332
13924.701984 5.56881332
13924.705785 5.56881332
13924.709542 5.56881332
13924.713248 5.56881332
13924.716983 5.56881332
13924.720692 5.56881332
13924.724422 5.56881332
13924.728135 5.56881332
13924.731905 5.56881332
13924.735652 5.56881332
13924.739402 5.56881332
13924.743105 5.56881332
13924.746843 5.56881332
13924.750548 5.56881332
13924.754372 5.56881332
13924.758103 5.56881332
13924.762004 5.56881332
13924.765810 5.56881332
13924.769572 5.56881332
13924.773274 5.56881332
13924.777013 5.56881332
13924.780930 5.56881332
13924.784767 5.56881332
13924.788464 5.56881332
13924.792199 5.56881332
13924.795909 5.56881332
13924.799646 5.06880331
13924.803403 5.06880331
13924.807195 5.06880331
13924.810902 5.06880331
13924.814640 0.0000
