13955.912588 0.0000
13955.915906 5.03445148
13955.919616 5.03445148
13955.923324 5.03445148
13955.927129 5.03445148
13955.930867 5.03445148
13955.934585 5.03445148
13955.938444 5.03445148
13955.942265 5.03445148
13955.945972 5.03445148
13955.949689 5.03445148
13955.953596 5.03445148
13955.957370 5.03445148
13955.961068 5.03445148
13955.964798 5.03445148
13955.968498 5.03445148
13955.972226 5.03445148
13955.975927 5.03445148
13955.979800 5.03445148
13955.983528 5.03445148
13955.987259 5.03445148
13955.990955 5.03445148
13955.994845 5.03445148
13955.998644 3.72526526
13956.002493 3.72526526
13956.006228 3.72526526
13956.009957 3.72526526
13956.013667 3.72526526
13956.017395 3.72526526
13956.021103 3.72526526
13956.024829 3.72526526
13956.028622 3.72526526
13956.032381 3.72526526
13956.036089 3.72526526
13956.039971 3.72526526
13956.043786 3.72526526
13956.047499 3.72526526
13956.051206 3.72526526
13956.055015 3.72526526
13956.058749 3.72526526
13956.062467 3.72526526
13956.066102 3.72526526
13956.069825 3.72526526
13956.073531 3.72526526
13956.077340 3.72526526
13956.081073 3.72526526
13956.084792 3.72526526
13956.088500 3.72526526
13956.092220 3.72526526
13956.095924 3.72526526
13956.099790 3.72526526
13956.103781 3.72526526
13956.107568 3.72526526
13956.111272 3.72526526
13956.114988 3.72526526
13956.118682 3.72526526
13956.122401 3.72526526
13956.126096 3.72526526
13956.129896 3.72526526
13956.133627 3.72526526
13956.137340 3.72526526
13956.141167 3.72526526
13956.144986 3.72526526
13956.148869 3.72526526
13956.152788 3.72526526
13956.156543 3.72526526
13956.160273 3.72526526
13956.163992 3.72526526
13956.167775 3.72526526
13956.171532 3.72526526
13956.175262 3.72526526
13956.179064 3.72526526
13956.182827 3.72526526
13956.186545 3.72526526
13956.190280 3.72526526
13956.193995 3.72526526
13956.197730 3.72526526
13956.201618 3.72526526
13956.205593 3.72526526
13956.209350 3.72526526
13956.213098 3.72526526
13956.216807 3.72526526
13956.220544 3.72526526
13956.224257 3.72526526
13956.228084 3.72526526
13956.231818 3.72526526
13956.235475 3.72526526
13956.239155 3.72526526
13956.243028 3.72526526
13956.246858 3.72526526
13956.250587 3.72526526
13956.254472 3.72526526
13956.258252 3.72526526
13956.261969 3.72526526
13956.265695 3.72526526
13956.269331 3.72526526
13956.272518 5.41232157
13956.275528 5.41232157
13956.279070 5.41232157
13956.282928 5.41232157
13956.286653 5.41232157
13956.290371 5.41232157
13956.294102 5.41232157
13956.297825 5.41232157
13956.301709 5.41232157
13956.305596 5.41232157
13956.309698 5.41232157
13956.313428 5.41232157
13956.317160 5.41232157
13956.320854 5.41232157
13956.324571 5.41232157
13956.328354 5.41232157
13956.332101 5.41232157
13956.335795 5.41232157
13956.339515 5.41232157
13956.343354 5.41232157
13956.347167 5.41232157
13956.350870 5.41232157
13956.354718 5.41232157
13956.358448 5.41232157
13956.362173 5.41232157
13956.365870 5.41232157
13956.369586 5.41232157
13956.373285 5.41232157
13956.377085 5.41232157
13956.380812 5.41232157
13956.384533 5.41232157
13956.388228 5.41232157
13956.391943 5.41232157
13956.395640 5.41232157
13956.399359 5.41232157
13956.403143 5.41232157
13956.407055 5.41232157
13956.410838 5.41232157
13956.414575 5.41232157
13956.418275 5.41232157
13956.421992 5.41232157
13956.425688 5.41232157
13956.429568 5.41232157
13956.433307 5.41232157
13956.437021 5.41232157
13956.440721 5.41232157
13956.444605 5.41232157
13956.448401 5.41232157
13956.452204 5.41232157
13956.455933 5.41232157
13956.459640 5.41232157
13956.463340 5.41232157
13956.467051 5.41232157
13956.470751 5.41232157
13956.474466 5.41232157
13956.478253 5.41232157
13956.481998 5.41232157
13956.485701 5.41232157
13956.489413 5.41232157
13956.493109 5.41232157
13956.496813 5.41232157
13956.500514 5.41232157
13956.504336 5.41232157
13956.508231 5.41232157
13956.512034 5.41232157
13956.515753 5.41232157
13956.519470 5.41232157
13956.523167 5.41232157
13956.526972 5.41232157
13956.530701 5.41232157
13956.534418 5.41232157
13956.538117 5.41232157
13956.541838 5.41232157
13956.545679 4.88559341
13956.549492 4.88559341
13956.553275 4.88559341
13956.557020 4.88559341
13956.560714 4.88559341
13956.564435 4.88559341
13956.568134 4.88559341
13956.571846 4.88559341
13956.574971 4.88559341
13956.578605 4.88559341
13956.582356 4.88559341
13956.586054 4.88559341
13956.589783 4.88559341
13956.593411 4.88559341
13956.597141 4.88559341
13956.600844 4.88559341
13956.604765 4.88559341
13956.608593 4.88559341
13956.612422 4.88559341
13956.616145 4.88559341
13956.619857 4.88559341
13956.623573 4.88559341
13956.627379 4.88559341
13956.631117 4.88559341
13956.634838 4.88559341
13956.638543 4.88559341
13956.642259 4.88559341
13956.646135 4.88559341
13956.649939 4.88559341
13956.653733 4.88559341
13956.657483 4.88559341
13956.661183 4.88559341
13956.664901 4.88559341
13956.668610 4.88559341
13956.672322 4.88559341
13956.676031 4.88559341
13956.679831 4.88559341
13956.682985 4.88559341
13956.686501 4.88559341
13956.690218 4.88559341
13956.693909 4.88559341
13956.697630 4.88559341
13956.701380 4.88559341
13956.705156 4.88559341
13956.708853 4.88559341
13956.712724 4.88559341
13956.716504 4.88559341
13956.720237 4.88559341
13956.723921 4.88559341
13956.727788 4.88559341
13956.731507 4.88559341
13956.735226 4.88559341
13956.738928 4.88559341
13956.742642 4.88559341
13956.746488 4.88559341
13956.750299 4.88559341
13956.754087 4.88559341
13956.757835 4.88559341
13956.761533 4.88559341
13956.765248 4.88559341
13956.768853 4.88559341
13956.772036 4.88559341
13956.775046 4.88559341
13956.778698 4.88559341
13956.782455 4.88559341
13956.786149 4.88559341
13956.789291 4.88559341
13956.792276 4.88559341
13956.795271 4.88559341
13956.798886 4.88559341
13956.802685 4.88559341
13956.806406 4.88559341
13956.810129 4.88559341
13956.813989 4.88559341
13956.817833 4.88559341
13956.821551 3.85503864
13956.825271 3.85503864
13956.829114 3.85503864
13956.832807 3.85503864
13956.836519 3.85503864
13956.840231 3.85503864
13956.843923 3.85503864
13956.847791 3.85503864
13956.851654 3.85503864
13956.855423 3.85503864
13956.859128 3.85503864
13956.862842 3.85503864
13956.866540 3.85503864
13956.870257 3.85503864
13956.873951 3.85503864
13956.877840 3.85503864
13956.881594 3.85503864
13956.885305 3.85503864
13956.889011 3.85503864
13956.892719 3.85503864
13956.896424 3.85503864
13956.900136 3.85503864
13956.903933 3.85503864
13956.907669 3.85503864
13956.911366 3.85503864
13956.914514 3.85503864
13956.918239 3.85503864
13956.922079 3.85503864
13956.925807 3.85503864
13956.929628 3.85503864
13956.933352 3.85503864
13956.937100 3.85503864
13956.940816 3.85503864
13956.944535 3.85503864
13956.948385 3.85503864
13956.952291 3.85503864
13956.956014 3.85503864
13956.959734 3.85503864
13956.963441 3.85503864
13956.967156 3.85503864
13956.970861 3.85503864
13956.974585 3.85503864
13956.978418 3.85503864
13956.982172 3.85503864
13956.985881 3.85503864
13956.989598 3.85503864
13956.993301 3.85503864
13956.997025 3.85503864
13957.000722 3.85503864
13957.004536 3.85503864
13957.008268 3.85503864
13957.011991 3.85503864
13957.015692 3.85503864
13957.019586 3.85503864
13957.023408 3.85503864
13957.027251 3.85503864
13957.030986 3.85503864
13957.034712 3.85503864
13957.038417 3.85503864
13957.042148 3.85503864
13957.045849 3.85503864
13957.049726 3.85503864
13957.053681 3.85503864
13957.057438 3.85503864
13957.061144 3.85503864
13957.064875 3.85503864
13957.068571 3.85503864
13957.072296 3.85503864
13957.075996 3.85503864
13957.079806 3.85503864
13957.083538 3.85503864
13957.087272 3.85503864
13957.090964 3.85503864
13957.094695 3.92374229
13957.098404 3.92374229
13957.102219 3.92374229
13957.105950 3.92374229
13957.109675 3.92374229
13957.113370 3.92374229
13957.117088 3.92374229
13957.120960 3.92374229
13957.124800 3.92374229
13957.128667 3.92374229
13957.132420 3.92374229
13957.136122 3.92374229
13957.139842 3.92374229
13957.143549 3.92374229
13957.147266 3.92374229
13957.151114 3.92374229
13957.155020 3.92374229
13957.158745 3.92374229
13957.162464 3.92374229
13957.166167 3.92374229
13957.169882 3.92374229
13957.173583 3.92374229
13957.177398 3.92374229
13957.181119 3.92374229
13957.184842 3.92374229
13957.188547 3.92374229
13957.192262 3.92374229
13957.195962 3.92374229
13957.199690 3.92374229
13957.203473 3.92374229
13957.207220 3.92374229
13957.210928 3.92374229
13957.214644 3.92374229
13957.218347 3.92374229
13957.222071 3.92374229
13957.225934 3.92374229
13957.229988 3.92374229
13957.233765 3.92374229
13957.237475 3.92374229
13957.241185 3.92374229
13957.244900 3.92374229
13957.248604 3.92374229
13957.252519 3.92374229
13957.256345 3.92374229
13957.260054 3.92374229
13957.263760 3.92374229
13957.267478 3.92374229
13957.271174 3.92374229
13957.274891 3.92374229
13957.278685 3.92374229
13957.282427 3.92374229
13957.286138 3.92374229
13957.289853 3.92374229
13957.293557 3.92374229
13957.297271 3.92374229
13957.300989 3.92374229
13957.304783 3.92374229
13957.308522 3.92374229
13957.312241 3.92374229
13957.315946 3.92374229
13957.319660 3.92374229
13957.323377 3.92374229
13957.327297 3.92374229
13957.331133 3.92374229
13957.334874 3.92374229
13957.338580 3.92374229
13957.342293 3.92374229
13957.346004 3.92374229
13957.349716 3.92374229
13957.353711 3.92374229
13957.357550 3.92374229
13957.361258 3.92374229
13957.364972 3.92374229
13957.368685 3.87030625
13957.372391 3.87030625
13957.376102 3.87030625
13957.379903 3.87030625
13957.383636 3.87030625
13957.387350 3.87030625
13957.391056 3.87030625
13957.394773 3.87030625
13957.398479 3.87030625
13957.402275 3.87030625
13957.406004 3.87030625
13957.409716 3.87030625
13957.413429 3.87030625
13957.417140 3.87030625
13957.420847 3.87030625
13957.424565 3.87030625
13957.428483 3.87030625
13957.432328 3.87030625
13957.436062 3.87030625
13957.439767 3.87030625
13957.443477 3.87030625
13957.447195 3.87030625
13957.450892 3.87030625
13957.454866 3.87030625
13957.458690 3.87030625
13957.462396 3.87030625
13957.466107 3.87030625
13957.469819 3.87030625
13957.473526 3.87030625
13957.477317 3.87030625
13957.481066 3.87030625
13957.484771 3.87030625
13957.488484 3.87030625
13957.492190 3.87030625
13957.495321 3.87030625
13957.498869 3.87030625
13957.502769 3.87030625
13957.506517 3.87030625
13957.510232 3.87030625
13957.514090 3.87030625
13957.517212 3.87030625
13957.520687 3.87030625
13957.524411 3.87030625
13957.528184 3.87030625
13957.532006 3.87030625
13957.535814 3.87030625
13957.539552 3.87030625
13957.543241 3.87030625
13957.546962 3.87030625
13957.550658 3.87030625
13957.554571 3.87030625
13957.558401 3.87030625
13957.562121 3.87030625
13957.565817 3.87030625
13957.569540 3.87030625
13957.573233 3.87030625
13957.577040 3.87030625
13957.580762 3.87030625
13957.584481 3.87030625
13957.588172 3.87030625
13957.591896 3.87030625
13957.595587 3.87030625
13957.599309 3.87030625
13957.603141 3.87030625
13957.606894 3.87030625
13957.610588 3.87030625
13957.614308 3.87030625
13957.617999 3.87030625
13957.621719 3.87030625
13957.625414 3.87030625
13957.629221 3.87030625
13957.633034 3.87030625
13957.636871 3.87030625
13957.640587 3.77488446
13957.644304 3.77488446
13957.648003 3.77488446
13957.651816 3.77488446
13957.655701 3.77488446
13957.659511 3.77488446
13957.663204 3.77488446
13957.667247 3.77488446
13957.670956 3.77488446
13957.674683 3.77488446
13957.678522 3.77488446
13957.682288 3.77488446
13957.685978 3.77488446
13957.689702 3.77488446
13957.693390 3.77488446
13957.697114 3.77488446
13957.700807 3.77488446
13957.704525 3.77488446
13957.708457 3.77488446
13957.712276 3.77488446
13957.715976 3.77488446
13957.719694 3.77488446
13957.723387 3.77488446
13957.727199 3.77488446
13957.730919 3.77488446
13957.734769 3.77488446
13957.738600 3.77488446
13957.742354 3.77488446
13957.746051 3.77488446
13957.749774 3.77488446
13957.753612 3.77488446
13957.757507 3.77488446
13957.761310 3.77488446
13957.765031 3.77488446
13957.768728 3.77488446
13957.772451 3.77488446
13957.776146 3.77488446
13957.779954 3.77488446
13957.783672 3.77488446
13957.787392 3.77488446
13957.791079 3.77488446
13957.794222 3.77488446
13957.797776 3.77488446
13957.801565 3.77488446
13957.805308 3.77488446
13957.809055 3.77488446
13957.812752 3.77488446
13957.816484 3.77488446
13957.820182 3.77488446
13957.823916 3.77488446
13957.827700 3.77488446
13957.831464 3.77488446
13957.835161 3.77488446
13957.839058 3.77488446
13957.842861 3.77488446
13957.846616 3.77488446
13957.850319 3.77488446
13957.854281 3.77488446
13957.858182 3.77488446
13957.861991 3.77488446
13957.865709 3.77488446
13957.869428 3.77488446
13957.873140 3.77488446
13957.876946 3.77488446
13957.880688 3.77488446
13957.884405 3.77488446
13957.888117 3.77488446
13957.891835 3.77488446
13957.895550 3.77488446
13957.899268 3.77488446
13957.903067 3.77488446
13957.906812 3.77488446
13957.910524 3.77488446
13957.914243 4.86269236
13957.917957 4.86269236
13957.921674 4.86269236
13957.925385 4.86269236
13957.929183 4.86269236
13957.932926 4.86269236
13957.936642 4.86269236
13957.940539 4.86269236
13957.944387 4.86269236
13957.948118 4.86269236
13957.951925 4.86269236
13957.955665 4.86269236
13957.959528 4.86269236
13957.963341 4.86269236
13957.967056 4.86269236
13957.970771 4.86269236
13957.974488 4.86269236
13957.978363 4.86269236
13957.982128 4.86269236
13957.985845 4.86269236
13957.989563 4.86269236
13957.993273 4.86269236
13957.996984 4.86269236
13958.000699 4.86269236
13958.004507 4.86269236
13958.008246 4.86269236
13958.011898 4.86269236
13958.015624 4.86269236
13958.019360 4.86269236
13958.023068 4.86269236
13958.026884 4.86269236
13958.030614 4.86269236
13958.034352 4.86269236
13958.038057 4.86269236
13958.041973 4.86269236
13958.045808 4.86269236
13958.049562 4.86269236
13958.053369 4.86269236
13958.057121 4.86269236
13958.060977 4.86269236
13958.064803 4.86269236
13958.068513 4.86269236
13958.072243 4.86269236
13958.075955 4.86269236
13958.079820 4.86269236
13958.083563 4.86269236
13958.087297 4.86269236
13958.091011 4.86269236
13958.094737 4.86269236
13958.098447 4.86269236
13958.102264 4.86269236
13958.106003 4.86269236
13958.109720 4.86269236
13958.113427 4.86269236
13958.117146 4.86269236
13958.120854 4.86269236
13958.124576 4.86269236
13958.128454 4.86269236
13958.132229 4.86269236
13958.135927 4.86269236
13958.139662 4.86269236
13958.143499 4.86269236
13958.147395 4.86269236
13958.151125 4.86269236
13958.154949 4.86269236
13958.158683 4.86269236
13958.162550 4.86269236
13958.166362 4.86269236
13958.170132 4.86269236
13958.173876 4.86269236
13958.177686 4.86269236
13958.181416 4.86269236
13958.185137 4.86269236
13958.188841 5.58789778
13958.192560 5.58789778
13958.196267 5.58789778
13958.199991 5.58789778
13958.203831 5.58789778
13958.207588 5.58789778
13958.211288 5.58789778
13958.215012 5.58789778
13958.218719 5.58789778
13958.222446 5.58789778
13958.226205 5.58789778
13958.229981 5.58789778
13958.233694 5.58789778
13958.237416 5.58789778
13958.241118 5.58789778
13958.244844 5.58789778
13958.248716 5.58789778
13958.252624 5.58789778
13958.256372 5.58789778
13958.260099 5.58789778
13958.263960 5.58789778
13958.267790 5.58789778
13958.271500 5.58789778
13958.275231 5.58789778
13958.279090 5.58789778
13958.282865 5.58789778
13958.286575 5.58789778
13958.290306 5.58789778
13958.294016 5.58789778
13958.297743 5.58789778
13958.301510 5.58789778
13958.305292 5.58789778
13958.309008 5.58789778
13958.312727 5.58789778
13958.316435 5.58789778
13958.320162 5.58789778
13958.323867 5.58789778
13958.327678 5.58789778
13958.331422 5.58789778
13958.335152 5.58789778
13958.338867 5.58789778
13958.342597 5.58789778
13958.346307 5.58789778
13958.350200 5.58789778
13958.354169 5.58789778
13958.357948 5.58789778
13958.361658 5.58789778
13958.365539 5.58789778
13958.369356 5.58789778
13958.373007 5.58789778
13958.376793 5.58789778
13958.380561 5.58789778
13958.384262 5.58789778
13958.387997 5.58789778
13958.391695 5.58789778
13958.395437 5.58789778
13958.399143 5.58789778
13958.402966 5.58789778
13958.406698 5.58789778
13958.410438 5.58789778
13958.414146 0.0000
