13989.266530 0.0000
13989.269832 5.67568588
13989.273689 5.67568588
13989.277665 5.67568588
13989.281452 5.67568588
13989.285178 5.67568588
13989.288899 5.67568588
13989.292634 5.67568588
13989.296352 5.67568588
13989.300175 5.67568588
13989.303932 5.67568588
13989.307662 5.67568588
13989.311386 5.67568588
13989.315126 5.67568588
13989.318994 5.67568588
13989.322822 5.67568588
13989.326632 5.67568588
13989.330391 5.67568588
13989.334116 5.67568588
13989.337850 5.67568588
13989.341571 5.67568588
13989.345304 5.67568588
13989.349033 5.67568588
13989.352868 5.67568588
13989.356628 5.67568588
13989.360368 5.67568588
13989.364088 5.67568588
13989.367732 5.67568588
13989.371430 5.67568588
13989.375221 5.67568588
13989.379139 5.67568588
13989.382967 5.67568588
13989.386707 5.67568588
13989.390440 6.37417316
13989.394167 6.37417316
13989.397899 6.37417316
13989.401708 6.37417316
13989.405478 6.37417316
13989.409198 6.37417316
13989.412930 6.37417316
13989.416656 6.37417316
13989.420513 6.37417316
13989.424440 6.37417316
13989.428267 6.37417316
13989.431996 6.37417316
13989.435723 6.37417316
13989.439455 6.37417316
13989.443177 6.37417316
13989.446907 6.37417316
13989.450727 6.37417316
13989.454486 6.37417316
13989.458212 6.37417316
13989.461947 6.37417316
13989.465670 6.37417316
13989.469398 6.37417316
13989.473133 6.37417316
13989.476964 6.37417316
13989.480868 6.37417316
13989.484676 6.37417316
13989.488414 6.37417316
13989.492144 6.37417316
13989.495875 6.37417316
13989.499666 6.37417316
13989.503439 6.37417316
13989.507181 6.37417316
13989.510899 6.37417316
13989.514629 6.37417316
13989.518359 6.37417316
13989.522236 6.37417316
13989.526133 6.37417316
13989.529896 6.37417316
13989.533618 6.37417316
13989.537348 6.37417316
13989.541077 6.37417316
13989.544805 6.37417316
13989.548532 6.37417316
13989.552427 6.37417316
13989.556184 6.37417316
13989.559918 6.37417316
13989.563649 6.37417316
13989.567375 6.37417316
13989.571102 6.37417316
13989.574831 6.37417316
13989.578553 6.37417316
13989.582443 6.37417316
13989.586278 6.37417316
13989.590013 6.37417316
13989.593744 6.37417316
13989.597475 6.37417316
13989.601346 6.37417316
13989.605107 6.37417316
13989.608846 6.37417316
13989.612565 6.37417316
13989.616300 6.37417316
13989.620029 6.37417316
13989.623907 6.37417316
13989.627812 6.37417316
13989.631578 6.37417316
13989.635299 6.37417316
13989.639035 6.37417316
13989.642765 6.37417316
13989.646493 6.37417316
13989.650301 6.37417316
13989.653978 6.37417316
13989.657663 6.37417316
13989.661384 6.34363794
13989.665119 6.34363794
13989.668839 6.34363794
13989.672576 6.34363794
13989.676390 6.34363794
13989.680149 6.34363794
13989.684039 6.34363794
13989.687870 6.34363794
13989.691610 6.34363794
13989.695345 6.34363794
13989.699077 6.34363794
13989.703013 6.34363794
13989.706796 6.34363794
13989.710530 6.34363794
13989.714175 6.34363794
13989.717855 6.34363794
13989.721585 6.34363794
13989.725497 6.34363794
13989.729299 6.34363794
13989.733022 6.34363794
13989.736746 6.34363794
13989.740464 6.34363794
13989.744190 6.34363794
13989.747330 6.34363794
13989.750961 6.34363794
13989.754713 6.34363794
13989.758427 6.34363794
13989.762154 6.34363794
13989.765869 6.34363794
13989.769591 6.34363794
13989.773301 6.34363794
13989.777100 6.34363794
13989.780844 6.34363794
13989.784572 6.34363794
13989.788386 6.34363794
13989.792191 6.34363794
13989.795919 6.34363794
13989.799738 6.34363794
13989.803481 6.34363794
13989.807206 6.34363794
13989.810917 6.34363794
13989.814644 6.34363794
13989.818354 6.34363794
13989.822087 6.34363794
13989.826134 6.34363794
13989.829943 6.34363794
13989.833661 6.34363794
13989.837388 6.34363794
13989.841101 6.34363794
13989.844830 6.34363794
13989.848544 6.34363794
13989.852395 6.34363794
13989.856144 6.34363794
13989.859870 6.34363794
13989.863581 6.34363794
13989.867307 6.34363794
13989.871019 6.34363794
13989.874828 6.34363794
13989.878576 6.34363794
13989.882301 6.34363794
13989.886016 6.34363794
13989.889904 6.34363794
13989.893711 6.34363794
13989.897452 6.34363794
13989.901257 6.34363794
13989.905006 6.34363794
13989.908725 6.34363794
13989.912446 6.34363794
13989.916161 6.34363794
13989.919880 6.34363794
13989.923600 6.34363794
13989.927575 6.34363794
13989.931366 6.34363794
13989.935097 5.13750696
13989.938803 5.13750696
13989.942530 5.13750696
13989.946242 5.13750696
13989.950057 5.13750696
13989.953798 5.13750696
13989.957528 5.13750696
13989.961236 5.13750696
13989.964963 5.13750696
13989.968673 5.13750696
13989.972400 5.13750696
13989.976190 5.13750696
13989.979950 5.13750696
13989.983657 5.13750696
13989.987385 5.13750696
13989.991262 5.13750696
13989.995089 5.13750696
13989.998815 5.13750696
13990.002745 5.13750696
13990.006506 5.13750696
13990.010232 5.13750696
13990.013953 5.13750696
13990.017680 5.13750696
13990.021396 5.13750696
13990.025211 5.13750696
13990.029107 5.13750696
13990.032917 5.13750696
13990.036638 5.13750696
13990.040368 5.13750696
13990.044419 5.13750696
13990.048180 5.13750696
13990.051969 5.13750696
13990.055704 5.13750696
13990.059413 5.13750696
13990.063122 5.13750696
13990.066831 5.13750696
13990.070532 5.13750696
13990.074317 5.13750696
13990.078081 5.13750696
13990.081800 5.13750696
13990.085503 5.13750696
13990.089211 5.13750696
13990.093018 5.13750696
13990.096852 5.13750696
13990.100664 5.13750696
13990.104397 5.13750696
13990.108098 5.13750696
13990.111795 5.13750696
13990.115493 5.13750696
13990.119196 5.13750696
13990.122900 5.13750696
13990.126681 5.13750696
13990.130556 5.13750696
13990.134350 5.13750696
13990.138050 5.13750696
13990.141746 5.13750696
13990.145444 5.13750696
13990.149238 5.13750696
13990.153023 5.13750696
13990.156734 5.13750696
13990.160434 5.13750696
13990.164133 5.13750696
13990.167878 5.13750696
13990.171614 5.13750696
13990.175418 5.13750696
13990.179155 5.13750696
13990.182863 5.13750696
13990.186561 5.13750696
13990.190263 5.13750696
13990.193966 5.13750696
13990.197834 5.13750696
13990.201701 5.13750696
13990.205450 5.13750696
13990.209150 4.89322758
13990.212854 4.89322758
13990.216552 4.89322758
13990.220249 4.89322758
13990.223949 4.89322758
13990.227728 4.89322758
13990.231615 4.89322758
13990.235408 4.89322758
13990.239111 4.89322758
13990.242822 4.89322758
13990.246523 4.89322758
13990.250310 4.89322758
13990.254048 4.89322758
13990.257757 4.89322758
13990.261459 4.89322758
13990.265170 4.89322758
13990.268799 4.89322758
13990.272498 4.89322758
13990.276428 4.89322758
13990.280188 4.89322758
13990.283886 4.89322758
13990.287609 4.89322758
13990.291297 4.89322758
13990.295014 4.89322758
13990.298871 4.89322758
13990.302785 4.89322758
13990.306529 4.89322758
13990.310239 4.89322758
13990.313940 4.89322758
13990.317652 4.89322758
13990.321351 4.89322758
13990.325145 4.89322758
13990.328881 4.89322758
13990.332748 4.89322758
13990.336544 4.89322758
13990.340254 4.89322758
13990.343948 4.89322758
13990.347071 4.89322758
13990.350114 4.89322758
13990.353842 4.89322758
13990.356986 4.89322758
13990.360457 4.89322758
13990.364162 4.89322758
13990.367864 4.89322758
13990.371471 4.89322758
13990.374611 4.89322758
13990.377613 4.89322758
13990.380598 4.89322758
13990.384115 4.89322758
13990.388062 4.89322758
13990.392028 4.89322758
13990.395833 4.89322758
13990.399649 4.89322758
13990.403555 4.89322758
13990.407413 4.89322758
13990.411142 4.89322758
13990.414860 4.89322758
13990.418569 4.89322758
13990.422289 4.89322758
13990.426129 4.89322758
13990.429879 4.89322758
13990.433746 4.89322758
13990.437552 4.89322758
13990.441267 4.89322758
13990.444986 4.89322758
13990.448697 4.89322758
13990.452498 4.89322758
13990.456240 4.89322758
13990.459959 4.89322758
13990.463670 4.89322758
13990.467389 4.89322758
13990.471099 4.89322758
13990.474899 4.89322758
13990.478640 4.89322758
13990.482358 4.77490425
13990.486068 4.77490425
13990.489785 4.77490425
13990.493498 4.77490425
13990.497214 4.77490425
13990.501030 4.77490425
13990.504926 4.77490425
13990.508750 4.77490425
13990.511899 4.77490425
13990.515451 4.77490425
13990.519172 4.77490425
13990.522856 4.77490425
13990.526079 4.77490425
13990.529674 4.77490425
13990.533539 4.77490425
13990.537381 4.77490425
13990.541109 4.77490425
13990.544797 4.77490425
13990.548520 4.77490425
13990.552396 4.77490425
13990.556165 4.77490425
13990.559852 4.77490425
13990.563575 4.77490425
13990.567268 4.77490425
13990.570994 4.77490425
13990.574770 4.77490425
13990.578522 4.77490425
13990.582211 4.77490425
13990.585935 4.77490425
13990.589622 4.77490425
13990.593344 4.77490425
13990.597033 4.77490425
13990.600844 4.77490425
13990.604704 4.77490425
13990.608578 4.77490425
13990.612312 4.77490425
13990.616028 4.77490425
13990.619727 4.77490425
13990.623440 4.77490425
13990.627282 4.77490425
13990.631032 4.77490425
13990.634888 4.77490425
13990.638689 4.77490425
13990.642390 4.77490425
13990.646105 4.77490425
13990.649887 4.77490425
13990.653629 4.77490425
13990.657333 4.77490425
13990.661043 4.77490425
13990.664741 4.77490425
13990.668452 4.77490425
13990.672153 4.77490425
13990.675957 4.77490425
13990.679691 4.77490425
13990.683708 4.77490425
13990.687448 4.77490425
13990.691173 4.77490425
13990.694866 4.77490425
13990.698598 4.77490425
13990.702418 4.77490425
13990.706190 4.77490425
13990.710051 4.77490425
13990.713906 4.77490425
13990.717632 4.77490425
13990.721359 4.77490425
13990.725149 4.77490425
13990.728907 4.77490425
13990.732611 4.77490425
13990.736495 4.77490425
13990.740297 4.77490425
13990.744022 4.77490425
13990.747728 4.77490425
13990.751591 4.77490425
13990.755332 4.77490425
13990.759064 4.76727057
13990.762764 4.76727057
13990.766489 4.76727057
13990.770191 4.76727057
13990.773916 4.76727057
13990.777704 4.76727057
13990.781462 4.76727057
13990.785168 4.76727057
13990.788894 4.76727057
13990.792596 4.76727057
13990.796322 4.76727057
13990.800113 4.76727057
13990.803869 4.76727057
13990.807572 4.76727057
13990.811460 4.76727057
13990.815290 4.76727057
13990.819041 4.76727057
13990.822741 4.76727057
13990.826559 4.76727057
13990.830289 4.76727057
13990.834021 4.76727057
13990.837876 4.76727057
13990.841696 4.76727057
13990.845394 4.76727057
13990.849177 4.76727057
13990.852925 4.76727057
13990.856664 4.76727057
13990.860366 4.76727057
13990.864092 4.76727057
13990.867795 4.76727057
13990.871526 4.76727057
13990.875424 4.76727057
13990.879202 4.76727057
13990.882830 4.76727057
13990.886556 4.76727057
13990.890182 4.76727057
13990.893900 4.76727057
13990.897605 4.76727057
13990.901412 4.76727057
13990.905147 4.76727057
13990.908873 4.76727057
13990.912759 4.76727057
13990.916611 4.76727057
13990.920341 4.76727057
13990.924125 4.76727057
13990.927874 4.76727057
13990.931608 4.76727057
13990.935312 4.76727057
13990.939203 4.76727057
13990.943004 4.76727057
13990.946730 4.76727057
13990.950517 4.76727057
13990.954187 4.76727057
13990.957354 4.76727057
13990.960332 4.76727057
13990.963306 4.76727057
13990.966803 4.76727057
13990.970597 4.76727057
13990.973716 4.76727057
13990.977492 4.76727057
13990.981256 4.76727057
13990.984952 4.76727057
13990.988678 4.76727057
13990.992364 4.76727057
13990.996087 4.76727057
13990.999864 4.76727057
13991.003618 4.76727057
13991.007313 4.76727057
13991.011044 4.76727057
13991.014838 4.76727057
13991.018689 4.76727057
13991.022420 4.76727057
13991.026301 4.76727057
13991.030039 5.78255796
13991.033761 5.78255796
13991.037462 5.78255796
13991.041336 5.78255796
13991.045140 5.78255796
13991.048858 5.78255796
13991.052648 5.78255796
13991.056399 5.78255796
13991.060105 5.78255796
13991.063821 5.78255796
13991.067526 5.78255796
13991.071246 5.78255796
13991.075036 5.78255796
13991.078788 5.78255796
13991.082493 5.78255796
13991.086206 5.78255796
13991.089917 5.78255796
13991.093639 5.78255796
13991.097344 5.78255796
13991.101172 5.78255796
13991.104903 5.78255796
13991.108620 5.78255796
13991.112318 5.78255796
13991.116191 5.78255796
13991.120040 5.78255796
13991.123801 5.78255796
13991.127576 5.78255796
13991.131327 5.78255796
13991.135019 5.78255796
13991.138743 5.78255796
13991.142569 5.78255796
13991.146380 5.78255796
13991.150153 5.78255796
13991.153810 5.78255796
13991.157505 5.78255796
13991.161227 5.78255796
13991.164921 5.78255796
13991.168645 5.78255796
13991.172338 5.78255796
13991.176266 5.78255796
13991.180014 5.78255796
13991.183717 5.78255796
13991.187423 5.78255796
13991.191128 5.78255796
13991.194833 5.78255796
13991.198541 5.78255796
13991.202337 5.78255796
13991.206071 5.78255796
13991.209773 5.78255796
13991.213484 5.78255796
13991.217195 5.78255796
13991.221056 5.78255796
13991.224964 5.78255796
13991.228725 5.78255796
13991.232425 5.78255796
13991.236139 5.78255796
13991.239838 5.78255796
13991.243701 5.78255796
13991.247507 5.78255796
13991.251342 5.78255796
13991.255091 5.78255796
13991.258803 5.78255796
13991.262512 5.78255796
13991.266216 5.78255796
13991.269928 5.78255796
13991.273566 5.78255796
13991.277356 5.78255796
13991.281106 5.78255796
13991.284809 5.78255796
13991.288518 5.78255796
13991.292141 5.78255796
13991.296359 5.78255796
13991.300259 5.78255796
13991.304027 5.74438953
13991.307740 5.74438953
13991.311466 5.74438953
13991.315190 5.74438953
13991.318918 5.74438953
13991.322799 5.74438953
13991.326788 5.74438953
13991.330557 5.74438953
13991.334289 5.74438953
13991.338008 5.74438953
13991.341742 5.74438953
13991.345616 5.74438953
13991.349500 5.74438953
13991.353264 5.74438953
13991.357005 5.74438953
13991.360722 5.74438953
13991.364454 5.74438953
13991.368166 5.74438953
13991.371899 5.74438953
13991.375725 5.74438953
13991.379490 5.74438953
13991.383211 5.74438953
13991.386943 5.74438953
13991.390659 5.74438953
13991.394392 5.74438953
13991.398108 5.74438953
13991.401924 5.74438953
13991.405674 5.74438953
13991.409408 5.74438953
13991.413124 5.74438953
13991.416860 5.74438953
13991.420574 5.74438953
13991.424471 5.74438953
13991.428355 5.74438953
13991.432121 5.74438953
13991.435841 5.74438953
13991.439570 5.74438953
13991.443292 5.74438953
13991.447175 5.74438953
13991.451070 5.74438953
13991.454829 5.74438953
13991.458550 5.74438953
13991.462278 5.74438953
13991.465995 5.74438953
13991.469722 5.74438953
13991.473446 5.74438953
13991.477366 5.74438953
13991.481107 5.74438953
13991.484842 5.74438953
13991.488562 5.74438953
13991.492287 5.74438953
13991.496008 5.74438953
13991.499816 5.74438953
13991.503573 5.74438953
13991.507303 5.74438953
13991.511016 5.74438953
13991.514745 5.74438953
13991.518375 5.74438953
13991.522044 0.0000
