13997.483229 0.0000
13997.486561 5.71385431
13997.490355 5.71385431
13997.493984 5.71385431
13997.497675 5.71385431
13997.501602 5.71385431
13997.505395 5.71385431
13997.509100 5.71385431
13997.512806 5.71385431
13997.516513 5.71385431
13997.520224 5.71385431
13997.523984 5.71385431
13997.527746 5.71385431
13997.531459 5.71385431
13997.535202 5.71385431
13997.538831 5.71385431
13997.542533 5.71385431
13997.546241 5.71385431
13997.550073 5.71385431
13997.553817 5.71385431
13997.557519 5.71385431
13997.561236 5.71385431
13997.564938 5.71385431
13997.568819 5.71385431
13997.572614 5.71385431
13997.576443 5.71385431
13997.580172 5.71385431
13997.583887 5.71385431
13997.587584 5.71385431
13997.591297 5.71385431
13997.594995 5.71385431
13997.598768 6.09935856
13997.602667 6.09935856
13997.606483 6.09935856
13997.610180 6.09935856
13997.613894 6.09935856
13997.617594 6.09935856
13997.621306 6.09935856
13997.625149 6.09935856
13997.628896 6.09935856
13997.632600 6.09935856
13997.636312 6.09935856
13997.640005 6.09935856
13997.643723 6.09935856
13997.647423 6.09935856
13997.651224 6.09935856
13997.654951 6.09935856
13997.658666 6.09935856
13997.662368 6.09935856
13997.666076 6.09935856
13997.669779 6.09935856
13997.673692 6.09935856
13997.677512 6.09935856
13997.681253 6.09935856
13997.684950 6.09935856
13997.688661 6.09935856
13997.692359 6.09935856
13997.696072 6.09935856
13997.700553 6.09935856
13997.703951 6.09935856
13997.707582 6.09935856
13997.711319 6.09935856
13997.715032 6.09935856
13997.718771 6.09935856
13997.722486 6.09935856
13997.726432 6.09935856
13997.730197 6.09935856
13997.733929 6.09935856
13997.737648 6.09935856
13997.741375 6.09935856
13997.745094 6.09935856
13997.748880 6.09935856
13997.752651 6.09935856
13997.756389 6.09935856
13997.760110 6.09935856
13997.763843 6.09935856
13997.767562 6.09935856
13997.771292 6.09935856
13997.775228 6.09935856
13997.779088 6.09935856
13997.782813 6.09935856
13997.786546 6.09935856
13997.790259 6.09935856
13997.793993 6.09935856
13997.797713 6.09935856
13997.801536 6.09935856
13997.805415 6.09935856
13997.809111 6.09935856
13997.813046 6.09935856
13997.816820 6.09935856
13997.820521 6.09935856
13997.824326 6.09935856
13997.828053 6.09935856
13997.831766 6.09935856
13997.835467 6.09935856
13997.839182 6.09935856
13997.842882 6.09935856
13997.846508 6.09935856
13997.850382 6.09935856
13997.854157 6.09935856
13997.857862 6.09935856
13997.861580 6.09935856
13997.865277 6.09935856
13997.868994 6.09935856
13997.872691 6.53448153
13997.876621 6.53448153
13997.880437 6.53448153
13997.884176 6.53448153
13997.887874 6.53448153
13997.891586 6.53448153
13997.895287 6.53448153
13997.899060 6.53448153
13997.902814 6.53448153
13997.906694 6.53448153
13997.910492 6.53448153
13997.914206 6.53448153
13997.917908 6.53448153
13997.921615 6.53448153
13997.925412 6.53448153
13997.929147 6.53448153
13997.932849 6.53448153
13997.936563 6.53448153
13997.940264 6.53448153
13997.943979 6.53448153
13997.947673 6.53448153
13997.951530 6.53448153
13997.955263 6.53448153
13997.958982 6.53448153
13997.962685 6.53448153
13997.966398 6.53448153
13997.970097 6.53448153
13997.973884 6.53448153
13997.977762 6.53448153
13997.981589 6.53448153
13997.985320 6.53448153
13997.989029 6.53448153
13997.992735 6.53448153
13997.996446 6.53448153
13998.000368 6.53448153
13998.004056 6.53448153
13998.007893 6.53448153
13998.011710 6.53448153
13998.015394 6.53448153
13998.019117 6.53448153
13998.022804 6.53448153
13998.026615 6.53448153
13998.030331 6.53448153
13998.034056 6.53448153
13998.037746 6.53448153
13998.041473 6.53448153
13998.045162 6.53448153
13998.048942 6.53448153
13998.052677 6.53448153
13998.056411 6.53448153
13998.060102 6.53448153
13998.063828 6.53448153
13998.067516 6.53448153
13998.071238 6.53448153
13998.075012 6.53448153
13998.078772 6.53448153
13998.082568 6.53448153
13998.086410 6.53448153
13998.090137 6.53448153
13998.093849 6.53448153
13998.097545 6.53448153
13998.101400 6.53448153
13998.105133 6.53448153
13998.109009 6.53448153
13998.112806 6.53448153
13998.116520 6.53448153
13998.120218 6.53448153
13998.123982 6.53448153
13998.127730 6.53448153
13998.131455 6.53448153
13998.135153 6.53448153
13998.138866 6.53448153
13998.142566 6.53448153
13998.146276 5.09170485
13998.150061 5.09170485
13998.153733 5.09170485
13998.157435 5.09170485
13998.161155 5.09170485
13998.164846 5.09170485
13998.168615 5.09170485
13998.172341 5.09170485
13998.176195 5.09170485
13998.179919 5.09170485
13998.183803 5.09170485
13998.187597 5.09170485
13998.191343 5.09170485
13998.195035 5.09170485
13998.198819 5.09170485
13998.202555 5.09170485
13998.206288 5.09170485
13998.210135 5.09170485
13998.213946 5.09170485
13998.217639 5.09170485
13998.221360 5.09170485
13998.225134 5.09170485
13998.228888 5.09170485
13998.232583 5.09170485
13998.236301 5.09170485
13998.239996 5.09170485
13998.243722 5.09170485
13998.247408 5.09170485
13998.251263 5.09170485
13998.254990 5.09170485
13998.258713 5.09170485
13998.262407 5.09170485
13998.266128 5.09170485
13998.269818 5.09170485
13998.273540 5.09170485
13998.277317 5.09170485
13998.281072 5.09170485
13998.284924 5.09170485
13998.288770 5.09170485
13998.292491 5.09170485
13998.296209 5.09170485
13998.299994 5.09170485
13998.303742 5.09170485
13998.307435 5.09170485
13998.311307 5.09170485
13998.315103 5.09170485
13998.318821 5.09170485
13998.322518 5.09170485
13998.326430 5.09170485
13998.330180 5.09170485
13998.333889 5.09170485
13998.337594 5.09170485
13998.341302 5.09170485
13998.345006 5.09170485
13998.348772 5.09170485
13998.352523 5.09170485
13998.356235 5.09170485
13998.359944 5.09170485
13998.363651 5.09170485
13998.367354 5.09170485
13998.371063 5.09170485
13998.374875 5.09170485
13998.378543 5.09170485
13998.382255 5.09170485
13998.385969 5.09170485
13998.389831 5.09170485
13998.393633 5.09170485
13998.397387 5.09170485
13998.401184 5.09170485
13998.404914 5.09170485
13998.408627 5.09170485
13998.412483 5.09170485
13998.416286 5.09170485
13998.419988 4.92376232
13998.423756 4.92376232
13998.427505 4.92376232
13998.431231 4.92376232
13998.434932 4.92376232
13998.438647 4.92376232
13998.442350 4.92376232
13998.446061 4.92376232
13998.449846 4.92376232
13998.453588 4.92376232
13998.457287 4.92376232
13998.460913 4.92376232
13998.464597 4.92376232
13998.468321 4.92376232
13998.472020 4.92376232
13998.475912 4.92376232
13998.479650 4.92376232
13998.483374 4.92376232
13998.487068 4.92376232
13998.490945 4.92376232
13998.494745 4.92376232
13998.498486 4.92376232
13998.502274 4.92376232
13998.506019 4.92376232
13998.509720 4.92376232
13998.513587 4.92376232
13998.517387 4.92376232
13998.521100 4.92376232
13998.524886 4.92376232
13998.528630 4.92376232
13998.532334 4.92376232
13998.536055 4.92376232
13998.539776 4.92376232
13998.543495 4.92376232
13998.547198 4.92376232
13998.550996 4.92376232
13998.554729 4.92376232
13998.558440 4.92376232
13998.562133 4.92376232
13998.565851 4.92376232
13998.569551 4.92376232
13998.573268 4.92376232
13998.577103 4.92376232
13998.580853 4.92376232
13998.584558 4.92376232
13998.588273 4.92376232
13998.591973 4.92376232
13998.595850 4.92376232
13998.599732 4.92376232
13998.603497 4.92376232
13998.607197 4.92376232
13998.610911 4.92376232
13998.614769 4.92376232
13998.618570 4.92376232
13998.622271 4.92376232
13998.626169 4.92376232
13998.629910 4.92376232
13998.633624 4.92376232
13998.637324 4.92376232
13998.641035 4.92376232
13998.644738 4.92376232
13998.648452 4.92376232
13998.652238 4.92376232
13998.655985 4.92376232
13998.659680 4.92376232
13998.662788 4.92376232
13998.665647 4.92376232
13998.668816 4.92376232
13998.672433 4.92376232
13998.676353 4.92376232
13998.680116 4.92376232
13998.683839 4.92376232
13998.687568 4.92376232
13998.691287 4.92376232
13998.695176 4.80925608
13998.699364 4.80925608
13998.703164 4.80925608
13998.706903 4.80925608
13998.710600 4.80925608
13998.714448 4.80925608
13998.718261 4.80925608
13998.721988 4.80925608
13998.725828 4.80925608
13998.729583 4.80925608
13998.733289 4.80925608
13998.737009 4.80925608
13998.740708 4.80925608
13998.744430 4.80925608
13998.748127 4.80925608
13998.751930 4.80925608
13998.755659 4.80925608
13998.759380 4.80925608
13998.763081 4.80925608
13998.766801 4.80925608
13998.770502 4.80925608
13998.774305 4.80925608
13998.778038 4.80925608
13998.781755 4.80925608
13998.785456 4.80925608
13998.789091 4.80925608
13998.792786 4.80925608
13998.796629 4.80925608
13998.800606 4.80925608
13998.804294 4.80925608
13998.807997 4.80925608
13998.811713 4.80925608
13998.815570 4.80925608
13998.819384 4.80925608
13998.823016 4.80925608
13998.826817 4.80925608
13998.830560 4.80925608
13998.834271 4.80925608
13998.837985 4.80925608
13998.841692 4.80925608
13998.845402 4.80925608
13998.849197 4.80925608
13998.852939 4.80925608
13998.856645 4.80925608
13998.860358 4.80925608
13998.864064 4.80925608
13998.867774 4.80925608
13998.871485 4.80925608
13998.875308 4.80925608
13998.879050 4.80925608
13998.882763 4.80925608
13998.886469 4.80925608
13998.890179 4.80925608
13998.893822 4.80925608
13998.897780 4.80925608
13998.901788 4.80925608
13998.905626 4.80925608
13998.909370 4.80925608
13998.913008 4.80925608
13998.916889 4.80925608
13998.920690 4.80925608
13998.924485 4.80925608
13998.928223 4.80925608
13998.931925 4.80925608
13998.935631 4.80925608
13998.939334 4.80925608
13998.943040 4.80925608
13998.946742 4.80925608
13998.950632 4.80925608
13998.954379 4.80925608
13998.958083 4.80925608
13998.961788 4.80925608
13998.965493 4.80925608
13998.969201 4.72910213
13998.972802 4.72910213
13998.976633 4.72910213
13998.980370 4.72910213
13998.984084 4.72910213
13998.987781 4.72910213
13998.991488 4.72910213
13998.995186 4.72910213
13998.998948 4.72910213
13999.002756 4.72910213
13999.006595 4.72910213
13999.010334 4.72910213
13999.013991 4.72910213
13999.017855 4.72910213
13999.021677 4.72910213
13999.025466 4.72910213
13999.029212 4.72910213
13999.032910 4.72910213
13999.036628 4.72910213
13999.040327 4.72910213
13999.044046 4.72910213
13999.047748 4.72910213
13999.051555 4.72910213
13999.055614 4.72910213
13999.059346 4.72910213
13999.063087 4.72910213
13999.066791 4.72910213
13999.070506 4.72910213
13999.074295 4.72910213
13999.078037 4.72910213
13999.081737 4.72910213
13999.085455 4.72910213
13999.089161 4.72910213
13999.092875 4.72910213
13999.096577 4.72910213
13999.100506 4.72910213
13999.104378 4.72910213
13999.108252 4.72910213
13999.111989 4.72910213
13999.115693 4.72910213
13999.119560 4.72910213
13999.123358 4.72910213
13999.127162 4.72910213
13999.130898 4.72910213
13999.134606 4.72910213
13999.138316 4.72910213
13999.142026 4.72910213
13999.145736 4.72910213
13999.149537 4.72910213
13999.153272 4.72910213
13999.156983 4.72910213
13999.160692 4.72910213
13999.164403 4.72910213
13999.168110 4.72910213
13999.171820 4.72910213
13999.175614 4.72910213
13999.179264 4.72910213
13999.183191 4.72910213
13999.186965 4.72910213
13999.190673 4.72910213
13999.194379 4.72910213
13999.198019 4.72910213
13999.201876 4.72910213
13999.205760 4.72910213
13999.209567 4.72910213
13999.213341 4.72910213
13999.217051 4.72910213
13999.220929 4.72910213
13999.224814 4.72910213
13999.228550 4.72910213
13999.232245 4.72910213
13999.235963 4.72910213
13999.239663 4.72910213
13999.243379 5.85889530
13999.246995 5.85889530
13999.250872 5.85889530
13999.255545 5.85889530
13999.258734 5.85889530
13999.262146 5.85889530
13999.265882 5.85889530
13999.269603 5.85889530
13999.273339 5.85889530
13999.277150 5.85889530
13999.280913 5.85889530
13999.284631 5.85889530
13999.288365 5.85889530
13999.292083 5.85889530
13999.295820 5.85889530
13999.299623 5.85889530
13999.303393 5.85889530
13999.307115 5.85889530
13999.311016 5.85889530
13999.314834 5.85889530
13999.318598 5.85889530
13999.322477 5.85889530
13999.326440 5.85889530
13999.330186 5.85889530
13999.333925 5.85889530
13999.337644 5.85889530
13999.341377 5.85889530
13999.345094 5.85889530
13999.348883 5.85889530
13999.352656 5.85889530
13999.356398 5.85889530
13999.360117 5.85889530
13999.363853 5.85889530
13999.367579 5.85889530
13999.371682 5.85889530
13999.375480 5.85889530
13999.379266 5.85889530
13999.382889 5.85889530
13999.386591 5.85889530
13999.390300 5.85889530
13999.394042 5.85889530
13999.397752 5.85889530
13999.401626 5.85889530
13999.405373 5.85889530
13999.409115 5.85889530
13999.412985 5.85889530
13999.416802 5.85889530
13999.420546 5.85889530
13999.424504 5.85889530
13999.428321 5.85889530
13999.432066 5.85889530
13999.435778 5.85889530
13999.439523 5.85889530
13999.443236 5.85889530
13999.446983 5.85889530
13999.450782 5.85889530
13999.454552 5.85889530
13999.458264 5.85889530
13999.462008 5.85889530
13999.465722 5.85889530
13999.469462 5.85889530
13999.473172 5.85889530
13999.477057 5.85889530
13999.480798 5.85889530
13999.484457 5.85889530
13999.488125 5.85889530
13999.491867 5.85889530
13999.495584 5.85889530
13999.499413 5.85889530
13999.503156 5.85889530
13999.506897 5.85889530
13999.510614 5.85889530
13999.514431 5.78255796
13999.518229 5.78255796
13999.521994 5.78255796
13999.525927 5.78255796
13999.529762 5.78255796
13999.533481 5.78255796
13999.537211 5.78255796
13999.540932 5.78255796
13999.544671 5.78255796
13999.548390 5.78255796
13999.552329 5.78255796
13999.556098 5.78255796
13999.559828 5.78255796
13999.563556 5.78255796
13999.567279 5.78255796
13999.571001 5.78255796
13999.574818 5.78255796
13999.578576 5.78255796
13999.582305 5.78255796
13999.586033 5.78255796
13999.589761 5.78255796
13999.593489 5.78255796
13999.597219 5.78255796
13999.601056 5.78255796
13999.604814 5.78255796
13999.608547 5.78255796
13999.612272 5.78255796
13999.616143 5.78255796
13999.620011 5.78255796
13999.623838 5.78255796
13999.627740 5.78255796
13999.631534 5.78255796
13999.635259 5.78255796
13999.638980 5.78255796
13999.642703 5.78255796
13999.646419 5.78255796
13999.650236 5.78255796
13999.653982 5.78255796
13999.657704 5.78255796
13999.661423 5.78255796
13999.665148 5.78255796
13999.668868 5.78255796
13999.672597 5.78255796
13999.676408 5.78255796
13999.680163 5.78255796
13999.683885 5.78255796
13999.687601 5.78255796
13999.691326 5.78255796
13999.695049 5.78255796
13999.698824 5.78255796
13999.702602 5.78255796
13999.706331 5.78255796
13999.710052 5.78255796
13999.713768 5.78255796
13999.717488 5.78255796
13999.721353 5.78255796
13999.725326 5.78255796
13999.729239 5.78255796
13999.733059 5.78255796
13999.736778 5.78255796
13999.740504 5.78255796
13999.744223 5.78255796
13999.747947 5.78255796
13999.751752 5.78255796
13999.755511 0.0000
