13981.046517 0.0000
13981.049945 5.77874136
13981.053722 5.77874136
13981.057422 5.77874136
13981.061153 5.77874136
13981.064851 5.77874136
13981.068581 5.77874136
13981.072275 5.77874136
13981.076091 5.77874136
13981.079816 5.77874136
13981.083718 5.77874136
13981.087541 5.77874136
13981.091287 5.77874136
13981.094992 5.77874136
13981.098717 5.77874136
13981.102512 5.77874136
13981.106261 5.77874136
13981.109958 5.77874136
13981.113675 5.77874136
13981.117370 5.77874136
13981.121244 5.77874136
13981.125132 5.77874136
13981.128931 5.77874136
13981.132640 5.77874136
13981.136359 5.77874136
13981.140057 5.77874136
13981.143771 5.77874136
13981.147467 5.77874136
13981.151273 5.77874136
13981.154995 5.77874136
13981.158703 5.77874136
13981.162398 5.77874136
13981.166112 5.77874136
13981.169811 5.77874136
13981.173527 5.77874136
13981.177356 6.37035608
13981.181102 6.37035608
13981.184968 6.37035608
13981.188805 6.37035608
13981.192530 6.37035608
13981.196243 6.37035608
13981.200005 6.37035608
13981.203765 6.37035608
13981.207473 6.37035608
13981.211185 6.37035608
13981.214889 6.37035608
13981.218601 6.37035608
13981.222456 6.37035608
13981.226347 6.37035608
13981.230077 6.37035608
13981.233788 6.37035608
13981.237490 6.37035608
13981.241200 6.37035608
13981.244902 6.37035608
13981.248615 6.37035608
13981.252457 6.37035608
13981.256202 6.37035608
13981.259906 6.37035608
13981.263620 6.37035608
13981.267318 6.37035608
13981.271030 6.37035608
13981.274780 6.37035608
13981.278541 6.37035608
13981.282253 6.37035608
13981.286401 6.37035608
13981.290255 6.37035608
13981.294039 6.37035608
13981.297727 6.37035608
13981.301543 6.37035608
13981.305259 6.37035608
13981.308984 6.37035608
13981.312669 6.37035608
13981.316396 6.37035608
13981.320085 6.37035608
13981.323970 6.37035608
13981.327941 6.37035608
13981.331701 6.37035608
13981.335391 6.37035608
13981.339117 6.37035608
13981.342805 6.37035608
13981.346528 6.37035608
13981.350304 6.37035608
13981.354052 6.37035608
13981.357739 6.37035608
13981.361372 6.37035608
13981.365058 6.37035608
13981.368777 6.37035608
13981.372469 6.37035608
13981.376301 6.37035608
13981.380020 6.37035608
13981.383737 6.37035608
13981.387433 6.37035608
13981.391324 6.37035608
13981.395119 6.37035608
13981.398867 6.37035608
13981.402650 6.37035608
13981.406400 6.37035608
13981.410090 6.37035608
13981.413808 6.37035608
13981.417502 6.37035608
13981.421221 6.37035608
13981.425070 6.37035608
13981.428972 6.37035608
13981.432692 6.37035608
13981.436413 6.37035608
13981.440108 6.37035608
13981.443829 6.37035608
13981.447523 6.37035608
13981.451333 6.36272240
13981.455054 6.36272240
13981.458773 6.36272240
13981.462466 6.36272240
13981.466188 6.36272240
13981.469880 6.36272240
13981.473598 6.36272240
13981.477468 6.36272240
13981.481224 6.36272240
13981.484919 6.36272240
13981.488642 6.36272240
13981.492494 6.36272240
13981.496338 6.36272240
13981.500119 6.36272240
13981.503885 6.36272240
13981.507589 6.36272240
13981.511306 6.36272240
13981.515003 6.36272240
13981.518718 6.36272240
13981.522416 6.36272240
13981.526342 6.36272240
13981.530148 6.36272240
13981.533791 6.36272240
13981.537489 6.36272240
13981.541213 6.36272240
13981.544907 6.36272240
13981.548629 6.36272240
13981.552406 6.36272240
13981.556156 6.36272240
13981.559841 6.36272240
13981.562974 6.36272240
13981.566520 6.36272240
13981.570246 6.36272240
13981.573935 6.36272240
13981.577803 6.36272240
13981.581521 6.36272240
13981.585247 6.36272240
13981.588938 6.36272240
13981.592657 6.36272240
13981.595969 6.36272240
13981.599718 6.36272240
13981.603517 6.36272240
13981.607211 6.36272240
13981.610936 6.36272240
13981.614623 6.36272240
13981.618349 6.36272240
13981.622037 6.36272240
13981.626056 6.36272240
13981.629896 6.36272240
13981.633614 6.36272240
13981.637314 6.36272240
13981.641033 6.36272240
13981.644730 6.36272240
13981.648449 6.36272240
13981.652226 6.36272240
13981.655385 6.36272240
13981.658928 6.36272240
13981.662651 6.36272240
13981.666339 6.36272240
13981.670067 6.36272240
13981.673758 6.36272240
13981.677569 6.36272240
13981.681292 6.36272240
13981.685017 6.36272240
13981.688708 6.36272240
13981.692431 6.36272240
13981.696257 6.36272240
13981.700196 6.36272240
13981.703970 6.36272240
13981.707687 6.36272240
13981.711388 6.36272240
13981.715103 6.36272240
13981.718804 6.36272240
13981.722518 6.36272240
13981.726397 4.91231155
13981.730289 4.91231155
13981.734084 4.91231155
13981.737792 4.91231155
13981.741488 4.91231155
13981.745195 4.91231155
13981.748893 4.91231155
13981.752686 4.91231155
13981.756416 4.91231155
13981.760123 4.91231155
13981.764351 4.91231155
13981.768273 4.91231155
13981.771998 4.91231155
13981.775220 4.91231155
13981.778819 4.91231155
13981.782560 4.91231155
13981.786263 4.91231155
13981.789999 4.91231155
13981.793700 4.91231155
13981.797440 4.91231155
13981.801408 4.91231155
13981.805266 4.91231155
13981.809005 4.91231155
13981.812728 4.91231155
13981.816653 4.91231155
13981.820421 4.91231155
13981.824138 4.91231155
13981.827957 4.91231155
13981.831860 4.91231155
13981.835689 4.91231155
13981.839406 4.91231155
13981.843128 4.91231155
13981.846838 4.91231155
13981.850650 4.91231155
13981.854395 4.91231155
13981.858122 4.91231155
13981.861834 4.91231155
13981.865558 4.91231155
13981.869270 4.91231155
13981.872999 4.91231155
13981.876816 4.91231155
13981.880575 4.91231155
13981.884291 4.91231155
13981.888020 4.91231155
13981.891723 4.91231155
13981.895455 4.91231155
13981.899168 4.91231155
13981.903100 4.91231155
13981.906926 4.91231155
13981.910681 4.91231155
13981.914388 4.91231155
13981.918122 4.91231155
13981.921828 4.91231155
13981.925649 4.91231155
13981.929388 4.91231155
13981.933273 4.91231155
13981.937079 4.91231155
13981.940815 4.91231155
13981.944520 4.91231155
13981.948253 4.91231155
13981.952133 4.91231155
13981.955914 4.91231155
13981.959618 4.91231155
13981.963351 4.91231155
13981.967056 4.91231155
13981.970788 4.91231155
13981.974495 4.91231155
13981.978335 4.91231155
13981.982076 4.91231155
13981.985815 4.91231155
13981.989521 4.91231155
13981.993247 4.91231155
13981.996955 4.91231155
13982.000772 4.87032604
13982.004677 4.87032604
13982.008522 4.87032604
13982.012259 4.87032604
13982.015413 4.87032604
13982.018926 4.87032604
13982.022655 4.87032604
13982.026454 4.87032604
13982.030222 4.87032604
13982.034075 4.87032604
13982.037907 4.87032604
13982.041618 4.87032604
13982.045356 4.87032604
13982.049075 4.87032604
13982.052900 4.87032604
13982.056634 4.87032604
13982.060371 4.87032604
13982.064076 4.87032604
13982.067814 4.87032604
13982.071520 4.87032604
13982.075348 4.87032604
13982.079082 4.87032604
13982.082823 4.87032604
13982.086529 4.87032604
13982.090272 4.87032604
13982.093983 4.87032604
13982.097722 4.87032604
13982.101599 4.87032604
13982.105554 4.87032604
13982.109373 4.87032604
13982.113129 4.87032604
13982.116727 4.87032604
13982.119836 4.87032604
13982.122726 4.87032604
13982.125670 4.87032604
13982.128562 4.87032604
13982.131432 4.87032604
13982.134429 4.87032604
13982.137422 4.87032604
13982.165824 4.87032604
13982.169526 4.87032604
13982.173297 4.87032604
13982.177088 4.87032604
13982.180846 4.87032604
13982.184546 4.87032604
13982.188277 4.87032604
13982.191971 4.87032604
13982.195131 4.87032604
13982.198643 4.87032604
13982.202515 4.87032604
13982.206245 4.87032604
13982.210166 4.87032604
13982.213977 4.87032604
13982.217737 4.87032604
13982.221434 4.87032604
13982.225262 4.87032604
13982.228986 4.87032604
13982.232722 4.87032604
13982.236573 4.87032604
13982.240402 4.87032604
13982.244101 4.87032604
13982.247840 4.87032604
13982.251726 4.87032604
13982.255506 4.87032604
13982.259204 4.87032604
13982.262938 4.87032604
13982.266640 4.87032604
13982.270376 4.87032604
13982.274075 4.73291874
13982.277899 4.73291874
13982.281628 4.73291874
13982.285365 4.73291874
13982.289061 4.73291874
13982.292799 4.73291874
13982.296500 4.73291874
13982.300316 4.73291874
13982.304045 4.73291874
13982.307782 4.73291874
13982.311647 4.73291874
13982.315499 4.73291874
13982.319227 4.73291874
13982.322956 4.73291874
13982.326815 4.73291874
13982.330573 4.73291874
13982.334283 4.73291874
13982.338163 4.73291874
13982.341972 4.73291874
13982.345703 4.73291874
13982.349411 4.73291874
13982.353226 4.73291874
13982.356961 4.73291874
13982.360691 4.73291874
13982.364398 4.73291874
13982.368127 4.73291874
13982.371830 4.73291874
13982.375653 4.73291874
13982.379389 4.73291874
13982.383119 4.73291874
13982.386824 4.73291874
13982.390553 4.73291874
13982.394263 4.73291874
13982.397992 4.73291874
13982.401823 4.73291874
13982.405588 4.73291874
13982.409295 4.73291874
13982.413153 4.73291874
13982.417013 4.73291874
13982.420784 4.73291874
13982.424481 4.73291874
13982.428312 4.73291874
13982.432033 4.73291874
13982.435773 4.73291874
13982.439619 4.73291874
13982.443454 4.73291874
13982.447149 4.73291874
13982.450977 4.73291874
13982.454700 4.73291874
13982.458443 4.73291874
13982.462135 4.73291874
13982.465877 4.73291874
13982.469576 4.73291874
13982.473318 4.73291874
13982.477157 4.73291874
13982.480931 4.73291874
13982.484624 4.73291874
13982.488368 4.73291874
13982.492059 4.73291874
13982.495803 4.73291874
13982.499498 4.73291874
13982.503324 4.73291874
13982.507046 4.73291874
13982.510784 4.73291874
13982.514613 4.73291874
13982.518505 4.73291874
13982.522247 4.73291874
13982.526061 4.73291874
13982.529798 4.73291874
13982.533527 4.73291874
13982.537265 4.73291874
13982.541148 4.73291874
13982.544964 4.76345396
13982.548687 4.76345396
13982.552584 4.76345396
13982.556354 4.76345396
13982.560068 4.76345396
13982.563793 4.76345396
13982.567508 4.76345396
13982.571233 4.76345396
13982.574998 4.76345396
13982.578775 4.76345396
13982.582495 4.76345396
13982.586218 4.76345396
13982.589926 4.76345396
13982.593651 4.76345396
13982.597361 4.76345396
13982.601196 4.76345396
13982.604940 4.76345396
13982.608669 4.76345396
13982.612381 4.76345396
13982.616106 4.76345396
13982.619988 4.76345396
13982.623825 4.76345396
13982.627652 4.76345396
13982.631405 4.76345396
13982.635115 4.76345396
13982.638838 4.76345396
13982.642698 4.76345396
13982.646519 4.76345396
13982.650316 4.76345396
13982.654070 4.76345396
13982.657782 4.76345396
13982.661506 4.76345396
13982.665216 4.76345396
13982.668944 4.76345396
13982.672651 4.76345396
13982.675876 4.76345396
13982.679470 4.76345396
13982.683223 4.76345396
13982.687273 4.76345396
13982.690996 4.76345396
13982.694714 4.76345396
13982.698452 4.76345396
13982.702357 4.76345396
13982.706134 4.76345396
13982.709872 4.76345396
13982.713607 4.76345396
13982.717350 4.76345396
13982.721162 4.76345396
13982.725021 4.76345396
13982.728830 4.76345396
13982.732569 4.76345396
13982.736305 4.76345396
13982.740042 4.76345396
13982.743932 4.76345396
13982.747774 4.76345396
13982.751592 4.76345396
13982.755359 4.76345396
13982.759094 4.76345396
13982.762829 4.76345396
13982.766562 4.76345396
13982.770298 4.76345396
13982.774030 4.76345396
13982.777844 4.76345396
13982.781609 4.76345396
13982.785349 4.76345396
13982.789084 4.76345396
13982.792824 4.76345396
13982.796557 4.76345396
13982.800379 4.76345396
13982.804149 4.76345396
13982.807885 4.76345396
13982.811619 4.76345396
13982.815355 4.76345396
13982.819088 5.58026409
13982.822977 5.58026409
13982.826951 5.58026409
13982.830734 5.58026409
13982.834478 5.58026409
13982.838210 5.58026409
13982.841948 5.58026409
13982.845835 5.58026409
13982.849726 5.58026409
13982.853512 5.58026409
13982.857259 5.58026409
13982.860989 5.58026409
13982.864728 5.58026409
13982.868844 5.58026409
13982.872153 5.58026409
13982.875336 5.58026409
13982.878345 5.58026409
13982.881322 5.58026409
13982.884307 5.58026409
13982.888193 5.58026409
13982.891977 5.58026409
13982.895084 5.58026409
13982.898044 5.58026409
13982.901601 5.58026409
13982.906268 5.58026409
13982.910258 5.58026409
13982.913989 5.58026409
13982.917720 5.58026409
13982.921413 5.58026409
13982.925362 5.58026409
13982.929176 5.58026409
13982.933149 5.58026409
13982.936883 5.58026409
13982.940615 5.58026409
13982.944315 5.58026409
13982.948207 5.58026409
13982.952185 5.58026409
13982.955940 5.58026409
13982.959652 5.58026409
13982.963369 5.58026409
13982.967074 5.58026409
13982.970790 5.58026409
13982.974500 5.58026409
13982.978301 5.58026409
13982.982043 5.58026409
13982.985682 5.58026409
13982.989870 5.58026409
13982.993706 5.58026409
13982.997418 5.58026409
13983.001231 5.58026409
13983.004960 5.58026409
13983.008676 5.58026409
13983.012316 5.58026409
13983.016045 5.58026409
13983.019747 5.58026409
13983.023461 5.58026409
13983.027430 5.58026409
13983.031302 5.58026409
13983.035031 5.58026409
13983.038751 5.58026409
13983.042460 5.58026409
13983.046184 5.58026409
13983.050095 5.58026409
13983.053943 5.58026409
13983.057673 5.58026409
13983.061401 5.58026409
13983.065119 5.58026409
13983.068845 5.58026409
13983.072557 5.58026409
13983.076358 5.58026409
13983.080111 5.58026409
13983.083839 5.58026409
13983.087554 5.58026409
13983.091281 5.58026409
13983.094993 5.74438953
13983.098712 5.74438953
13983.102573 5.74438953
13983.106339 5.74438953
13983.110042 5.74438953
13983.113675 5.74438953
13983.117372 5.74438953
13983.121099 5.74438953
13983.124880 5.74438953
13983.128642 5.74438953
13983.132501 5.74438953
13983.136347 5.74438953
13983.140076 5.74438953
13983.143796 5.74438953
13983.147502 5.74438953
13983.151411 5.74438953
13983.155232 5.74438953
13983.158369 5.74438953
13983.161908 5.74438953
13983.165642 5.74438953
13983.169343 5.74438953
13983.172994 5.74438953
13983.176745 5.74438953
13983.180521 5.74438953
13983.184223 5.74438953
13983.187953 5.74438953
13983.191656 5.74438953
13983.195384 5.74438953
13983.199086 5.74438953
13983.202918 5.74438953
13983.206691 5.74438953
13983.210419 5.74438953
13983.214130 5.74438953
13983.217850 5.74438953
13983.221559 5.74438953
13983.225367 5.74438953
13983.229113 5.74438953
13983.232994 5.74438953
13983.236816 5.74438953
13983.240561 5.74438953
13983.244272 5.74438953
13983.247990 5.74438953
13983.251901 5.74438953
13983.255736 5.74438953
13983.259446 5.74438953
13983.263165 5.74438953
13983.266878 5.74438953
13983.270596 5.74438953
13983.274307 5.74438953
13983.278106 5.74438953
13983.281855 5.74438953
13983.285568 5.74438953
13983.289281 5.74438953
13983.293001 5.74438953
13983.296714 5.74438953
13983.300514 5.74438953
13983.304261 5.74438953
13983.307983 5.74438953
13983.311690 5.74438953
13983.315412 5.74438953
13983.319124 5.74438953
13983.322845 5.74438953
13983.326719 5.74438953
13983.330486 5.74438953
13983.334368 5.74438953
13983.338239 5.74438953
13983.341987 5.74438953
13983.345699 5.74438953
13983.349421 5.74438953
13983.353334 5.74438953
13983.357179 5.74438953
13983.360888 5.74438953
13983.364607 5.74438953
13983.368320 5.34743500
13983.372041 5.34743500
13983.375831 5.34743500
13983.379585 5.34743500
13983.383297 5.34743500
13983.387015 0.0000
