14789.260515 0.0000
14789.319032 5.44285679
14789.377483 5.44285679
14789.435911 5.44285679
14789.494998 5.30163240
14789.552665 5.30163240
14789.610849 5.30163240
14789.669313 5.30163240
14789.727715 5.30163240
14789.786626 6.43142605
14789.845564 6.43142605
14789.904076 6.43142605
14789.962358 6.43142605
14790.020754 9.30171204
14790.079465 9.30171204
14790.138016 9.30171204
14790.196385 9.30171204
14790.254815 9.30171204
14790.313179 10.02691746
14790.372191 10.02691746
14790.430297 10.02691746
14790.488689 10.02691746
14790.547014 10.02691746
14790.605378 10.09943771
14790.663770 10.09943771
14790.722169 10.09943771
14790.780524 10.09943771
14790.838924 9.97729874
14790.897307 9.97729874
14790.955753 9.97729874
14791.014112 9.97729874
14791.072522 9.97729874
14791.130994 9.92004490
14791.189291 9.92004490
14791.247705 9.92004490
14791.306094 9.92004490
14791.364471 9.92004490
14791.423586 10.19867706
14791.481318 10.19867706
14791.539470 10.19867706
14791.597771 10.19867706
14791.656167 10.19867706
14791.714498 9.74828625
14791.773007 9.74828625
14791.831332 9.74828625
14791.890136 9.74828625
14791.948398 9.99256611
14792.006719 9.99256611
14792.065536 9.99256611
14792.123885 9.99256611
14792.182328 9.99256611
14792.240735 10.06890297
14792.299154 10.06890297
14792.358246 10.06890297
14792.416753 10.06890297
14792.475385 10.06890297
14792.533726 10.14142323
14792.592141 10.14142323
14792.650495 10.14142323
14792.709014 10.14142323
14792.767365 9.76355362
14792.825678 9.76355362
14792.884430 9.76355362
14792.942781 9.76355362
14793.001639 9.76355362
14793.060432 6.02683783
14793.118804 6.02683783
14793.177304 6.02683783
14793.235649 6.02683783
14793.294117 6.02683783
14793.352586 5.69477034
14793.411024 5.69477034
14793.469399 5.69477034
14793.527854 5.69477034
14793.586222 5.66041803
14793.644506 5.66041803
14793.703028 5.66041803
14793.761425 5.66041803
14793.819861 5.66041803
14793.878202 5.63370037
14793.936566 5.63370037
14793.995001 5.63370037
14794.053637 5.63370037
14794.112036 0.0000
