12660.180653 0.0000
12660.183948 5.04971886
12660.187751 5.04971886
12660.191477 5.04971886
12660.195154 5.04971886
12660.198852 5.04971886
12660.202535 5.04971886
12660.206227 5.04971886
12660.209992 5.04971886
12660.213719 5.04971886
12660.217400 5.04971886
12660.221091 5.04971886
12660.224942 5.04971886
12660.228732 5.04971886
12660.232678 5.04971886
12660.236589 5.04971886
12660.240319 5.04971886
12660.244009 5.04971886
12660.247693 5.04971886
12660.251387 5.04971886
12660.255069 5.04971886
12660.258761 5.04971886
12660.262651 5.04971886
12660.266456 5.04971886
12660.270145 5.04971886
12660.273840 5.04971886
12660.277525 5.04971886
12660.281218 5.04971886
12660.284983 5.04971886
12660.288715 5.04971886
12660.292400 5.04971886
12660.296095 5.04971886
12660.299779 5.04971886
12660.303476 5.04971886
12660.307159 5.04971886
12660.310931 5.04971886
12660.314650 5.04971886
12660.318340 5.04971886
12660.322024 4.74436951
12660.325720 4.74436951
12660.329510 4.74436951
12660.333322 4.74436951
12660.337125 4.74436951
12660.340848 4.74436951
12660.344539 4.74436951
12660.348230 4.74436951
12660.351919 4.74436951
12660.355609 4.74436951
12660.359362 4.74436951
12660.363227 4.74436951
12660.367031 4.74436951
12660.370725 4.74436951
12660.374413 4.74436951
12660.378101 4.74436951
12660.381783 4.74436951
12660.385650 4.74436951
12660.389393 4.74436951
12660.393083 4.74436951
12660.396775 4.74436951
12660.400463 4.74436951
12660.404158 4.74436951
12660.407846 4.74436951
12660.411615 4.74436951
12660.415335 4.74436951
12660.419025 4.74436951
12660.422714 4.74436951
12660.426407 4.74436951
12660.430261 4.74436951
12660.434083 4.74436951
12660.437887 4.74436951
12660.441613 4.74436951
12660.445300 4.74436951
12660.448986 4.74436951
12660.452677 4.74436951
12660.456363 4.74436951
12660.460137 4.74436951
12660.463992 4.74436951
12660.467779 4.74436951
12660.471470 4.74436951
12660.475160 4.74436951
12660.478848 4.74436951
12660.482532 4.74436951
12660.485775 4.74436951
12660.489350 4.74436951
12660.493052 4.74436951
12660.496731 4.74436951
12660.500428 4.74436951
12660.504111 4.74436951
12660.507808 4.74436951
12660.511602 4.74436951
12660.515348 4.74436951
12660.519032 4.74436951
12660.522732 4.74436951
12660.526411 4.74436951
12660.530112 4.74436951
12660.533963 4.74436951
12660.537863 4.74436951
12660.541609 4.74436951
12660.545305 4.74436951
12660.548989 4.74436951
12660.552684 4.74436951
12660.556368 4.74436951
12660.560137 4.74436951
12660.563995 4.74436951
12660.567796 4.74436951
12660.571482 4.74436951
12660.575176 4.74436951
12660.578860 4.74436951
12660.582554 4.74436951
12660.586313 4.74436951
12660.590049 4.74436951
12660.593733 4.74436951
12660.597430 7.06120968
12660.601114 7.06120968
12660.604807 7.06120968
12660.608493 7.06120968
12660.612315 7.06120968
12660.616041 7.06120968
12660.619735 7.06120968
12660.623421 7.06120968
12660.627111 7.06120968
12660.630794 7.06120968
12660.634652 7.06120968
12660.638543 7.06120968
12660.642293 7.06120968
12660.645980 7.06120968
12660.649675 7.06120968
12660.653361 7.06120968
12660.657053 7.06120968
12660.660814 7.06120968
12660.664680 7.06120968
12660.668464 7.06120968
12660.672155 7.06120968
12660.675841 7.06120968
12660.679530 7.06120968
12660.683220 7.06120968
12660.687087 7.06120968
12660.690842 7.06120968
12660.694524 7.06120968
12660.698219 7.06120968
12660.701893 7.06120968
12660.705593 7.06120968
12660.709331 7.06120968
12660.713072 7.06120968
12660.716770 7.06120968
12660.720466 7.06120968
12660.724146 7.06120968
12660.727844 7.06120968
12660.731523 7.06120968
12660.735299 7.06120968
12660.739163 7.06120968
12660.742970 7.06120968
12660.746680 7.06120968
12660.750374 7.06120968
12660.754062 7.06120968
12660.757756 7.06120968
12660.761580 7.06120968
12660.765449 7.06120968
12660.769239 7.06120968
12660.772944 7.06120968
12660.776634 7.06120968
12660.780329 7.06120968
12660.784026 7.06120968
12660.787805 7.06120968
12660.791532 7.06120968
12660.795231 7.06120968
12660.798931 7.06120968
12660.802635 7.06120968
12660.806330 7.06120968
12660.810110 7.06120968
12660.813840 7.06120968
12660.817537 7.06120968
12660.821230 7.06120968
12660.824927 7.06120968
12660.828617 7.06120968
12660.832316 7.06120968
12660.836090 7.06120968
12660.839977 7.06120968
12660.843785 7.06120968
12660.847520 7.06120968
12660.851691 7.06120968
12660.856088 7.06120968
12660.859375 7.06120968
12660.862921 7.06120968
12660.866762 7.06120968
12660.870539 4.70620060
12660.874265 4.70620060
12660.877968 4.70620060
12660.881689 4.70620060
12660.885501 4.70620060
12660.889260 4.70620060
12660.892965 4.70620060
12660.896683 4.70620060
12660.900387 4.70620060
12660.904108 4.70620060
12660.907805 4.70620060
12660.911606 4.70620060
12660.915340 4.70620060
12660.919059 4.70620060
12660.922763 4.70620060
12660.926483 4.70620060
12660.930189 4.70620060
12660.933940 4.70620060
12660.937729 4.70620060
12660.941617 4.70620060
12660.944873 4.70620060
12660.947924 4.70620060
12660.951549 4.70620060
12660.955281 4.70620060
12660.958986 4.70620060
12660.962795 4.70620060
12660.966667 4.70620060
12660.970487 4.70620060
12660.973590 4.70620060
12660.976542 4.70620060
12660.979519 4.70620060
12660.983008 4.70620060
12660.987119 4.70620060
12660.991006 4.70620060
12660.994725 4.70620060
12660.997841 4.70620060
12661.001368 4.70620060
12661.005096 4.70620060
12661.008803 4.70620060
12661.012616 4.70620060
12661.016355 4.70620060
12661.020086 4.70620060
12661.023787 4.70620060
12661.027517 4.70620060
12661.031217 4.70620060
12661.035025 4.70620060
12661.038767 4.70620060
12661.042497 4.70620060
12661.046369 4.70620060
12661.050205 4.70620060
12661.053925 4.70620060
12661.057082 4.70620060
12661.060670 4.70620060
12661.064387 4.70620060
12661.068235 4.70620060
12661.072060 4.70620060
12661.075776 4.70620060
12661.079501 4.70620060
12661.083214 4.70620060
12661.087068 4.70620060
12661.090821 4.70620060
12661.094546 4.70620060
12661.098257 4.70620060
12661.101980 4.70620060
12661.105684 4.70620060
12661.109468 4.70620060
12661.113214 4.70620060
12661.116942 4.70620060
12661.120644 4.70620060
12661.124362 4.70620060
12661.128065 4.70620060
12661.131783 4.70620060
12661.135600 4.70620060
12661.139367 4.70620060
12661.143072 4.09550142
12661.146952 4.09550142
12661.150757 4.09550142
12661.154501 4.09550142
12661.158212 4.09550142
12661.162017 4.09550142
12661.165763 4.09550142
12661.169625 4.09550142
12661.173442 4.09550142
12661.177163 4.09550142
12661.180870 4.09550142
12661.184654 4.09550142
12661.188404 4.09550142
12661.192126 4.09550142
12661.195835 4.09550142
12661.199552 4.09550142
12661.203256 4.09550142
12661.206972 4.09550142
12661.210907 4.09550142
12661.214666 4.09550142
12661.218381 4.09550142
12661.222102 4.09550142
12661.225804 4.09550142
12661.229527 4.09550142
12661.233234 4.09550142
12661.237030 4.09550142
12661.240768 4.09550142
12661.244487 4.09550142
12661.248355 4.09550142
12661.252186 4.09550142
12661.255911 4.09550142
12661.259700 4.09550142
12661.263450 4.09550142
12661.267181 4.09550142
12661.271019 4.09550142
12661.274844 4.09550142
12661.278549 4.09550142
12661.282273 4.09550142
12661.286135 4.09550142
12661.289873 4.09550142
12661.293575 4.09550142
12661.297295 4.09550142
12661.300991 4.09550142
12661.304717 4.09550142
12661.308417 4.09550142
12661.311652 4.09550142
12661.315242 4.09550142
12661.318977 4.09550142
12661.322679 4.09550142
12661.326402 4.09550142
12661.330104 4.09550142
12661.333832 4.09550142
12661.337632 4.09550142
12661.341395 4.09550142
12661.345100 4.09550142
12661.348825 4.09550142
12661.352605 4.09550142
12661.356405 4.09550142
12661.360215 4.09550142
12661.363981 4.09550142
12661.367674 4.09550142
12661.371539 4.09550142
12661.375349 4.09550142
12661.379083 4.09550142
12661.382781 4.09550142
12661.386587 4.09550142
12661.390319 4.09550142
12661.394046 4.09550142
12661.397742 4.09550142
12661.401470 4.09550142
12661.405167 4.09550142
12661.408898 4.09550142
12661.412737 4.09550142
12661.416512 4.04206514
12661.420205 4.04206514
12661.423936 4.04206514
12661.427631 4.04206514
12661.431359 4.04206514
12661.435145 4.04206514
12661.438909 4.04206514
12661.442602 4.04206514
12661.446329 4.04206514
12661.450026 4.04206514
12661.453917 4.04206514
12661.457724 4.04206514
12661.461606 4.04206514
12661.465356 4.04206514
12661.469422 4.04206514
12661.473918 4.04206514
12661.477083 4.04206514
12661.480556 4.04206514
12661.484312 4.04206514
12661.488038 4.04206514
12661.491740 4.04206514
12661.495423 4.04206514
12661.499114 4.04206514
12661.502800 4.04206514
12661.506487 4.04206514
12661.510229 4.04206514
12661.513929 4.04206514
12661.517612 4.04206514
12661.521311 4.04206514
12661.524993 4.04206514
12661.528690 4.04206514
12661.532369 4.04206514
12661.536146 4.04206514
12661.539865 4.04206514
12661.543561 4.04206514
12661.547245 4.04206514
12661.550955 4.04206514
12661.554637 4.04206514
12661.558500 4.04206514
12661.562441 4.04206514
12661.566195 4.04206514
12661.569880 4.04206514
12661.573707 4.04206514
12661.577479 4.04206514
12661.581210 4.04206514
12661.584985 4.04206514
12661.588752 4.04206514
12661.592452 4.04206514
12661.596177 4.04206514
12661.599879 4.04206514
12661.603603 4.04206514
12661.607303 4.04206514
12661.611100 4.04206514
12661.614839 4.04206514
12661.618566 4.04206514
12661.622263 4.04206514
12661.625983 4.04206514
12661.629689 4.04206514
12661.633414 4.04206514
12661.637188 4.04206514
12661.640950 4.04206514
12661.644651 4.04206514
12661.648377 4.04206514
12661.652079 4.04206514
12661.655800 4.04206514
12661.659688 4.04206514
12661.663516 4.04206514
12661.667251 4.04206514
12661.670979 4.04206514
12661.674809 4.04206514
12661.678024 4.04206514
12661.681569 4.04206514
12661.685386 4.04206514
12661.689132 4.04206514
12661.692855 4.04206514
12661.696561 4.04206514
12661.700283 4.04206514
12661.703985 4.04206514
12661.707709 4.04206514
12661.711531 4.04206514
12661.715292 4.04206514
12661.718406 4.04206514
12661.721941 4.04206514
12661.725661 4.04206514
12661.729368 4.04206514
12661.733096 4.04206514
12661.736880 4.04206514
12661.740636 4.04206514
12661.744335 4.04206514
12661.747494 4.04206514
12661.751268 4.04206514
12661.755044 4.04206514
12661.758719 4.04206514
12661.762648 4.04206514
12661.766450 4.04206514
12661.770175 4.04206514
12661.773296 4.04206514
12661.776934 4.04206514
12661.780721 4.04206514
12661.784467 4.04206514
12661.788215 4.04206514
12661.791900 4.04206514
12661.795605 4.04206514
12661.799280 4.04206514
12661.802985 4.04206514
12661.806659 4.04206514
12661.810497 4.04206514
12661.814213 4.04206514
12661.817922 4.04206514
12661.821593 4.04206514
12661.825300 4.04206514
12661.828973 4.04206514
12661.832676 4.04206514
12661.836422 4.04206514
12661.840164 4.04206514
12661.843841 4.04206514
12661.847896 4.04206514
12661.852216 4.04206514
12661.855397 4.04206514
12661.858868 4.04206514
12661.862873 4.04206514
12661.866685 4.04206514
12661.870412 4.04206514
12661.874116 4.04206514
12661.877871 4.04206514
12661.881645 4.04206514
12661.885434 4.04206514
12661.889183 4.04206514
12661.892890 4.04206514
12661.896514 4.04206514
12661.900184 4.04206514
12661.903876 4.04206514
12661.907595 4.04206514
12661.911365 4.04206514
12661.915120 4.04206514
12661.918819 4.04206514
12661.922534 4.04206514
12661.926229 4.04206514
12661.929948 4.04206514
12661.933648 4.04206514
12661.937482 4.04206514
12661.941220 4.04206514
12661.944943 4.04206514
12661.948639 4.04206514
12661.952355 4.04206514
12661.956051 4.04206514
12661.959845 4.04206514
12661.963584 3.99244595
12661.967457 3.99244595
12661.971233 3.99244595
12661.974960 3.99244595
12661.978808 3.99244595
12661.982619 3.99244595
12661.986413 3.99244595
12661.990156 3.99244595
12661.993867 3.99244595
12661.997571 3.99244595
12662.001282 3.99244595
12662.004993 3.99244595
12662.008709 3.99244595
12662.012552 3.99244595
12662.016311 3.99244595
12662.020020 3.99244595
12662.023733 3.99244595
12662.027442 3.99244595
12662.031156 3.99244595
12662.034948 3.99244595
12662.038698 3.99244595
12662.042409 3.99244595
12662.046119 3.99244595
12662.049824 3.99244595
12662.053542 3.99244595
12662.057256 3.99244595
12662.061065 3.99244595
12662.064824 3.99244595
12662.068687 3.99244595
12662.072477 3.99244595
12662.076201 3.99244595
12662.080065 3.99244595
12662.083262 3.99244595
12662.086885 3.99244595
12662.090604 3.99244595
12662.094319 3.99244595
12662.098048 3.99244595
12662.101758 3.99244595
12662.105488 3.99244595
12662.109241 3.99244595
12662.113005 3.99244595
12662.116726 3.99244595
12662.120449 3.99244595
12662.124146 3.99244595
12662.127873 3.99244595
12662.131562 3.99244595
12662.135359 3.99244595
12662.139098 3.99244595
12662.142821 3.99244595
12662.146518 3.99244595
12662.150245 3.99244595
12662.153945 3.99244595
12662.157670 3.99244595
12662.161532 3.99244595
12662.165275 3.99244595
12662.169144 3.99244595
12662.173023 3.99244595
12662.176761 3.99244595
12662.180621 3.99244595
12662.184503 3.99244595
12662.188275 3.99244595
12662.191987 3.99244595
12662.195710 3.99244595
12662.199407 3.99244595
12662.203130 3.99244595
12662.206831 3.99244595
12662.210630 3.99244595
12662.214369 3.99244595
12662.218093 3.99244595
12662.221790 3.99244595
12662.225513 3.99244595
12662.229216 3.99244595
12662.232939 3.99244595
12662.236713 5.12223959
12662.240478 5.12223959
12662.244178 5.12223959
12662.247903 5.12223959
12662.251604 5.12223959
12662.255328 5.12223959
12662.259026 5.12223959
12662.262874 5.12223959
12662.266619 5.12223959
12662.270351 5.12223959
12662.274216 5.12223959
12662.278036 5.12223959
12662.281882 5.12223959
12662.285736 5.12223959
12662.289477 5.12223959
12662.293198 5.12223959
12662.296902 5.12223959
12662.300621 5.12223959
12662.304322 5.12223959
12662.308045 5.12223959
12662.311889 5.12223959
12662.315661 5.12223959
12662.319367 5.12223959
12662.323090 5.12223959
12662.326792 5.12223959
12662.330512 5.12223959
12662.334282 5.12223959
12662.338040 5.12223959
12662.341753 5.12223959
12662.345473 5.12223959
12662.349173 5.12223959
12662.352893 5.12223959
12662.356595 5.12223959
12662.360391 5.12223959
12662.364135 5.12223959
12662.367856 5.12223959
12662.371559 5.12223959
12662.375439 5.12223959
12662.379238 5.12223959
12662.383120 5.12223959
12662.387100 5.12223959
12662.390860 5.12223959
12662.394571 5.12223959
12662.398291 5.12223959
12662.402000 5.12223959
12662.405716 5.12223959
12662.409487 5.12223959
12662.413243 5.12223959
12662.416962 5.12223959
12662.420676 5.12223959
12662.424388 5.12223959
12662.428105 5.12223959
12662.431813 5.12223959
12662.435607 5.12223959
12662.439354 5.12223959
12662.443071 5.12223959
12662.446779 5.12223959
12662.450493 5.12223959
12662.454204 5.12223959
12662.457924 5.12223959
12662.461788 5.12223959
12662.465924 5.12223959
12662.469634 5.12223959
12662.473819 5.12223959
12662.477697 5.12223959
12662.481540 5.12223959
12662.485438 5.12223959
12662.489268 5.12223959
12662.492954 5.12223959
12662.496660 5.12223959
12662.500347 5.12223959
12662.504054 5.12223959
12662.507738 5.12223959
12662.511519 6.14897776
12662.515243 6.14897776
12662.518950 6.14897776
12662.522635 6.14897776
12662.526339 6.14897776
12662.530024 6.14897776
12662.533755 6.14897776
12662.537570 6.14897776
12662.541316 6.14897776
12662.545003 6.14897776
12662.548708 6.14897776
12662.552395 6.14897776
12662.556101 6.14897776
12662.559861 6.14897776
12662.563606 6.14897776
12662.567288 6.14897776
12662.570994 6.14897776
12662.574674 6.14897776
12662.578381 6.14897776
12662.582229 6.14897776
12662.586205 6.14897776
12662.590035 6.14897776
12662.593745 6.14897776
12662.597431 6.14897776
12662.601135 6.14897776
12662.604816 6.14897776
12662.607973 6.14897776
12662.611586 6.14897776
12662.615331 6.14897776
12662.619014 6.14897776
12662.622724 6.14897776
12662.626407 6.14897776
12662.630119 6.14897776
12662.633800 6.14897776
12662.637657 6.14897776
12662.641393 6.14897776
12662.645107 6.14897776
12662.648933 6.14897776
12662.652059 6.14897776
12662.655529 6.14897776
12662.659302 6.14897776
12662.663022 6.14897776
12662.666175 6.14897776
12662.669726 6.14897776
12662.673432 6.14897776
12662.677111 6.14897776
12662.680820 6.14897776
12662.684719 6.14897776
12662.688673 6.14897776
12662.692486 6.14897776
12662.696182 6.14897776
12662.699878 6.14897776
12662.703576 6.14897776
12662.707267 6.14897776
12662.711048 6.14897776
12662.714778 6.14897776
12662.718477 6.14897776
12662.722171 6.14897776
12662.725870 6.14897776
12662.729562 6.14897776
12662.733259 6.14897776
12662.737032 6.14897776
12662.740768 6.14897776
12662.744461 6.14897776
12662.748158 6.14897776
12662.751851 6.14897776
12662.755547 6.14897776
12662.759384 6.14897776
12662.763167 6.14897776
12662.766879 6.14897776
12662.770579 6.14897776
12662.774273 6.14897776
12662.777969 6.14897776
12662.781660 6.14897776
12662.785576 5.75202322
12662.789521 5.75202322
12662.793349 5.75202322
12662.797036 5.75202322
12662.800742 5.75202322
12662.804427 5.75202322
12662.808133 5.75202322
12662.811915 0.0000
