12704.018267 0.0000
12704.021587 5.20239401
12704.025405 5.20239401
12704.029134 5.20239401
12704.033013 5.20239401
12704.036745 5.20239401
12704.040485 5.20239401
12704.044217 5.20239401
12704.047951 5.20239401
12704.051959 5.20239401
12704.055846 5.20239401
12704.059686 5.20239401
12704.063451 5.20239401
12704.067360 5.20239401
12704.070485 5.20239401
12704.073974 5.20239401
12704.077710 5.20239401
12704.081490 5.20239401
12704.085272 5.20239401
12704.089007 5.20239401
12704.092743 5.20239401
12704.096467 5.20239401
12704.100203 5.20239401
12704.103917 5.20239401
12704.107838 4.26726055
12704.111612 4.26726055
12704.115336 4.26726055
12704.119060 4.26726055
12704.122692 4.26726055
12704.126367 4.26726055
12704.130092 4.26726055
12704.133925 4.26726055
12704.137686 4.26726055
12704.141412 4.26726055
12704.145136 4.26726055
12704.148862 4.26726055
12704.152732 4.26726055
12704.156755 4.26726055
12704.160619 4.26726055
12704.164360 4.26726055
12704.168148 4.26726055
12704.171902 4.26726055
12704.175635 4.26726055
12704.179350 4.26726055
12704.183224 4.26726055
12704.186975 4.26726055
12704.190713 4.26726055
12704.194427 4.26726055
12704.198161 4.26726055
12704.201873 4.26726055
12704.205606 4.26726055
12704.209403 4.26726055
12704.213169 4.26726055
12704.216885 4.26726055
12704.220617 4.26726055
12704.224334 4.26726055
12704.228066 4.26726055
12704.231843 4.26726055
12704.235622 4.26726055
12704.239344 4.26726055
12704.243074 4.26726055
12704.246789 4.26726055
12704.250522 4.26726055
12704.254358 4.26726055
12704.258412 4.26726055
12704.262253 4.26726055
12704.265994 4.26726055
12704.269723 4.26726055
12704.273447 4.26726055
12704.277170 4.26726055
12704.280898 4.26726055
12704.284727 4.26726055
12704.288494 4.26726055
12704.292223 4.26726055
12704.295948 4.26726055
12704.299668 4.26726055
12704.303390 4.26726055
12704.307194 4.26726055
12704.310957 4.26726055
12704.314678 4.26726055
12704.318403 4.26726055
12704.322130 4.26726055
12704.325854 4.26726055
12704.329580 4.26726055
12704.333383 4.26726055
12704.337144 4.26726055
12704.340870 4.26726055
12704.344596 4.26726055
12704.348318 4.26726055
12704.352042 4.26726055
12704.355883 4.26726055
12704.359887 4.26726055
12704.363737 4.26726055
12704.367478 4.26726055
12704.371209 4.26726055
12704.374929 4.26726055
12704.378662 4.26726055
12704.382464 6.30928612
12704.386231 6.30928612
12704.389949 6.30928612
12704.393684 6.30928612
12704.397403 6.30928612
12704.401137 6.30928612
12704.404854 6.30928612
12704.408760 6.30928612
12704.412499 6.30928612
12704.416231 6.30928612
12704.419948 6.30928612
12704.423675 6.30928612
12704.427395 6.30928612
12704.431127 6.30928612
12704.434927 6.30928612
12704.438691 6.30928612
12704.442410 6.30928612
12704.446134 6.30928612
12704.449854 6.30928612
12704.454126 6.30928612
12704.458048 6.30928612
12704.462045 6.30928612
12704.465865 6.30928612
12704.469623 6.30928612
12704.473337 6.30928612
12704.477069 6.30928612
12704.480788 6.30928612
12704.484605 6.30928612
12704.488361 6.30928612
12704.492092 6.30928612
12704.496152 6.30928612
12704.499878 6.30928612
12704.503583 6.30928612
12704.507372 6.30928612
12704.511112 6.30928612
12704.514821 6.30928612
12704.518528 6.30928612
12704.522239 6.30928612
12704.525946 6.30928612
12704.529656 6.30928612
12704.533500 6.30928612
12704.537247 6.30928612
12704.540956 6.30928612
12704.544666 6.30928612
12704.548373 6.30928612
12704.552085 6.30928612
12704.555797 6.30928612
12704.559744 6.30928612
12704.563712 6.30928612
12704.567559 6.30928612
12704.571298 6.30928612
12704.575010 6.30928612
12704.579214 6.30928612
12704.583183 6.30928612
12704.586834 6.30928612
12704.590549 6.30928612
12704.594254 6.30928612
12704.597972 6.30928612
12704.601677 6.30928612
12704.605397 6.30928612
12704.609186 6.30928612
12704.612936 6.30928612
12704.616641 6.30928612
12704.620357 6.30928612
12704.624062 6.30928612
12704.627778 6.30928612
12704.631539 6.30928612
12704.635301 6.30928612
12704.639018 6.30928612
12704.642982 6.30928612
12704.646740 6.30928612
12704.650462 6.30928612
12704.654176 5.74057245
12704.658050 5.74057245
12704.661973 5.74057245
12704.665960 5.74057245
12704.669786 5.74057245
12704.673539 5.74057245
12704.677244 5.74057245
12704.680973 5.74057245
12704.684766 5.74057245
12704.688524 5.74057245
12704.692230 5.74057245
12704.695961 5.74057245
12704.699891 5.74057245
12704.703793 5.74057245
12704.707598 5.74057245
12704.711367 5.74057245
12704.715096 5.74057245
12704.718836 5.74057245
12704.722567 5.74057245
12704.726307 5.74057245
12704.730034 5.74057245
12704.733945 5.74057245
12704.737674 5.74057245
12704.741412 5.74057245
12704.745141 5.74057245
12704.748883 5.74057245
12704.752613 5.74057245
12704.756351 5.74057245
12704.760164 5.74057245
12704.764093 5.74057245
12704.768082 5.74057245
12704.771918 5.74057245
12704.775662 5.74057245
12704.779408 5.74057245
12704.783223 5.74057245
12704.786998 5.74057245
12704.790721 5.74057245
12704.794466 5.74057245
12704.798193 5.74057245
12704.801937 5.74057245
12704.805661 5.74057245
12704.809546 5.74057245
12704.813304 5.74057245
12704.817042 5.74057245
12704.820766 5.74057245
12704.824508 5.74057245
12704.828233 5.74057245
12704.832060 5.74057245
12704.835815 5.74057245
12704.839558 5.74057245
12704.843282 5.74057245
12704.847025 5.74057245
12704.850747 5.74057245
12704.854488 5.74057245
12704.858294 5.74057245
12704.862069 5.74057245
12704.865948 5.74057245
12704.869785 5.74057245
12704.873652 5.74057245
12704.877451 5.74057245
12704.881196 5.74057245
12704.885103 5.74057245
12704.888773 5.74057245
12704.892818 5.74057245
12704.896537 5.74057245
12704.900257 5.74057245
12704.903958 5.74057245
12704.907780 5.74057245
12704.911506 5.74057245
12704.915239 5.74057245
12704.918855 5.74057245
12704.922567 5.74057245
12704.926269 5.74057245
12704.929995 5.20621061
12704.933982 5.20621061
12704.937885 5.20621061
12704.941607 5.20621061
12704.945356 5.20621061
12704.949075 5.20621061
12704.952823 5.20621061
12704.956622 5.20621061
12704.960410 5.20621061
12704.964137 5.20621061
12704.968030 5.20621061
12704.971814 5.20621061
12704.975095 5.20621061
12704.978770 5.20621061
12704.982595 5.20621061
12704.986353 5.20621061
12704.990102 5.20621061
12704.993825 5.20621061
12704.997569 5.20621061
12705.001292 5.20621061
12705.005042 5.20621061
12705.008853 5.20621061
12705.012634 5.20621061
12705.016358 5.20621061
12705.020108 5.20621061
12705.023831 5.20621061
12705.027582 5.20621061
12705.031309 5.20621061
12705.035255 5.20621061
12705.039042 5.20621061
12705.042788 5.20621061
12705.046524 5.20621061
12705.050266 5.20621061
12705.053997 5.20621061
12705.057821 5.20621061
12705.061587 5.20621061
12705.065329 5.20621061
12705.069169 5.20621061
12705.072980 5.20621061
12705.076884 5.20621061
12705.080723 5.20621061
12705.084569 5.20621061
12705.088345 5.20621061
12705.092079 5.20621061
12705.095820 5.20621061
12705.099554 5.20621061
12705.103295 5.20621061
12705.107115 5.20621061
12705.110879 5.20621061
12705.114613 5.20621061
12705.118360 5.20621061
12705.122088 5.20621061
12705.125823 5.20621061
12705.129554 5.20621061
12705.133370 5.20621061
12705.137127 5.20621061
12705.140858 5.20621061
12705.144584 5.20621061
12705.148325 5.20621061
12705.152056 5.20621061
12705.155789 5.20621061
12705.159655 5.20621061
12705.163424 5.20621061
12705.167159 5.20621061
12705.171048 5.20621061
12705.174880 5.20621061
12705.178755 5.20621061
12705.182629 5.20621061
12705.186412 5.20621061
12705.190062 5.20621061
12705.193731 5.20621061
12705.197458 5.20621061
12705.201190 5.20621061
12705.204922 5.27109766
12705.208802 5.27109766
12705.212578 5.27109766
12705.216314 5.27109766
12705.220045 5.27109766
12705.223777 5.27109766
12705.227511 5.27109766
12705.231246 5.27109766
12705.235057 5.27109766
12705.238828 5.27109766
12705.242561 5.27109766
12705.246296 5.27109766
12705.250026 5.27109766
12705.253758 5.27109766
12705.257569 5.27109766
12705.261342 5.27109766
12705.265075 5.27109766
12705.268715 5.27109766
12705.272542 5.27109766
12705.276359 5.27109766
12705.280228 5.27109766
12705.284256 5.27109766
12705.288045 5.27109766
12705.291773 5.27109766
12705.295503 5.27109766
12705.299231 5.27109766
12705.302959 5.27109766
12705.306741 5.27109766
12705.310519 5.27109766
12705.314255 5.27109766
12705.317981 5.27109766
12705.321706 5.27109766
12705.325433 5.27109766
12705.329158 5.27109766
12705.332977 5.27109766
12705.336733 5.27109766
12705.340460 5.27109766
12705.344188 5.27109766
12705.347915 5.27109766
12705.351642 5.27109766
12705.355371 5.27109766
12705.359261 5.27109766
12705.362991 5.27109766
12705.366713 5.27109766
12705.370446 5.27109766
12705.374767 5.27109766
12705.378705 5.27109766
12705.382630 5.27109766
12705.386511 5.27109766
12705.390264 5.27109766
12705.393991 5.27109766
12705.397710 5.27109766
12705.401438 5.27109766
12705.405072 5.27109766
12705.408564 5.27109766
12705.411655 5.27109766
12705.415764 5.27109766
12705.418921 5.27109766
12705.422376 5.27109766
12705.425524 5.27109766
12705.428506 5.27109766
12705.431643 5.27109766
12705.435328 5.27109766
12705.439053 5.27109766
12705.442760 5.27109766
12705.446478 5.27109766
12705.450184 5.27109766
12705.453817 5.27109766
12705.457797 5.27109766
12705.461582 5.27109766
12705.465293 5.27109766
12705.469016 5.27109766
12705.472730 5.27109766
12705.476629 4.48863935
12705.481153 4.48863935
12705.484405 4.48863935
12705.488072 4.48863935
12705.492194 4.48863935
12705.496170 4.48863935
12705.499917 4.48863935
12705.503604 4.48863935
12705.507483 4.48863935
12705.511213 4.48863935
12705.514933 4.48863935
12705.518619 4.48863935
12705.522340 4.48863935
12705.526023 4.48863935
12705.529740 4.48863935
12705.533528 4.48863935
12705.537283 4.48863935
12705.540972 4.48863935
12705.544690 4.48863935
12705.548374 4.48863935
12705.552093 4.48863935
12705.555782 4.48863935
12705.559578 4.48863935
12705.563300 4.48863935
12705.567017 4.48863935
12705.570703 4.48863935
12705.574411 4.48863935
12705.578269 4.48863935
12705.582164 4.48863935
12705.585879 4.48863935
12705.589755 4.48863935
12705.593541 4.48863935
12705.597273 4.48863935
12705.600961 4.48863935
12705.604676 4.48863935
12705.608453 4.48863935
12705.612203 4.48863935
12705.615894 4.48863935
12705.619609 4.48863935
12705.623298 4.48863935
12705.627009 4.48863935
12705.630701 4.48863935
12705.634536 4.48863935
12705.638538 4.48863935
12705.642333 4.48863935
12705.646031 4.48863935
12705.649737 4.48863935
12705.653434 4.48863935
12705.657220 4.48863935
12705.660953 4.48863935
12705.664659 4.48863935
12705.668354 4.48863935
12705.672060 4.48863935
12705.675758 4.48863935
12705.679648 4.48863935
12705.683530 4.48863935
12705.687273 4.48863935
12705.691128 4.48863935
12705.694935 4.48863935
12705.698655 4.48863935
12705.702363 4.48863935
12705.706062 4.48863935
12705.709854 4.48863935
12705.713589 4.48863935
12705.717297 4.48863935
12705.720994 4.48863935
12705.724701 4.48863935
12705.728399 4.48863935
12705.732192 4.48863935
12705.735949 4.48863935
12705.739661 4.48863935
12705.743361 4.48863935
12705.747065 4.48863935
12705.750762 4.55734301
12705.754465 4.55734301
12705.758297 4.55734301
12705.762039 4.55734301
12705.765739 4.55734301
12705.769443 4.55734301
12705.773139 4.55734301
12705.776847 4.55734301
12705.780696 4.55734301
12705.784608 4.55734301
12705.788345 4.55734301
12705.792151 4.55734301
12705.795984 4.55734301
12705.799711 4.55734301
12705.803408 4.55734301
12705.807202 4.55734301
12705.810932 4.55734301
12705.814637 4.55734301
12705.818333 4.55734301
12705.822039 4.55734301
12705.825738 4.55734301
12705.829447 4.55734301
12705.833236 4.55734301
12705.836968 4.55734301
12705.840665 4.55734301
12705.844373 4.55734301
12705.847999 4.55734301
12705.851719 4.55734301
12705.855419 4.55734301
12705.859202 4.55734301
12705.862934 4.55734301
12705.866638 4.55734301
12705.870339 4.55734301
12705.874043 4.55734301
12705.877740 4.55734301
12705.881605 4.55734301
12705.885552 4.55734301
12705.890077 4.55734301
12705.893894 4.55734301
12705.897687 4.55734301
12705.901535 4.55734301
12705.905257 4.55734301
12705.908477 4.55734301
12705.912083 4.55734301
12705.915810 4.55734301
12705.919508 4.55734301
12705.923225 4.55734301
12705.926925 4.55734301
12705.930646 4.55734301
12705.934425 4.55734301
12705.938180 4.55734301
12705.941876 4.55734301
12705.945591 4.55734301
12705.949285 4.55734301
12705.953000 4.55734301
12705.956828 4.55734301
12705.960630 4.55734301
12705.964341 4.55734301
12705.968056 4.55734301
12705.971751 4.55734301
12705.975470 4.55734301
12705.979165 4.55734301
12705.983082 4.55734301
12705.986901 4.55734301
12705.990527 4.55734301
12705.994222 4.55734301
12705.998093 4.55734301
12706.001903 4.55734301
12706.005649 4.55734301
12706.009494 4.55734301
12706.013252 4.55734301
12706.016959 4.55734301
12706.020679 4.55734301
12706.024383 6.11462593
12706.028102 6.11462593
12706.031887 6.11462593
12706.035641 6.11462593
12706.039347 6.11462593
12706.043069 6.11462593
12706.046772 6.11462593
12706.050495 6.11462593
12706.054200 6.11462593
12706.058002 6.11462593
12706.061743 6.11462593
12706.065463 6.11462593
12706.069167 6.11462593
12706.072889 6.11462593
12706.076589 6.11462593
12706.080314 6.11462593
12706.084215 6.11462593
12706.088049 6.11462593
12706.091754 6.11462593
12706.095475 6.11462593
12706.099174 6.11462593
12706.103055 6.11462593
12706.107014 6.11462593
12706.110786 6.11462593
12706.114483 6.11462593
12706.118107 6.11462593
12706.121807 6.11462593
12706.125521 6.11462593
12706.129226 6.11462593
12706.133052 6.11462593
12706.136789 6.11462593
12706.140507 6.11462593
12706.144208 6.11462593
12706.147919 6.11462593
12706.151621 6.11462593
12706.155337 6.11462593
12706.159118 6.11462593
12706.162866 6.11462593
12706.166566 6.11462593
12706.170334 6.11462593
12706.174069 6.11462593
12706.177780 6.11462593
12706.181542 6.11462593
12706.185449 6.11462593
12706.189252 6.11462593
12706.192968 6.11462593
12706.196669 6.11462593
12706.200387 6.11462593
12706.204246 6.11462593
12706.208165 6.11462593
12706.211917 6.11462593
12706.215625 6.11462593
12706.219331 6.11462593
12706.223042 6.11462593
12706.226746 6.11462593
12706.230457 6.11462593
12706.234368 6.11462593
12706.238133 6.11462593
12706.241831 6.11462593
12706.245544 6.11462593
12706.249239 6.11462593
12706.252955 6.11462593
12706.256713 6.11462593
12706.260478 6.11462593
12706.264183 6.11462593
12706.267901 6.11462593
12706.271598 6.11462593
12706.275313 6.11462593
12706.279011 6.11462593
12706.282814 6.11462593
12706.286666 6.11462593
12706.290471 6.11462593
12706.294167 6.11462593
12706.297884 6.11844254
12706.301582 6.11844254
12706.305461 6.11844254
12706.309338 6.11844254
12706.313100 6.11844254
12706.316796 6.11844254
12706.320510 6.11844254
12706.324213 6.11844254
12706.327927 6.11844254
12706.331690 6.11844254
12706.335454 6.11844254
12706.339159 6.11844254
12706.342871 6.11844254
12706.346570 6.11844254
12706.350281 6.11844254
12706.353983 6.11844254
12706.357831 6.11844254
12706.361571 6.11844254
12706.365287 6.11844254
12706.368986 6.11844254
12706.372702 6.11844254
12706.376400 6.11844254
12706.380117 6.11844254
12706.383934 6.11844254
12706.387831 6.11844254
12706.391632 6.11844254
12706.395343 6.11844254
12706.399043 6.11844254
12706.402758 6.11844254
12706.406624 0.0000
