12694.045758 0.0000
12694.049077 4.33214760
12694.052794 4.33214760
12694.056483 4.33214760
12694.060314 4.33214760
12694.064060 4.33214760
12694.067791 4.33214760
12694.071416 4.33214760
12694.075110 4.33214760
12694.078820 4.33214760
12694.082787 4.33214760
12694.086565 4.33214760
12694.090302 4.33214760
12694.094025 4.33214760
12694.097760 4.33214760
12694.101485 4.33214760
12694.105221 4.33214760
12694.109018 4.33214760
12694.112782 4.33214760
12694.116498 4.33214760
12694.120302 4.33214760
12694.124072 4.33214760
12694.127836 4.33214760
12694.131555 4.33214760
12694.135380 4.33214760
12694.139131 4.33214760
12694.143034 4.33214760
12694.146855 4.33214760
12694.150586 4.33214760
12694.154299 4.33214760
12694.158115 4.33214760
12694.161866 4.33214760
12694.165603 4.33214760
12694.169378 4.33214760
12694.173145 4.33214760
12694.176858 4.33214760
12694.180593 4.33214760
12694.184492 4.33214760
12694.188237 4.33214760
12694.191955 4.33214760
12694.195689 4.33214760
12694.199407 4.33214760
12694.203144 4.33214760
12694.206863 4.33214760
12694.210680 4.33214760
12694.214430 4.33214760
12694.218164 4.33214760
12694.221950 4.33214760
12694.225751 4.33214760
12694.229490 4.33214760
12694.233314 4.33214760
12694.237064 4.33214760
12694.240798 4.33214760
12694.244667 4.33214760
12694.248494 4.33214760
12694.252209 4.33214760
12694.255942 5.23674583
12694.259743 5.23674583
12694.263506 5.23674583
12694.267224 5.23674583
12694.270957 5.23674583
12694.274672 5.23674583
12694.278401 5.23674583
12694.282170 5.23674583
12694.285952 5.23674583
12694.289678 5.23674583
12694.293419 5.23674583
12694.297136 5.23674583
12694.300866 5.23674583
12694.304583 5.23674583
12694.308452 5.23674583
12694.312203 5.23674583
12694.315945 5.23674583
12694.319665 5.23674583
12694.323524 5.23674583
12694.327334 5.23674583
12694.331295 5.23674583
12694.335243 5.23674583
12694.338995 5.23674583
12694.342701 5.23674583
12694.346570 5.23674583
12694.350377 5.23674583
12694.354089 5.23674583
12694.357879 5.23674583
12694.361621 5.23674583
12694.365325 5.23674583
12694.369035 5.23674583
12694.372741 5.23674583
12694.376449 5.23674583
12694.380155 5.23674583
12694.383950 5.23674583
12694.387688 5.23674583
12694.391397 5.23674583
12694.395104 5.23674583
12694.398814 5.23674583
12694.402519 5.23674583
12694.406231 5.23674583
12694.410018 5.23674583
12694.413757 5.23674583
12694.417463 5.23674583
12694.421172 5.23674583
12694.424881 5.23674583
12694.428667 5.23674583
12694.433408 5.23674583
12694.436580 5.23674583
12694.440052 5.23674583
12694.443782 5.23674583
12694.448446 5.23674583
12694.451686 5.23674583
12694.455180 5.23674583
12694.458976 5.23674583
12694.462699 5.23674583
12694.466407 5.23674583
12694.470104 5.23674583
12694.473812 5.23674583
12694.477496 5.23674583
12694.480638 5.23674583
12694.484655 5.23674583
12694.488429 5.23674583
12694.492115 5.23674583
12694.495793 5.23674583
12694.499477 5.23674583
12694.503162 5.23674583
12694.506847 5.23674583
12694.510615 5.23674583
12694.514332 5.23674583
12694.518011 5.23674583
12694.521696 5.23674583
12694.525381 5.23674583
12694.529224 6.94670343
12694.533110 6.94670343
12694.536853 6.94670343
12694.540549 6.94670343
12694.544227 6.94670343
12694.548075 6.94670343
12694.551885 6.94670343
12694.555596 6.94670343
12694.559447 6.94670343
12694.563186 6.94670343
12694.566899 6.94670343
12694.570606 6.94670343
12694.574311 6.94670343
12694.578017 6.94670343
12694.581722 6.94670343
12694.585521 6.94670343
12694.589261 6.94670343
12694.592970 6.94670343
12694.596677 6.94670343
12694.600385 6.94670343
12694.604095 6.94670343
12694.607890 6.94670343
12694.611535 6.94670343
12694.615227 6.94670343
12694.618930 6.94670343
12694.622056 6.94670343
12694.625575 6.94670343
12694.629301 6.94670343
12694.633211 6.94670343
12694.637064 6.94670343
12694.640788 6.94670343
12694.644508 6.94670343
12694.648363 6.94670343
12694.652169 6.94670343
12694.655869 6.94670343
12694.659756 6.94670343
12694.663492 6.94670343
12694.667217 6.94670343
12694.670914 6.94670343
12694.674631 6.94670343
12694.678332 6.94670343
12694.682098 6.94670343
12694.685231 6.94670343
12694.688801 6.94670343
12694.692539 6.94670343
12694.696229 6.94670343
12694.699957 6.94670343
12694.703648 6.94670343
12694.707432 6.94670343
12694.711175 6.94670343
12694.714910 6.94670343
12694.718600 6.94670343
12694.722324 6.94670343
12694.726017 6.94670343
12694.729744 6.94670343
12694.733645 6.94670343
12694.737489 6.94670343
12694.741223 6.94670343
12694.744937 6.94670343
12694.748797 6.94670343
12694.752602 6.94670343
12694.756304 6.94670343
12694.760269 6.94670343
12694.764019 6.94670343
12694.767732 6.94670343
12694.771441 6.94670343
12694.775147 6.94670343
12694.778856 6.94670343
12694.782651 6.94670343
12694.786383 6.94670343
12694.790092 6.94670343
12694.793800 6.94670343
12694.797506 6.94670343
12694.801210 6.94670343
12694.804338 4.36649942
12694.807958 4.36649942
12694.811707 4.36649942
12694.815408 4.36649942
12694.819134 4.36649942
12694.822829 4.36649942
12694.826553 4.36649942
12694.830245 4.36649942
12694.834054 4.36649942
12694.837943 4.36649942
12694.841783 4.36649942
12694.845512 4.36649942
12694.849380 4.36649942
12694.853186 4.36649942
12694.856899 4.36649942
12694.860757 4.36649942
12694.864501 4.36649942
12694.868208 4.36649942
12694.871920 4.36649942
12694.875624 4.36649942
12694.879338 4.36649942
12694.883488 4.36649942
12694.887224 4.36649942
12694.890936 4.36649942
12694.894637 4.36649942
12694.898355 4.36649942
12694.902055 4.36649942
12694.905777 4.36649942
12694.909605 4.36649942
12694.913358 4.36649942
12694.917056 4.36649942
12694.920772 4.36649942
12694.924468 4.36649942
12694.928186 4.36649942
12694.931887 4.36649942
12694.935691 4.36649942
12694.939585 4.36649942
12694.943427 4.36649942
12694.947155 4.36649942
12694.951013 4.36649942
12694.954817 4.36649942
12694.958619 4.36649942
12694.962360 4.36649942
12694.966066 4.36649942
12694.969779 4.36649942
12694.973487 4.36649942
12694.977196 4.36649942
12694.980899 4.36649942
12694.984753 4.36649942
12694.988491 4.36649942
12694.992206 4.36649942
12694.995906 4.36649942
12694.999621 4.36649942
12695.003327 4.36649942
12695.007090 4.36649942
12695.010853 4.36649942
12695.014580 4.36649942
12695.018291 4.36649942
12695.022009 4.36649942
12695.025718 4.36649942
12695.029437 4.36649942
12695.033230 4.36649942
12695.036977 4.36649942
12695.040840 4.36649942
12695.044660 4.36649942
12695.048398 4.36649942
12695.052244 4.36649942
12695.055963 4.36649942
12695.059850 4.36649942
12695.063612 4.36649942
12695.067316 4.36649942
12695.071032 4.36649942
12695.074738 4.36649942
12695.078462 4.44665337
12695.082224 4.44665337
12695.085998 4.44665337
12695.089711 4.44665337
12695.093431 4.44665337
12695.097138 4.44665337
12695.100872 4.44665337
12695.104565 4.44665337
12695.108369 4.44665337
12695.112097 4.44665337
12695.115810 4.44665337
12695.119511 4.44665337
12695.123226 4.44665337
12695.126924 4.44665337
12695.130640 4.44665337
12695.134447 4.44665337
12695.138193 4.44665337
12695.141900 4.44665337
12695.145779 4.44665337
12695.149576 4.44665337
12695.153469 4.44665337
12695.157326 4.44665337
12695.161090 4.44665337
12695.164795 4.44665337
12695.168508 4.44665337
12695.172209 4.44665337
12695.175920 4.44665337
12695.179620 4.44665337
12695.183418 4.44665337
12695.187151 4.44665337
12695.190866 4.44665337
12695.194568 4.44665337
12695.198279 4.44665337
12695.201982 4.44665337
12695.205697 4.44665337
12695.209559 4.44665337
12695.213309 4.44665337
12695.217012 4.44665337
12695.220724 4.44665337
12695.224423 4.44665337
12695.228135 4.44665337
12695.231838 4.44665337
12695.235661 4.44665337
12695.239393 4.44665337
12695.243114 4.44665337
12695.246979 4.44665337
12695.250802 4.44665337
12695.254692 4.44665337
12695.258592 4.44665337
12695.262327 4.44665337
12695.266033 4.44665337
12695.269745 4.44665337
12695.273450 4.44665337
12695.277162 4.44665337
12695.280868 4.44665337
12695.284664 4.44665337
12695.288397 4.44665337
12695.292107 4.44665337
12695.295809 4.44665337
12695.299425 4.44665337
12695.303114 4.44665337
12695.306834 4.44665337
12695.310624 4.44665337
12695.314357 4.44665337
12695.318064 4.44665337
12695.321778 4.44665337
12695.325478 4.44665337
12695.329191 4.44665337
12695.332983 4.44665337
12695.336729 4.44665337
12695.340431 4.44665337
12695.344146 4.44665337
12695.348000 4.44665337
12695.351825 4.42375231
12695.355717 4.42375231
12695.359718 4.42375231
12695.363469 4.42375231
12695.367171 4.42375231
12695.370888 4.42375231
12695.374585 4.42375231
12695.378302 4.42375231
12695.382052 4.42375231
12695.385819 4.42375231
12695.389533 4.42375231
12695.393253 4.42375231
12695.396951 4.42375231
12695.400671 4.42375231
12695.404372 4.42375231
12695.408173 4.42375231
12695.411901 4.42375231
12695.415621 4.42375231
12695.419322 4.42375231
12695.423038 4.42375231
12695.426738 4.42375231
12695.430454 4.42375231
12695.434241 4.42375231
12695.437985 4.42375231
12695.441683 4.42375231
12695.445398 4.42375231
12695.449098 4.42375231
12695.452882 4.42375231
12695.456826 4.42375231
12695.460819 4.42375231
12695.464546 4.42375231
12695.468258 4.42375231
12695.472353 4.42375231
12695.476025 4.42375231
12695.479746 4.42375231
12695.483843 4.42375231
12695.487649 4.42375231
12695.491362 4.42375231
12695.495096 4.42375231
12695.498803 4.42375231
12695.502536 4.42375231
12695.506246 4.42375231
12695.510104 4.42375231
12695.513847 4.42375231
12695.517584 4.42375231
12695.521289 4.42375231
12695.525027 4.42375231
12695.528732 4.42375231
12695.532436 4.42375231
12695.536383 4.42375231
12695.540190 4.42375231
12695.543871 4.42375231
12695.547592 4.42375231
12695.551278 4.42375231
12695.555167 4.42375231
12695.559159 4.42375231
12695.562995 4.42375231
12695.566093 4.42375231
12695.569623 4.42375231
12695.573349 4.42375231
12695.577031 4.42375231
12695.580754 4.42375231
12695.584522 4.42375231
12695.588277 4.42375231
12695.591959 4.42375231
12695.595681 4.42375231
12695.599365 4.42375231
12695.603088 4.42375231
12695.606770 4.42375231
12695.610633 4.42375231
12695.614348 4.42375231
12695.618074 4.42375231
12695.621754 4.42375231
12695.625478 4.35886574
12695.629161 4.35886574
12695.632970 4.35886574
12695.636681 4.35886574
12695.640406 4.35886574
12695.644086 4.35886574
12695.647807 4.35886574
12695.651488 4.35886574
12695.655293 4.35886574
12695.659257 4.35886574
12695.663121 4.35886574
12695.666807 4.35886574
12695.670530 4.35886574
12695.674212 4.35886574
12695.677937 4.35886574
12695.681623 4.35886574
12695.685553 4.35886574
12695.689293 4.35886574
12695.692994 4.35886574
12695.696700 4.35886574
12695.700402 4.35886574
12695.704100 4.35886574
12695.707880 4.35886574
12695.711619 4.35886574
12695.715315 4.35886574
12695.719018 4.35886574
12695.722724 4.35886574
12695.726421 4.35886574
12695.730125 4.35886574
12695.733911 4.35886574
12695.737644 4.35886574
12695.741348 4.35886574
12695.745051 4.35886574
12695.748752 4.35886574
12695.752458 4.35886574
12695.756160 4.35886574
12695.760180 4.35886574
12695.764093 4.35886574
12695.767842 4.35886574
12695.771536 4.35886574
12695.775260 4.35886574
12695.778955 4.35886574
12695.782766 4.35886574
12695.786487 4.35886574
12695.790208 4.35886574
12695.793902 4.35886574
12695.797622 4.35886574
12695.801314 4.35886574
12695.805039 4.35886574
12695.808824 4.35886574
12695.812577 4.35886574
12695.816271 4.35886574
12695.819995 4.35886574
12695.823690 4.35886574
12695.827410 4.35886574
12695.831107 4.35886574
12695.834921 4.35886574
12695.838640 4.35886574
12695.842362 4.35886574
12695.846056 4.35886574
12695.849780 4.35886574
12695.853478 4.35886574
12695.857284 4.35886574
12695.861307 4.35886574
12695.865226 4.35886574
12695.868958 4.35886574
12695.872669 4.35886574
12695.876377 4.35886574
12695.880086 4.35886574
12695.884792 4.35886574
12695.888055 4.35886574
12695.891035 4.35886574
12695.894536 4.35886574
12695.898272 4.88559341
12695.901970 4.88559341
12695.905679 4.88559341
12695.909471 4.88559341
12695.913206 4.88559341
12695.916912 4.88559341
12695.920629 4.88559341
12695.924332 4.88559341
12695.928045 4.88559341
12695.931750 4.88559341
12695.935553 4.88559341
12695.939280 4.88559341
12695.942998 4.88559341
12695.946700 4.88559341
12695.950411 4.88559341
12695.954115 4.88559341
12695.957917 4.88559341
12695.961927 4.88559341
12695.965838 4.88559341
12695.969565 4.88559341
12695.973271 4.88559341
12695.976970 4.88559341
12695.980675 4.88559341
12695.984652 4.88559341
12695.988435 4.88559341
12695.992127 4.88559341
12695.995845 4.88559341
12695.999535 4.88559341
12696.003256 4.88559341
12696.006997 4.88559341
12696.010770 4.88559341
12696.014477 4.88559341
12696.018193 4.88559341
12696.021886 4.88559341
12696.025606 4.88559341
12696.029298 4.88559341
12696.033111 4.88559341
12696.036832 4.88559341
12696.040551 4.88559341
12696.044242 4.88559341
12696.047967 4.88559341
12696.051659 4.88559341
12696.055385 4.88559341
12696.059166 4.88559341
12696.063071 4.88559341
12696.067036 4.88559341
12696.070873 4.88559341
12696.074611 4.88559341
12696.078324 4.88559341
12696.082100 4.88559341
12696.085870 4.88559341
12696.089590 4.88559341
12696.093303 4.88559341
12696.097014 4.88559341
12696.100728 4.88559341
12696.104432 4.88559341
12696.108279 4.88559341
12696.112017 4.88559341
12696.115730 4.88559341
12696.119430 4.88559341
12696.123142 4.88559341
12696.126848 4.88559341
12696.130556 4.88559341
12696.134412 4.88559341
12696.138166 4.88559341
12696.141870 4.88559341
12696.145577 4.88559341
12696.149279 4.88559341
12696.152987 4.88559341
12696.156695 4.88559341
12696.160496 4.88559341
12696.164387 4.88559341
12696.168376 4.88559341
12696.172209 6.15279436
12696.175949 6.15279436
12696.179643 6.15279436
12696.183456 6.15279436
12696.187180 6.15279436
12696.190897 6.15279436
12696.194596 6.15279436
12696.198313 6.15279436
12696.202012 6.15279436
12696.205734 6.15279436
12696.209573 6.15279436
12696.213322 6.15279436
12696.217024 6.15279436
12696.220741 6.15279436
12696.224440 6.15279436
12696.228158 6.15279436
12696.231853 6.15279436
12696.235658 6.15279436
12696.239383 6.15279436
12696.243101 6.15279436
12696.246796 6.15279436
12696.250516 6.15279436
12696.254211 6.15279436
12696.258020 6.15279436
12696.261742 6.15279436
12696.265612 6.15279436
12696.269576 6.15279436
12696.273406 6.15279436
12696.277135 6.15279436
12696.280848 6.15279436
12696.284748 6.15279436
12696.288500 6.15279436
12696.292194 6.15279436
12696.295916 6.15279436
12696.299610 6.15279436
12696.303335 6.15279436
12696.307086 6.15279436
12696.310858 6.15279436
12696.314560 6.15279436
12696.318281 6.15279436
12696.321970 6.15279436
12696.325696 6.15279436
12696.329391 6.15279436
12696.333203 6.15279436
12696.336928 6.15279436
12696.340648 6.15279436
12696.344350 6.15279436
12696.348081 6.15279436
12696.351774 6.15279436
12696.355498 6.15279436
12696.359304 6.15279436
12696.363057 6.15279436
12696.366909 6.15279436
12696.370723 6.15279436
12696.374583 6.15279436
12696.378413 6.15279436
12696.382206 6.15279436
12696.385974 6.15279436
12696.389689 6.15279436
12696.393402 6.15279436
12696.397104 6.15279436
12696.400811 6.15279436
12696.404517 6.15279436
12696.408313 6.15279436
12696.412043 6.15279436
12696.415755 6.15279436
12696.419460 6.15279436
12696.423169 6.15279436
12696.426779 6.15279436
12696.430477 6.15279436
12696.434340 6.15279436
12696.438086 6.15279436
12696.441790 6.15279436
12696.445498 5.82072687
12696.449202 5.82072687
12696.452911 5.82072687
12696.456618 5.82072687
12696.460450 5.82072687
12696.464197 5.82072687
12696.468066 5.82072687
12696.471874 5.82072687
12696.475746 5.82072687
12696.479578 0.0000
