12674.088896 0.0000
12674.092214 4.69475031
12674.096010 4.69475031
12674.099730 4.69475031
12674.103369 4.69475031
12674.107077 4.69475031
12674.110938 4.69475031
12674.114667 4.69475031
12674.118396 4.69475031
12674.122103 4.69475031
12674.125992 4.69475031
12674.129804 4.69475031
12674.133580 4.69475031
12674.137337 4.69475031
12674.141065 4.69475031
12674.144771 4.69475031
12674.148490 4.69475031
12674.152361 4.69475031
12674.156188 4.69475031
12674.160138 4.69475031
12674.163900 4.69475031
12674.167652 4.69475031
12674.171411 4.69475031
12674.175104 4.69475031
12674.178835 4.69475031
12674.182530 4.69475031
12674.186353 4.69475031
12674.190068 4.69475031
12674.193797 4.69475031
12674.197485 4.69475031
12674.201214 4.69475031
12674.204909 4.69475031
12674.208694 4.69475031
12674.212438 4.69475031
12674.216176 4.69475031
12674.219861 4.69475031
12674.223596 4.69475031
12674.227448 4.69475031
12674.231251 4.69475031
12674.235076 4.69475031
12674.238819 4.69475031
12674.242531 4.69475031
12674.246242 4.69475031
12674.249950 4.69475031
12674.253829 4.69475031
12674.257639 4.69475031
12674.261492 4.69475031
12674.265210 4.69475031
12674.268937 4.69475031
12674.272630 4.69475031
12674.276359 4.69475031
12674.280054 4.60696220
12674.283833 4.60696220
12674.287582 4.60696220
12674.291313 4.60696220
12674.295010 4.60696220
12674.298736 4.60696220
12674.302432 4.60696220
12674.306159 4.60696220
12674.310014 4.60696220
12674.313771 4.60696220
12674.317468 4.60696220
12674.321195 4.60696220
12674.324890 4.60696220
12674.328763 4.60696220
12674.332563 4.60696220
12674.336370 4.60696220
12674.340100 4.60696220
12674.343814 4.60696220
12674.347523 4.60696220
12674.351238 4.60696220
12674.354946 4.60696220
12674.358863 4.60696220
12674.362707 4.60696220
12674.366466 4.60696220
12674.370161 4.60696220
12674.373889 4.60696220
12674.377586 4.60696220
12674.381315 4.60696220
12674.385152 4.60696220
12674.388905 4.60696220
12674.392602 4.60696220
12674.396328 4.60696220
12674.400027 4.60696220
12674.403754 4.60696220
12674.407451 4.60696220
12674.412135 4.60696220
12674.415414 4.60696220
12674.418898 4.60696220
12674.422634 4.60696220
12674.426364 4.60696220
12674.431192 4.60696220
12674.434463 4.60696220
12674.437975 4.60696220
12674.441697 4.60696220
12674.445403 4.60696220
12674.449112 4.60696220
12674.452812 4.60696220
12674.456537 4.60696220
12674.460916 4.60696220
12674.464730 4.60696220
12674.468454 4.60696220
12674.472817 4.60696220
12674.475947 4.60696220
12674.479388 4.60696220
12674.483094 4.60696220
12674.486905 4.60696220
12674.490712 4.60696220
12674.494399 4.60696220
12674.498116 4.60696220
12674.501814 4.60696220
12674.505532 4.60696220
12674.509321 4.60696220
12674.513058 4.60696220
12674.516755 4.60696220
12674.520465 4.60696220
12674.524166 4.60696220
12674.527875 4.60696220
12674.531751 4.60696220
12674.535606 4.60696220
12674.539370 4.60696220
12674.543115 4.60696220
12674.546836 4.60696220
12674.550575 4.60696220
12674.554289 5.12223959
12674.558036 5.12223959
12674.561965 5.12223959
12674.565788 5.12223959
12674.569697 5.12223959
12674.573451 5.12223959
12674.577178 5.12223959
12674.580920 5.12223959
12674.584726 5.12223959
12674.588498 5.12223959
12674.592213 5.12223959
12674.595955 5.12223959
12674.599669 5.12223959
12674.603410 5.12223959
12674.607129 5.12223959
12674.611049 5.12223959
12674.614806 5.12223959
12674.618954 5.12223959
12674.622152 5.12223959
12674.625158 5.12223959
12674.628161 5.12223959
12674.631086 5.12223959
12674.635228 5.12223959
12674.639216 5.12223959
12674.642950 5.12223959
12674.646667 5.12223959
12674.650293 5.12223959
12674.654000 5.12223959
12674.657702 5.12223959
12674.661497 5.12223959
12674.665382 5.12223959
12674.669187 5.12223959
12674.672917 5.12223959
12674.676626 5.12223959
12674.680332 5.12223959
12674.684134 5.12223959
12674.687864 5.12223959
12674.691574 5.12223959
12674.695282 5.12223959
12674.698993 5.12223959
12674.702700 5.12223959
12674.706406 5.12223959
12674.710193 5.12223959
12674.713357 5.12223959
12674.716894 5.12223959
12674.720622 5.12223959
12674.724309 5.12223959
12674.728033 5.12223959
12674.731721 5.12223959
12674.735766 5.12223959
12674.739537 5.12223959
12674.743237 5.12223959
12674.746961 5.12223959
12674.750659 5.12223959
12674.754380 5.12223959
12674.758082 5.12223959
12674.761982 5.12223959
12674.765880 5.12223959
12674.769695 5.12223959
12674.773475 5.12223959
12674.777184 5.12223959
12674.780890 5.12223959
12674.784702 5.12223959
12674.788432 5.12223959
12674.792150 5.12223959
12674.795853 5.12223959
12674.799564 5.12223959
12674.803271 5.12223959
12674.806995 5.12223959
12674.810783 5.12223959
12674.814528 5.12223959
12674.818238 5.12223959
12674.821949 5.12223959
12674.825654 5.07643700
12674.829377 5.07643700
12674.833079 5.07643700
12674.837062 5.07643700
12674.840876 5.07643700
12674.844574 5.07643700
12674.848292 5.07643700
12674.852002 5.07643700
12674.855715 5.07643700
12674.859504 5.07643700
12674.863252 5.07643700
12674.867468 5.07643700
12674.871326 5.07643700
12674.875118 5.07643700
12674.878833 5.07643700
12674.882571 5.07643700
12674.886391 5.07643700
12674.890148 5.07643700
12674.893872 5.07643700
12674.897607 5.07643700
12674.901327 5.07643700
12674.905058 5.07643700
12674.908877 5.07643700
12674.912689 5.07643700
12674.916432 5.07643700
12674.920170 5.07643700
12674.923889 5.07643700
12674.927622 5.07643700
12674.931353 5.07643700
12674.935171 5.07643700
12674.939081 5.07643700
12674.942912 5.07643700
12674.946629 5.07643700
12674.950362 5.07643700
12674.954093 5.07643700
12674.957823 5.07643700
12674.961659 5.07643700
12674.965424 5.07643700
12674.969152 5.07643700
12674.973037 5.07643700
12674.976835 5.07643700
12674.980589 5.07643700
12674.984407 5.07643700
12674.988169 5.07643700
12674.991889 5.07643700
12674.995618 5.07643700
12674.999346 5.07643700
12675.003076 5.07643700
12675.006800 5.07643700
12675.010636 5.07643700
12675.014389 5.07643700
12675.018124 5.07643700
12675.021862 5.07643700
12675.025593 5.07643700
12675.029324 5.07643700
12675.033064 5.07643700
12675.036978 5.07643700
12675.040914 5.07643700
12675.044736 5.07643700
12675.048465 5.07643700
12675.052194 5.07643700
12675.055935 5.07643700
12675.059748 5.07643700
12675.063508 5.07643700
12675.067245 5.07643700
12675.070977 5.07643700
12675.074873 5.07643700
12675.078715 5.07643700
12675.082469 5.07643700
12675.086353 5.07643700
12675.090114 5.07643700
12675.093854 5.07643700
12675.097582 5.07643700
12675.101329 4.38558388
12675.105045 4.38558388
12675.108870 4.38558388
12675.112622 4.38558388
12675.116256 4.38558388
12675.119931 4.38558388
12675.123670 4.38558388
12675.127390 4.38558388
12675.131116 4.38558388
12675.134892 4.38558388
12675.138639 4.38558388
12675.142523 4.38558388
12675.146358 4.38558388
12675.150075 4.38558388
12675.153813 4.38558388
12675.157538 4.38558388
12675.161355 4.38558388
12675.165102 4.38558388
12675.168843 4.38558388
12675.172561 4.38558388
12675.176459 4.38558388
12675.180281 4.38558388
12675.184128 4.38558388
12675.187878 4.38558388
12675.191614 4.38558388
12675.195333 4.38558388
12675.199066 4.38558388
12675.202797 4.38558388
12675.206525 4.38558388
12675.210456 4.38558388
12675.214232 4.38558388
12675.217956 4.38558388
12675.221688 4.38558388
12675.225417 4.38558388
12675.229143 4.38558388
12675.232869 4.38558388
12675.236690 4.38558388
12675.240440 4.38558388
12675.244328 4.38558388
12675.248143 4.38558388
12675.251870 4.38558388
12675.255591 4.38558388
12675.259414 4.38558388
12675.263162 4.38558388
12675.266894 4.38558388
12675.270625 4.38558388
12675.274352 4.38558388
12675.278239 4.38558388
12675.282075 4.38558388
12675.285909 4.38558388
12675.289674 4.38558388
12675.293399 4.38558388
12675.297131 4.38558388
12675.300851 4.38558388
12675.304589 4.38558388
12675.308350 4.38558388
12675.311524 4.38558388
12675.315117 4.38558388
12675.318863 4.38558388
12675.322567 4.38558388
12675.326308 4.38558388
12675.330023 4.38558388
12675.333928 4.38558388
12675.337681 4.38558388
12675.341426 4.38558388
12675.345267 4.38558388
12675.349062 4.38558388
12675.352775 4.38558388
12675.356511 4.38558388
12675.360383 4.38558388
12675.364133 4.38558388
12675.367841 4.38558388
12675.371577 4.38558388
12675.375296 4.41230154
12675.379180 4.41230154
12675.382959 4.41230154
12675.386812 4.41230154
12675.390556 4.41230154
12675.394287 4.41230154
12675.398004 4.41230154
12675.401739 4.41230154
12675.405452 4.41230154
12675.409276 4.41230154
12675.413018 4.41230154
12675.416751 4.41230154
12675.420471 4.41230154
12675.424202 4.41230154
12675.427920 4.41230154
12675.431657 4.41230154
12675.435512 4.41230154
12675.439277 4.41230154
12675.442996 4.41230154
12675.446885 4.41230154
12675.450694 4.41230154
12675.454431 4.41230154
12675.458146 4.41230154
12675.461964 4.41230154
12675.465716 4.41230154
12675.469738 4.41230154
12675.473477 4.41230154
12675.477207 4.41230154
12675.480913 4.41230154
12675.484844 4.41230154
12675.488667 4.41230154
12675.492421 4.41230154
12675.496116 4.41230154
12675.499830 4.41230154
12675.503522 4.41230154
12675.507246 4.41230154
12675.511108 4.41230154
12675.514858 4.41230154
12675.518549 4.41230154
12675.522272 4.41230154
12675.525965 4.41230154
12675.529683 4.41230154
12675.533434 4.41230154
12675.537090 4.41230154
12675.540800 4.41230154
12675.544528 4.41230154
12675.548379 4.41230154
12675.552186 4.41230154
12675.555881 4.41230154
12675.559690 4.41230154
12675.563407 4.41230154
12675.567130 4.41230154
12675.570823 4.41230154
12675.574540 4.41230154
12675.578237 4.41230154
12675.581960 4.41230154
12675.585889 4.41230154
12675.589731 4.41230154
12675.593462 4.41230154
12675.597173 4.41230154
12675.600876 4.41230154
12675.604589 4.41230154
12675.608344 4.41230154
12675.612116 4.41230154
12675.615839 4.41230154
12675.619550 4.41230154
12675.623250 4.41230154
12675.626961 4.41230154
12675.630661 4.41230154
12675.634463 4.41230154
12675.638188 4.41230154
12675.641896 4.41230154
12675.645598 4.42375231
12675.649469 4.42375231
12675.653257 4.42375231
12675.656980 4.42375231
12675.660869 4.42375231
12675.664628 4.42375231
12675.668330 4.42375231
12675.672042 4.42375231
12675.675744 4.42375231
12675.679459 4.42375231
12675.683159 4.42375231
12675.687105 4.42375231
12675.690929 4.42375231
12675.694678 4.42375231
12675.698372 4.42375231
12675.702095 4.42375231
12675.705788 4.42375231
12675.709600 4.42375231
12675.713325 4.42375231
12675.717046 4.42375231
12675.720738 4.42375231
12675.724463 4.42375231
12675.728156 4.42375231
12675.731877 4.42375231
12675.735662 4.42375231
12675.739412 4.42375231
12675.743103 4.42375231
12675.746826 4.42375231
12675.750676 4.42375231
12675.754485 4.42375231
12675.758175 4.42375231
12675.761983 4.42375231
12675.765701 4.42375231
12675.769426 4.42375231
12675.773117 4.42375231
12675.776835 4.42375231
12675.780536 4.42375231
12675.784344 4.42375231
12675.788068 4.42375231
12675.791938 4.42375231
12675.795731 4.42375231
12675.799479 4.42375231
12675.803174 4.42375231
12675.806897 4.42375231
12675.810767 4.42375231
12675.814531 4.42375231
12675.818228 4.42375231
12675.821946 4.42375231
12675.825643 4.42375231
12675.829362 4.42375231
12675.833055 4.42375231
12675.836866 4.42375231
12675.840587 4.42375231
12675.844305 4.42375231
12675.847990 4.42375231
12675.851863 4.42375231
12675.855659 4.42375231
12675.859457 4.42375231
12675.863203 4.42375231
12675.867608 4.42375231
12675.871323 4.42375231
12675.875049 4.42375231
12675.878742 4.42375231
12675.882468 4.42375231
12675.886244 4.42375231
12675.890000 4.42375231
12675.893853 4.42375231
12675.897691 4.42375231
12675.901415 4.42375231
12675.905135 4.42375231
12675.908925 4.42375231
12675.912666 4.42375231
12675.916363 4.42375231
12675.920083 4.24054241
12675.923781 4.24054241
12675.927495 4.24054241
12675.931192 4.24054241
12675.935052 4.24054241
12675.938782 4.24054241
12675.942502 4.24054241
12675.946190 4.24054241
12675.949916 4.24054241
12675.953767 4.24054241
12675.957577 4.24054241
12675.961430 4.24054241
12675.965198 4.24054241
12675.968883 4.24054241
12675.972612 4.24054241
12675.976297 4.24054241
12675.980028 4.24054241
12675.983807 4.24054241
12675.987565 4.24054241
12675.991249 4.24054241
12675.995142 4.24054241
12675.998931 4.24054241
12676.002679 4.24054241
12676.006373 4.24054241
12676.010194 4.24054241
12676.013918 4.24054241
12676.017646 4.24054241
12676.021343 4.24054241
12676.025072 4.24054241
12676.028771 4.24054241
12676.032497 4.24054241
12676.036335 4.24054241
12676.040093 4.24054241
12676.043793 4.24054241
12676.047515 4.24054241
12676.051216 4.24054241
12676.055098 4.24054241
12676.058987 4.24054241
12676.062720 4.24054241
12676.066432 4.24054241
12676.070149 4.24054241
12676.073861 4.24054241
12676.077579 4.24054241
12676.081288 4.24054241
12676.085091 4.24054241
12676.088828 4.24054241
12676.092545 4.24054241
12676.096426 4.24054241
12676.100259 4.24054241
12676.103985 4.24054241
12676.107698 4.24054241
12676.111554 4.24054241
12676.115306 4.24054241
12676.119000 4.24054241
12676.122712 4.24054241
12676.126404 4.24054241
12676.130121 4.24054241
12676.133904 4.24054241
12676.137646 4.24054241
12676.141342 4.24054241
12676.145059 4.24054241
12676.148757 4.24054241
12676.152474 4.24054241
12676.156323 4.24054241
12676.160224 4.24054241
12676.163936 4.24054241
12676.167725 4.24054241
12676.171441 4.24054241
12676.175168 4.24054241
12676.178855 4.24054241
12676.182583 4.24054241
12676.186373 4.24054241
12676.190134 4.24054241
12676.193835 5.49247599
12676.197550 5.49247599
12676.201413 5.49247599
12676.205224 5.49247599
12676.209040 5.49247599
12676.212779 5.49247599
12676.216476 5.49247599
12676.220195 5.49247599
12676.223891 5.49247599
12676.227604 5.49247599
12676.231297 5.49247599
12676.235104 5.49247599
12676.238827 5.49247599
12676.242539 5.49247599
12676.246236 5.49247599
12676.249953 5.49247599
12676.253648 5.49247599
12676.257524 5.49247599
12676.261500 5.49247599
12676.265260 5.49247599
12676.268854 5.49247599
12676.272564 5.49247599
12676.276258 5.49247599
12676.279972 5.49247599
12676.283716 5.49247599
12676.287481 5.49247599
12676.291187 5.49247599
12676.294905 5.49247599
12676.298600 5.49247599
12676.302477 5.49247599
12676.306285 5.49247599
12676.310185 5.49247599
12676.313905 5.49247599
12676.317629 5.49247599
12676.321317 5.49247599
12676.325042 5.49247599
12676.328732 5.49247599
12676.332456 5.49247599
12676.336233 5.49247599
12676.339986 5.49247599
12676.343676 5.49247599
12676.347397 5.49247599
12676.351087 5.49247599
12676.354813 5.49247599
12676.358649 5.49247599
12676.362541 5.49247599
12676.366255 5.49247599
12676.369975 5.49247599
12676.373672 5.49247599
12676.377402 5.49247599
12676.381087 5.49247599
12676.384903 5.49247599
12676.388621 5.49247599
12676.392351 5.49247599
12676.396032 5.49247599
12676.399762 5.49247599
12676.403618 5.49247599
12676.407459 5.49247599
12676.411394 5.49247599
12676.415150 5.49247599
12676.418851 5.49247599
12676.422568 5.49247599
12676.426262 5.49247599
12676.429980 5.49247599
12676.433730 5.49247599
12676.437490 5.49247599
12676.440608 5.49247599
12676.444143 5.49247599
12676.447888 5.49247599
12676.451578 5.49247599
12676.455314 5.49247599
12676.459219 5.49247599
12676.463052 5.49247599
12676.466744 6.14134407
12676.470480 6.14134407
12676.474173 6.14134407
12676.477916 6.14134407
12676.481919 6.14134407
12676.486093 6.14134407
12676.489820 6.14134407
12676.493557 6.14134407
12676.497252 6.14134407
12676.500985 6.14134407
12676.504681 6.14134407
12676.508579 6.14134407
12676.512519 6.14134407
12676.516296 6.14134407
12676.519415 6.14134407
12676.522940 6.14134407
12676.526674 6.14134407
12676.530357 6.14134407
12676.534174 6.14134407
12676.537886 6.14134407
12676.541617 6.14134407
12676.545298 6.14134407
12676.549032 6.14134407
12676.552713 6.14134407
12676.556445 6.14134407
12676.560431 6.14134407
12676.564275 6.14134407
12676.567953 6.14134407
12676.571688 6.14134407
12676.575365 6.14134407
12676.579102 6.14134407
12676.582785 6.14134407
12676.586604 6.14134407
12676.590313 6.14134407
12676.594046 6.14134407
12676.597726 6.14134407
12676.601459 6.14134407
12676.605139 6.14134407
12676.609083 6.14134407
12676.612869 6.14134407
12676.616629 6.14134407
12676.620312 6.14134407
12676.624039 6.14134407
12676.627726 6.14134407
12676.631453 6.14134407
12676.635291 6.14134407
12676.639048 6.14134407
12676.642736 6.14134407
12676.646465 6.14134407
12676.650154 6.14134407
12676.653878 6.14134407
12676.657569 0.0000
