12684.362387 0.0000
12684.366135 5.39705420
12684.369893 5.39705420
12684.373618 5.39705420
12684.377310 5.39705420
12684.380974 5.39705420
12684.384769 5.39705420
12684.388461 5.39705420
12684.392331 5.39705420
12684.396091 5.39705420
12684.399830 5.39705420
12684.403511 4.85887575
12684.407218 4.85887575
12684.410997 4.85887575
12684.414728 4.85887575
12684.418409 4.85887575
12684.422541 4.85887575
12684.426526 4.85887575
12684.430333 4.85887575
12684.433492 4.85887575
12684.436247 4.85887575
12684.438929 4.85887575
12684.441616 4.85887575
12684.444451 4.85887575
12684.447251 4.85887575
12684.449938 4.85887575
12684.497453 4.85887575
12684.501384 4.85887575
12684.505048 4.85887575
12684.508906 4.85887575
12684.512640 4.85887575
12684.516345 4.85887575
12684.520040 4.85887575
12684.523744 4.85887575
12684.527437 4.85887575
12684.531140 4.85887575
12684.534925 4.85887575
12684.538651 4.85887575
12684.542344 4.85887575
12684.546206 4.85887575
12684.549992 4.85887575
12684.553697 4.85887575
12684.557399 4.85887575
12684.561218 4.85887575
12684.564952 4.85887575
12684.568664 4.85887575
12684.572362 4.85887575
12684.576066 4.85887575
12684.579761 4.85887575
12684.583567 4.85887575
12684.587290 4.85887575
12684.590995 4.85887575
12684.594698 4.85887575
12684.598570 4.85887575
12684.602379 4.85887575
12684.606116 4.85887575
12684.609919 4.85887575
12684.613652 4.85887575
12684.617366 4.85887575
12684.621071 4.85887575
12684.624784 4.85887575
12684.628490 4.85887575
12684.632206 4.85887575
12684.636005 4.85887575
12684.639741 4.85887575
12684.643450 4.85887575
12684.647321 4.85887575
12684.651125 4.85887575
12684.654839 4.85887575
12684.658733 4.85887575
12684.662490 4.85887575
12684.666194 4.85887575
12684.669910 4.85887575
12684.673617 4.85887575
12684.677330 6.83219719
12684.681041 6.83219719
12684.684860 6.83219719
12684.688604 6.83219719
12684.692259 6.83219719
12684.695219 6.83219719
12684.698172 6.83219719
12684.701162 6.83219719
12684.703972 6.83219719
12684.706666 6.83219719
12684.709434 6.83219719
12684.712146 6.83219719
12685.446027 4.41611862
12685.450035 4.41611862
12685.453820 4.41611862
12685.457524 4.41611862
12685.461320 4.41611862
12685.465048 4.41611862
12685.468752 4.41611862
12685.472457 4.41611862
12685.476483 4.41611862
12685.480173 4.41611862
12685.483968 4.41611862
12685.487683 4.41611862
12685.491378 4.41611862
12685.495055 4.41611862
12685.498747 4.37794971
12685.502424 4.37794971
12685.506120 4.37794971
12685.509961 4.37794971
12685.513678 4.37794971
12685.517019 4.37794971
12685.520682 4.37794971
12685.524430 4.37794971
12685.528102 4.37794971
12685.531824 4.37794971
12685.535587 4.37794971
12685.539325 4.37794971
12685.542995 4.37794971
12685.546712 4.37794971
12685.550536 4.37794971
12685.554340 4.37794971
12685.558058 4.37794971
12685.561837 4.37794971
12685.565508 4.37794971
12685.569226 4.37794971
12685.572894 4.37794971
12685.576612 4.37794971
12685.580281 4.37794971
12685.584151 4.37794971
12685.587864 4.37794971
12685.591589 4.37794971
12685.595262 4.37794971
12685.598985 4.37794971
12685.602656 4.37794971
12685.606382 4.37794971
12685.610147 4.37794971
12685.613896 4.37794971
12685.617570 4.37794971
12685.621471 4.37794971
12685.625242 4.37794971
12685.628989 4.37794971
12685.632716 4.37794971
12685.636504 4.37794971
12685.640136 4.37794971
12685.643129 4.37794971
12685.645843 4.37794971
12685.648540 4.37794971
12685.651364 4.37794971
12685.654185 4.37794971
12685.656891 4.37794971
12685.659684 4.37794971
12686.262383 4.35123205
12686.266239 4.35123205
12686.269918 4.35123205
12686.273590 4.35123205
12686.277274 4.35123205
12686.280952 4.35123205
12686.284764 4.35123205
12686.288464 4.35123205
12686.292157 4.35123205
12686.295830 4.35123205
12686.299518 4.35123205
12686.303187 4.35123205
12686.306880 4.35123205
12686.310647 4.35123205
12686.314360 4.35123205
12686.318035 4.35123205
12686.321725 6.07264042
12686.325398 6.07264042
12686.329086 6.07264042
12686.332805 6.07264042
12686.336699 6.07264042
12686.340468 6.07264042
12686.344198 6.07264042
12686.347878 6.07264042
12686.351038 6.07264042
12686.354697 6.07264042
12686.358577 6.07264042
12686.362294 6.07264042
12686.366005 6.07264042
12686.369692 6.07264042
12686.373401 6.07264042
12686.377088 6.07264042
12686.380811 6.07264042
12686.384664 6.07264042
12686.388407 6.07264042
12686.392023 6.07264042
12686.395700 6.07264042
12686.399402 6.07264042
12686.403097 6.07264042
12686.406797 6.07264042
12686.410587 6.07264042
12686.414315 6.07264042
12686.418014 6.07264042
12686.421708 6.07264042
12686.425400 6.07264042
12686.429102 6.07264042
12686.432847 6.07264042
12686.436615 6.07264042
12686.440462 6.07264042
12686.444273 6.07264042
12686.448045 6.07264042
12686.451744 6.07264042
12686.455594 6.07264042
12686.459491 6.07264042
12686.463212 6.07264042
12686.466912 6.07264042
12686.470607 6.07264042
12686.474305 6.07264042
12686.478006 6.07264042
12686.481717 6.07264042
12686.485549 6.07264042
12686.489282 6.07264042
12686.493310 6.07264042
12686.497011 6.07264042
12686.500782 6.07264042
12686.504490 6.07264042
12686.508286 6.07264042
12686.511998 6.07264042
12686.515705 6.07264042
12686.519391 6.07264042
12686.523097 6.07264042
12686.526784 6.07264042
12686.530494 6.07264042
12686.534373 6.07264042
12686.538114 6.07264042
12686.541979 6.07264042
12686.545790 6.07264042
12686.549520 6.07264042
12686.553218 6.07264042
12686.557072 6.07264042
12686.560955 6.07264042
12686.564668 6.07264042
12686.568377 6.07264042
12686.572062 6.07264042
12686.575770 6.07264042
12686.579457 6.07264042
12686.583258 6.07264042
12686.586967 6.07264042
12686.590677 6.07264042
12686.594365 6.03447151
12686.598073 6.03447151
12686.601760 6.03447151
12686.605467 6.03447151
12686.609336 6.03447151
12686.613074 6.03447151
12686.616768 6.03447151
12686.620478 6.03447151
12686.624162 6.03447151
12686.627871 6.03447151
12686.631559 6.03447151
12686.635359 6.03447151
12686.639071 6.03447151
12686.642783 6.03447151
12686.646644 6.03447151
12686.650453 6.03447151
12686.654184 6.03447151
12686.658087 6.03447151
12686.662784 6.03447151
12686.666441 6.03447151
12686.670154 6.03447151
12686.673889 0.0000
