12745.497306 0.0000
12745.500636 4.88941050
12745.504932 4.88941050
12745.508780 4.88941050
12745.513197 4.88941050
12745.516380 4.88941050
12745.520530 4.88941050
12745.523930 4.88941050
12745.527586 4.88941050
12745.531468 4.88941050
12745.535219 4.88941050
12745.538966 4.88941050
12745.542696 4.88941050
12745.546439 4.88941050
12745.550166 4.88941050
12745.553961 4.88941050
12745.557742 4.88941050
12745.561495 4.88941050
12745.565228 4.88941050
12745.568970 4.88941050
12745.572699 4.88941050
12745.576443 4.88941050
12745.580366 4.88941050
12745.584159 4.88941050
12745.587876 4.88941050
12745.591618 4.88941050
12745.595340 4.88941050
12745.599082 4.88941050
12745.602804 4.88941050
12745.606688 4.88941050
12745.610439 4.88941050
12745.614180 4.88941050
12745.617898 4.88941050
12745.621640 4.88941050
12745.625490 4.88941050
12745.629441 4.88941050
12745.633221 4.88941050
12745.636958 4.88941050
12745.640590 4.88941050
12745.644288 4.88941050
12745.648005 4.88941050
12745.651744 4.88941050
12745.655623 4.88941050
12745.659398 4.88941050
12745.663117 4.88941050
12745.666860 4.88941050
12745.670578 4.88941050
12745.674319 4.88941050
12745.678041 4.88941050
12745.681989 4.88941050
12745.685813 4.88941050
12745.689556 4.88941050
12745.693274 4.88941050
12745.697014 4.88941050
12745.700739 4.88941050
12745.704563 4.74055243
12745.708310 4.74055243
12745.712052 4.74055243
12745.715771 4.74055243
12745.719509 4.74055243
12745.723231 4.74055243
12745.727162 4.74055243
12745.731160 4.74055243
12745.735053 4.74055243
12745.738802 4.74055243
12745.742516 4.74055243
12745.746228 4.74055243
12745.749942 4.74055243
12745.753649 4.74055243
12745.757462 4.74055243
12745.761194 4.74055243
12745.764910 4.74055243
12745.768621 4.74055243
12745.772334 4.74055243
12745.776042 4.74055243
12745.779854 4.74055243
12745.783751 4.74055243
12745.787554 4.74055243
12745.791265 4.74055243
12745.794984 4.74055243
12745.798692 4.74055243
12745.802412 4.74055243
12745.806307 4.74055243
12745.810061 4.74055243
12745.813768 4.74055243
12745.817490 4.74055243
12745.821189 4.74055243
12745.824917 4.74055243
12745.828620 4.74055243
12745.832542 4.74055243
12745.836366 4.74055243
12745.840147 4.74055243
12745.843858 4.74055243
12745.847578 4.74055243
12745.851283 4.74055243
12745.855102 4.74055243
12745.858836 4.74055243
12745.862555 4.74055243
12745.866263 4.74055243
12745.869983 4.74055243
12745.873691 4.74055243
12745.877411 4.74055243
12745.881273 4.74055243
12745.885177 4.74055243
12745.888981 4.74055243
12745.892701 4.74055243
12745.896407 4.74055243
12745.900123 4.74055243
12745.903889 4.74055243
12745.907662 4.74055243
12745.911376 4.74055243
12745.915110 4.74055243
12745.919310 4.74055243
12745.923418 4.74055243
12745.927136 4.74055243
12745.930967 4.74055243
12745.934788 4.74055243
12745.938593 4.74055243
12745.942343 4.74055243
12745.946084 4.74055243
12745.949808 4.74055243
12745.953550 4.74055243
12745.957439 4.74055243
12745.961217 4.74055243
12745.964938 4.74055243
12745.968675 4.74055243
12745.972397 4.74055243
12745.976137 4.74055243
12745.979946 6.66807175
12745.983715 6.66807175
12745.987580 6.66807175
12745.991373 6.66807175
12745.995110 6.66807175
12745.998843 6.66807175
12746.002569 6.66807175
12746.006436 6.66807175
12746.010188 6.66807175
12746.013935 6.66807175
12746.017664 6.66807175
12746.021404 6.66807175
12746.025133 6.66807175
12746.028929 6.66807175
12746.032711 6.66807175
12746.036614 6.66807175
12746.040402 6.66807175
12746.044166 6.66807175
12746.047889 6.66807175
12746.051626 6.66807175
12746.055366 6.66807175
12746.059096 6.66807175
12746.062824 6.66807175
12746.066570 6.66807175
12746.070292 6.66807175
12746.074044 6.66807175
12746.077765 6.66807175
12746.081601 6.66807175
12746.085352 6.66807175
12746.089242 6.66807175
12746.093027 6.66807175
12746.096772 6.66807175
12746.100498 6.66807175
12746.104326 6.66807175
12746.108075 6.66807175
12746.111811 6.66807175
12746.115535 6.66807175
12746.119272 6.66807175
12746.122992 6.66807175
12746.126727 6.66807175
12746.130657 6.66807175
12746.134434 6.66807175
12746.138246 6.66807175
12746.142039 6.66807175
12746.145788 6.66807175
12746.149528 6.66807175
12746.153249 6.66807175
12746.157009 6.66807175
12746.160957 6.66807175
12746.164751 6.66807175
12746.168527 6.66807175
12746.172269 6.66807175
12746.175977 6.66807175
12746.179783 6.66807175
12746.183512 6.66807175
12746.187235 6.66807175
12746.191104 6.66807175
12746.194905 6.66807175
12746.198529 6.66807175
12746.202240 6.66807175
12746.206039 6.66807175
12746.209781 6.66807175
12746.213488 6.66807175
12746.217203 6.66807175
12746.220915 6.66807175
12746.224629 6.66807175
12746.228337 6.66807175
12746.232198 6.66807175
12746.235935 6.66807175
12746.239779 6.66807175
12746.243646 6.66807175
12746.247405 6.66807175
12746.251104 6.66807175
12746.254924 4.85124159
12746.258648 4.85124159
12746.262368 4.85124159
12746.266076 4.85124159
12746.269739 4.85124159
12746.272685 4.85124159
12746.275400 4.85124159
12746.278267 4.85124159
12746.281166 4.85124159
12746.283904 4.85124159
12746.286611 4.85124159
12746.289319 4.85124159
12746.340644 4.85124159
12746.344633 4.85124159
12746.348470 4.85124159
12746.352195 4.85124159
12746.355998 4.85124159
12746.359722 4.85124159
12746.363427 4.85124159
12746.367126 4.85124159
12746.370830 4.85124159
12746.374528 4.85124159
12746.378233 4.85124159
12746.382076 4.85124159
12746.385806 4.85124159
12746.389507 4.85124159
12746.393374 4.85124159
12746.397174 4.85124159
12746.400875 4.85124159
12746.404669 4.85124159
12746.408394 4.85124159
12746.412093 4.85124159
12746.415795 4.85124159
12746.419495 4.85124159
12746.423198 4.85124159
12746.426899 4.85124159
12746.430689 4.85124159
12746.434417 4.85124159
12746.438122 4.85124159
12746.441824 4.85124159
12746.445694 4.85124159
12746.449519 4.85124159
12746.453255 4.85124159
12746.457154 4.85124159
12746.460907 4.85124159
12746.464615 4.85124159
12746.468323 4.85124159
12746.472028 4.85124159
12746.475735 4.85124159
12746.479531 4.85124159
12746.483265 4.85124159
12746.486970 4.85124159
12746.490670 4.85124159
12746.494534 4.85124159
12746.498341 4.85124159
12746.502208 4.85124159
12746.505405 4.85124159
12746.508950 4.85124159
12746.512681 4.85124159
12746.516386 4.85124159
12746.520108 4.85124159
12746.523815 4.85124159
12746.527537 4.54589224
12746.531394 4.54589224
12746.535089 4.54589224
12746.538068 4.54589224
12746.540773 4.54589224
12746.543494 4.54589224
12746.546201 4.54589224
12746.549150 4.54589224
12746.552160 4.54589224
12746.555032 4.54589224
12746.600450 4.54589224
12746.604324 4.54589224
12746.608093 4.54589224
12746.611817 4.54589224
12746.615530 4.54589224
12746.619258 4.54589224
12746.622952 4.54589224
12746.626631 4.54589224
12746.630478 4.54589224
12746.634203 4.54589224
12746.637895 4.54589224
12746.641570 4.54589224
12746.645262 4.54589224
12746.648950 4.54589224
12746.652831 4.54589224
12746.656787 4.54589224
12746.660555 4.54589224
12746.664250 4.54589224
12746.667961 4.54589224
12746.671654 4.54589224
12746.675362 4.54589224
12746.679109 4.54589224
12746.682871 4.54589224
12746.686571 4.54589224
12746.690284 4.54589224
12746.693979 4.54589224
12746.697854 4.54589224
12746.701656 4.54589224
12746.705456 4.54589224
12746.709187 4.54589224
12746.712899 4.54589224
12746.716600 4.54589224
12746.720312 4.54589224
12746.724217 4.54589224
12746.727364 4.54589224
12746.730918 4.54589224
12746.734672 4.54589224
12746.738366 4.54589224
12746.742082 4.54589224
12746.745782 4.54589224
12746.749498 4.54589224
12746.753298 4.54589224
12746.757333 4.54589224
12746.761121 4.54589224
12746.764827 4.54589224
12746.768541 4.54589224
12746.772240 4.54589224
12746.775866 4.54589224
12746.779632 4.54589224
12746.783381 4.54589224
12746.787085 4.54589224
12746.790801 4.54589224
12746.794551 4.54589224
12746.797706 4.54589224
12746.800536 4.43138599
12746.803253 4.43138599
12746.806016 4.43138599
12746.808755 4.43138599
12746.811455 4.43138599
12746.814170 4.43138599
12746.860977 4.43138599
12746.865005 4.43138599
12746.868753 4.43138599
12746.872475 4.43138599
12746.876169 4.43138599
12746.880046 4.43138599
12746.883772 4.43138599
12746.887497 4.43138599
12746.891189 4.43138599
12746.894907 4.43138599
12746.898777 4.43138599
12746.902605 4.43138599
12746.906416 4.43138599
12746.910178 4.43138599
12746.914215 4.43138599
12746.917969 4.43138599
12746.921985 4.43138599
12746.925734 4.43138599
12746.929529 4.43138599
12746.933273 4.43138599
12746.936989 4.43138599
12746.940699 4.43138599
12746.944414 4.43138599
12746.948126 4.43138599
12746.951847 4.43138599
12746.955646 4.43138599
12746.959558 4.43138599
12746.963365 4.43138599
12746.967123 4.43138599
12746.970835 4.43138599
12746.974559 4.43138599
12746.978276 4.43138599
12746.982153 4.43138599
12746.985901 4.43138599
12746.989632 4.43138599
12746.993348 4.43138599
12746.997072 4.43138599
12747.000945 4.43138599
12747.004851 4.43138599
12747.008596 4.43138599
12747.012326 4.43138599
12747.016043 4.43138599
12747.019776 4.43138599
12747.023496 4.43138599
12747.027229 4.43138599
12747.031036 4.43138599
12747.034793 4.43138599
12747.038511 4.43138599
12747.042243 4.43138599
12747.046113 4.43138599
12747.049863 4.43138599
12747.053589 4.43138599
12747.057574 4.43138599
12747.060847 4.43138599
12747.063864 4.43138599
12747.066685 4.43138599
12747.069404 4.43138599
12747.072327 4.43138599
12747.075152 4.39321756
12747.077872 4.39321756
12747.857978 6.05355597
12747.861770 6.05355597
12747.865476 6.05355597
12747.869184 6.05355597
12747.872883 6.05355597
12747.876588 6.05355597
12747.880398 6.05355597
12747.884209 6.05355597
12747.887951 6.05355597
12747.891613 6.05355597
12747.895352 5.80927610
12747.899055 5.80927610
12747.902910 5.80927610
12747.906764 5.80927610
12747.910511 5.80927610
12747.914967 5.80927610
12747.918238 5.80927610
12747.921689 5.80927610
12747.925418 5.80927610
12747.929204 5.80927610
12747.932958 5.80927610
12747.936659 5.80927610
12747.940384 5.80927610
12747.944090 5.80927610
12747.947775 0.0000
