12774.112543 0.0000
12774.115857 5.71385431
12774.119548 5.71385431
12774.123260 5.71385431
12774.127018 5.71385431
12774.130784 5.71385431
12774.133899 5.71385431
12774.137447 5.71385431
12774.141158 5.71385431
12774.144848 5.71385431
12774.148560 5.71385431
12774.152309 5.71385431
12774.156067 5.71385431
12774.159770 5.71385431
12774.163474 5.71385431
12774.167226 4.09931850
12774.170970 4.09931850
12774.174657 4.09931850
12774.178454 4.09931850
12774.182173 4.09931850
12774.185886 4.09931850
12774.189570 4.09931850
12774.193442 4.09931850
12774.197390 4.09931850
12774.201200 4.09931850
12774.205012 4.09931850
12774.208748 4.09931850
12774.212442 4.09931850
12774.216148 4.09931850
12774.219843 4.09931850
12774.223547 4.09931850
12774.227376 4.09931850
12774.231171 4.09931850
12774.234887 4.09931850
12774.238590 4.09931850
12774.242284 4.09931850
12774.245991 4.09931850
12774.249686 4.09931850
12774.253390 4.09931850
12774.257107 4.09931850
12774.260826 4.09931850
12774.264516 4.09931850
12774.268231 4.09931850
12774.271916 4.09931850
12774.275628 4.09931850
12774.279392 4.09931850
12774.282551 4.09931850
12774.286108 4.09931850
12774.289818 4.09931850
12774.293661 4.09931850
12774.297467 4.09931850
12774.301252 4.09931850
12774.305167 4.09931850
12774.308913 4.09931850
12774.312614 4.09931850
12774.316307 4.09931850
12774.320012 4.09931850
12774.323709 4.09931850
12774.327541 4.09931850
12774.331317 4.09931850
12774.335028 4.09931850
12774.338721 4.09931850
12774.342428 4.09931850
12774.346126 4.09931850
12774.349834 4.09931850
12774.353654 4.09931850
12774.357398 4.09931850
12774.361094 4.09931850
12774.364799 4.09931850
12774.368493 4.09931850
12774.372196 4.09931850
12774.375893 4.09931850
12774.379677 4.09931850
12774.383406 4.09931850
12774.387112 4.09931850
12774.390810 4.09931850
12774.394645 4.09931850
12774.398432 4.09931850
12774.402301 4.09931850
12774.406217 4.09931850
12774.409971 4.09931850
12774.413663 4.09931850
12774.417370 4.09931850
12774.421059 4.09931850
12774.424767 4.09931850
12774.428596 4.09931850
12774.432337 4.09931850
12774.436031 4.09931850
12774.439737 5.94286680
12774.443431 5.94286680
12774.447142 5.94286680
12774.450836 5.94286680
12774.454632 5.94286680
12774.458349 5.94286680
12774.462057 5.94286680
12774.465751 5.94286680
12774.469461 5.94286680
12774.473156 5.94286680
12774.476868 5.94286680
12774.480725 5.94286680
12774.484473 5.94286680
12774.488164 5.94286680
12774.491876 5.94286680
12774.495719 5.94286680
12774.499521 5.94286680
12774.503420 5.94286680
12774.507268 5.94286680
12774.510990 5.94286680
12774.514693 5.94286680
12774.518385 5.94286680
12774.522092 5.94286680
12774.525791 5.94286680
12774.529595 5.94286680
12774.533322 5.94286680
12774.537042 5.94286680
12774.540744 5.94286680
12774.544769 5.94286680
12774.548476 5.94286680
12774.552299 5.94286680
12774.556062 5.94286680
12774.559789 5.94286680
12774.563478 5.94286680
12774.567192 5.94286680
12774.570878 5.94286680
12774.574596 5.94286680
12774.578371 5.94286680
12774.582119 5.94286680
12774.585798 5.94286680
12774.589519 5.94286680
12774.593203 5.94286680
12774.597076 5.94286680
12774.600859 5.94286680
12774.604794 5.94286680
12774.608623 5.94286680
12774.612377 5.94286680
12774.616063 5.94286680
12774.619778 5.94286680
12774.623460 5.94286680
12774.627278 5.94286680
12774.631049 5.94286680
12774.634781 5.94286680
12774.638468 5.94286680
12774.642184 5.94286680
12774.645868 5.94286680
12774.649588 5.94286680
12774.653384 5.94286680
12774.657132 5.94286680
12774.660813 5.94286680
12774.664537 5.94286680
12774.668223 5.94286680
12774.671941 5.94286680
12774.675623 5.94286680
12774.679433 5.94286680
12774.683148 5.94286680
12774.686867 5.94286680
12774.690556 5.94286680
12774.694275 5.94286680
12774.698112 5.94286680
12774.701973 5.94286680
12774.705714 5.94286680
12774.709607 5.94286680
12774.713396 5.91614866
12774.717130 5.91614866
12774.720818 5.91614866
12774.724532 5.91614866
12774.728329 5.91614866
12774.732061 5.91614866
12774.735750 5.91614866
12774.739465 5.91614866
12774.743155 5.91614866
12774.746864 5.91614866
12774.749972 5.91614866
12774.753891 5.91614866
12774.757705 5.91614866
12774.761395 5.91614866
12774.765112 5.91614866
12774.768797 5.91614866
12774.772516 5.91614866
12774.776202 5.91614866
12774.780006 5.91614866
12774.783722 5.91614866
12774.787434 5.91614866
12774.791117 5.91614866
12774.794267 5.91614866
12774.797953 5.91614866
12774.801743 5.91614866
12774.805516 5.91614866
12774.809424 5.91614866
12774.813204 5.91614866
12774.816938 5.91614866
12774.820627 5.91614866
12774.824338 5.91614866
12774.828122 5.91614866
12774.831866 5.91614866
12774.835555 5.91614866
12774.839269 5.91614866
12774.842958 5.91614866
12774.846670 5.91614866
12774.850360 5.91614866
12774.854221 5.91614866
12774.857941 5.91614866
12774.861657 5.91614866
12774.865347 5.91614866
12774.869062 5.91614866
12774.872747 5.91614866
12774.876460 5.91614866
12774.880275 5.91614866
12774.884022 5.91614866
12774.887713 5.91614866
12774.891428 5.91614866
12774.895118 5.91614866
12774.898989 5.91614866
12774.902853 5.91614866
12774.906575 5.91614866
12774.909682 5.91614866
12774.912651 5.91614866
12774.915561 5.91614866
12774.919222 5.91614866
12774.923082 5.91614866
12774.926803 5.91614866
12774.930590 5.91614866
12774.934321 5.91614866
12774.938018 5.91614866
12774.941725 5.91614866
12774.945424 5.91614866
12774.949130 5.91614866
12774.953313 5.91614866
12774.957034 5.91614866
12774.960777 5.91614866
12774.964486 5.91614866
12774.968127 5.91614866
12774.971786 5.91614866
12774.975508 5.91614866
12774.979355 5.91614866
12774.983104 5.91614866
12774.986829 4.88941050
12774.990553 4.88941050
12774.994266 4.88941050
12774.997991 4.88941050
12775.001864 4.88941050
12775.005780 4.88941050
12775.009523 4.88941050
12775.013264 4.88941050
12775.017118 4.88941050
12775.020917 4.88941050
12775.024651 4.88941050
12775.028490 4.88941050
12775.032229 4.88941050
12775.035972 4.88941050
12775.039686 4.88941050
12775.043429 4.88941050
12775.047146 4.88941050
12775.050890 4.88941050
12775.054788 4.88941050
12775.058575 4.88941050
12775.062291 4.88941050
12775.066032 4.88941050
12775.069748 4.88941050
12775.073492 4.88941050
12775.077261 4.88941050
12775.081054 4.88941050
12775.084780 4.88941050
12775.088522 4.88941050
12775.092239 4.88941050
12775.095975 4.88941050
12775.099092 4.88941050
12775.102787 4.88941050
12775.106589 4.88941050
12775.110298 4.88941050
12775.114034 4.88941050
12775.117893 4.88941050
12775.121689 4.88941050
12775.125415 4.88941050
12775.128677 4.88941050
12775.132300 4.88941050
12775.136044 4.88941050
12775.139752 4.88941050
12775.143488 4.88941050
12775.147197 4.88941050
12775.150937 4.88941050
12775.154733 4.88941050
12775.158498 4.88941050
12775.162208 4.88941050
12775.165944 4.88941050
12775.169654 4.88941050
12775.173390 4.88941050
12775.177158 4.88941050
12775.180946 4.88941050
12775.184662 4.88941050
12775.188400 4.88941050
12775.192114 4.88941050
12775.195849 4.88941050
12775.199558 4.88941050
12775.203502 4.88941050
12775.207324 4.88941050
12775.211057 4.88941050
12775.214766 4.88941050
12775.218504 4.88941050
12775.222383 4.88941050
12775.226214 4.88941050
12775.230115 4.88941050
12775.233890 4.88941050
12775.237601 4.88941050
12775.241329 4.88941050
12775.245041 4.88941050
12775.248775 4.88941050
12775.252574 4.88941050
12775.256335 4.88941050
12775.260048 4.42756939
12775.263787 4.42756939
12775.267501 4.42756939
12775.271237 4.42756939
12775.275096 4.42756939
12775.278290 4.42756939
12775.281815 4.42756939
12775.285554 4.42756939
12775.289271 4.42756939
12775.293003 4.42756939
12775.296720 4.42756939
12775.300456 4.42756939
12775.304358 4.42756939
12775.308156 4.42756939
12775.311868 4.42756939
12775.315604 4.42756939
12775.319315 4.42756939
12775.323127 4.42756939
12775.326947 4.42756939
12775.330756 4.42756939
12775.334477 4.42756939
12775.338209 4.42756939
12775.341923 4.42756939
12775.345655 4.42756939
12775.349369 4.42756939
12775.353301 4.42756939
12775.357077 4.42756939
12775.360804 4.42756939
12775.364530 4.42756939
12775.368255 4.42756939
12775.371979 4.42756939
12775.375703 4.42756939
12775.379506 4.42756939
12775.383266 4.42756939
12775.386987 4.42756939
12775.390713 4.42756939
12775.394429 4.42756939
12775.398161 4.42756939
12775.401938 4.42756939
12775.405877 4.42756939
12775.409714 4.42756939
12775.413445 4.42756939
12775.417167 4.42756939
12775.420893 4.42756939
12775.424751 4.42756939
12775.428631 4.42756939
12775.432395 4.42756939
12775.436119 4.42756939
12775.439242 4.42756939
12775.442782 4.42756939
12775.446518 4.42756939
12775.450231 4.42756939
12775.454149 4.42756939
12775.457890 4.42756939
12775.461630 4.42756939
12775.465342 4.42756939
12775.469079 4.42756939
12775.472790 4.42756939
12775.476530 4.42756939
12775.480369 4.42756939
12775.484139 4.42756939
12775.487851 4.42756939
12775.491588 4.42756939
12775.495298 4.42756939
12775.499037 4.42756939
12775.502833 4.42756939
12775.506738 4.42756939
12775.510503 4.42756939
12775.514231 4.42756939
12775.517941 4.42756939
12775.521668 4.42756939
12775.525377 4.42756939
12775.529322 4.42756939
12775.533146 4.42756939
12775.536892 4.40848494
12775.541036 4.40848494
12775.545004 4.40848494
12775.548709 4.40848494
12775.552497 4.40848494
12775.556211 4.40848494
12775.559928 4.40848494
12775.563620 4.40848494
12775.567340 4.40848494
12775.571030 4.40848494
12775.574752 4.40848494
12775.578582 4.40848494
12775.582334 4.40848494
12775.586028 4.40848494
12775.589749 4.40848494
12775.593435 4.40848494
12775.597154 4.40848494
12775.600844 4.40848494
12775.604652 4.40848494
12775.608530 4.40848494
12775.612348 4.40848494
12775.616040 4.40848494
12775.619768 4.40848494
12775.623460 4.40848494
12775.627245 4.40848494
12775.631127 4.40848494
12775.634968 4.40848494
12775.638693 4.40848494
12775.642411 4.40848494
12775.646112 4.40848494
12775.649826 4.40848494
12775.653726 4.40848494
12775.657485 4.40848494
12775.661192 4.40848494
12775.664907 4.40848494
12775.668614 4.40848494
12775.672333 4.40848494
12775.676039 4.40848494
12775.679840 4.40848494
12775.683574 4.40848494
12775.687292 4.40848494
12775.690996 4.40848494
12775.694706 4.40848494
12775.698410 4.40848494
12775.702179 4.40848494
12775.705935 4.40848494
12775.709811 4.40848494
12775.713615 4.40848494
12775.717330 4.40848494
12775.721032 4.40848494
12775.724747 4.40848494
12775.728563 4.40848494
12775.732387 4.40848494
12775.736193 4.40848494
12775.739940 4.40848494
12775.743639 4.40848494
12775.747362 4.40848494
12775.751060 4.40848494
12775.754876 4.40848494
12775.758599 4.40848494
12775.762320 4.40848494
12775.766018 4.40848494
12775.769739 4.40848494
12775.773435 4.40848494
12775.777213 4.40848494
12775.780959 4.40848494
12775.784689 4.40848494
12775.788385 4.40848494
12775.792107 4.40848494
12775.795803 4.40848494
12775.799529 4.40848494
12775.803312 4.40848494
12775.807064 4.40848494
12775.810918 4.27107763
12775.814734 4.27107763
12775.818431 4.27107763
12775.822158 4.27107763
12775.825855 4.27107763
12775.829745 4.27107763
12775.833479 4.27107763
12775.837371 4.27107763
12775.841162 4.27107763
12775.844908 4.27107763
12775.848599 4.27107763
12775.852419 4.27107763
12775.856142 4.27107763
12775.859868 4.27107763
12775.863566 4.27107763
12775.867289 4.27107763
12775.870983 4.27107763
12775.874708 4.27107763
12775.878495 4.27107763
12775.882249 4.27107763
12775.885944 4.27107763
12775.889670 4.27107763
12775.893367 4.27107763
12775.897093 4.27107763
12775.900793 4.27107763
12775.904596 4.27107763
12775.908326 4.27107763
12775.912201 4.27107763
12775.915991 4.27107763
12775.919702 4.27107763
12775.923411 4.27107763
12775.927179 4.27107763
12775.930939 4.27107763
12775.934660 4.27107763
12775.938512 4.27107763
12775.942640 4.27107763
12775.946359 4.27107763
12775.950509 4.27107763
12775.954444 4.27107763
12775.958244 4.27107763
12775.961945 4.27107763
12775.965673 4.27107763
12775.969362 4.27107763
12775.973088 4.27107763
12775.976776 4.27107763
12775.980593 4.27107763
12775.984312 4.27107763
12775.988041 4.27107763
12775.991733 4.27107763
12775.995461 4.27107763
12775.999154 4.27107763
12776.002965 4.27107763
12776.006693 4.27107763
12776.010426 4.27107763
12776.014278 4.27107763
12776.018100 4.27107763
12776.021797 4.27107763
12776.025529 4.27107763
12776.029312 4.27107763
12776.033071 4.27107763
12776.036766 4.27107763
12776.040653 4.27107763
12776.044448 4.27107763
12776.048196 4.27107763
12776.051963 4.27107763
12776.055744 4.27107763
12776.059454 4.27107763
12776.063182 4.27107763
12776.066885 4.27107763
12776.070611 4.27107763
12776.074318 4.27107763
12776.078192 4.27107763
12776.081335 6.09554148
12776.084840 6.09554148
12776.088550 6.09554148
12776.092253 6.09554148
12776.095986 6.09554148
12776.099676 6.09554148
12776.103537 6.09554148
12776.107257 6.09554148
12776.110412 6.09554148
12776.114115 6.09554148
12776.117930 6.09554148
12776.121623 6.09554148
12776.125350 6.09554148
12776.129124 6.09554148
12776.132880 6.09554148
12776.136587 6.09554148
12776.140324 6.09554148
12776.144177 6.09554148
12776.148008 6.09554148
12776.151733 6.09554148
12776.155539 6.09554148
12776.159272 6.09554148
12776.162987 6.09554148
12776.166690 6.09554148
12776.170465 6.09554148
12776.174196 6.09554148
12776.178000 6.09554148
12776.181733 6.09554148
12776.185445 6.09554148
12776.189148 6.09554148
12776.192860 6.09554148
12776.196562 6.09554148
12776.200277 6.09554148
12776.204123 6.09554148
12776.207867 6.09554148
12776.211574 6.09554148
12776.215434 6.09554148
12776.219219 6.09554148
12776.222930 6.09554148
12776.226638 6.09554148
12776.230439 6.09554148
12776.234174 6.09554148
12776.237883 6.09554148
12776.241592 6.09554148
12776.245467 6.09554148
12776.249281 6.09554148
12776.253119 6.09554148
12776.256840 6.09554148
12776.260561 6.09554148
12776.264258 6.09554148
12776.268459 6.09554148
12776.271774 6.09554148
12776.275525 6.09554148
12776.279011 6.09554148
12776.281939 6.09554148
12776.284888 6.09554148
12776.288427 6.09554148
12776.292164 6.09554148
12776.296042 6.09554148
12776.299768 6.09554148
12776.303553 6.09554148
12776.307311 6.09554148
12776.311002 6.09554148
12776.314735 6.09554148
12776.318594 6.09554148
12776.322425 6.09554148
12776.326117 6.09554148
12776.330173 6.09554148
12776.333939 6.09554148
12776.337676 6.09554148
12776.341371 6.09554148
12776.345108 6.09554148
12776.348968 6.09554148
12776.352899 6.09554148
12776.356655 6.15279436
12776.360378 6.15279436
12776.364083 6.15279436
12776.367802 6.15279436
12776.371507 6.15279436
12776.375231 6.15279436
12776.379019 6.15279436
12776.382778 6.15279436
12776.386485 6.15279436
12776.390207 6.15279436
12776.393911 6.15279436
12776.397633 6.15279436
12776.401342 6.15279436
12776.405213 6.15279436
12776.408960 6.15279436
12776.412680 6.15279436
12776.416381 6.15279436
12776.420251 6.15279436
12776.424058 6.15279436
12776.427856 6.15279436
12776.431600 6.15279436
12776.435318 6.15279436
12776.439026 6.15279436
12776.442745 6.15279436
12776.446457 6.15279436
12776.450331 6.15279436
12776.454295 6.15279436
12776.458076 6.15279436
12776.461775 6.15279436
12776.465503 6.15279436
12776.469197 6.15279436
12776.472926 6.15279436
12776.476627 6.15279436
12776.480440 6.15279436
12776.484167 6.15279436
12776.487898 6.15279436
12776.491597 6.15279436
12776.495327 6.15279436
12776.499024 6.15279436
12776.502837 6.15279436
12776.506563 6.15279436
12776.510294 6.15279436
12776.513984 6.15279436
12776.517716 6.15279436
12776.521545 6.15279436
12776.525363 6.15279436
12776.529142 6.15279436
12776.532913 0.0000
