12783.663514 0.0000
12783.666866 4.06114960
12783.670685 4.06114960
12783.674399 4.06114960
12783.678318 4.06114960
12783.682076 4.06114960
12783.685777 4.06114960
12783.689485 4.06114960
12783.693192 4.06114960
12783.696904 4.06114960
12783.700605 4.06114960
12783.704405 4.06114960
12783.708138 4.06114960
12783.711850 4.06114960
12783.715708 4.06114960
12783.719687 4.06114960
12783.723496 4.06114960
12783.727324 4.06114960
12783.731059 4.06114960
12783.734768 4.06114960
12783.738475 4.06114960
12783.742180 4.06114960
12783.745884 4.16802216
12783.749593 4.16802216
12783.753382 4.16802216
12783.757121 4.16802216
12783.760829 4.16802216
12783.764539 4.16802216
12783.768241 4.16802216
12783.771953 4.16802216
12783.775657 4.16802216
12783.779492 4.16802216
12783.783237 4.16802216
12783.786949 4.16802216
12783.790649 4.16802216
12783.794354 4.16802216
12783.797483 4.16802216
12783.800982 4.16802216
12783.804814 4.16802216
12783.808550 4.16802216
12783.812271 4.16802216
12783.816119 4.16802216
12783.819848 4.16802216
12783.823678 4.16802216
12783.827622 4.16802216
12783.831378 4.16802216
12783.835083 4.16802216
12783.838792 4.16802216
12783.842502 4.16802216
12783.846203 4.16802216
12783.849921 4.16802216
12783.853704 4.16802216
12783.857453 4.16802216
12783.861156 4.16802216
12783.865048 4.16802216
12783.868865 4.16802216
12783.872605 4.16802216
12783.876373 4.16802216
12783.880161 4.16802216
12783.883888 4.16802216
12783.887625 4.16802216
12783.891340 4.16802216
12783.895080 4.16802216
12783.898789 4.16802216
12783.902656 4.16802216
12783.906411 4.16802216
12783.910152 4.16802216
12783.913866 4.16802216
12783.917743 4.16802216
12783.921509 4.16802216
12783.925339 4.16802216
12783.929214 4.16802216
12783.933299 4.16802216
12783.937049 4.16802216
12783.941073 4.16802216
12783.944801 4.16802216
12783.948512 4.16802216
12783.952288 4.16802216
12783.956034 4.16802216
12783.959724 4.16802216
12783.963435 4.16802216
12783.967123 4.16802216
12783.970839 4.16802216
12783.974527 4.16802216
12783.978446 4.16802216
12783.982177 4.16802216
12783.985877 4.16802216
12783.989576 4.16802216
12783.993277 4.16802216
12783.996979 4.16802216
12784.000682 4.16802216
12784.004468 4.16802216
12784.008204 4.16802216
12784.011913 4.16802216
12784.015618 4.16802216
12784.019487 4.99246597
12784.023285 4.99246597
12784.027223 4.99246597
12784.031059 4.99246597
12784.034791 4.99246597
12784.038500 4.99246597
12784.042215 4.99246597
12784.045929 4.99246597
12784.049640 4.99246597
12784.053485 4.99246597
12784.057238 4.99246597
12784.060955 4.99246597
12784.064665 4.99246597
12784.068378 4.99246597
12784.072094 4.99246597
12784.075807 4.99246597
12784.079598 4.99246597
12784.083343 4.99246597
12784.087057 4.99246597
12784.090770 4.99246597
12784.094482 4.99246597
12784.098192 4.99246597
12784.101987 4.99246597
12784.105737 4.99246597
12784.109439 4.99246597
12784.113142 4.99246597
12784.116846 4.99246597
12784.120704 4.99246597
12784.124503 4.99246597
12784.128410 4.99246597
12784.132242 4.99246597
12784.135996 4.99246597
12784.139702 4.99246597
12784.143414 4.99246597
12784.147115 4.99246597
12784.150828 4.99246597
12784.154681 4.99246597
12784.158443 4.99246597
12784.162150 4.99246597
12784.165868 4.99246597
12784.169628 4.99246597
12784.173367 4.99246597
12784.177147 4.99246597
12784.180896 4.99246597
12784.184590 4.99246597
12784.188298 4.99246597
12784.191991 4.99246597
12784.195702 4.99246597
12784.199397 4.99246597
12784.203191 4.99246597
12784.206930 4.99246597
12784.210641 4.99246597
12784.214342 4.99246597
12784.218051 4.99246597
12784.221903 4.99246597
12784.225712 4.99246597
12784.229494 4.99246597
12784.233403 4.99246597
12784.237199 4.99246597
12784.240934 4.99246597
12784.244632 4.99246597
12784.248341 4.99246597
12784.252135 4.99246597
12784.255879 4.99246597
12784.259577 4.99246597
12784.263286 4.99246597
12784.266986 4.99246597
12784.270697 4.99246597
12784.274398 4.99246597
12784.278303 4.99246597
12784.282058 4.99246597
12784.285773 4.99246597
12784.289470 4.99246597
12784.293182 6.03828859
12784.296883 6.03828859
12784.300600 6.03828859
12784.304382 6.03828859
12784.308125 6.03828859
12784.311827 6.03828859
12784.315535 6.03828859
12784.318651 6.03828859
12784.322328 6.03828859
12784.326124 6.03828859
12784.329905 6.03828859
12784.333825 6.03828859
12784.337617 6.03828859
12784.341351 6.03828859
12784.345052 6.03828859
12784.348772 6.03828859
12784.352561 6.03828859
12784.356310 6.03828859
12784.360009 6.03828859
12784.363725 6.03828859
12784.367425 6.03828859
12784.371138 6.03828859
12784.374839 6.03828859
12784.378688 6.03828859
12784.382426 6.03828859
12784.386149 6.03828859
12784.389851 6.03828859
12784.393566 6.03828859
12784.397262 6.03828859
12784.400982 6.03828859
12784.404801 6.03828859
12784.408559 6.03828859
12784.412256 6.03828859
12784.415975 6.03828859
12784.419675 6.03828859
12784.423557 6.03828859
12784.427445 6.03828859
12784.431207 6.03828859
12784.434914 6.03828859
12784.438719 6.03828859
12784.442526 6.03828859
12784.446270 6.03828859
12784.449977 6.03828859
12784.453789 6.03828859
12784.457525 6.03828859
12784.461248 6.03828859
12784.464951 6.03828859
12784.468667 6.03828859
12784.471792 6.03828859
12784.475334 6.03828859
12784.479138 6.03828859
12784.482860 6.03828859
12784.486581 6.03828859
12784.490262 6.03828859
12784.493989 6.03828859
12784.497674 6.03828859
12784.501489 6.03828859
12784.505247 6.03828859
12784.508980 6.03828859
12784.512671 6.03828859
12784.516393 6.03828859
12784.520079 6.03828859
12784.523956 6.03828859
12784.527827 6.03828859
12784.531584 6.03828859
12784.535278 6.03828859
12784.539165 6.03828859
12784.542949 6.03828859
12784.546693 6.03828859
12784.550388 6.03828859
12784.554293 6.03828859
12784.558052 6.03828859
12784.562092 6.03828859
12784.565816 4.88941050
12784.569521 4.88941050
12784.573211 4.88941050
12784.577019 4.88941050
12784.580740 4.88941050
12784.584463 4.88941050
12784.588150 4.88941050
12784.591872 4.88941050
12784.595557 4.88941050
12784.599281 4.88941050
12784.603055 4.88941050
12784.606808 4.88941050
12784.610491 4.88941050
12784.614210 4.88941050
12784.617900 4.88941050
12784.621625 4.88941050
12784.625461 4.88941050
12784.629398 4.88941050
12784.633117 4.88941050
12784.636838 4.88941050
12784.640703 4.88941050
12784.644511 4.88941050
12784.648230 4.88941050
12784.652038 4.88941050
12784.655764 4.88941050
12784.659474 4.88941050
12784.663167 4.88941050
12784.666882 4.88941050
12784.670585 4.88941050
12784.674301 4.88941050
12784.678080 4.88941050
12784.681832 4.88941050
12784.685528 4.88941050
12784.689244 4.88941050
12784.692944 4.88941050
12784.696590 4.88941050
12784.700273 4.88941050
12784.704074 4.88941050
12784.707797 4.88941050
12784.711515 4.88941050
12784.715211 4.88941050
12784.718928 4.88941050
12784.722622 4.88941050
12784.726568 4.88941050
12784.730407 4.88941050
12784.734142 4.88941050
12784.737835 4.88941050
12784.741558 4.88941050
12784.745418 4.88941050
12784.749256 4.88941050
12784.753112 4.88941050
12784.756862 4.88941050
12784.760565 4.88941050
12784.764281 4.88941050
12784.767980 4.88941050
12784.771698 4.88941050
12784.775399 4.88941050
12784.779199 4.88941050
12784.782929 4.88941050
12784.786643 4.88941050
12784.790338 4.88941050
12784.793984 4.88941050
12784.797665 4.88941050
12784.801454 4.88941050
12784.805193 4.88941050
12784.808920 4.88941050
12784.812607 4.88941050
12784.815762 4.88941050
12784.819318 4.88941050
12784.823036 4.88941050
12784.826933 4.88941050
12784.830770 4.88941050
12784.834464 4.88941050
12784.838192 4.88941050
12784.841887 4.40848494
12784.845775 4.40848494
12784.849565 4.40848494
12784.853553 4.40848494
12784.857303 4.40848494
12784.861025 4.40848494
12784.864735 4.40848494
12784.868447 4.40848494
12784.872151 4.40848494
12784.875871 4.40848494
12784.879655 4.40848494
12784.883401 4.40848494
12784.887102 4.40848494
12784.890821 4.40848494
12784.894528 4.40848494
12784.898251 4.40848494
12784.902036 4.40848494
12784.905782 4.40848494
12784.909489 4.40848494
12784.913199 4.40848494
12784.916904 4.40848494
12784.920620 4.40848494
12784.924323 4.40848494
12784.928252 4.40848494
12784.932062 4.40848494
12784.935770 4.40848494
12784.939484 4.40848494
12784.943196 4.40848494
12784.946906 4.40848494
12784.950768 4.40848494
12784.954217 4.40848494
12784.957894 4.40848494
12784.961627 4.40848494
12784.965633 4.40848494
12784.969421 4.40848494
12784.973133 4.40848494
12784.976948 4.40848494
12784.980699 4.40848494
12784.984439 4.40848494
12784.988150 4.40848494
12784.991883 4.40848494
12784.995596 4.40848494
12784.999327 4.40848494
12785.003165 4.40848494
12785.006943 4.40848494
12785.010658 4.40848494
12785.013817 4.40848494
12785.017374 4.40848494
12785.021104 4.40848494
12785.024830 4.40848494
12785.028756 4.40848494
12785.032543 4.40848494
12785.036279 4.40848494
12785.039990 4.40848494
12785.043726 4.40848494
12785.047444 4.40848494
12785.051367 4.40848494
12785.055221 4.40848494
12785.058977 4.40848494
12785.062702 4.40848494
12785.066424 4.40848494
12785.070150 4.40848494
12785.073871 4.40848494
12785.077156 4.40848494
12785.080768 4.40848494
12785.084510 4.40848494
12785.088229 4.40848494
12785.091970 4.40848494
12785.095690 4.40848494
12785.099433 4.40848494
12785.103287 4.40848494
12785.107057 4.40848494
12785.110774 4.40848494
12785.114511 4.40848494
12785.118226 4.40848494
12785.121962 4.40848494
12785.125679 4.40848494
12785.129616 4.40848494
12785.133394 4.40848494
12785.137141 4.40848494
12785.140853 4.40848494
12785.144596 4.40848494
12785.148305 4.40848494
12785.152255 4.40848494
12785.156092 4.40848494
12785.159846 4.40848494
12785.163564 4.40848494
12785.167295 4.40848494
12785.171012 4.40848494
12785.174747 4.40848494
12785.178637 4.40848494
12785.182378 4.40848494
12785.186091 4.40848494
12785.189827 4.40848494
12785.193539 4.40848494
12785.197274 4.40848494
12785.200988 4.40848494
12785.204808 4.40848494
12785.208554 4.40848494
12785.212289 4.40848494
12785.216006 4.40848494
12785.219741 4.40848494
12785.223449 4.40848494
12785.227276 4.40848494
12785.231178 4.40848494
12785.235001 4.40848494
12785.238719 4.40848494
12785.242454 4.40848494
12785.246167 4.40848494
12785.249901 4.40848494
12785.253723 4.40848494
12785.257657 4.40848494
12785.261469 4.40848494
12785.265219 4.40848494
12785.268940 4.40848494
12785.272672 4.40848494
12785.276454 4.40848494
12785.280234 4.40848494
12785.283959 4.40848494
12785.287692 4.40848494
12785.291410 4.40848494
12785.295144 4.40848494
12785.298864 4.40848494
12785.302678 4.40848494
12785.306427 4.40848494
12785.310160 4.40848494
12785.313879 4.40848494
12785.317612 4.40848494
12785.321330 4.40848494
12785.325061 4.40848494
12785.328929 4.40848494
12785.332863 4.40848494
12785.336683 4.40848494
12785.340427 4.40848494
12785.344151 4.40848494
12785.347888 4.40848494
12785.351671 4.40848494
12785.355454 4.40848494
12785.358794 4.40848494
12785.362524 4.40848494
12785.366285 4.40848494
12785.370000 4.40848494
12785.373729 4.40848494
12785.377587 4.40848494
12785.381353 4.40848494
12785.385069 4.40848494
12785.388802 4.28634501
12785.392518 4.28634501
12785.396251 4.28634501
12785.399971 4.28634501
12785.403785 4.28634501
12785.407533 4.28634501
12785.411267 4.28634501
12785.414983 4.28634501
12785.418714 4.28634501
12785.422434 4.28634501
12785.426163 4.28634501
12785.429961 4.28634501
12785.433868 4.28634501
12785.437639 4.28634501
12785.441375 4.28634501
12785.445095 4.28634501
12785.448827 4.28634501
12785.452626 4.28634501
12785.456390 4.28634501
12785.460255 4.28634501
12785.464053 4.28634501
12785.467785 4.28634501
12785.471519 4.28634501
12785.475233 4.28634501
12785.479167 4.28634501
12785.482902 4.28634501
12785.486628 4.28634501
12785.490353 4.28634501
12785.494075 4.28634501
12785.497796 4.28634501
12785.501584 4.28634501
12785.505353 4.28634501
12785.509086 4.28634501
12785.512810 4.28634501
12785.516531 4.28634501
12785.520247 4.28634501
12785.523389 4.28634501
12785.526422 4.28634501
12785.529442 4.28634501
12785.533815 4.28634501
12785.537046 4.28634501
12785.540020 4.28634501
12785.544327 4.28634501
12785.547485 4.28634501
12785.551654 4.28634501
12785.554820 4.28634501
12785.558287 4.28634501
12785.562064 4.28634501
12785.565839 4.28634501
12785.569585 4.28634501
12785.573296 4.28634501
12785.577115 4.28634501
12785.580855 4.28634501
12785.584581 4.28634501
12785.587697 4.28634501
12785.591251 4.28634501
12785.594976 4.28634501
12785.598685 4.28634501
12785.602546 4.28634501
12785.606292 4.28634501
12785.610023 4.28634501
12785.613730 4.28634501
12785.617460 4.28634501
12785.621167 4.28634501
12785.624899 4.28634501
12785.628732 4.28634501
12785.632496 4.28634501
12785.636367 4.28634501
12785.640185 4.28634501
12785.643897 4.28634501
12785.647617 4.28634501
12785.651389 4.28634501
12785.655165 4.28634501
12785.658882 4.28634501
12785.662616 5.23674583
12785.666495 5.23674583
12785.670329 5.23674583
12785.674055 5.23674583
12785.677874 5.23674583
12785.681603 5.23674583
12785.684765 5.23674583
12785.688273 5.23674583
12785.691958 5.23674583
12785.695672 5.23674583
12785.699409 5.23674583
12785.703205 5.23674583
12785.706967 5.23674583
12785.710687 5.23674583
12785.714414 5.23674583
12785.718128 5.23674583
12785.721867 5.23674583
12785.725575 5.23674583
12785.729443 5.23674583
12785.733199 5.23674583
12785.737108 5.23674583
12785.740923 5.23674583
12785.744664 5.23674583
12785.748372 5.23674583
12785.752191 5.23674583
12785.755939 5.23674583
12785.759667 5.23674583
12785.763383 5.23674583
12785.767286 5.23674583
12785.771088 5.23674583
12785.774839 5.23674583
12785.778648 5.23674583
12785.782405 5.23674583
12785.786122 5.23674583
12785.789853 5.23674583
12785.793568 5.23674583
12785.797300 5.23674583
12785.801024 5.23674583
12785.804936 5.23674583
12785.808711 5.23674583
12785.812435 5.23674583
12785.816155 5.23674583
12785.819874 5.23674583
12785.823594 5.23674583
12785.827397 5.23674583
12785.831153 5.23674583
12785.834881 5.23674583
12785.838754 5.23674583
12785.842559 5.23674583
12785.845693 5.23674583
12785.849202 5.23674583
12785.852975 5.23674583
12785.856714 5.23674583
12785.860447 5.23674583
12785.864152 5.23674583
12785.867882 5.23674583
12785.871760 5.23674583
12785.875598 5.23674583
12785.879453 5.23674583
12785.883225 5.23674583
12785.886933 5.23674583
12785.890674 5.23674583
12785.894368 5.23674583
12785.897530 5.23674583
12785.901084 5.23674583
12785.904906 5.23674583
12785.908653 5.23674583
12785.912394 5.23674583
12785.916106 5.23674583
12785.919845 5.23674583
12785.923555 5.23674583
12785.927375 5.23674583
12785.931117 5.23674583
12785.934857 6.15279436
12785.938698 6.15279436
12785.942547 6.15279436
12785.946268 6.15279436
12785.950336 6.15279436
12785.954127 6.15279436
12785.958406 6.15279436
12785.962085 6.15279436
12785.965816 6.15279436
12785.969497 6.15279436
12785.973386 6.15279436
12785.977315 6.15279436
12785.981092 6.15279436
12785.984775 6.15279436
12785.988492 6.15279436
12785.992178 6.15279436
12785.995894 6.15279436
12785.999578 6.15279436
12786.003400 6.15279436
12786.007131 6.15279436
12786.010852 6.15279436
12786.014546 6.15279436
12786.018265 6.15279436
12786.021956 6.15279436
12786.025679 6.15279436
12786.029453 6.15279436
12786.033209 6.15279436
12786.036904 6.15279436
12786.040779 6.15279436
12786.044563 6.15279436
12786.048292 6.15279436
12786.052059 6.15279436
12786.055820 6.15279436
12786.059515 6.15279436
12786.063234 6.15279436
12786.066925 6.15279436
12786.070650 6.15279436
12786.074437 6.15279436
12786.078327 6.15279436
12786.082081 6.15279436
12786.085794 6.15279436
12786.089491 6.15279436
12786.093199 6.15279436
12786.096904 6.15279436
12786.100619 6.15279436
12786.104541 6.15279436
12786.108294 6.15279436
12786.111402 6.15279436
12786.114946 6.15279436
12786.118662 6.15279436
12786.122356 6.15279436
12786.126079 6.15279436
12786.129838 6.15279436
12786.133591 6.15279436
12786.137276 6.15279436
12786.141147 6.15279436
12786.144926 6.15279436
12786.148646 6.15279436
12786.152412 6.15279436
12786.156161 6.15279436
12786.159847 6.15279436
12786.163559 6.15279436
12786.167297 6.15279436
12786.171046 6.15279436
12786.174731 6.15279436
12786.178662 6.15279436
12786.182485 0.0000
