12757.167210 0.0000
12757.170533 5.95813417
12757.174285 5.95813417
12757.178002 5.95813417
12757.181904 5.95813417
12757.185639 5.95813417
12757.189367 5.95813417
12757.193093 5.95813417
12757.196992 5.95813417
12757.200828 4.23672581
12757.204792 4.23672581
12757.208629 4.23672581
12757.212356 4.23672581
12757.216086 4.23672581
12757.219810 4.23672581
12757.223538 4.23672581
12757.227262 4.23672581
12757.231077 4.23672581
12757.234828 4.23672581
12757.238559 4.23672581
12757.242279 4.23672581
12757.246011 4.23672581
12757.249736 4.23672581
12757.253517 4.23672581
12757.257290 4.23672581
12757.261034 4.23672581
12757.264759 4.23672581
12757.268488 4.23672581
12757.272207 4.23672581
12757.275943 4.23672581
12757.279802 4.23672581
12757.283565 4.23672581
12757.287293 4.23672581
12757.291025 4.23672581
12757.294750 4.23672581
12757.298483 4.23672581
12757.302292 4.23672581
12757.306283 4.23672581
12757.310139 4.23672581
12757.313864 4.23672581
12757.317591 4.23672581
12757.321318 4.23672581
12757.325046 4.23672581
12757.328859 4.23672581
12757.332615 4.23672581
12757.336345 4.23672581
12757.340075 4.23672581
12757.343802 4.23672581
12757.347529 4.23672581
12757.351256 4.23672581
12757.355137 4.23672581
12757.358900 4.23672581
12757.362540 4.23672581
12757.366213 4.23672581
12757.369948 4.23672581
12757.373675 4.23672581
12757.377402 4.23672581
12757.381217 4.23672581
12757.384974 4.23672581
12757.388704 4.23672581
12757.392431 4.23672581
12757.396071 4.23672581
12757.399758 4.23672581
12757.403685 4.23672581
12757.407650 4.23672581
12757.411497 4.23672581
12757.415228 4.23672581
12757.418953 4.23672581
12757.422686 4.23672581
12757.426411 4.23672581
12757.430285 4.23672581
12757.434041 4.23672581
12757.437772 4.23672581
12757.441504 4.23672581
12757.445235 4.23672581
12757.448959 4.23672581
12757.452696 4.23672581
12757.456508 4.23672581
12757.460266 4.23672581
12757.463994 4.23672581
12757.467723 4.23672581
12757.471448 4.23672581
12757.475177 6.25584984
12757.478990 6.25584984
12757.482749 6.25584984
12757.486470 6.25584984
12757.490203 6.25584984
12757.493925 6.25584984
12757.497658 6.25584984
12757.501387 6.25584984
12757.505407 6.25584984
12757.509397 6.25584984
12757.513244 6.25584984
12757.516984 6.25584984
12757.520705 6.25584984
12757.524438 6.25584984
12757.528220 6.25584984
12757.532009 6.25584984
12757.535747 6.25584984
12757.540127 6.25584984
12757.543293 6.25584984
12757.547221 6.25584984
12757.550918 6.25584984
12757.554797 6.25584984
12757.558531 6.25584984
12757.561669 6.25584984
12757.565208 6.25584984
12757.568936 6.25584984
12757.572635 6.25584984
12757.576364 6.25584984
12757.580143 6.25584984
12757.583324 6.25584984
12757.586888 6.25584984
12757.590613 6.25584984
12757.594314 6.25584984
12757.598040 6.25584984
12757.601735 6.25584984
12757.605547 6.25584984
12757.609542 6.25584984
12757.613470 6.25584984
12757.617208 6.25584984
12757.620925 6.25584984
12757.624631 6.25584984
12757.628406 6.25584984
12757.632171 6.25584984
12757.635894 6.25584984
12757.639601 6.25584984
12757.643319 6.25584984
12757.647023 6.25584984
12757.650741 6.25584984
12757.654538 6.25584984
12757.658280 6.25584984
12757.661985 6.25584984
12757.665701 6.25584984
12757.669407 6.25584984
12757.673123 6.25584984
12757.676822 6.25584984
12757.680703 6.25584984
12757.684444 6.25584984
12757.688163 6.25584984
12757.691868 6.25584984
12757.695585 6.25584984
12757.699290 6.25584984
12757.703055 6.25584984
12757.706813 6.25584984
12757.710830 6.25584984
12757.714721 6.25584984
12757.718463 6.25584984
12757.722160 6.25584984
12757.725873 6.25584984
12757.729672 6.25584984
12757.733411 6.25584984
12757.737112 6.25584984
12757.740824 6.25584984
12757.744520 6.25584984
12757.748231 5.87797976
12757.751928 5.87797976
12757.755734 5.87797976
12757.759454 5.87797976
12757.763162 5.87797976
12757.766865 5.87797976
12757.770579 5.87797976
12757.774270 5.87797976
12757.778038 5.87797976
12757.781793 5.87797976
12757.785518 5.87797976
12757.789212 5.87797976
12757.792926 5.87797976
12757.796622 5.87797976
12757.800333 5.87797976
12757.804164 5.87797976
12757.807904 5.87797976
12757.811916 5.87797976
12757.815809 5.87797976
12757.819533 5.87797976
12757.823249 5.87797976
12757.826948 5.87797976
12757.830864 5.87797976
12757.834608 5.87797976
12757.838314 5.87797976
12757.842017 5.87797976
12757.845722 5.87797976
12757.849429 5.87797976
12757.853183 5.87797976
12757.856943 5.87797976
12757.860654 5.87797976
12757.864360 5.87797976
12757.868068 5.87797976
12757.871774 5.87797976
12757.875480 5.87797976
12757.879281 5.87797976
12757.883009 5.87797976
12757.886706 5.87797976
12757.890414 5.87797976
12757.894121 5.87797976
12757.897823 5.87797976
12757.901529 5.87797976
12757.905322 5.87797976
12757.909051 5.87797976
12757.912909 5.87797976
12757.916883 5.87797976
12757.920984 5.87797976
12757.924757 5.87797976
12757.928653 5.87797976
12757.932397 5.87797976
12757.936121 5.87797976
12757.939842 5.87797976
12757.943572 5.87797976
12757.947289 5.87797976
12757.951017 5.87797976
12757.954828 5.87797976
12757.958578 5.87797976
12757.962294 5.87797976
12757.966024 5.87797976
12757.969745 5.87797976
12757.973475 5.87797976
12757.977196 5.87797976
12757.981055 5.87797976
12757.984805 5.87797976
12757.988454 5.87797976
12757.992365 5.87797976
12757.996144 5.87797976
12757.999838 5.87797976
12758.003641 5.87797976
12758.007374 5.87797976
12758.011082 5.87797976
12758.014953 5.87797976
12758.018838 5.87797976
12758.022656 4.23290873
12758.026391 4.23290873
12758.030198 4.23290873
12758.033931 4.23290873
12758.037644 4.23290873
12758.041351 4.23290873
12758.045064 4.23290873
12758.048772 4.23290873
12758.052486 4.23290873
12758.056374 4.23290873
12758.060115 4.23290873
12758.063825 4.23290873
12758.067536 4.23290873
12758.071246 4.23290873
12758.074957 4.23290873
12758.078755 4.23290873
12758.082493 4.23290873
12758.086203 4.23290873
12758.089913 4.23290873
12758.093618 4.23290873
12758.097329 4.23290873
12758.101035 4.23290873
12758.104827 4.23290873
12758.108551 4.23290873
12758.112255 4.23290873
12758.116112 4.23290873
12758.120017 4.23290873
12758.123838 4.23290873
12758.127564 4.23290873
12758.131454 4.23290873
12758.135190 4.23290873
12758.138890 4.23290873
12758.142599 4.23290873
12758.146298 4.23290873
12758.150003 4.23290873
12758.153794 4.23290873
12758.157526 4.23290873
12758.161223 4.23290873
12758.164929 4.23290873
12758.168695 4.23290873
12758.172430 4.23290873
12758.176130 4.23290873
12758.179953 4.23290873
12758.183681 4.23290873
12758.187393 4.23290873
12758.191095 4.23290873
12758.194804 4.23290873
12758.198444 4.23290873
12758.202147 4.23290873
12758.205946 4.23290873
12758.209669 4.23290873
12758.213376 4.23290873
12758.217241 4.23290873
12758.221208 4.23290873
12758.225013 4.23290873
12758.228852 4.23290873
12758.232585 4.23290873
12758.236299 4.23290873
12758.240009 4.23290873
12758.243717 4.23290873
12758.247428 4.23290873
12758.251139 4.23290873
12758.254938 4.23290873
12758.258672 4.23290873
12758.262381 4.23290873
12758.266090 4.23290873
12758.269799 4.23290873
12758.273505 4.23290873
12758.276649 4.23290873
12758.280522 4.23290873
12758.283670 4.23290873
12758.287155 4.23290873
12758.290874 4.23290873
12758.294567 4.44665337
12758.298288 4.44665337
12758.301984 4.44665337
12758.305791 4.44665337
12758.309506 4.44665337
12758.313227 4.44665337
12758.317060 4.44665337
12758.320908 4.44665337
12758.324781 4.44665337
12758.328717 4.44665337
12758.332462 4.44665337
12758.336179 4.44665337
12758.339876 4.44665337
12758.343597 4.44665337
12758.347294 4.44665337
12758.351010 4.44665337
12758.354795 4.44665337
12758.358537 4.44665337
12758.362234 4.44665337
12758.365950 4.44665337
12758.369647 4.44665337
12758.373357 4.44665337
12758.377054 4.44665337
12758.380905 4.44665337
12758.384636 4.44665337
12758.388358 4.44665337
12758.392053 4.44665337
12758.395772 4.44665337
12758.399471 4.44665337
12758.403241 4.44665337
12758.406997 4.44665337
12758.410718 4.44665337
12758.414413 4.44665337
12758.418286 4.44665337
12758.422078 4.44665337
12758.425962 4.44665337
12758.429966 4.44665337
12758.433746 4.44665337
12758.437440 4.44665337
12758.441159 4.44665337
12758.444850 4.44665337
12758.448571 4.44665337
12758.452263 4.44665337
12758.456077 4.44665337
12758.459795 4.44665337
12758.463518 4.44665337
12758.467213 4.44665337
12758.470936 4.44665337
12758.474630 4.44665337
12758.478404 4.44665337
12758.482158 4.44665337
12758.485897 4.44665337
12758.489588 4.44665337
12758.493310 4.44665337
12758.497004 4.44665337
12758.500722 4.44665337
12758.504507 4.44665337
12758.508254 4.44665337
12758.511948 4.44665337
12758.515671 4.44665337
12758.519523 4.44665337
12758.523333 4.44665337
12758.527028 4.44665337
12758.531023 4.44665337
12758.535247 4.44665337
12758.539005 4.44665337
12758.542753 4.44665337
12758.546788 4.44665337
12758.550534 4.44665337
12758.554341 4.44665337
12758.557988 4.44665337
12758.561671 4.44665337
12758.565392 4.44665337
12758.569090 4.40466785
12758.572806 4.40466785
12758.576502 4.40466785
12758.580308 4.40466785
12758.584034 4.40466785
12758.587662 4.40466785
12758.591347 4.40466785
12758.595059 4.40466785
12758.598761 4.40466785
12758.602477 4.40466785
12758.606312 4.40466785
12758.610061 4.40466785
12758.613759 4.40466785
12758.617472 4.40466785
12758.621330 4.40466785
12758.625137 4.40466785
12758.628925 4.40466785
12758.632834 4.40466785
12758.636635 4.40466785
12758.640374 4.40466785
12758.644077 4.40466785
12758.647789 4.40466785
12758.651492 4.40466785
12758.655303 4.40466785
12758.659029 4.40466785
12758.662739 4.40466785
12758.666442 4.40466785
12758.670153 4.40466785
12758.673857 4.40466785
12758.677574 4.40466785
12758.681423 4.40466785
12758.685164 4.40466785
12758.688868 4.40466785
12758.692579 4.40466785
12758.696281 4.40466785
12758.699986 4.40466785
12758.703283 4.40466785
12758.706875 4.40466785
12758.710602 4.40466785
12758.714297 4.40466785
12758.718018 4.40466785
12758.721870 4.40466785
12758.725678 4.40466785
12758.729465 4.40466785
12758.733390 4.40466785
12758.737200 4.40466785
12758.741139 4.40466785
12758.744882 4.40466785
12758.748626 4.40466785
12758.752350 4.40466785
12758.756175 4.40466785
12758.760104 4.40466785
12758.763924 4.40466785
12758.767660 4.40466785
12758.771391 4.40466785
12758.775111 4.40466785
12758.779034 4.40466785
12758.782806 4.40466785
12758.786527 4.40466785
12758.790259 4.40466785
12758.793983 4.40466785
12758.797709 4.40466785
12758.801429 4.40466785
12758.805269 4.40466785
12758.809014 4.40466785
12758.812748 4.40466785
12758.816469 4.40466785
12758.820199 4.40466785
12758.824085 4.40466785
12758.827915 4.40466785
12758.831726 4.40466785
12758.835633 4.40466785
12758.839453 4.40466785
12758.843190 4.35123205
12758.846928 4.35123205
12758.850662 4.35123205
12758.854485 4.35123205
12758.858231 4.35123205
12758.861959 4.35123205
12758.865681 4.35123205
12758.869408 4.35123205
12758.873128 4.35123205
12758.876862 4.35123205
12758.880678 4.35123205
12758.884345 4.35123205
12758.888021 4.35123205
12758.891733 4.35123205
12758.894890 4.35123205
12758.898394 4.35123205
12758.902090 4.35123205
12758.905973 4.35123205
12758.909754 4.35123205
12758.913827 4.35123205
12758.917558 4.35123205
12758.921612 4.35123205
12758.925480 4.35123205
12758.929383 4.35123205
12758.933115 4.35123205
12758.936961 4.35123205
12758.940790 4.35123205
12758.944569 4.35123205
12758.948287 4.35123205
12758.951994 4.35123205
12758.955806 4.35123205
12758.959527 4.35123205
12758.963248 4.35123205
12758.966953 4.35123205
12758.970671 4.35123205
12758.974374 4.35123205
12758.978141 4.35123205
12758.981902 4.35123205
12758.985626 4.35123205
12758.989330 4.35123205
12758.993047 4.35123205
12758.996748 4.35123205
12759.000463 4.35123205
12759.004266 4.35123205
12759.008009 4.35123205
12759.011719 4.35123205
12759.015437 4.35123205
12759.019148 4.35123205
12759.022868 4.35123205
12759.026738 4.35123205
12759.030682 4.35123205
12759.034418 4.35123205
12759.038144 4.35123205
12759.042023 4.35123205
12759.045845 4.35123205
12759.049018 4.35123205
12759.052576 4.35123205
12759.056518 4.35123205
12759.060265 4.35123205
12759.063973 4.35123205
12759.067693 4.35123205
12759.071398 4.35123205
12759.075118 4.35123205
12759.078919 4.35123205
12759.082669 4.35123205
12759.086378 4.35123205
12759.090104 4.35123205
12759.093810 4.35123205
12759.097535 4.35123205
12759.101241 4.35123205
12759.105044 4.35123205
12759.108771 4.35123205
12759.112389 4.35123205
12759.116073 4.89704418
12759.119781 4.89704418
12759.123488 4.89704418
12759.127373 4.89704418
12759.131240 4.89704418
12759.134962 4.89704418
12759.138669 4.89704418
12759.142497 4.89704418
12759.146376 4.89704418
12759.150118 4.89704418
12759.153967 4.89704418
12759.157703 4.89704418
12759.161407 4.89704418
12759.165111 4.89704418
12759.168810 4.89704418
12759.172518 4.89704418
12759.176217 4.89704418
12759.180017 4.89704418
12759.183739 4.89704418
12759.187451 4.89704418
12759.191152 4.89704418
12759.194859 4.89704418
12759.198555 4.89704418
12759.202264 4.89704418
12759.206091 4.89704418
12759.209830 4.89704418
12759.213526 4.89704418
12759.217235 4.89704418
12759.220936 4.89704418
12759.224643 4.89704418
12759.228553 4.89704418
12759.232364 4.89704418
12759.236063 4.89704418
12759.239771 4.89704418
12759.243470 4.89704418
12759.247349 4.89704418
12759.251136 4.89704418
12759.254962 4.89704418
12759.258683 4.89704418
12759.262385 4.89704418
12759.265528 4.89704418
12759.268506 4.89704418
12759.272098 4.89704418
12759.275813 4.89704418
12759.279723 4.89704418
12759.283490 4.89704418
12759.287184 4.89704418
12759.290900 4.89704418
12759.294586 4.89704418
12759.298301 4.89704418
12759.301989 4.89704418
12759.305799 4.89704418
12759.309508 4.89704418
12759.313225 4.89704418
12759.316910 4.89704418
12759.320626 4.89704418
12759.324312 4.89704418
12759.328181 4.89704418
12759.332018 4.89704418
12759.335745 4.89704418
12759.339432 4.89704418
12759.343148 4.89704418
12759.346955 4.89704418
12759.350851 4.89704418
12759.354769 4.89704418
12759.358502 4.89704418
12759.362198 4.89704418
12759.365910 4.89704418
12759.369605 4.89704418
12759.373311 4.89704418
12759.377008 4.89704418
12759.380829 4.89704418
12759.384552 4.89704418
12759.388268 6.09172440
12759.391964 6.09172440
12759.395673 6.09172440
12759.399365 6.09172440
12759.403125 6.09172440
12759.406871 6.09172440
12759.410587 6.09172440
12759.414282 6.09172440
12759.417984 6.09172440
12759.421687 6.09172440
12759.425395 6.09172440
12759.429314 6.09172440
12759.433107 6.09172440
12759.436790 6.09172440
12759.440501 6.09172440
12759.444189 6.09172440
12759.447900 6.09172440
12759.451766 6.09172440
12759.455693 6.09172440
12759.459429 6.09172440
12759.463138 6.09172440
12759.466831 6.09172440
12759.470540 6.09172440
12759.474233 6.09172440
12759.477993 6.09172440
12759.481748 6.09172440
12759.485463 6.09172440
12759.489156 6.09172440
12759.492867 6.09172440
12759.496560 6.09172440
12759.500268 6.09172440
12759.504120 6.09172440
12759.507875 6.09172440
12759.511574 6.09172440
12759.515280 6.09172440
12759.518976 6.09172440
12759.522684 6.09172440
12759.526381 6.09172440
12759.530298 6.09172440
12759.534104 6.09172440
12759.537816 6.09172440
12759.541841 6.09172440
12759.545587 6.09172440
12759.549282 6.09172440
12759.553085 6.09172440
12759.556964 6.09172440
12759.560717 6.09172440
12759.564407 6.09172440
12759.568119 6.09172440
12759.571809 6.09172440
12759.575521 6.09172440
12759.579303 6.09172440
12759.583042 6.09172440
12759.586728 6.09172440
12759.590442 6.09172440
12759.594133 6.09172440
12759.597847 6.09172440
12759.601539 6.09172440
12759.605390 6.09172440
12759.609104 6.09172440
12759.612823 6.09172440
12759.616512 6.09172440
12759.620224 6.09172440
12759.623913 6.09172440
12759.627627 6.09172440
12759.631604 6.09172440
12759.635414 6.09172440
12759.639100 6.09172440
12759.642817 6.09172440
12759.646503 6.09172440
12759.650222 6.09172440
12759.654002 6.09172440
12759.657912 6.09172440
12759.661694 0.0000
