12765.480566 0.0000
12765.483889 4.89704418
12765.487783 4.89704418
12765.491776 4.89704418
12765.495610 4.89704418
12765.499350 4.89704418
12765.503182 4.89704418
12765.506924 4.89704418
12765.510665 4.89704418
12765.514377 4.89704418
12765.518109 4.89704418
12765.521824 4.89704418
12765.525557 4.89704418
12765.530068 4.89704418
12765.533226 4.89704418
12765.536710 4.89704418
12765.541129 4.89704418
12765.544308 4.89704418
12765.547764 4.89704418
12765.551473 4.89704418
12765.555279 4.89704418
12765.559037 4.89704418
12765.562912 4.89704418
12765.566033 4.89704418
12765.569517 4.89704418
12765.573245 4.89704418
12765.576965 4.89704418
12765.580803 4.89704418
12765.584560 4.89704418
12765.588445 4.89704418
12765.592267 4.89704418
12765.596082 4.89704418
12765.599887 4.89704418
12765.603733 4.89704418
12765.607482 4.89704418
12765.611209 4.89704418
12765.614930 4.89704418
12765.618660 4.89704418
12765.622380 4.89704418
12765.626110 4.89704418
12765.629920 4.89704418
12765.633589 4.89704418
12765.637262 4.89704418
12765.641000 4.89704418
12765.644716 4.89704418
12765.648447 4.89704418
12765.652169 4.89704418
12765.656087 4.89704418
12765.659825 4.89704418
12765.663555 4.89704418
12765.667278 4.89704418
12765.671004 4.89704418
12765.674731 4.89704418
12765.678541 4.89704418
12765.682294 4.83979130
12765.686022 4.83979130
12765.689896 4.83979130
12765.693718 4.83979130
12765.697532 4.83979130
12765.701330 4.83979130
12765.705222 4.83979130
12765.708901 4.83979130
12765.712595 4.83979130
12765.716313 4.83979130
12765.720044 4.83979130
12765.723763 4.83979130
12765.727547 4.83979130
12765.731321 4.83979130
12765.735060 4.83979130
12765.738782 4.83979130
12765.742509 4.83979130
12765.746228 4.83979130
12765.749955 4.83979130
12765.753765 4.83979130
12765.757520 4.83979130
12765.761241 4.83979130
12765.764972 4.83979130
12765.768694 4.83979130
12765.772418 4.83979130
12765.776145 4.83979130
12765.779960 4.83979130
12765.783709 4.83979130
12765.787437 4.83979130
12765.791287 4.83979130
12765.795087 4.83979130
12765.798985 4.83979130
12765.802878 4.83979130
12765.806676 4.83979130
12765.810409 4.83979130
12765.814131 4.83979130
12765.817855 4.83979130
12765.821576 4.83979130
12765.825302 4.83979130
12765.829183 4.83979130
12765.832958 4.83979130
12765.836681 4.83979130
12765.840407 4.83979130
12765.844131 4.83979130
12765.847861 4.83979130
12765.851585 4.83979130
12765.855398 4.83979130
12765.859149 4.83979130
12765.862877 4.83979130
12765.866599 4.83979130
12765.870326 4.83979130
12765.874047 4.83979130
12765.877832 4.83979130
12765.881605 4.83979130
12765.885336 4.83979130
12765.889058 4.83979130
12765.892941 4.83979130
12765.896750 4.83979130
12765.900613 4.83979130
12765.904555 4.83979130
12765.908337 4.83979130
12765.912063 4.83979130
12765.915792 4.83979130
12765.919512 4.83979130
12765.923241 4.83979130
12765.926968 4.83979130
12765.931529 4.83979130
12765.934729 4.83979130
12765.938549 4.83979130
12765.942653 4.83979130
12765.946387 4.83979130
12765.950103 4.83979130
12765.953889 4.83979130
12765.957633 6.08027411
12765.961331 6.08027411
12765.965048 6.08027411
12765.968742 6.08027411
12765.972456 6.08027411
12765.976154 6.08027411
12765.980062 6.08027411
12765.983816 6.08027411
12765.987521 6.08027411
12765.991235 6.08027411
12765.995085 6.08027411
12765.998901 6.08027411
12766.002659 6.08027411
12766.006588 6.08027411
12766.010424 6.08027411
12766.014154 6.08027411
12766.017866 6.08027411
12766.021585 6.08027411
12766.025291 6.08027411
12766.029095 6.08027411
12766.032836 6.08027411
12766.036552 6.08027411
12766.040258 6.08027411
12766.043975 6.08027411
12766.047683 6.08027411
12766.051401 6.08027411
12766.055272 6.08027411
12766.059015 6.08027411
12766.062727 6.08027411
12766.066448 6.08027411
12766.070151 6.08027411
12766.073872 6.08027411
12766.077630 6.08027411
12766.081399 6.08027411
12766.085116 6.08027411
12766.088838 6.08027411
12766.092544 6.08027411
12766.096416 6.08027411
12766.100219 6.08027411
12766.104014 6.08027411
12766.107913 6.08027411
12766.111743 6.08027411
12766.115470 6.08027411
12766.119172 6.08027411
12766.122879 6.08027411
12766.126581 6.08027411
12766.130449 6.08027411
12766.134188 6.08027411
12766.137894 6.08027411
12766.141595 6.08027411
12766.145307 6.08027411
12766.149011 6.08027411
12766.152776 6.08027411
12766.156530 6.08027411
12766.160242 6.08027411
12766.163947 6.08027411
12766.167717 6.08027411
12766.171446 6.08027411
12766.175153 6.08027411
12766.178947 6.08027411
12766.182681 6.08027411
12766.186384 6.08027411
12766.190093 6.08027411
12766.193793 6.08027411
12766.197649 6.08027411
12766.201462 6.08027411
12766.205274 6.08027411
12766.209175 6.08027411
12766.213007 6.08027411
12766.216738 6.08027411
12766.220440 6.08027411
12766.224149 6.08027411
12766.227914 6.08027411
12766.231676 5.24819613
12766.235389 5.24819613
12766.239098 5.24819613
12766.242802 5.24819613
12766.246514 5.24819613
12766.250220 5.24819613
12766.254016 5.24819613
12766.257746 5.24819613
12766.261453 5.24819613
12766.265158 5.24819613
12766.268869 5.24819613
12766.272570 5.24819613
12766.276273 5.24819613
12766.280074 5.24819613
12766.283809 5.24819613
12766.287510 5.24819613
12766.291221 5.24819613
12766.294927 5.24819613
12766.298785 5.24819613
12766.302709 5.24819613
12766.306509 5.24819613
12766.310227 5.24819613
12766.314109 5.24819613
12766.317912 5.24819613
12766.321645 5.24819613
12766.325354 5.24819613
12766.329211 5.24819613
12766.332946 5.24819613
12766.336658 5.24819613
12766.340364 5.24819613
12766.344072 5.24819613
12766.347779 5.24819613
12766.351489 5.24819613
12766.355281 5.24819613
12766.359020 5.24819613
12766.362725 5.24819613
12766.366436 5.24819613
12766.370141 5.24819613
12766.373847 5.24819613
12766.377609 5.24819613
12766.381368 5.24819613
12766.385082 5.24819613
12766.388791 5.24819613
12766.392499 5.24819613
12766.396205 5.24819613
12766.400058 5.24819613
12766.403961 5.24819613
12766.407694 5.24819613
12766.411408 5.24819613
12766.415280 5.24819613
12766.419108 5.24819613
12766.422841 5.24819613
12766.426547 5.24819613
12766.430427 5.24819613
12766.434171 5.24819613
12766.437885 5.24819613
12766.441592 5.24819613
12766.445301 5.24819613
12766.449008 5.24819613
12766.452773 5.24819613
12766.456532 5.24819613
12766.460250 5.24819613
12766.463955 5.24819613
12766.467658 5.24819613
12766.471367 5.24819613
12766.475075 5.24819613
12766.478869 5.24819613
12766.482607 5.24819613
12766.486312 5.24819613
12766.490017 5.24819613
12766.493726 5.24819613
12766.497431 5.24819613
12766.501285 5.24819613
12766.505180 4.79017210
12766.508914 4.79017210
12766.512620 4.79017210
12766.516490 4.79017210
12766.520317 4.79017210
12766.524047 4.79017210
12766.527813 4.79017210
12766.531576 4.79017210
12766.535315 4.79017210
12766.539032 4.79017210
12766.542735 4.79017210
12766.546444 4.79017210
12766.550153 4.79017210
12766.553998 4.79017210
12766.557738 4.79017210
12766.561850 4.79017210
12766.565582 4.79017210
12766.569295 4.79017210
12766.573021 4.79017210
12766.576747 4.79017210
12766.580637 4.79017210
12766.584407 4.79017210
12766.588129 4.79017210
12766.591851 4.79017210
12766.595576 4.79017210
12766.599229 4.79017210
12766.603364 4.79017210
12766.607254 4.79017210
12766.610949 4.79017210
12766.614654 4.79017210
12766.618519 4.79017210
12766.622353 4.79017210
12766.626080 4.79017210
12766.629875 4.79017210
12766.633602 4.79017210
12766.637304 4.79017210
12766.641005 4.79017210
12766.644701 4.79017210
12766.648401 4.79017210
12766.652107 4.79017210
12766.655954 4.79017210
12766.659685 4.79017210
12766.663389 4.79017210
12766.667089 4.79017210
12766.670789 4.79017210
12766.674490 4.79017210
12766.678282 4.79017210
12766.682011 4.79017210
12766.685713 4.79017210
12766.689413 4.79017210
12766.693115 4.79017210
12766.696818 4.79017210
12766.700516 4.79017210
12766.704427 4.79017210
12766.708233 4.79017210
12766.711933 4.79017210
12766.715634 4.79017210
12766.719340 4.79017210
12766.723129 4.79017210
12766.726954 4.79017210
12766.730845 4.79017210
12766.734580 4.79017210
12766.738281 4.79017210
12766.741982 4.79017210
12766.745682 4.79017210
12766.749392 4.79017210
12766.753482 4.79017210
12766.757232 4.79017210
12766.760938 4.79017210
12766.764642 4.79017210
12766.768341 4.79017210
12766.772040 4.79017210
12766.775750 4.79017210
12766.779546 4.04588223
12766.783282 4.04588223
12766.786990 4.04588223
12766.790699 4.04588223
12766.794410 4.04588223
12766.798117 4.04588223
12766.801826 4.04588223
12766.805761 4.04588223
12766.809589 4.04588223
12766.813298 4.04588223
12766.817006 4.04588223
12766.820714 4.04588223
12766.824573 4.04588223
12766.828469 4.04588223
12766.831641 4.04588223
12766.835222 4.04588223
12766.838937 4.04588223
12766.842630 4.04588223
12766.846341 4.04588223
12766.850032 4.04588223
12766.853835 4.04588223
12766.857557 4.04588223
12766.861273 4.04588223
12766.864967 4.04588223
12766.868691 4.04588223
12766.872389 4.04588223
12766.876114 4.04588223
12766.879894 4.04588223
12766.883648 4.04588223
12766.887346 4.04588223
12766.891065 4.04588223
12766.894763 4.04588223
12766.898485 4.04588223
12766.902186 4.04588223
12766.906504 4.04588223
12766.909685 4.04588223
12766.913188 4.04588223
12766.916912 4.04588223
12766.920610 4.04588223
12766.924336 4.04588223
12766.928585 4.04588223
12766.932426 4.04588223
12766.936205 4.04588223
12766.940481 4.04588223
12766.943649 4.04588223
12766.947137 4.04588223
12766.950866 4.04588223
12766.954663 4.04588223
12766.958416 4.04588223
12766.962132 4.04588223
12766.965856 4.04588223
12766.969576 4.04588223
12766.973303 4.04588223
12766.977015 4.04588223
12766.980824 4.04588223
12766.984568 4.04588223
12766.988289 4.04588223
12766.992002 4.04588223
12766.995720 4.04588223
12766.999443 4.04588223
12767.003253 4.04588223
12767.007156 4.04588223
12767.010986 4.04588223
12767.014707 4.04588223
12767.018443 4.04588223
12767.022167 4.04588223
12767.025903 4.04588223
12767.029877 4.04588223
12767.033720 4.04588223
12767.037464 4.04588223
12767.041209 4.04588223
12767.045086 4.04588223
12767.048209 4.04588223
12767.051688 4.05351591
12767.055509 4.05351591
12767.059263 4.05351591
12767.062994 4.05351591
12767.066718 4.05351591
12767.070460 4.05351591
12767.074195 4.05351591
12767.078015 4.05351591
12767.081771 4.05351591
12767.085505 4.05351591
12767.089226 4.05351591
12767.092968 4.05351591
12767.096695 4.05351591
12767.100430 4.05351591
12767.104228 4.05351591
12767.108140 4.05351591
12767.111962 4.05351591
12767.115690 4.05351591
12767.119405 4.05351591
12767.123140 4.05351591
12767.126858 4.05351591
12767.130824 4.05351591
12767.134659 4.05351591
12767.138412 4.05351591
12767.142128 4.05351591
12767.145864 4.05351591
12767.149577 4.05351591
12767.153407 4.05351591
12767.157151 4.05351591
12767.160880 4.05351591
12767.164596 4.05351591
12767.168331 4.05351591
12767.172043 4.05351591
12767.175775 4.05351591
12767.179670 4.05351591
12767.183451 4.05351591
12767.187162 4.05351591
12767.190888 4.05351591
12767.194601 4.05351591
12767.198331 4.05351591
12767.202052 4.05351591
12767.205870 4.05351591
12767.209758 4.05351591
12767.213590 4.05351591
12767.217307 4.05351591
12767.221039 4.05351591
12767.224759 4.05351591
12767.228579 4.05351591
12767.232458 4.05351591
12767.236338 4.05351591
12767.240087 4.05351591
12767.243818 4.05351591
12767.247538 4.05351591
12767.251270 4.05351591
12767.255170 4.05351591
12767.258935 4.05351591
12767.262652 4.05351591
12767.266380 4.05351591
12767.270099 4.05351591
12767.273829 4.05351591
12767.277600 4.05351591
12767.281383 4.05351591
12767.285104 4.05351591
12767.288834 4.05351591
12767.292551 4.05351591
12767.296282 4.05351591
12767.299994 4.05351591
12767.303819 4.05351591
12767.307563 4.05351591
12767.311440 4.05351591
12767.315267 4.05351591
12767.318997 4.05351591
12767.322715 4.05351591
12767.326452 4.01916409
12767.330286 4.01916409
12767.334189 4.01916409
12767.338053 4.01916409
12767.341815 4.01916409
12767.345529 4.01916409
12767.349262 4.01916409
12767.353075 4.01916409
12767.356825 4.01916409
12767.359943 4.01916409
12767.363487 4.01916409
12767.367217 4.01916409
12767.370936 4.01916409
12767.374673 4.01916409
12767.378478 4.01916409
12767.382244 4.01916409
12767.385967 4.01916409
12767.389699 4.01916409
12767.393435 4.01916409
12767.397174 4.01916409
12767.400892 4.01916409
12767.404767 4.01916409
12767.408524 4.01916409
12767.412404 4.01916409
12767.416235 4.01916409
12767.419976 4.01916409
12767.423690 4.01916409
12767.427479 4.01916409
12767.431256 4.01916409
12767.435000 4.01916409
12767.438891 4.01916409
12767.442738 4.01916409
12767.446475 4.01916409
12767.450215 4.01916409
12767.454029 4.01916409
12767.457792 4.01916409
12767.461510 4.01916409
12767.465252 4.01916409
12767.468963 4.01916409
12767.472704 4.01916409
12767.476427 4.01916409
12767.480349 4.01916409
12767.484122 4.01916409
12767.487859 4.01916409
12767.491577 4.01916409
12767.495308 4.01916409
12767.499034 4.01916409
12767.502818 4.01916409
12767.506591 4.01916409
12767.510339 4.01916409
12767.514202 4.01916409
12767.518034 4.01916409
12767.521761 4.01916409
12767.525488 4.01916409
12767.529327 4.01916409
12767.533093 4.01916409
12767.536817 4.01916409
12767.540716 4.01916409
12767.545204 4.01916409
12767.548464 4.01916409
12767.551957 4.01916409
12767.556267 4.01916409
12767.560018 4.01916409
12767.563738 4.01916409
12767.566848 4.01916409
12767.570369 4.01916409
12767.574095 4.01916409
12767.577837 4.01916409
12767.581612 4.01916409
12767.585308 4.01916409
12767.589031 4.01916409
12767.592719 4.01916409
12767.596442 4.01916409
12767.600131 4.71001768
12767.603940 4.71001768
12767.607656 4.71001768
12767.611377 4.71001768
12767.615214 4.71001768
12767.619038 4.71001768
12767.622720 4.71001768
12767.625870 4.71001768
12767.629753 4.71001768
12767.632893 4.71001768
12767.636380 4.71001768
12767.640115 4.71001768
12767.643975 4.71001768
12767.647784 4.71001768
12767.651511 4.71001768
12767.655322 4.71001768
12767.659046 4.71001768
12767.662765 4.71001768
12767.666462 4.71001768
12767.670179 4.71001768
12767.673875 4.71001768
12767.677646 4.71001768
12767.681392 4.71001768
12767.685117 4.71001768
12767.688813 4.71001768
12767.692528 4.71001768
12767.696224 4.71001768
12767.699941 4.71001768
12767.703726 4.71001768
12767.707467 4.71001768
12767.710573 4.71001768
12767.714110 4.71001768
12767.717974 4.71001768
12767.721145 4.71001768
12767.724692 4.71001768
12767.728519 4.71001768
12767.732236 4.71001768
12767.735954 4.71001768
12767.739648 4.71001768
12767.743484 4.71001768
12767.747309 4.71001768
12767.751070 4.71001768
12767.754956 4.71001768
12767.758735 4.71001768
12767.762427 4.71001768
12767.766153 4.71001768
12767.769841 4.71001768
12767.773567 4.71001768
12767.777257 4.71001768
12767.781072 4.71001768
12767.784790 4.71001768
12767.788513 4.71001768
12767.792199 4.71001768
12767.795924 4.71001768
12767.799605 4.71001768
12767.803421 4.71001768
12767.807140 4.71001768
12767.810867 4.71001768
12767.814558 4.71001768
12767.818429 4.71001768
12767.822224 4.71001768
12767.825951 4.71001768
12767.829764 4.71001768
12767.833520 4.71001768
12767.837212 4.71001768
12767.840940 4.71001768
12767.844629 4.71001768
12767.848543 4.71001768
12767.852415 4.71001768
12767.856216 4.71001768
12767.859916 4.71001768
12767.863637 4.71001768
12767.867330 4.71001768
12767.871049 6.06882334
12767.874744 6.06882334
12767.878467 6.06882334
12767.882196 6.06882334
12767.885917 6.06882334
12767.889607 6.06882334
12767.893327 6.06882334
12767.897022 6.06882334
12767.900744 6.06882334
12767.904572 6.06882334
12767.908338 6.06882334
12767.912034 6.06882334
12767.915755 6.06882334
12767.919588 6.06882334
12767.923407 6.06882334
12767.927474 6.06882334
12767.931260 6.06882334
12767.934982 6.06882334
12767.938840 6.06882334
12767.941944 6.06882334
12767.945430 6.06882334
12767.949262 6.06882334
12767.953177 6.06882334
12767.956947 6.06882334
12767.960643 6.06882334
12767.964348 6.06882334
12767.968042 6.06882334
12767.971753 6.06882334
12767.975447 6.06882334
12767.979284 6.06882334
12767.983011 6.06882334
12767.986724 6.06882334
12767.990414 6.06882334
12767.994125 6.06882334
12767.997817 6.06882334
12768.001528 6.06882334
12768.005315 6.06882334
12768.009055 6.06882334
12768.012753 6.06882334
12768.016466 6.06882334
12768.020305 6.06882334
12768.024113 6.06882334
12768.027867 6.06882334
12768.031637 6.06882334
12768.035341 6.06882334
12768.039060 6.06882334
12768.042754 6.06882334
12768.046470 6.06882334
12768.050173 6.06882334
12768.054116 6.06882334
12768.058137 6.06882334
12768.061986 6.06882334
12768.065709 6.06882334
12768.069433 6.06882334
12768.073160 6.06882334
12768.076887 6.06882334
12768.080796 6.06882334
12768.084544 6.06882334
12768.088270 6.06882334
12768.091995 6.06882334
12768.095716 6.06882334
12768.099445 6.06882334
12768.103255 6.06882334
12768.107011 6.06882334
12768.110723 6.06882334
12768.114446 6.06882334
12768.118160 6.06882334
12768.122026 6.06882334
12768.125851 6.06882334
12768.129666 6.06882334
12768.133408 6.06882334
12768.137153 6.06882334
12768.140872 6.06882334
12768.144594 6.06882334
12768.148306 6.08027411
12768.152030 6.08027411
12768.155958 6.08027411
12768.159795 6.08027411
12768.163526 6.08027411
12768.167313 6.08027411
12768.171045 6.08027411
12768.174779 6.08027411
12768.178576 6.08027411
12768.182337 6.08027411
12768.186041 6.08027411
12768.189773 6.08027411
12768.193474 6.08027411
12768.197201 6.08027411
12768.200317 6.08027411
12768.204023 6.08027411
12768.207785 6.08027411
12768.211496 6.08027411
12768.215220 6.08027411
12768.218931 6.08027411
12768.222802 6.08027411
12768.226622 0.0000
