12840.407655 0.0000
12840.411012 6.00393677
12840.414831 6.00393677
12840.418535 6.00393677
12840.422245 6.00393677
12840.426046 6.00393677
12840.429782 6.00393677
12840.433497 6.00393677
12840.437204 6.00393677
12840.440915 6.00393677
12840.444625 6.00393677
12840.448573 6.00393677
12840.452423 6.00393677
12840.456155 6.00393677
12840.459867 6.00393677
12840.463582 6.00393677
12840.467300 6.00393677
12840.471010 6.00393677
12840.474803 6.00393677
12840.478543 6.00393677
12840.482252 6.00393677
12840.485961 6.00393677
12840.489669 6.00393677
12840.493376 6.00393677
12840.497087 6.00393677
12840.500961 6.00393677
12840.504716 6.00393677
12840.508600 6.00393677
12840.512396 6.00393677
12840.516103 6.00393677
12840.519817 6.00393677
12840.523609 6.00393677
12840.527355 6.00393677
12840.531059 6.00393677
12840.534776 6.00393677
12840.538480 6.00393677
12840.542192 6.00393677
12840.545894 6.00393677
12840.549694 6.00393677
12840.553584 6.00393677
12840.557425 6.00393677
12840.561158 6.00393677
12840.564867 6.00393677
12840.568575 6.00393677
12840.572286 6.00393677
12840.576091 6.00393677
12840.579830 6.00393677
12840.583538 6.00393677
12840.587248 6.00393677
12840.590959 6.00393677
12840.594669 6.00393677
12840.598465 6.00393677
12840.602202 6.00393677
12840.605911 6.00393677
12840.609772 6.00393677
12840.613574 6.00393677
12840.617280 6.00393677
12840.620995 6.00393677
12840.624843 6.00393677
12840.628587 6.00393677
12840.632298 6.00393677
12840.636009 6.00393677
12840.639715 6.00393677
12840.643431 6.00393677
12840.647140 6.00393677
12840.651061 6.00393677
12840.654970 6.00393677
12840.658767 6.00393677
12840.662508 6.00393677
12840.666211 6.00393677
12840.669924 7.09174442
12840.673141 7.09174442
12840.676731 7.09174442
12840.680458 7.09174442
12840.684160 7.09174442
12840.687888 7.09174442
12840.691583 7.09174442
12840.695305 7.09174442
12840.699088 7.09174442
12840.702842 7.09174442
12840.706541 7.09174442
12840.710447 7.09174442
12840.714239 7.09174442
12840.717959 7.09174442
12840.721667 7.09174442
12840.725464 7.09174442
12840.729204 7.09174442
12840.732923 7.09174442
12840.736627 7.09174442
12840.740345 7.09174442
12840.744049 7.09174442
12840.747848 7.09174442
12840.751634 7.09174442
12840.755490 7.09174442
12840.759361 7.09174442
12840.763119 7.09174442
12840.766818 7.09174442
12840.770536 7.09174442
12840.774334 7.09174442
12840.778081 7.09174442
12840.781784 7.09174442
12840.785504 7.09174442
12840.789206 7.09174442
12840.792923 7.09174442
12840.796626 7.09174442
12840.800505 7.09174442
12840.804242 7.09174442
12840.807964 7.09174442
12840.811824 7.09174442
12840.815633 7.09174442
12840.819335 7.09174442
12840.823112 7.09174442
12840.826865 7.09174442
12840.830594 7.09174442
12840.834293 7.09174442
12840.838016 7.09174442
12840.841717 7.09174442
12840.845438 7.09174442
12840.849227 7.09174442
12840.852975 7.09174442
12840.856677 7.09174442
12840.860485 7.09174442
12840.864301 7.09174442
12840.868048 7.09174442
12840.871746 7.09174442
12840.875621 7.09174442
12840.879351 7.09174442
12840.883078 7.09174442
12840.886777 7.09174442
12840.890502 7.09174442
12840.894200 7.09174442
12840.897980 7.09174442
12840.901729 7.09174442
12840.905462 7.09174442
12840.909160 7.09174442
12840.913062 7.09174442
12840.916855 7.09174442
12840.920571 7.09174442
12840.924364 7.09174442
12840.928111 7.09174442
12840.931819 7.09174442
12840.935537 7.09174442
12840.939242 7.09174442
12840.942958 6.38944054
12840.946665 6.38944054
12840.950566 6.38944054
12840.954673 6.38944054
12840.958405 6.38944054
12840.962307 6.38944054
12840.966147 6.38944054
12840.969880 6.38944054
12840.973689 6.38944054
12840.977423 6.38944054
12840.981134 6.38944054
12840.984844 6.38944054
12840.988559 6.38944054
12840.992616 6.38944054
12840.996348 6.38944054
12841.000240 6.38944054
12841.003988 6.38944054
12841.007709 6.38944054
12841.011428 6.38944054
12841.015299 6.38944054
12841.019099 6.38944054
12841.022872 6.38944054
12841.026638 6.38944054
12841.030363 6.38944054
12841.034076 6.38944054
12841.037795 6.38944054
12841.041507 6.38944054
12841.045220 6.38944054
12841.049024 6.38944054
12841.052768 6.38944054
12841.056480 6.38944054
12841.060196 6.38944054
12841.064075 6.38944054
12841.067924 6.38944054
12841.071668 6.38944054
12841.075477 6.38944054
12841.079222 6.38944054
12841.082925 6.38944054
12841.086637 6.38944054
12841.090350 6.38944054
12841.094070 6.38944054
12841.097838 6.38944054
12841.101608 6.38944054
12841.105325 6.38944054
12841.109034 6.38944054
12841.112742 6.38944054
12841.116619 6.38944054
12841.120424 6.38944054
12841.124311 6.38944054
12841.128059 6.38944054
12841.131783 6.38944054
12841.135495 6.38944054
12841.139217 6.38944054
12841.142929 6.38944054
12841.146650 6.38944054
12841.150447 6.38944054
12841.154196 6.38944054
12841.157908 6.38944054
12841.161623 6.38944054
12841.165491 6.38944054
12841.169326 6.38944054
12841.173126 6.38944054
12841.176895 6.38944054
12841.180620 6.38944054
12841.184333 6.38944054
12841.188049 6.38944054
12841.191766 6.38944054
12841.195483 6.38944054
12841.199282 6.38944054
12841.203023 6.38944054
12841.206735 6.38944054
12841.210451 6.38944054
12841.214164 6.38944054
12841.218700 5.40468788
12841.221871 5.40468788
12841.225454 5.40468788
12841.229173 5.40468788
12841.232881 5.40468788
12841.236591 5.40468788
12841.240305 5.40468788
12841.244018 5.40468788
12841.247771 5.40468788
12841.251539 5.40468788
12841.255252 5.40468788
12841.258963 5.40468788
12841.262663 5.40468788
12841.266375 5.40468788
12841.270235 5.40468788
12841.274243 5.40468788
12841.277989 5.40468788
12841.281694 5.40468788
12841.285406 5.40468788
12841.289443 5.40468788
12841.293161 5.40468788
12841.296856 5.40468788
12841.300628 5.40468788
12841.304348 5.40468788
12841.308036 5.40468788
12841.311728 5.40468788
12841.315412 5.40468788
12841.319271 5.40468788
12841.323130 5.40468788
12841.326904 5.40468788
12841.330614 5.40468788
12841.334339 5.40468788
12841.338040 5.40468788
12841.341683 5.40468788
12841.345381 5.40468788
12841.349209 5.40468788
12841.352952 5.40468788
12841.356680 5.40468788
12841.360385 5.40468788
12841.364108 5.40468788
12841.367816 5.40468788
12841.371702 5.40468788
12841.375593 5.40468788
12841.379358 5.40468788
12841.383065 5.40468788
12841.386788 5.40468788
12841.390493 5.40468788
12841.394215 5.40468788
12841.397977 5.40468788
12841.401748 5.40468788
12841.405460 5.40468788
12841.409181 5.40468788
12841.412888 5.40468788
12841.416611 5.40468788
12841.420491 5.40468788
12841.424456 5.40468788
12841.428201 5.40468788
12841.431921 5.40468788
12841.435628 5.40468788
12841.439351 5.40468788
12841.443056 5.40468788
12841.446781 5.40468788
12841.450573 5.40468788
12841.454323 5.40468788
12841.458027 5.40468788
12841.461746 5.40468788
12841.465453 5.40468788
12841.469172 5.40468788
12841.473042 5.40468788
12841.477022 5.40468788
12841.480779 5.40468788
12841.484498 5.40468788
12841.488206 5.40468788
12841.491924 5.39323759
12841.495632 5.39323759
12841.499436 5.39323759
12841.503176 5.39323759
12841.506892 5.39323759
12841.510600 5.39323759
12841.514320 5.39323759
12841.518026 5.39323759
12841.521895 5.39323759
12841.525769 5.39323759
12841.529511 5.39323759
12841.533221 5.39323759
12841.536940 5.39323759
12841.540652 5.39323759
12841.544362 5.39323759
12841.548135 5.39323759
12841.551903 5.39323759
12841.555624 5.39323759
12841.559341 5.39323759
12841.563056 5.39323759
12841.566772 5.39323759
12841.570489 5.39323759
12841.574480 5.39323759
12841.578382 5.39323759
12841.582132 5.39323759
12841.585845 5.39323759
12841.589558 5.39323759
12841.593275 5.39323759
12841.596989 5.39323759
12841.600855 5.39323759
12841.604599 5.39323759
12841.608317 5.39323759
12841.612029 5.39323759
12841.615743 5.39323759
12841.619454 5.39323759
12841.623387 5.39323759
12841.627199 5.39323759
12841.630913 5.39323759
12841.634960 5.39323759
12841.639033 5.39323759
12841.642758 5.39323759
12841.646472 5.39323759
12841.650268 5.39323759
12841.654011 5.39323759
12841.657725 5.39323759
12841.661448 5.39323759
12841.665162 5.39323759
12841.668884 5.39323759
12841.672598 5.39323759
12841.676407 5.39323759
12841.680306 5.39323759
12841.684143 5.39323759
12841.687887 5.39323759
12841.691601 5.39323759
12841.695246 5.39323759
12841.699047 5.39323759
12841.702794 5.39323759
12841.706509 5.39323759
12841.710228 5.39323759
12841.713941 5.39323759
12841.717665 5.39323759
12841.721380 5.39323759
12841.725403 5.39323759
12841.729225 5.39323759
12841.732938 5.39323759
12841.736673 5.39323759
12841.740393 5.39323759
12841.744099 5.39323759
12841.747860 5.39323759
12841.751623 5.39323759
12841.755341 5.39323759
12841.759055 5.39323759
12841.762761 5.30926609
12841.766475 5.30926609
12841.770185 5.30926609
12841.773982 5.30926609
12841.777721 5.30926609
12841.781518 5.30926609
12841.785349 5.30926609
12841.789079 5.30926609
12841.792792 5.30926609
12841.796504 5.30926609
12841.800311 5.30926609
12841.804049 5.30926609
12841.807763 5.30926609
12841.811474 5.30926609
12841.815187 5.30926609
12841.818893 5.30926609
12841.822607 5.30926609
12841.826588 5.30926609
12841.830400 5.30926609
12841.834101 5.30926609
12841.837817 5.30926609
12841.841524 5.30926609
12841.845242 5.30926609
12841.849033 5.30926609
12841.852778 5.30926609
12841.856481 5.30926609
12841.860197 5.30926609
12841.863902 5.30926609
12841.867620 5.30926609
12841.871325 5.30926609
12841.875207 5.30926609
12841.878960 5.30926609
12841.882839 5.30926609
12841.886648 5.30926609
12841.890383 5.30926609
12841.894093 5.30926609
12841.897865 5.30926609
12841.901632 5.30926609
12841.905352 5.30926609
12841.909064 5.30926609
12841.912776 5.30926609
12841.916486 5.30926609
12841.920199 5.30926609
12841.923994 5.30926609
12841.927880 5.30926609
12841.931682 5.30926609
12841.935394 5.30926609
12841.939102 5.30926609
12841.943176 5.30926609
12841.946910 5.30926609
12841.950766 5.30926609
12841.954498 5.30926609
12841.958220 5.30926609
12841.961921 5.30926609
12841.965644 5.30926609
12841.969341 5.30926609
12841.973118 5.30926609
12841.976869 5.30926609
12841.980600 5.30926609
12841.984428 5.30926609
12841.988321 5.30926609
12841.992066 5.30926609
12841.995781 5.30926609
12841.999588 5.30926609
12842.003328 5.30926609
12842.007041 5.30926609
12842.010757 5.30926609
12842.014470 5.30926609
12842.018187 5.30926609
12842.021902 5.30926609
12842.025769 5.30926609
12842.029682 5.30926609
12842.033492 5.30926609
12842.037206 5.71003771
12842.040925 5.71003771
12842.044649 5.71003771
12842.048457 5.71003771
12842.052207 5.71003771
12842.055927 5.71003771
12842.059649 5.71003771
12842.063366 5.71003771
12842.067086 5.71003771
12842.070809 5.71003771
12842.074617 5.71003771
12842.078364 5.71003771
12842.082088 5.71003771
12842.085941 5.71003771
12842.089824 5.71003771
12842.093590 5.71003771
12842.097298 5.71003771
12842.101177 5.71003771
12842.104908 5.71003771
12842.108638 5.71003771
12842.112341 5.71003771
12842.116068 5.71003771
12842.119770 5.71003771
12842.123587 5.71003771
12842.127317 5.71003771
12842.131196 5.71003771
12842.134999 5.71003771
12842.138727 5.71003771
12842.142428 5.71003771
12842.146161 5.71003771
12842.149952 5.71003771
12842.153707 5.71003771
12842.157408 5.71003771
12842.161137 5.71003771
12842.164839 5.71003771
12842.168625 5.71003771
12842.172353 5.71003771
12842.176277 5.71003771
12842.180041 5.71003771
12842.183747 5.71003771
12842.187470 5.71003771
12842.191340 5.71003771
12842.195185 5.71003771
12842.199021 5.71003771
12842.202764 5.71003771
12842.206478 5.71003771
12842.210200 5.71003771
12842.214242 5.71003771
12842.217977 5.71003771
12842.221710 5.71003771
12842.225592 5.71003771
12842.229346 5.71003771
12842.233200 5.71003771
12842.237011 5.71003771
12842.240716 5.71003771
12842.244446 5.71003771
12842.248235 5.71003771
12842.251991 5.71003771
12842.255695 5.71003771
12842.259423 5.71003771
12842.263127 5.71003771
12842.266858 5.71003771
12842.270559 5.71003771
12842.274374 5.71003771
12842.278105 5.71003771
12842.281833 5.71003771
12842.285536 5.71003771
12842.289267 5.71003771
12842.293074 5.71003771
12842.296404 5.71003771
12842.300027 5.71003771
12842.303864 5.71003771
12842.307592 5.71003771
12842.311286 6.33982134
12842.315015 6.33982134
12842.319153 6.33982134
12842.322662 6.33982134
12842.326242 6.33982134
12842.330194 6.33982134
12842.333509 6.33982134
12842.337534 6.33982134
12842.340659 6.33982134
12842.343663 6.33982134
12842.347178 6.33982134
12842.351069 6.33982134
12842.354213 6.33982134
12842.357740 6.33982134
12842.361492 6.33982134
12842.365195 6.33982134
12842.368900 6.33982134
12842.372661 6.33982134
12842.376323 6.33982134
12842.380056 6.33982134
12842.383757 6.33982134
12842.386893 6.33982134
12842.389855 6.33982134
12842.392846 6.33982134
12842.395925 6.33982134
12842.399085 6.33982134
12842.402704 6.33982134
12842.405873 6.33982134
12842.408870 6.33982134
12842.417006 6.33982134
12842.420859 6.33982134
12842.424659 6.33982134
12842.428394 6.33982134
12842.432112 6.33982134
12842.435968 6.33982134
12842.439772 6.33982134
12842.443471 6.33982134
12842.447192 6.33982134
12842.451018 6.33982134
12842.454773 6.33982134
12842.458473 6.33982134
12842.462192 6.33982134
12842.465893 6.33982134
12842.469609 6.33982134
12842.473388 6.33982134
12842.477138 6.33982134
12842.480835 6.33982134
12842.484553 6.33982134
12842.488248 6.33982134
12842.491968 6.33982134
12842.495664 6.33982134
12842.499711 6.33982134
12842.503573 6.33982134
12842.507302 6.33982134
12842.511009 6.33982134
12842.514718 6.33982134
12842.518430 6.33982134
12842.522139 6.33982134
12842.525932 6.33982134
12842.529668 6.33982134
12842.533378 6.33982134
12842.537265 6.33982134
12842.541082 6.33982134
12842.544804 6.33982134
12842.548601 6.33982134
12842.552347 6.33982134
12842.556062 6.33982134
12842.559773 6.33982134
12842.563486 6.33982134
12842.567199 6.33982134
12842.570915 6.33982134
12842.574744 6.33982134
12842.578489 6.33982134
12842.582209 6.33982134
12842.585923 6.40470791
12842.589638 6.40470791
12842.593348 6.40470791
12842.597065 6.40470791
12842.600980 6.40470791
12842.604830 6.40470791
12842.608567 6.40470791
12842.612275 6.40470791
12842.616157 6.40470791
12842.620006 6.40470791
12842.623834 6.40470791
12842.627592 6.40470791
12842.631748 6.40470791
12842.635448 6.40470791
12842.639329 6.40470791
12842.643458 6.40470791
12842.647209 6.40470791
12842.651093 6.40470791
12842.654837 6.40470791
12842.658567 6.40470791
12842.662266 6.40470791
12842.665995 6.40470791
12842.669698 6.40470791
12842.673516 6.40470791
12842.677247 6.40470791
12842.680976 6.40470791
12842.684680 6.40470791
12842.688409 6.40470791
12842.692114 6.40470791
12842.695841 6.40470791
12842.699639 0.0000
