3706.754244 0.0000
3706.757599 5.50774336
3706.761375 5.50774336
3706.765050 5.50774336
3706.768741 5.50774336
3706.772407 5.50774336
3706.776099 5.50774336
3706.779953 5.50774336
3706.783822 5.50774336
3706.787539 5.50774336
3706.791230 5.50774336
3706.794895 5.50774336
3706.798585 5.50774336
3706.802248 5.50774336
3706.805938 5.50774336
3706.809797 5.50774336
3706.813529 5.50774336
3706.817197 5.50774336
3706.820892 5.50774336
3706.824561 5.50774336
3706.828251 5.50774336
3706.831913 5.50774336
3706.835685 5.50774336
3706.839379 5.50774336
3706.843070 5.50774336
3706.846639 5.50774336
3706.850311 5.50774336
3706.854136 5.50774336
3706.857981 5.50774336
3706.861669 5.50774336
3706.865359 5.50774336
3706.869007 5.50774336
3706.872699 5.50774336
3706.876349 5.50774336
3706.880227 5.50774336
3706.884055 5.50774336
3706.887791 5.50774336
3706.891445 5.50774336
3706.895133 5.50774336
3706.898784 5.50774336
3706.902473 5.50774336
3706.906125 5.50774336
3706.909945 5.50774336
3706.913632 5.50774336
3706.917326 5.50774336
3706.920977 5.50774336
3706.924667 5.50774336
3706.928320 5.50774336
3706.932011 5.50774336
3706.935791 5.50774336
3706.939514 4.43520308
3706.943166 4.43520308
3706.946859 4.43520308
3706.950516 4.43520308
3706.954369 4.43520308
3706.958197 4.43520308
3706.961919 4.43520308
3706.965575 4.43520308
3706.969258 4.43520308
3706.972918 4.43520308
3706.976606 4.43520308
3706.980261 4.43520308
3706.984190 4.43520308
3706.987963 4.43520308
3706.991583 4.43520308
3706.995221 4.43520308
3706.998919 4.43520308
3707.002570 4.43520308
3707.006180 4.43520308
3707.009911 4.43520308
3707.013650 4.43520308
3707.017314 4.43520308
3707.021016 4.43520308
3707.024679 4.43520308
3707.028384 4.43520308
3707.032047 4.43520308
3707.036325 4.43520308
3707.039620 4.43520308
3707.042498 4.43520308
3707.045414 4.43520308
3707.048937 4.43520308
3707.052623 4.43520308
3707.056443 4.43520308
3707.059640 4.43520308
3707.062476 4.43520308
3707.065291 4.43520308
3707.068091 4.43520308
3707.070909 4.43520308
3707.074002 4.43520308
3707.085399 4.43520308
3707.089199 4.43520308
3707.092916 4.43520308
3707.096632 4.43520308
3707.100411 4.43520308
3707.104461 4.43520308
3707.108317 4.43520308
3707.112333 4.43520308
3707.116067 4.43520308
3707.119754 4.43520308
3707.123446 4.43520308
3707.127120 4.43520308
3707.130812 4.43520308
3707.134573 4.43520308
3707.138297 4.43520308
3707.141975 4.43520308
3707.145659 4.43520308
3707.149333 4.43520308
3707.153022 4.43520308
3707.156858 4.43520308
3707.160701 4.43520308
3707.164417 4.43520308
3707.168115 4.43520308
3707.171786 4.43520308
3707.175401 4.43520308
3707.179040 4.43520308
3707.182784 4.43520308
3707.186504 4.43520308
3707.190381 4.43520308
3707.194143 4.43520308
3707.197852 4.43520308
3707.201529 4.43520308
3707.205219 4.43520308
3707.208992 4.43520308
3707.212709 4.25199318
3707.216385 4.25199318
3707.220075 4.25199318
3707.223752 4.25199318
3707.227440 4.25199318
3707.231115 4.25199318
3707.234891 4.25199318
3707.238595 4.25199318
3707.242284 4.25199318
3707.245961 4.25199318
3707.249652 4.25199318
3707.253328 4.25199318
3707.257178 4.25199318
3707.261101 4.25199318
3707.264837 4.25199318
3707.268519 4.25199318
3707.272211 4.25199318
3707.275882 4.25199318
3707.279576 4.25199318
3707.283335 4.25199318
3707.287054 4.25199318
3707.290913 4.25199318
3707.294707 4.25199318
3707.298395 4.25199318
3707.302094 4.25199318
3707.305762 4.25199318
3707.309566 4.25199318
3707.313191 4.25199318
3707.316874 4.25199318
3707.320538 4.25199318
3707.324236 4.25199318
3707.327901 4.25199318
3707.331604 4.25199318
3707.335354 4.25199318
3707.339082 4.25199318
3707.342748 4.25199318
3707.346446 4.25199318
3707.350107 4.25199318
3707.353808 4.25199318
3707.357628 4.25199318
3707.361563 4.25199318
3707.365281 4.25199318
3707.368977 4.25199318
3707.372653 4.25199318
3707.376348 4.25199318
3707.380017 4.25199318
3707.383788 4.25199318
3707.387485 4.25199318
3707.391182 4.25199318
3707.395037 4.25199318
3707.398832 4.25199318
3707.402521 4.25199318
3707.406223 4.25199318
3707.409980 4.25199318
3707.413709 4.25199318
3707.417375 4.25199318
3707.421076 4.25199318
3707.424740 4.25199318
3707.428441 4.25199318
3707.432107 4.25199318
3707.435896 4.25199318
3707.439587 4.25199318
3707.443288 4.25199318
3707.446953 4.25199318
3707.450650 4.25199318
3707.454316 4.25199318
3707.458231 4.25199318
3707.461996 4.25199318
3707.465704 4.25199318
3707.469369 4.25199318
3707.473070 4.25199318
3707.476735 4.25199318
3707.480435 4.25199318
3707.484231 4.25199318
3707.487962 4.12221956
3707.491631 4.12221956
3707.495516 4.12221956
3707.499287 4.12221956
3707.503002 4.12221956
3707.506681 4.12221956
3707.510533 4.12221956
3707.514243 4.12221956
3707.517934 4.12221956
3707.521609 4.12221956
3707.525298 4.12221956
3707.528978 4.12221956
3707.532726 4.12221956
3707.536455 4.12221956
3707.540150 4.12221956
3707.543825 4.12221956
3707.547515 4.12221956
3707.551188 4.12221956
3707.554879 4.12221956
3707.558766 4.12221956
3707.562546 4.12221956
3707.566565 4.12221956
3707.570258 4.12221956
3707.573925 4.12221956
3707.577596 4.12221956
3707.581258 4.12221956
3707.585225 4.12221956
3707.589031 4.12221956
3707.592734 4.12221956
3707.596404 4.12221956
3707.600284 4.12221956
3707.604050 4.12221956
3707.607905 4.12221956
3707.611614 4.12221956
3707.615305 4.12221956
3707.618984 4.12221956
3707.622674 4.12221956
3707.626348 4.12221956
3707.630039 4.12221956
3707.633803 4.12221956
3707.637520 4.12221956
3707.641200 4.12221956
3707.644891 4.12221956
3707.648563 4.12221956
3707.652253 4.12221956
3707.655928 4.12221956
3707.659932 4.12221956
3707.663664 4.12221956
3707.667365 4.12221956
3707.671033 4.12221956
3707.674730 4.12221956
3707.678400 4.12221956
3707.682098 4.12221956
3707.685854 4.12221956
3707.689580 4.12221956
3707.693251 4.12221956
3707.696948 4.12221956
3707.700808 4.12221956
3707.704567 4.12221956
3707.708347 4.12221956
3707.712074 4.12221956
3707.715741 4.12221956
3707.719442 4.12221956
3707.723108 4.12221956
3707.726806 4.12221956
3707.730472 4.12221956
3707.734232 4.12221956
3707.737898 4.12221956
3707.741591 4.12221956
3707.745270 4.12221956
3707.748960 4.12221956
3707.752641 4.12221956
3707.756331 4.12221956
3707.760215 4.11458588
3707.763998 4.11458588
3707.767683 4.11458588
3707.771373 4.11458588
3707.775050 4.11458588
3707.778742 4.11458588
3707.782476 4.11458588
3707.786213 4.11458588
3707.789831 4.11458588
3707.793489 4.11458588
3707.797151 4.11458588
3707.800854 4.11458588
3707.804636 4.11458588
3707.808491 4.11458588
3707.812206 4.11458588
3707.815904 4.11458588
3707.819571 4.11458588
3707.823274 4.11458588
3707.826940 4.11458588
3707.830643 4.11458588
3707.834463 4.11458588
3707.838208 4.11458588
3707.841878 4.11458588
3707.845573 4.11458588
3707.849240 4.11458588
3707.852943 4.11458588
3707.856611 4.11458588
3707.860505 4.11458588
3707.864245 4.11458588
3707.867954 4.11458588
3707.871688 4.11458588
3707.875415 4.11458588
3707.879084 4.11458588
3707.882869 4.11458588
3707.886572 4.11458588
3707.890270 4.11458588
3707.893941 4.11458588
3707.897639 4.11458588
3707.901313 4.11458588
3707.905188 4.11458588
3707.909017 4.11458588
3707.912750 4.11458588
3707.916428 4.11458588
3707.920121 4.11458588
3707.923804 4.11458588
3707.927413 4.11458588
3707.931051 4.11458588
3707.934941 4.11458588
3707.938612 4.11458588
3707.942315 4.11458588
3707.945986 4.11458588
3707.949686 4.11458588
3707.953352 4.11458588
3707.957053 4.11458588
3707.960928 4.11458588
3707.964722 4.11458588
3707.968402 4.11458588
3707.972101 4.11458588
3707.975772 4.11458588
3707.979473 4.11458588
3707.983231 4.11458588
3707.986958 4.11458588
3707.990634 4.11458588
3707.994342 4.11458588
3707.998004 4.11458588
3708.001705 4.11458588
3708.005387 4.11458588
3708.009330 4.11458588
3708.013123 4.11458588
3708.016845 4.11458588
3708.020534 4.11458588
3708.024234 4.11458588
3708.027922 4.11458588
3708.031621 4.11458588
3708.035446 4.10695219
3708.039181 4.10695219
3708.042871 4.10695219
3708.046569 4.10695219
3708.050258 4.10695219
3708.053956 4.10695219
3708.057705 4.10695219
3708.061593 4.10695219
3708.065375 4.10695219
3708.069084 4.10695219
3708.072776 4.10695219
3708.076478 4.10695219
3708.080167 4.10695219
3708.083997 4.10695219
3708.087720 4.10695219
3708.091424 4.10695219
3708.095109 4.10695219
3708.098818 4.10695219
3708.102508 4.10695219
3708.106197 4.10695219
3708.110092 4.10695219
3708.113862 4.10695219
3708.117556 4.10695219
3708.121601 4.10695219
3708.125288 4.10695219
3708.128957 4.10695219
3708.132624 4.10695219
3708.136346 4.10695219
3708.140012 4.10695219
3708.143675 4.10695219
3708.147340 4.10695219
3708.151007 4.10695219
3708.154597 4.10695219
3708.158563 4.10695219
3708.162507 4.10695219
3708.166254 4.10695219
3708.169926 4.10695219
3708.173590 4.10695219
3708.177255 4.10695219
3708.180918 4.10695219
3708.184743 4.10695219
3708.188446 4.10695219
3708.192112 4.10695219
3708.195776 4.10695219
3708.199363 4.10695219
3708.203032 4.10695219
3708.206695 4.10695219
3708.210445 4.10695219
3708.214324 4.10695219
3708.218079 4.10695219
3708.221768 4.10695219
3708.225434 4.10695219
3708.229099 4.10695219
3708.232861 4.10695219
3708.236554 4.10695219
3708.240216 4.10695219
3708.243879 4.10695219
3708.247546 4.10695219
3708.251209 4.10695219
3708.254873 4.10695219
3708.258726 4.10695219
3708.262545 4.10695219
3708.266331 4.10695219
3708.270006 4.10695219
3708.273669 4.10695219
3708.277334 4.10695219
3708.280997 4.10695219
3708.284751 4.10695219
3708.288447 4.10695219
3708.292113 4.10695219
3708.295779 4.10695219
3708.299442 4.10695219
3708.303107 4.10695219
3708.306773 4.29397869
3708.310547 4.29397869
3708.314427 4.29397869
3708.318208 4.29397869
3708.321896 4.29397869
3708.325561 4.29397869
3708.329226 4.29397869
3708.332984 4.29397869
3708.336676 4.29397869
3708.340341 4.29397869
3708.344009 4.29397869
3708.347617 4.29397869
3708.351292 4.29397869
3708.354958 4.29397869
3708.358715 4.29397869
3708.362409 4.29397869
3708.366235 4.29397869
3708.369984 4.29397869
3708.373659 4.29397869
3708.377321 4.29397869
3708.380988 4.29397869
3708.384752 4.29397869
3708.388446 4.29397869
3708.392111 4.29397869
3708.395774 4.29397869
3708.399438 4.29397869
3708.403099 4.29397869
3708.406770 4.29397869
3708.410590 4.29397869
3708.414299 4.29397869
3708.418155 4.29397869
3708.421939 4.29397869
3708.425628 4.29397869
3708.429296 4.29397869
3708.433059 4.29397869
3708.436754 4.29397869
3708.440420 4.29397869
3708.444089 4.29397869
3708.447752 4.29397869
3708.451422 4.29397869
3708.455087 4.29397869
3708.458846 4.29397869
3708.462539 4.29397869
3708.466354 4.29397869
3708.470096 4.29397869
3708.473771 4.29397869
3708.477440 4.29397869
3708.481107 4.29397869
3708.484863 4.29397869
3708.488556 4.29397869
3708.492226 4.29397869
3708.495887 4.29397869
3708.499557 4.29397869
3708.503222 4.29397869
3708.506897 4.29397869
3708.510753 4.29397869
3708.514458 4.29397869
3708.518126 4.29397869
3708.521974 4.29397869
3708.525728 4.29397869
3708.529417 4.29397869
3708.533181 4.29397869
3708.536877 4.29397869
3708.540544 4.29397869
3708.544209 4.29397869
3708.547873 4.29397869
3708.551538 4.29397869
3708.555204 4.29397869
3708.558962 4.29397869
3708.562658 4.29397869
3708.566493 4.29397869
3708.570253 4.29397869
3708.573934 4.29397869
3708.577541 4.29397869
3708.581206 4.76345396
3708.584976 4.76345396
3708.588673 4.76345396
3708.592349 4.76345396
3708.596013 4.76345396
3708.599690 4.76345396
3708.603358 4.76345396
3708.607034 4.76345396
3708.610833 4.76345396
3708.614540 4.76345396
3708.618146 4.76345396
3708.622208 4.76345396
3708.626083 4.76345396
3708.629779 4.76345396
3708.633547 4.76345396
3708.637246 4.76345396
3708.640918 4.76345396
3708.644508 4.76345396
3708.648175 4.76345396
3708.651852 4.76345396
3708.655523 4.76345396
3708.659345 4.76345396
3708.663052 4.76345396
3708.666893 4.76345396
3708.670649 4.76345396
3708.674330 4.76345396
3708.678003 4.76345396
3708.681675 4.76345396
3708.685432 4.76345396
3708.689130 4.76345396
3708.692800 4.76345396
3708.696471 4.76345396
3708.700144 4.76345396
3708.703818 4.76345396
3708.707544 4.76345396
3708.711176 4.76345396
3708.714856 4.76345396
3708.718533 4.76345396
3708.722202 4.76345396
3708.726079 4.76345396
3708.729854 4.76345396
3708.733647 4.76345396
3708.737345 4.76345396
3708.741021 4.76345396
3708.744692 4.76345396
3708.748364 4.76345396
3708.752032 4.76345396
3708.755710 4.76345396
3708.759519 4.76345396
3708.763220 4.76345396
3708.767050 4.76345396
3708.770811 4.76345396
3708.774489 4.76345396
3708.778159 4.76345396
3708.781829 4.76345396
3708.785600 4.76345396
3708.789280 4.76345396
3708.792952 4.76345396
3708.796622 4.76345396
3708.800293 4.76345396
3708.803966 4.76345396
3708.807695 4.76345396
3708.811415 4.76345396
3708.815088 4.76345396
3708.818759 4.76345396
3708.822435 4.76345396
3708.826289 4.76345396
3708.830071 4.76345396
3708.833984 4.76345396
3708.837692 4.76345396
3708.841356 4.76345396
3708.845035 4.76345396
3708.848642 4.76345396
3708.852327 4.76345396
3708.855997 4.75582027
3708.859756 4.75582027
3708.863456 4.75582027
3708.867287 4.75582027
3708.871036 4.75582027
3708.874716 4.75582027
3708.878382 4.75582027
3708.882057 4.75582027
3708.885835 4.75582027
3708.889541 4.75582027
3708.893215 4.75582027
3708.896891 4.75582027
3708.900563 4.75582027
3708.904237 4.75582027
3708.907994 4.75582027
3708.911720 4.75582027
3708.915317 4.75582027
3708.918991 4.75582027
3708.922660 4.75582027
3708.926338 4.75582027
3708.930197 4.75582027
3708.934053 4.75582027
3708.937773 4.75582027
3708.941448 4.75582027
3708.945120 4.75582027
3708.948795 4.75582027
3708.952466 4.75582027
3708.956138 4.75582027
3708.959893 4.75582027
3708.963595 4.75582027
3708.967422 4.75582027
3708.971184 4.75582027
3708.974864 4.75582027
3708.978539 4.75582027
3708.982293 4.75582027
3708.986054 4.75582027
3708.989738 4.75582027
3708.993411 4.75582027
3708.997083 4.75582027
3709.000756 4.75582027
3709.004436 4.75582027
3709.008226 4.75582027
3709.011943 4.75582027
3709.015637 4.75582027
3709.019316 4.75582027
3709.023001 4.75582027
3709.026680 4.75582027
3709.030536 4.75582027
3709.034437 4.75582027
3709.038178 4.75582027
3709.041848 4.75582027
3709.045543 4.75582027
3709.049214 4.75582027
3709.052911 4.75582027
3709.056586 4.75582027
3709.060367 4.75582027
3709.064069 4.75582027
3709.067922 4.75582027
3709.071675 4.75582027
3709.075380 4.75582027
3709.079055 4.75582027
3709.082764 4.75582027
3709.086661 4.75582027
3709.090798 4.75582027
3709.094503 4.75582027
3709.098187 4.75582027
3709.101884 4.75582027
3709.105847 4.75582027
3709.109777 4.75582027
3709.113477 4.75582027
3709.117167 4.75582027
3709.120826 4.75582027
3709.124510 4.75582027
3709.128167 4.77108765
3709.131858 4.77108765
3709.135685 4.77108765
3709.139490 4.77108765
3709.143177 4.77108765
3709.146861 4.77108765
3709.150524 4.77108765
3709.154206 4.77108765
3709.157965 4.77108765
3709.161678 4.77108765
3709.165337 4.77108765
3709.169183 4.77108765
3709.172932 4.77108765
3709.176618 4.77108765
3709.180279 4.77108765
3709.184063 4.77108765
3709.187737 4.77108765
3709.191418 4.77108765
3709.195082 4.77108765
3709.198760 4.77108765
3709.202422 4.77108765
3709.206102 4.77108765
3709.209896 4.77108765
3709.213528 4.77108765
3709.217198 4.77108765
3709.220880 4.77108765
3709.224540 4.77108765
3709.228224 4.77108765
3709.231882 4.77108765
3709.235823 4.77108765
3709.239592 4.77108765
3709.243300 4.77108765
3709.246962 4.77108765
3709.250647 4.77108765
3709.254302 4.77108765
3709.258084 4.77108765
3709.261768 4.77108765
3709.265449 4.77108765
3709.269219 4.77108765
3709.273018 4.77108765
3709.276684 4.77108765
3709.280365 4.77108765
3709.284108 4.77108765
3709.287822 4.77108765
3709.291481 4.77108765
3709.295160 4.77108765
3709.298228 4.77108765
3709.301136 4.77108765
3709.304081 4.77108765
3709.307723 4.77108765
3709.311429 4.77108765
3709.315096 4.77108765
3709.318785 4.77108765
3709.322451 4.77108765
3709.326138 4.77108765
3709.329801 4.77108765
3709.333648 4.77108765
3709.337476 4.77108765
3709.341334 4.77108765
3709.345033 4.77108765
3709.348699 4.77108765
3709.352370 4.77108765
3709.356041 4.77108765
3709.359805 4.77108765
3709.363506 4.77108765
3709.367182 4.77108765
3709.371006 4.77108765
3709.374754 4.77108765
3709.378419 4.77108765
3709.382091 4.77108765
3709.385939 4.77108765
3709.389650 4.77108765
3709.393309 4.77108765
3709.396981 4.77108765
3709.400644 4.77108765
3709.404319 4.79398870
3709.408066 4.79398870
3709.411770 4.79398870
3709.415426 4.79398870
3709.419100 4.79398870
3709.422756 4.79398870
3709.426426 4.79398870
3709.430093 4.79398870
3709.433855 4.79398870
3709.437540 4.79398870
3709.441400 4.79398870
3709.445148 4.79398870
3709.448842 4.79398870
3709.452503 4.79398870
3709.456176 4.79398870
3709.459979 4.79398870
3709.463594 4.79398870
3709.467271 4.79398870
3709.471066 4.79398870
3709.474845 4.79398870
3709.478520 4.79398870
3709.482231 4.79398870
3709.485953 4.79398870
3709.489632 4.79398870
3709.493299 4.79398870
3709.496964 4.79398870
3709.500634 4.79398870
3709.504295 4.79398870
3709.508052 4.79398870
3709.511741 4.79398870
3709.515410 4.79398870
3709.519074 4.79398870
3709.522746 4.79398870
3709.526409 4.79398870
3709.530088 4.79398870
3709.533837 4.79398870
3709.537536 4.79398870
3709.541199 4.79398870
3709.545056 4.79398870
3709.548806 4.79398870
3709.552503 4.79398870
3709.556169 4.79398870
3709.560009 4.79398870
3709.564037 4.79398870
3709.567718 4.79398870
3709.571525 4.79398870
3709.575306 4.79398870
3709.578986 4.79398870
3709.582730 4.79398870
3709.586430 4.79398870
3709.590088 4.79398870
3709.593764 4.79398870
3709.597425 4.79398870
3709.601097 4.79398870
3709.604756 4.79398870
3709.608521 4.79398870
3709.612206 4.79398870
3709.615880 4.79398870
3709.619537 4.79398870
3709.623212 4.79398870
3709.626869 4.79398870
3709.630543 4.79398870
3709.634286 4.79398870
3709.637989 4.79398870
3709.641571 4.79398870
3709.644886 4.79398870
3709.648489 4.79398870
3709.652181 4.79398870
3709.655847 4.79398870
3709.659611 4.79398870
3709.663306 4.79398870
3709.666970 4.79398870
3709.670640 4.79398870
3709.674465 4.81688976
3709.678215 4.81688976
3709.681889 4.81688976
3709.685749 4.81688976
3709.689455 4.81688976
3709.693130 4.81688976
3709.696799 4.81688976
3709.700466 4.81688976
3709.704136 4.81688976
3709.707889 4.81688976
3709.711580 4.81688976
3709.715249 4.81688976
3709.718917 4.81688976
3709.722580 4.81688976
3709.726242 4.81688976
3709.729907 4.81688976
3709.733578 4.81688976
3709.737278 4.81688976
3709.740944 4.81688976
3709.744614 4.81688976
3709.748459 4.81688976
3709.752210 4.81688976
3709.755900 4.81688976
3709.759662 4.81688976
3709.763351 4.81688976
3709.767026 4.81688976
3709.770591 4.81688976
3709.773614 4.81688976
3709.776547 4.81688976
3709.779505 4.81688976
3709.782381 4.81688976
3709.785227 4.81688976
3709.788022 4.81688976
3709.790841 4.81688976
3709.801409 4.81688976
3709.805101 4.81688976
3709.808949 4.81688976
3709.812675 4.81688976
3709.816358 4.81688976
3709.820051 4.81688976
3709.823731 4.81688976
3709.827422 4.81688976
3709.831101 4.81688976
3709.834912 4.81688976
3709.838625 4.81688976
3709.842243 4.81688976
3709.845881 4.81688976
3709.849740 4.81688976
3709.853562 4.81688976
3709.857333 4.81688976
3709.861068 4.81688976
3709.864766 4.81688976
3709.868444 4.81688976
3709.872191 4.81688976
3709.875897 4.81688976
3709.879739 4.81688976
3709.883559 4.81688976
3709.887290 4.81688976
3709.890962 4.81688976
3709.894661 4.81688976
3709.898331 4.81688976
3709.902029 4.81688976
3709.905702 4.81688976
3709.909493 4.81688976
3709.913192 4.81688976
3709.916889 4.81688976
3709.920558 4.81688976
3709.924257 4.81688976
3709.927929 4.81688976
3709.931629 4.81688976
3709.935848 4.81688976
3709.939193 4.81688976
3709.942637 4.81688976
3709.946984 4.81688976
3709.950790 4.79017210
3709.954565 4.79017210
3709.958418 4.79017210
3709.962046 4.79017210
3709.965735 4.79017210
3709.969406 4.79017210
3709.972479 4.79017210
3709.975890 4.79017210
3709.978963 4.79017210
3709.982044 4.79017210
3709.986121 4.79017210
3709.989345 4.79017210
3709.992708 4.79017210
3709.996420 4.79017210
3710.000076 4.79017210
3710.003759 4.79017210
3710.007482 4.79017210
3710.011220 4.79017210
3710.014884 4.79017210
3710.018577 4.79017210
3710.022239 4.79017210
3710.025931 4.79017210
3710.029590 4.79017210
3710.033358 4.79017210
3710.037056 4.79017210
3710.040741 4.79017210
3710.044407 4.79017210
3710.048092 4.79017210
3710.051752 4.79017210
3710.055621 4.79017210
3710.059521 4.79017210
3710.063271 4.79017210
3710.066929 4.79017210
3710.070628 4.79017210
3710.074286 4.79017210
3710.077900 4.79017210
3710.081556 4.79017210
3710.085463 4.79017210
3710.089229 4.79017210
3710.092934 4.79017210
3710.096764 4.79017210
3710.100583 4.79017210
3710.104256 4.79017210
3710.108035 4.79017210
3710.112399 4.79017210
3710.115534 4.79017210
3710.118942 4.79017210
3710.122635 4.79017210
3710.126304 4.79017210
3710.130391 4.79017210
3710.134142 4.79017210
3710.137867 4.79017210
3710.141540 4.79017210
3710.145155 4.79017210
3710.148806 4.79017210
3710.152481 4.79017210
3710.156167 4.79017210
3710.160135 4.79017210
3710.163936 4.79017210
3710.167641 4.79017210
3710.171327 4.79017210
3710.175010 4.79017210
3710.178693 4.79017210
3710.182438 4.79017210
3710.186314 4.79017210
3710.190085 4.79017210
3710.193769 4.79017210
3710.197448 4.79017210
3710.201128 4.79017210
3710.204808 4.79017210
3710.208572 4.79017210
3710.212290 4.79017210
3710.215972 4.79017210
3710.219649 4.79017210
3710.223332 4.82834053
3710.227013 4.82834053
3710.230699 4.82834053
3710.234460 4.82834053
3710.238180 4.82834053
3710.241859 4.82834053
3710.245543 4.82834053
3710.249224 4.82834053
3710.252911 4.82834053
3710.256592 4.82834053
3710.260599 4.82834053
3710.264384 4.82834053
3710.268081 4.82834053
3710.271776 4.82834053
3710.275352 4.82834053
3710.278612 4.82834053
3710.281551 4.82834053
3710.284481 4.82834053
3710.287835 4.82834053
3710.291935 4.82834053
3710.295734 4.82834053
3710.299439 4.82834053
3710.303116 4.82834053
3710.306805 4.82834053
3710.310567 4.82834053
3710.314290 4.82834053
3710.317972 4.82834053
3710.321655 4.82834053
3710.325335 4.82834053
3710.329020 4.82834053
3710.332780 4.82834053
3710.336620 4.82834053
3710.340303 4.82834053
3710.343499 4.82834053
3710.346376 4.82834053
3710.349705 4.82834053
3710.353330 4.82834053
3710.356498 4.82834053
3710.360065 4.82834053
3710.363932 4.82834053
3710.367164 4.82834053
3710.370054 4.82834053
3710.372892 4.82834053
3710.376032 4.82834053
3710.379619 4.82834053
3710.383529 4.82834053
3710.387255 4.82834053
3710.391103 4.82834053
3710.394896 4.82834053
3710.398481 4.82834053
3710.401527 4.82834053
3710.404464 4.82834053
3710.408109 4.82834053
3710.411718 4.82834053
3710.414751 4.82834053
3710.417561 4.82834053
3710.420397 4.82834053
3710.423206 4.82834053
3710.426055 4.82834053
3710.429353 4.82834053
3710.432506 4.82834053
3710.435041 4.82834053
3710.450529 4.82834053
3710.454057 4.82834053
3710.457719 4.82834053
3710.461339 4.82834053
3710.465125 4.82834053
3710.468816 4.82834053
3710.472420 4.82834053
3711.086713 4.81307316
3711.091203 4.81307316
3711.095010 4.81307316
3711.098689 4.81307316
3711.102298 4.81307316
3711.106345 4.81307316
3711.110041 4.81307316
3711.113749 4.81307316
3711.117409 4.81307316
3711.121079 4.81307316
3711.124739 4.81307316
3711.128412 4.81307316
3711.132152 4.81307316
3711.135892 4.81307316
3711.139559 4.81307316
3711.143231 4.81307316
3711.146891 4.81307316
3711.150565 4.81307316
3711.154225 4.81307316
3711.157978 4.81307316
3711.161670 4.81307316
3711.165343 4.81307316
3711.169005 4.81307316
3711.172678 4.81307316
3711.176267 4.81307316
3711.179933 4.81307316
3711.183828 4.81307316
3711.187594 4.81307316
3711.191414 4.81307316
3711.195193 4.81307316
3711.198865 4.81307316
3711.202532 4.81307316
3711.206200 4.81307316
3711.210013 4.81307316
3711.213721 4.81307316
3711.217384 4.81307316
3711.221048 4.81307316
3711.224709 4.81307316
3711.228376 4.81307316
3711.232095 4.81307316
3711.235812 4.81307316
3711.239489 4.81307316
3711.243154 4.81307316
3711.246816 4.81307316
3711.250479 4.81307316
3711.254144 4.81307316
3711.257913 4.81307316
3711.261611 4.81307316
3711.265280 4.81307316
3711.268947 4.81307316
3711.272617 4.81307316
3711.276276 4.81307316
3711.279946 4.81307316
3711.283831 4.81307316
3711.287615 4.81307316
3711.291310 4.81307316
3711.295114 4.81307316
3711.298864 4.81307316
3711.302527 4.81307316
3711.306202 4.81307316
3711.309947 4.81307316
3711.313658 4.81307316
3711.317319 4.82834053
3711.320991 4.82834053
3711.324648 4.82834053
3711.328318 4.82834053
3711.331976 4.82834053
3711.335727 4.82834053
3711.339422 4.82834053
3711.343095 4.82834053
3711.346746 4.82834053
3711.350318 4.82834053
3711.353376 4.82834053
3711.356769 4.82834053
3711.360659 4.82834053
3711.363760 4.82834053
3711.367264 4.82834053
3711.370936 4.82834053
3711.374596 4.82834053
3711.378273 4.82834053
3711.381935 4.82834053
3711.385846 4.82834053
3711.389634 4.82834053
3711.393327 4.82834053
3711.397144 4.82834053
3711.400904 4.82834053
3711.404570 4.82834053
3711.408326 4.82834053
3711.412025 4.82834053
3711.415697 4.82834053
3711.419351 4.82834053
3711.423023 4.82834053
3711.426687 4.82834053
3711.430360 4.82834053
3711.434101 4.82834053
3711.437810 4.82834053
3711.441474 4.82834053
3711.445143 4.82834053
3711.448805 4.82834053
3711.452479 4.82834053
3711.456143 4.82834053
3711.459893 4.82834053
3711.463593 4.82834053
3711.467264 4.82834053
3711.470925 4.82834053
3711.474596 4.82834053
3711.478260 4.82834053
3711.481933 4.82834053
3711.485744 4.82834053
3711.489639 4.82834053
3711.493399 4.82834053
3711.497215 4.82834053
3711.500998 4.82834053
3711.504671 4.82834053
3711.508426 4.82834053
3711.512033 4.82834053
3711.515899 4.82834053
3711.519702 4.82834053
3711.523386 4.82834053
3711.527066 4.82834053
3711.530755 4.82834053
3711.534523 4.82834053
3711.538240 4.82834053
3711.541920 4.82834053
3711.545606 4.82834053
3711.549291 4.82834053
3711.552978 4.82834053
3711.556660 4.82834053
3711.560429 4.82834053
3711.564143 4.82834053
3711.567826 4.82834053
3711.571505 4.82834053
3711.575189 4.82834053
3711.578876 4.82834053
3711.583431 4.82834053
3711.586566 4.82834053
3711.590131 4.82834053
3711.593983 4.25199318
3711.597836 4.25199318
3711.601622 4.25199318
3711.605297 4.25199318
3711.609084 4.25199318
3711.612789 4.25199318
3711.616488 4.25199318
3711.620155 4.25199318
3711.623854 4.25199318
3711.627522 4.25199318
3711.631223 4.25199318
3711.635076 4.25199318
3711.638815 4.25199318
3711.642488 4.25199318
3711.646188 4.25199318
3711.649858 4.25199318
3711.653553 4.25199318
3711.657281 4.25199318
3711.661026 4.25199318
3711.664703 4.25199318
3711.668400 4.25199318
3711.672067 4.25199318
3711.675763 4.25199318
3711.679427 4.25199318
3711.683216 4.25199318
3711.686915 4.25199318
3711.690612 4.25199318
3711.694461 4.25199318
3711.698390 4.25199318
3711.702148 4.25199318
3711.705846 4.25199318
3711.709650 4.25199318
3711.713383 4.25199318
3711.716968 4.25199318
3711.720618 4.25199318
3711.724279 4.25199318
3711.727978 4.25199318
3711.731643 4.25199318
3711.735426 4.25199318
3711.739124 4.25199318
3711.742823 4.25199318
3711.746487 4.25199318
3711.750187 4.25199318
3711.753856 4.25199318
3711.757639 4.25199318
3711.761335 4.25199318
3711.765033 4.25199318
3711.768698 4.25199318
3711.772400 4.25199318
3711.776067 4.25199318
3711.779764 4.25199318
3711.783512 4.25199318
3711.787243 4.25199318
3711.790910 4.25199318
3711.794527 4.25199318
3711.798343 4.25199318
3711.802289 4.25199318
3711.806081 4.25199318
3711.809937 4.25199318
3711.813617 4.25199318
3711.816730 4.25199318
3711.819658 4.25199318
3711.823218 4.25199318
3711.826898 4.25199318
3711.830586 4.25199318
3711.834363 4.25199318
3711.837487 4.25199318
3711.841226 4.25199318
3711.845041 4.25199318
3711.848723 4.25199318
3711.852425 4.25199318
3711.856106 4.25199318
3711.859890 4.25199318
3711.863602 4.25199318
3711.867308 4.15275478
3711.871048 4.15275478
3711.874782 4.15275478
3711.878459 4.15275478
3711.882222 4.15275478
3711.885943 4.15275478
3711.889654 4.15275478
3711.893336 4.15275478
3711.896956 4.15275478
3711.900770 4.15275478
3711.904711 4.15275478
3711.908600 4.15275478
3711.912337 4.15275478
3711.916017 4.15275478
3711.919717 4.15275478
3711.923398 4.15275478
3711.927106 4.15275478
3711.930787 4.15275478
3711.934687 4.15275478
3711.938409 4.15275478
3711.942110 4.15275478
3711.945792 4.15275478
3711.949490 4.15275478
3711.953172 4.15275478
3711.956873 4.15275478
3711.960638 4.15275478
3711.964368 4.15275478
3711.968052 4.15275478
3711.971747 4.15275478
3711.975427 4.15275478
3711.979125 4.15275478
3711.982892 4.15275478
3711.986616 4.15275478
3711.990306 4.15275478
3711.994006 4.15275478
3711.997688 4.15275478
3712.001559 4.15275478
3712.005476 4.15275478
3712.009383 4.15275478
3712.013112 4.15275478
3712.016818 4.15275478
3712.020516 4.15275478
3712.024131 4.15275478
3712.027771 4.15275478
3712.031475 4.15275478
3712.035301 4.15275478
3712.039045 4.15275478
3712.042742 4.15275478
3712.046445 4.15275478
3712.050142 4.15275478
3712.053850 4.15275478
3712.057632 4.15275478
3712.061368 4.15275478
3712.065063 4.15275478
3712.068771 4.15275478
3712.072467 4.15275478
3712.076173 4.15275478
3712.079872 4.15275478
3712.083697 4.15275478
3712.087438 4.15275478
3712.091141 4.15275478
3712.094839 4.15275478
3712.098543 4.15275478
3712.102755 4.15275478
3712.106656 4.15275478
3712.110529 4.15275478
3712.114256 4.15275478
3712.117941 0.0000
