64.862833 0.0000
64.919620 0.0000
64.976063 0.0000
65.032447 0.0000
65.088755 0.0000
65.145124 0.4618
65.201528 0.4618
65.257983 0.4618
65.314386 0.4618
65.370806 0.4618
65.427202 1.5000
65.483623 1.5000
65.540026 1.5000
65.596315 1.5000
65.652708 3.1337
65.709133 3.1337
65.765581 3.1337
65.822019 3.1337
65.878490 3.1337
65.934880 3.0917
65.991326 3.0917
66.047716 3.0917
66.104025 3.0917
66.160393 3.0917
66.216793 3.0459
66.273216 3.0459
66.329617 3.0459
66.386038 3.0459
66.442438 3.0459
66.498862 3.0230
66.555262 3.0230
66.611691 3.0230
66.668095 3.0230
66.724383 3.0230
66.780776 3.0039
66.837163 3.0039
66.893606 3.0039
66.950026 3.0039
67.006495 3.0039
67.062881 3.0573
67.119327 3.0573
67.175715 3.0573
67.232024 3.0573
67.288392 3.0573
67.344811 3.0993
67.401234 3.0993
67.457635 3.0993
67.514061 3.0993
67.570459 2.9772
67.626885 2.9772
67.683288 2.9772
67.739723 2.9772
67.796127 2.9772
67.852418 2.9848
67.908813 2.9848
67.965207 2.9848
68.021652 2.9848
68.078074 2.9848
68.134545 2.9314
68.190936 2.9314
68.247378 2.9314
68.303767 2.9314
68.360076 2.9314
68.417416 2.9810
68.474387 2.9810
68.530804 2.9810
68.587101 2.9810
68.643488 2.9810
68.699893 3.1642
68.756314 3.1642
68.812721 3.1642
68.869014 3.1642
68.925424 3.1642
68.981814 3.4275
69.038252 3.4275
69.094647 3.4275
69.151088 3.4275
69.207514 3.8894
69.263984 3.8894
69.320378 3.8894
69.376817 3.8894
69.433211 3.8894
69.489524 3.9008
69.545888 3.9008
69.602291 3.9008
69.658711 3.9008
69.715120 3.9008
69.771553 3.6298
69.827959 3.6298
69.884388 3.6298
69.941388 3.6298
69.998162 3.6298
70.054710 3.6298
70.111119 3.6298
70.167553 3.6298
70.223952 3.6298
70.280392 3.6298
70.336906 3.6375
70.393404 3.6375
70.449810 3.6375
70.506274 3.6375
70.562668 3.6375
70.618983 3.6298
70.675347 3.6298
70.731750 3.6298
70.788170 3.6298
70.844578 3.6298
70.901240 3.6298
70.957729 3.6298
71.014175 3.6298
71.070577 3.6298
71.126866 3.7482
71.183257 3.7482
71.240111 3.7482
71.297375 3.7482
71.353901 3.7482
71.410355 4.0497
71.466780 4.0497
71.523251 4.0497
71.579640 4.0497
71.635950 4.0497
71.692320 4.0879
71.748718 4.0879
71.805142 4.0879
71.861544 4.0879
71.917967 4.0879
71.974364 4.0955
72.030793 4.0955
72.087194 4.0955
72.143651 4.0955
72.200053 4.0955
72.256342 4.1795
72.312736 4.1795
72.369129 4.1795
72.425568 4.1795
72.481964 4.1795
72.538411 4.4123
72.594834 4.4123
72.651307 4.4123
72.707697 4.4123
72.764010 4.5421
72.820380 4.5421
72.876779 4.5421
72.933204 4.5421
72.989608 4.5421
73.046028 4.4925
73.102423 4.4925
73.158849 4.4925
73.215254 4.4925
73.271543 4.4925
73.327934 4.5192
73.384320 4.5192
73.440764 4.5192
73.497154 4.5192
73.553599 4.5192
73.609989 4.4199
73.666435 4.4199
73.722875 4.4199
73.779346 4.4199
73.835736 4.4199
73.892049 4.5612
73.948417 4.5612
74.004816 4.5612
74.061239 4.5612
74.117643 4.5612
74.174075 4.5764
74.230476 4.5764
74.286910 4.5764
74.343316 4.5764
74.399606 4.5764
74.455996 4.5497
74.512382 4.5497
74.568825 4.5497
74.625214 4.5497
74.681658 4.3703
74.738048 4.3703
74.794487 4.3703
74.850915 4.3703
74.907386 4.3703
74.963777 4.1146
75.020090 4.1146
75.076456 4.1146
75.132854 4.1146
75.189279 4.1146
75.245682 4.1031
75.302131 4.1031
75.358533 4.1031
75.414956 4.1031
75.471354 4.1031
75.527655 4.0955
75.584052 4.0955
75.640444 4.0955
75.696887 4.0955
75.753277 4.0955
75.809720 4.0993
75.866111 4.0993
75.922556 4.0993
75.978992 4.0993
76.035467 4.0993
76.091866 4.0306
76.148175 4.0306
76.204542 4.0306
76.260939 4.0306
76.317364 4.0459
76.373765 4.0459
76.430184 4.0459
76.486581 4.0459
76.543010 4.0459
76.600012 4.0497
76.656842 4.0497
76.713333 4.0497
76.769738 4.0497
76.826180 4.0497
76.882569 4.0421
76.939035 4.0421
76.995424 4.0421
77.051866 4.0421
77.108289 4.0421
77.164628 4.0421
77.220995 4.0421
77.277392 4.0421
77.333812 4.0421
77.390215 4.0421
77.446646 4.0268
77.503047 4.0268
77.559460 4.0268
77.615865 4.0268
77.672293 4.0268
77.728695 4.0421
77.784985 4.0421
77.841379 4.0421
77.897768 4.0421
77.954211 4.0421
78.010600 4.0421
78.067036 4.0421
78.123430 4.0421
78.179873 4.0421
78.236294 4.0421
78.292631 4.0421
78.348999 4.0421
78.405396 4.0421
78.461819 4.0421
78.518242 4.0230
78.574660 4.0230
78.631057 4.0230
78.687480 4.0230
78.743884 4.0230
78.800316 4.0421
78.856718 4.0421
78.913009 4.0421
78.969401 4.0421
79.025790 4.0421
79.082232 4.0802
79.138621 4.0802
79.195064 4.0802
79.251451 4.0802
79.307893 4.0802
79.364316 4.0153
79.420653 4.0153
79.477019 4.0153
79.533416 4.0153
79.589838 4.0153
79.646239 4.0650
79.702658 4.0650
79.759055 4.0650
79.815481 4.0650
79.871883 4.0650
79.928177 4.1528
79.984567 4.1528
80.040957 4.1528
80.097397 4.1528
80.153806 5.4276
80.210247 5.4276
80.266639 5.4276
80.323094 5.4276
80.379483 5.4276
80.435929 5.7177
80.492355 5.7177
80.548695 5.7177
80.605065 5.7177
80.661465 5.7177
80.717893 5.5612
80.774296 5.5612
80.830717 5.5612
80.887115 5.5612
80.943540 5.5612
80.999943 5.6566
81.056240 5.6566
81.112634 5.6566
81.169026 5.6566
81.225470 5.6566
81.281860 4.2634
81.338306 4.2634
81.394696 4.2634
81.451135 4.2634
81.507529 4.2634
81.563976 4.2024
81.620412 4.2024
81.676757 4.2024
81.733139 4.2024
81.789549 5.0497
81.845969 5.0497
81.902370 5.0497
81.958789 5.0497
82.015188 5.0497
82.071607 5.7177
82.128011 5.7177
82.184305 5.7177
82.240701 5.7177
82.297090 5.7177
82.353535 4.1413
82.409924 4.1413
82.466372 4.1413
82.522760 4.1413
82.579205 4.1413
82.635596 4.0192
82.692041 4.0192
82.748466 4.0192
82.804803 4.0192
82.861172 4.0192
82.917573 4.0115
82.973996 4.0115
83.030398 4.0115
83.086814 4.0115
83.143214 4.0115
83.199635 3.6184
83.256036 3.6184
83.312361 3.6184
83.368756 3.6184
83.425148 3.6184
83.481592 3.6108
83.537983 3.6108
83.594428 3.6108
83.650817 3.6108
83.707261 3.8741
83.763655 3.8741
83.819968 3.8741
83.876371 3.8741
83.932807 3.8741
83.989235 3.5306
84.045638 3.5306
84.102057 3.5306
84.158454 3.5306
84.214879 3.5306
84.271278 3.5917
84.327709 3.5917
84.384112 3.5917
84.440410 3.5917
84.496802 3.5917
84.553192 5.6910
84.609640 5.6910
84.666032 5.6910
84.723099 5.6910
84.779671 5.6910
84.836078 4.2100
84.892496 4.2100
84.948925 4.2100
85.005381 4.2100
85.061820 4.2100
85.118237 3.8169
85.174638 3.8169
85.231058 3.8169
85.287466 3.8169
85.343881 4.5268
85.400282 4.5268
85.456701 4.5268
85.513109 4.5268
85.569404 4.5268
85.625794 3.5382
85.682188 3.5382
85.738630 3.5382
85.795024 3.5382
85.851466 3.5382
85.907859 3.5611
85.964302 3.5611
86.020697 3.5611
86.077007 3.5611
86.133403 3.5611
86.189843 3.5382
86.246262 3.5382
86.302668 3.5382
86.359082 3.5382
86.415486 3.5382
86.471905 5.8055
86.528331 5.8055
86.584621 5.8055
86.641010 5.8055
86.697405 5.8055
86.753840 5.9505
86.810234 5.9505
86.866675 5.9505
86.923069 5.9505
86.979511 5.9505
87.035905 4.6299
87.092345 4.6299
87.148738 4.6299
87.205047 4.6299
87.261460 3.6413
87.317916 3.6413
87.374335 3.6413
87.430742 3.6413
87.487158 3.6413
87.543563 4.0955
87.600183 4.0955
87.656672 4.0955
87.712968 4.0955
87.769367 4.0955
87.825765 6.8933
87.882204 6.8933
87.938601 6.8933
87.995044 6.8933
88.051437 6.8933
88.107898 5.4734
88.164292 5.4734
88.220733 5.4734
88.277125 5.4734
88.333437 5.4734
88.389835 4.0382
88.446272 4.0382
88.502685 4.0382
88.559097 4.0382
88.615514 4.0382
88.671914 4.3207
88.728333 4.3207
88.784739 4.3207
88.841031 4.3207
88.897421 4.3207
88.953818 4.2291
89.010258 4.2291
89.066651 4.2291
89.123091 4.2291
89.179483 5.1642
89.235922 5.1642
89.292318 5.1642
89.348628 5.1642
89.404993 5.1642
89.461396 6.8780
89.517849 6.8780
89.574291 6.8780
89.630708 6.8780
89.687112 6.8780
89.743555 4.1757
89.799961 4.1757
89.856946 4.1757
89.913553 4.1757
89.969933 4.1757
90.026375 4.1566
90.082775 4.1566
90.139218 4.1566
90.195610 4.1566
90.252049 4.1566
90.308442 4.1528
90.364885 4.1528
90.421279 4.1528
90.477590 4.1528
90.533955 4.1528
90.590361 4.6642
90.646814 4.6642
90.703257 4.6642
90.759671 4.6642
90.816076 8.4506
90.872498 8.4506
90.928905 8.4506
90.985334 8.4506
91.041745 8.4506
91.098035 4.4696
91.154424 4.4696
91.211278 4.4696
91.268292 4.4696
91.324763 4.4696
91.381207 4.4734
91.437598 4.4734
91.494042 4.4734
91.550432 4.4734
91.606742 4.4734
91.663113 4.7100
91.719513 4.7100
91.775974 4.7100
91.832412 4.7100
91.888835 4.7100
91.945233 4.3016
92.001658 4.3016
92.058059 4.3016
92.114351 4.3016
92.170737 4.3016
92.227122 4.1337
92.283562 4.1337
92.339958 4.1337
92.396403 4.1337
92.452793 4.1337
92.509234 4.0230
92.565624 4.0230
92.622068 4.0230
92.678457 4.0230
92.734767 4.1222
92.791139 4.1222
92.847538 4.1222
92.904030 4.1222
92.961077 4.1222
93.017761 4.1184
93.074197 4.1184
93.130632 4.1184
93.187035 4.1184
93.243326 4.1184
93.299717 4.0611
93.356105 4.0611
93.412547 4.0611
93.468945 4.0611
93.525388 4.0611
93.581776 4.0344
93.638221 4.0344
93.694612 4.0344
93.751054 4.0344
93.807444 4.0344
93.863757 4.0841
93.920126 4.0841
93.976524 4.0841
94.032980 4.0841
94.089418 4.0841
94.145849 4.1604
94.202250 4.1604
94.258681 4.1604
94.315086 4.1604
94.371375 4.1031
94.427768 4.1031
94.484157 4.1031
94.540628 4.1031
94.597022 4.1031
94.653466 4.1947
94.709855 4.1947
94.766302 4.1947
94.822693 4.1947
94.879004 4.1947
94.935374 4.1451
94.991776 4.1451
95.048198 4.1451
95.104599 4.1451
95.161050 4.1451
95.217485 4.0688
95.273908 4.0688
95.330309 4.0688
95.386738 4.0688
95.443141 4.0688
95.499431 4.1299
95.555824 4.1299
95.612215 4.1299
95.668661 4.1299
95.725055 4.1299
95.781498 4.1184
95.837889 4.1184
95.894331 4.1184
95.950721 4.1184
96.007032 4.1184
96.063399 4.1718
96.119815 4.1718
96.176236 4.1718
96.232637 4.1718
96.289091 4.2138
96.345521 4.2138
96.401945 4.2138
96.458347 4.2138
96.514781 4.2138
96.571182 4.0573
96.627472 4.0573
96.683865 4.0573
96.740257 4.0573
96.796702 4.0573
96.853095 3.9352
96.909541 3.9352
96.965933 3.9352
97.022378 3.9352
97.078767 3.9352
97.135078 3.9008
97.191447 3.9008
97.247844 3.9008
97.304266 3.9008
97.360668 3.9008
97.417123 3.9314
97.473556 3.9314
97.529981 3.9314
97.586385 3.9314
97.642678 3.9314
97.699069 3.9008
97.755474 3.9008
97.811916 3.9008
97.868307 3.9008
97.924751 3.9008
97.981145 4.0344
98.037591 4.0344
98.093981 4.0344
98.150422 4.0344
98.206810 4.2863
98.263122 4.2863
98.319491 4.2863
98.375889 4.2863
98.432313 4.2863
98.488718 3.9886
98.545193 3.9886
98.601639 3.9886
98.658073 3.9886
98.714480 3.9886
98.770771 4.1757
98.827161 4.1757
98.883547 4.1757
98.939990 4.1757
98.996380 4.1757
99.052827 4.2405
99.109219 4.2405
99.165665 4.2405
99.222053 4.2405
99.278497 4.2405
99.334905 3.9886
99.391219 3.9886
99.447589 3.9886
99.503988 3.9886
99.560411 3.9886
99.616816 3.9047
99.673282 3.9047
99.729720 3.9047
99.786150 3.9047
99.842556 3.9505
99.898847 3.9505
99.955242 3.9505
100.011633 3.9505
100.068077 3.9505
100.124467 3.9314
100.180912 3.9314
100.237308 3.9314
100.293754 3.9314
100.350145 3.9314
100.406590 4.0077
100.462981 4.0077
100.519292 4.0077
100.575659 4.0077
100.632058 4.0077
100.688478 4.0688
100.744886 4.0688
100.801349 4.0688
100.857787 4.0688
100.914228 4.0688
100.970627 4.2253
101.026930 4.2253
101.083327 4.2253
101.139720 4.2253
101.196685 4.2253
101.253517 3.9047
101.309963 3.9047
101.366252 3.9047
101.422659 3.9047
101.479053 3.9047
101.535365 3.5306
101.591733 3.5306
101.648136 3.5306
101.704557 3.5306
101.760964 3.4161
101.817382 3.4161
101.873785 3.4161
101.930237 3.4161
101.986681 3.4161
102.043099 3.4428
102.099502 3.4428
102.155805 3.4428
102.212200 3.4428
102.268595 3.4428
102.325037 3.5344
102.381431 3.5344
102.437871 3.5344
102.494270 3.5344
102.550733 3.5344
102.607127 3.4734
102.663442 3.4734
102.719808 3.4734
102.776211 3.4734
102.832632 3.4734
102.889042 3.4123
102.945472 3.4123
103.001878 3.4123
103.058326 3.4123
103.114764 3.4123
103.171181 3.3817
103.227588 3.3817
103.283878 3.3817
103.340272 3.3817
103.396667 3.3817
103.453108 3.4199
103.509502 3.4199
103.565945 3.4199
103.622343 3.4199
103.678783 3.4848
103.735181 0.0000 
103.791412 0.0000 
103.847667 0.0000 
103.903956 0.0000 
103.960266 0.0000 
104.016561 0.0000 
104.072878 0.0000 
104.129189 0.0000 
104.185544 0.0000 
104.241886 0.0000 
104.298194 0.0000 
104.354486 0.0000 
104.410666 0.0000 
104.466944 0.0000 
104.523228 0.0000 
104.579548 0.0000 
104.635838 0.0000 
104.692167 0.0000 
104.748455 0.0000 
104.804782 0.0000 
104.861067 0.0000 
104.917265 0.0000 
104.973521 0.0000 
105.029811 0.0000 
105.086117 0.0000 
105.142411 0.0000 
105.198716 0.0000 
105.255004 0.0000 
105.311346 0.0000 
105.367674 0.0000 
105.423991 0.0000 
105.480283 0.0000 
105.536464 0.0000 
105.592739 0.0000 
105.649022 0.0000 
105.705362 0.0000 
105.761647 0.0000 
105.817975 0.0000 
105.874262 0.0000 
105.930587 0.0000 
105.986873 0.0000 
106.043071 0.0000 
106.099325 0.0000 
106.155614 0.0000 
106.211924 0.0000 
106.268217 0.0000 
106.324523 0.0000 
106.381550 0.0000 
106.438395 0.0000 
106.494853 0.0000 
106.551177 0.0000 
106.607465 0.0000 
106.663648 0.0000 
106.719928 0.0000 
106.776208 0.0000 
106.832539 0.0000 
106.888819 0.0000 
106.945149 0.0000 
107.001432 0.0000 
107.057759 0.0000 
107.114040 0.0000 
107.170235 0.0000 
107.226493 0.0000 
107.282777 0.0000 
107.339113 0.0000 
107.395400 0.0000 
107.451708 0.0000 
107.507992 0.0000 
107.564339 0.0000 
107.620663 0.0000 
107.676982 0.0000 
107.733271 0.0000 
107.789454 0.0000 
107.845732 0.0000 
107.902013 0.0000 
107.958341 0.0000 
108.014623 0.0000 
108.070950 0.0000 
108.127233 0.0000 
108.183562 0.0000 
108.239844 0.0000 
108.296040 0.0000 
108.352297 0.0000 
108.408582 0.0000 
108.464895 0.0000 
108.521184 0.0000 
108.577491 0.0000 
108.633776 0.0000 
108.690121 0.0000 
108.746443 0.0000 
108.802764 0.0000 
108.859053 0.0000 
108.915266 0.0000 
108.971546 0.0000 
109.027826 0.0000 
109.084155 0.0000 
109.140436 0.0000 
109.197185 0.0000 
109.254172 0.0000 
109.310617 0.0000 
109.367378 0.0000 
109.424130 0.0000 
109.480437 0.0000 
109.536623 0.0000 
109.592875 0.0000 
109.649168 0.0000 
109.705474 0.0000 
109.761772 0.0000 
109.818129 0.0000 
109.874473 0.0000 
109.930997 0.0000 
109.987379 0.0000 
110.043675 0.0000 
110.099994 0.0000 
110.156280 0.0000 
110.212604 0.0000 
110.268888 0.0000 
110.325209 0.0000 
110.381499 0.0000 
110.437824 0.0000 
110.494112 0.0000 
110.550342 0.0000 
110.606593 0.0000 
110.662887 0.0000 
110.719193 0.0000 
110.775489 0.0000 
110.831787 0.0000 
110.888081 0.0000 
110.944421 0.0000 
111.000752 0.0000 
111.056930 0.0000 
111.113200 0.0000 
111.169482 0.0000 
111.225798 0.0000 
111.282084 0.0000 
111.338402 0.0000 
111.394694 0.0000 
111.451015 0.0000 
111.507306 0.0000 
111.563630 0.0000 
111.619918 0.0000 
111.676114 0.0000 
111.732364 0.0000 
111.788659 0.0000 
111.844964 0.0000 
111.901259 0.0000 
111.957562 0.0000 
112.013856 0.0000 
112.070192 0.0000 
112.126543 0.0000 
112.182853 0.0000 
112.239150 0.0000 
112.295330 0.0000 
112.351599 0.0000 
112.407886 0.0000 
112.464209 0.0000 
112.520497 0.0000 
112.576819 0.0000 
112.633111 0.0000 
112.689433 0.0000 
112.745722 0.0000 
112.801919 0.0000 
112.858171 0.0000 
112.914466 0.0000 
112.970770 0.0000 
113.027066 0.0000 
113.083368 0.0000 
113.139662 0.0000 
113.196002 3.2749
113.252436 3.2367
113.308864 3.2367
113.365274 3.2367
113.421569 3.2367
113.477951 3.2367
113.534352 3.3207
113.590788 3.3207
113.647190 3.3207
113.703642 3.3207
113.760049 3.3207
113.816485 3.3016
113.872887 3.3016
113.929194 3.3016
113.985562 3.3016
114.041966 3.3016
114.098386 3.2634
114.154793 3.2634
114.211210 3.2634
114.267613 3.2634
114.324067 3.2634
114.380509 3.2520
114.436805 3.2520
114.493183 3.2520
114.549581 3.2520
114.606009 3.2520
114.662414 3.1985
114.718848 3.1985
114.775251 3.1985
114.831684 3.1985
114.888093 3.1985
114.944525 3.2100
115.000927 3.2100
115.057231 3.2100
115.113596 3.2100
115.169995 3.3512
115.226416 3.3512
115.282822 3.3512
115.339260 3.3512
115.395661 3.3512
115.452128 3.2100
115.508579 3.2100
115.564875 3.2100
115.621253 3.2100
115.677650 3.2100
115.734076 3.2024
115.790480 3.2024
115.846910 3.2024
115.903311 3.2024
115.959741 3.2024
116.016148 3.2520
116.072577 3.2520
116.128978 3.2520
116.185284 3.2520
116.241651 3.2520
116.298052 3.2329
116.354473 3.2329
116.410881 3.2329
116.467297 3.2329
116.523699 3.2329
116.580153 3.1985
116.637154 3.1985
116.693719 3.1985
116.750177 3.1985
116.806575 3.2443
116.863020 3.2443
116.919437 3.2443
116.975878 3.2443
117.032273 3.2443
117.088715 3.2138
117.145117 3.2138
117.201423 3.2138
117.257793 3.2138
117.314191 3.2138
117.370618 3.2176
117.427017 3.2176
117.483438 3.2176
117.540317 3.2176
117.597290 3.2176
117.653760 3.3398
117.710234 3.3398
117.766672 3.3398
117.822967 3.3398
117.879358 3.3398
117.935754 3.2596
117.992194 3.2596
118.048589 3.2596
118.105025 3.2596
118.161419 3.2596
118.217860 3.1909
118.274258 3.1909
118.330565 3.1909
118.386940 3.1909
118.443336 3.1909
118.499764 3.2329
118.556186 3.2329
118.613243 3.2329
118.670114 3.2329
118.726535 3.2176
118.782832 3.2176
118.839264 3.2176
118.896288 3.2176
118.953083 3.2176
119.009637 3.1985
119.066044 3.1985
119.122482 3.1985
119.178875 3.1985
119.235315 3.1985
119.291709 3.2100
119.348149 3.2100
119.404551 3.2100
119.460858 3.2100
119.517231 3.2100
119.573625 3.2214
119.630052 3.2214
119.686452 3.2214
119.742878 3.2214
119.799272 3.2214
119.855702 3.1833
119.912709 3.1833
119.969598 3.1833
120.026123 3.1833
120.082533 3.1833
120.139001 3.2138
120.195394 3.2138
120.251834 3.2138
120.308226 3.2138
120.364668 3.1756
120.421063 3.1756
120.477502 3.1756
120.533900 3.1756
120.590210 3.1756
120.647214 3.1222
120.704069 3.1222
120.760493 3.1222
120.816792 0.0000 
120.873100 0.0000 
120.929396 0.0000 
120.985717 0.0000 
121.042011 0.0000 
121.098244 0.0000 
121.154558 0.0000 
121.210853 0.0000 
121.267180 0.0000 
121.323463 0.0000 
121.379785 0.0000 
121.436069 0.0000 
121.492397 0.0000 
121.548680 0.0000 
121.604876 0.0000 
121.661135 0.0000 
121.717447 0.0000 
121.773757 0.0000 
121.830049 0.0000 
121.886991 0.0000 
121.943483 0.0000 
121.999755 0.0000 
122.055938 0.0000 
122.112220 0.0000 
122.168515 0.0000 
122.224731 0.0000 
122.281041 0.0000 
122.337327 0.0000 
122.393653 0.0000 
122.449936 0.0000 
122.506261 0.0000 
122.562546 0.0000 
122.618873 0.0000 
122.675157 0.0000 
122.731353 0.0000 
122.787616 0.0000 
122.843907 3.1642
122.900320 3.1642
122.956728 3.1642
123.013144 3.1642
123.069545 3.1642
123.125966 3.1069
123.182370 3.1069
123.238800 3.1069
123.295206 3.1069
123.351564 3.1069
123.407989 3.1375
123.464386 3.1375
123.520827 3.1375
123.577221 3.1375
123.633663 3.1375
123.690059 3.1527
123.746499 3.1527
123.802894 3.1527
123.859205 3.1527
123.915578 3.1527
123.971982 3.1260
124.028402 3.1260
124.084808 3.1260
124.141225 3.1260
124.197626 3.1260
124.254044 3.1260
124.310451 3.1260
124.366866 3.1260
124.423268 3.1260
124.479603 3.1451
124.536035 3.1451
124.592430 3.1451
124.648872 3.1451
124.705266 3.1451
124.761711 3.1031
124.818103 3.1031
124.874544 3.1031
124.930957 3.1031
124.987270 3.1031
125.043633 3.1069
125.100042 3.1069
125.156461 3.1069
125.212868 3.1069
125.269296 3.1069
125.325702 3.2634
125.382118 3.2634
125.438524 3.2634
125.494938 3.2634
125.551352 3.2634
125.607675 3.1604
125.664104 3.1604
125.720498 3.1604
125.776932 3.1604
125.833329 3.1260
125.889773 3.1260
125.946167 3.1260
126.002608 3.1260
126.059001 3.1260
126.115315 3.1413
126.171684 3.1413
126.228084 3.1413
126.284503 3.1413
126.340911 3.1413
126.397337 3.1604
126.453743 3.1604
126.510174 3.1604
126.566577 3.1604
126.622880 3.1604
126.679269 3.1107
126.735710 3.1107
126.792181 3.1107
126.848586 3.1107
126.905027 3.1107
126.961423 3.1107
127.017865 3.1107
127.074256 3.1107
127.130697 3.1107
127.187093 3.1107
127.243403 3.1375
127.299772 3.1375
127.356175 3.1375
127.412599 3.1375
127.469006 3.1375
127.525422 3.1222
127.581824 3.1222
127.638245 3.1222
127.694652 3.1222
127.750943 3.1298
127.807333 3.1298
127.863763 3.1298
127.920229 3.1298
127.976622 3.1298
128.033060 3.2825
128.089455 3.2825
128.145910 3.2825
128.202308 3.2825
128.258750 3.2825
128.315147 3.2214
128.371458 3.2214
128.427825 3.2214
128.484229 3.2214
128.540652 3.2214
128.597059 3.2062
128.653475 3.2062
128.709878 3.2062
128.766299 3.2062
128.822706 3.2062
128.878996 3.1756
128.935387 3.1756
128.991816 3.1756
129.048286 3.1756
129.104680 3.1756
129.161120 3.1146
129.217516 3.1146
129.273957 3.1146
129.330352 3.1146
129.386666 3.1146
129.443032 3.1298
129.499435 3.1298
129.555859 3.1298
129.612269 3.1298
129.668685 3.1718
129.725102 3.1718
129.781524 3.1718
129.837934 3.1718
129.894363 3.1718
129.950771 3.1031
130.007061 3.1031
130.063446 3.1031
130.119878 3.1031
130.176345 3.1031
130.232737 3.1680
130.289178 3.1680
130.345570 3.1680
130.402012 3.1680
130.458406 3.1680
130.514720 3.1833
130.571087 3.1833
130.627730 3.1833
130.684388 3.1833
130.741036 3.1833
130.797526 3.1566
130.853937 3.1566
130.910356 3.1566
130.966767 3.1566
131.023193 3.1566
131.079604 3.1527
131.135896 3.1527
131.192282 3.1527
131.248711 3.1527
131.305195 3.2253
131.362048 3.2253
131.419296 3.2253
131.475827 3.2253
131.532287 0.0000 
131.588587 0.0000 
131.644784 0.0000 
131.701041 0.0000 
131.757326 0.0000 
131.813642 0.0000 
131.869937 0.0000 
131.926247 0.0000 
131.982531 0.0000 
132.038845 0.0000 
132.095133 0.0000 
132.151312 0.0000 
132.207588 0.0000 
132.263866 0.0000 
132.320190 0.0000 
132.376516 0.0000 
132.432876 0.0000 
132.489165 0.0000 
132.545496 0.0000 
132.601775 0.0000 
132.658603 0.0000 
132.715588 0.0000 
132.772034 0.0000 
132.828336 0.0000 
132.884641 0.0000 
132.940980 0.0000 
132.997277 0.0000 
133.053579 0.0000 
133.109871 0.0000 
133.166174 0.0000 
133.222469 0.0000 
133.278648 0.0000 
133.334918 0.0000 
133.391202 0.0000 
133.447521 0.0000 
133.503841 0.0000 
133.560192 0.0000 
133.616479 0.0000 
133.672801 0.0000 
133.729088 0.0000 
133.785411 0.0000 
133.841699 0.0000 
133.897896 0.0000 
133.954699 0.0000 
134.011435 0.0000 
134.067745 0.0000 
134.123929 0.0000 
134.180765 0.0000 
134.237245 0.0000 
134.293513 0.0000 
134.349828 0.0000 
134.406108 0.0000 
134.462432 0.0000 
134.518738 0.0000 
134.575064 0.0000 
134.631385 0.0000 
134.687739 0.0000 
134.744022 0.0000 
134.800348 0.0000 
134.856630 0.0000 
134.912959 0.0000 
134.969243 0.0000 
135.025440 0.0000 
135.081692 0.0000 
135.138502 0.0000 
135.195371 0.0000 
135.251726 0.0000 
135.308039 0.0000 
135.364325 0.0000 
135.420640 0.0000 
135.476929 0.0000 
135.533109 0.0000 
135.589393 0.0000 
135.645671 0.0000 
135.702001 0.0000 
135.758313 0.0000 
135.814674 0.0000 
135.870952 0.0000 
135.927283 0.0000 
135.983561 0.0000 
136.039895 0.0000 
136.096174 0.0000 
136.152406 0.0000 
136.208665 0.0000 
136.264952 0.0000 
136.321268 0.0000 
136.377556 0.0000 
136.433867 0.0000 
136.490154 0.0000 
136.546469 0.0000 
136.602757 0.0000 
136.658938 0.0000 
136.715214 0.0000 
136.771491 0.0000 
136.827816 0.0000 
136.884131 0.0000 
136.940490 0.0000 
136.996769 0.0000 
137.053101 0.0000 
137.109381 0.0000 
137.165711 0.0000 
137.221990 0.0000 
137.278186 0.0000 
137.334446 0.0000 
137.390732 0.0000 
137.447050 0.0000 
137.503338 0.0000 
137.559646 0.0000 
137.615931 0.0000 
137.672244 0.0000 
137.728552 0.0000 
137.784735 0.0000 
137.841012 0.0000 
137.897289 0.0000 
137.953617 0.0000 
138.009998 0.0000 
138.066380 0.0000 
138.122673 0.0000 
138.179003 0.0000 
138.235283 0.0000 
138.291615 0.0000 
138.347895 0.0000 
138.404091 0.0000 
138.460348 0.0000 
138.516634 0.0000 
138.572950 0.0000 
138.629239 0.0000 
138.685549 0.0000 
138.741834 0.0000 
138.798150 0.0000 
138.854439 0.0000 
138.910623 0.0000 
138.966900 0.0000 
139.023175 0.0000 
139.079501 0.0000 
139.135816 0.0000 
139.192174 0.0000 
139.248453 0.0000 
139.304794 0.0000 
139.361075 0.0000 
139.417403 0.0000 
139.473683 0.0000 
139.529880 0.0000 
139.586140 0.0000 
139.642424 0.0000 
139.698740 0.0000 
139.755029 0.0000 
139.811342 0.0000 
139.867910 0.0000 
139.924312 0.0000 
139.980616 0.0000 
140.036800 0.0000 
140.093069 0.0000 
140.149349 0.0000 
140.205671 0.0000 
140.261989 0.0000 
140.318337 0.0000 
140.374626 0.0000 
140.430952 0.0000 
140.487238 0.0000 
140.543564 0.0000 
140.599848 0.0000 
140.656045 0.0000 
140.712302 0.0000 
140.768592 0.0000 
140.824907 0.0000 
140.881198 0.0000 
140.937527 0.0000 
140.993814 0.0000 
141.050122 0.0000 
141.106414 0.0000 
141.162595 0.0000 
141.218867 0.0000 
141.275146 0.0000 
141.331468 0.0000 
141.387787 0.0000 
141.444132 0.0000 
141.500424 0.0000 
141.556750 0.0000 
141.613035 0.0000 
141.669359 0.0000 
141.725643 0.0000 
141.781840 0.0000 
141.838098 0.0000 
141.894387 0.0000 
141.950700 0.0000 
142.006992 0.0000 
142.063299 0.0000 
142.120154 0.0000 
142.176999 0.0000 
142.233354 0.0000 
142.289537 0.0000 
142.345810 0.0000 
142.402086 0.0000 
142.458412 0.0000 
142.514754 0.0000 
142.571106 0.0000 
142.627392 0.0000 
142.683723 0.0000 
142.740003 0.0000 
142.796335 0.0000 
142.852615 0.0000 
142.908814 0.0000 
142.965075 0.0000 
143.021360 0.0000 
143.077677 0.0000 
143.133967 0.0000 
143.190277 0.0000 
143.246558 0.0000 
143.302873 0.0000 
143.359162 0.0000 
143.415343 0.0000 
143.471619 0.0000 
143.527895 0.0000 
143.584224 0.0000 
143.640551 0.0000 
143.696914 0.0000 
143.753202 0.0000 
143.809533 0.0000 
143.865813 0.0000 
143.922142 0.0000 
143.978423 0.0000 
144.034621 0.0000 
144.090875 0.0000 
144.147183 0.0000 
144.203501 0.0000 
144.259790 0.0000 
144.316101 0.0000 
144.372384 0.0000 
144.428699 0.0000 
144.484989 0.0000 
144.541299 0.0000 
144.597584 0.0000 
144.653776 0.0000 
144.710058 0.0000 
144.766373 0.0000 
144.822732 0.0000 
144.879014 0.0000 
144.935345 0.0000 
144.991625 0.0000 
145.047957 0.0000 
145.104237 0.0000 
145.160436 0.0000 
145.216694 0.0000 
145.272978 0.0000 
145.329296 0.0000 
145.385587 0.0000 
145.441908 0.0000 
145.498196 0.0000 
145.554518 0.0000 
145.610808 0.0000 
145.667129 0.0000 
145.723436 0.0000 
145.779617 0.0000 
145.835898 0.0000 
145.892212 0.0000 
145.948570 0.0000 
146.004850 0.0000 
146.061183 0.0000 
146.117461 0.0000 
146.173789 0.0000 
146.230068 0.0000 
146.286267 0.0000 
146.342520 0.0000 
146.398809 0.0000 
146.455128 0.0000 
146.511418 0.0000 
146.567738 0.0000 
146.624026 0.0000 
146.680336 0.0000 
146.736623 0.0000 
146.792936 0.0000 
146.849225 0.0000 
146.905406 0.0000 
146.961690 0.0000 
147.018003 0.0000 
147.074361 0.0000 
147.130640 0.0000 
147.186971 0.0000 
147.243249 0.0000 
147.299578 0.0000 
147.355877 0.0000 
147.412077 0.0000 
147.468336 0.0000 
147.524621 0.0000 
147.580940 0.0000 
147.637232 0.0000 
147.693542 0.0000 
147.749827 0.0000 
147.806139 0.0000 
147.862430 0.0000 
147.918751 0.0000 
147.975040 0.0000 
148.031221 0.0000 
148.087501 0.0000 
148.143813 0.0000 
148.200170 0.0000 
148.256449 0.0000 
148.312782 0.0000 
148.369666 0.0000 
148.426477 0.0000 
148.482871 0.0000 
148.539074 0.0000 
148.595336 0.0000 
148.651624 0.0000 
148.707947 0.0000 
148.764239 0.0000 
148.820547 0.0000 
148.876833 0.0000 
148.933171 0.0000 
148.989462 0.0000 
149.045783 0.0000 
149.102071 0.0000 
149.158248 0.0000 
149.214530 0.0000 
149.270854 0.0000 
149.327212 0.0000 
149.383500 0.0000 
149.439830 0.0000 
149.496108 0.0000 
149.552437 0.0000 
149.608719 0.0000 
149.664916 0.0000 
149.721176 0.0000 
149.777462 0.0000 
149.833783 0.0000 
149.890074 0.0000 
149.946382 0.0000 
150.002667 0.0000 
150.058982 0.0000 
150.115270 0.0000 
150.171590 0.0000 
150.227877 0.0000 
150.284059 0.0000 
150.340837 0.0000 
150.397600 0.0000 
150.453963 0.0000 
150.510169 0.0000 
150.566455 0.0000 
150.622744 0.0000 
150.679070 0.0000 
150.735357 0.0000 
150.791554 0.0000 
150.847807 0.0000 
150.904096 0.0000 
150.960407 0.0000 
151.016707 0.0000 
151.073011 0.0000 
151.129300 0.0000 
151.185611 0.0000 
151.241902 0.0000 
151.298220 0.0000 
151.354512 0.0000 
151.410694 0.0000 
151.466966 0.0000 
151.523282 0.0000 
151.579635 0.0000 
151.635920 0.0000 
151.692245 0.0000 
151.748528 0.0000 
151.804855 0.0000 
151.861143 0.0000 
151.917340 0.0000 
151.973595 0.0000 
152.029884 0.0000 
152.086200 0.0000 
152.142511 0.0000 
152.198817 0.0000 
152.255105 0.0000 
152.311417 0.0000 
152.367708 0.0000 
152.424027 0.0000 
152.480320 0.0000 
152.536502 0.0000 
152.592778 0.0000 
152.649095 0.0000 
152.705447 0.0000 
152.761732 0.0000 
152.818057 0.0000 
152.874338 0.0000 
152.930664 0.0000 
152.986951 0.0000 
153.043147 0.0000 
153.099401 0.0000 
153.155689 0.0000 
153.212004 0.0000 
153.268296 0.0000 
153.324602 0.0000 
153.380890 0.0000 
153.437200 0.0000 
153.493492 0.0000 
153.549809 0.0000 
153.606101 0.0000 
153.662284 0.0000 
153.718580 0.0000 
153.774897 0.0000 
153.831251 0.0000 
153.887536 0.0000 
153.943864 0.0000 
154.000147 0.0000 
154.056468 0.0000 
154.112754 0.0000 
154.168949 0.0000 
154.225201 0.0000 
154.281488 0.0000 
154.337804 0.0000 
154.394096 0.0000 
154.450400 0.0000 
154.506687 0.0000 
154.562997 0.0000 
154.619288 0.0000 
154.675607 0.0000 
154.731899 0.0000 
154.788083 0.0000 
154.844359 0.0000 
154.900693 0.0000 
154.957049 0.0000 
155.013347 0.0000 
155.069673 0.0000 
155.125956 0.0000 
155.182280 0.0000 
155.238565 0.0000 
155.294761 0.0000 
155.351034 0.0000 
155.407320 0.0000 
155.463637 0.0000 
155.519928 0.0000 
155.576234 0.0000 
155.632522 0.0000 
155.688834 0.0000 
155.745126 0.0000 
155.801444 0.0000 
155.857737 0.0000 
155.913920 0.0000 
155.970196 0.0000 
156.026513 0.0000 
156.082868 0.0000 
156.139152 0.0000 
156.195476 0.0000 
156.251759 0.0000 
156.308086 0.0000 
156.364371 0.0000 
156.420569 0.0000 
156.476820 0.0000 
156.533110 0.0000 
156.589426 0.0000 
156.645718 0.0000 
156.702018 0.0000 
156.758315 0.0000 
156.814626 0.0000 
156.870918 0.0000 
156.927256 0.0000 
156.983549 0.0000 
157.039730 0.0000 
157.096006 0.0000 
157.152323 0.0000 
157.208678 0.0000 
157.264962 0.0000 
157.321289 0.0000 
157.377572 0.0000 
157.433899 0.0000 
157.490184 0.0000 
157.546509 0.0000 
157.602794 0.0000 
157.658992 0.0000 
157.715252 0.0000 
157.771541 0.0000 
157.827852 0.0000 
157.884783 0.0000 
157.941368 0.0000 
157.997692 0.0000 
158.054011 0.0000 
158.110306 0.0000 
158.166486 0.0000 
158.222761 0.0000 
158.279082 0.0000 
158.335439 0.0000 
158.391723 0.0000 
158.448046 0.0000 
158.504850 0.0000 
158.561475 0.0000 
158.617778 0.0000 
158.673975 0.0000 
158.730234 0.0000 
158.786522 0.0000 
158.842843 0.0000 
158.899132 0.0000 
158.955439 4.3894
159.011838 4.3894
159.068267 4.3894
159.124666 4.3894
159.181103 4.3894
159.237505 4.0001
159.293798 4.0001
159.350187 4.0001
159.406612 4.0001
159.463082 4.0001
159.519475 3.9695
159.575916 3.9695
159.632311 3.9695
159.688755 3.9695
159.745669 3.9695
159.802295 3.6985
159.858735 3.6985
159.915136 3.6985
159.971578 3.6985
160.027976 3.6985
160.084403 3.5382
160.140821 3.5382
160.197250 3.5382
160.253647 3.5382
160.310086 3.2482
160.366485 3.2482
160.422781 3.2482
160.479170 3.2482
160.535617 3.2482
160.592091 3.1909
160.648497 3.1909
160.704939 3.1909
160.761335 3.1909
160.817776 3.1909
160.874171 3.3703
160.930479 3.3703
160.986855 3.3703
161.043251 3.3703
161.099683 3.3703
161.156083 3.9466
161.212510 3.9466
161.268905 3.9466
161.325335 3.9466
161.381735 3.9466
161.438033 3.4352
161.494419 3.4352
161.550809 3.4352
161.607247 3.4352
161.663678 3.4352
161.720161 3.0840
161.776561 3.0840
161.833001 3.0840
161.889395 3.0840
161.945835 3.0840
162.002229 2.9772
162.058537 2.9772
162.114913 2.9772
162.171308 2.9772
162.227739 3.0344
162.284139 3.0344
162.340575 3.0344
162.396973 3.0344
162.453407 3.0344
162.509808 3.1718
162.566103 3.1718
162.622491 3.1718
162.678882 3.1718
162.735324 3.1718
162.791752 3.0955
162.848219 3.0955
162.904613 3.0955
162.961057 3.0955
163.017451 3.0955
163.073888 3.3016
163.130283 3.3016
163.186592 3.3016
163.242965 3.3016
163.299358 3.3016
163.355809 3.3398
163.412211 3.3398
163.468649 3.3398
163.525048 3.3398
163.581486 3.3398
163.637889 3.7978
163.694185 3.7978
163.750577 3.7978
163.806973 3.7978
163.863420 3.4924
163.919848 3.4924
163.976317 3.4924
164.032714 3.4924
164.089150 3.4924
164.145551 3.7367
164.201992 3.7367
164.258388 3.7367
164.314697 3.7367
164.371072 3.7367
164.427468 3.4543
164.483900 3.4543
164.540299 3.4543
164.596737 3.4543
164.653136 3.4543
164.709561 3.3932
164.765958 3.3932
164.822266 3.3932
164.878661 3.3932
164.935078 3.3932
164.991522 3.3245
165.047950 3.3245
165.104416 3.3245
165.160811 3.3245
165.217252 3.3245
165.273647 3.5001
165.329953 3.5001
165.386327 3.5001
165.442721 3.5001
165.499149 3.5001
165.555547 3.2100
165.611978 3.2100
165.668371 3.2100
165.724800 3.2100
165.781199 3.1298
165.837624 3.1298
165.894020 3.1298
165.950327 3.1298
166.006722 3.1298
166.063118 3.3359
166.119560 3.3359
166.175996 3.3359
166.232465 3.3359
166.288867 3.3359
166.345309 3.7176
166.401704 3.7176
166.458013 3.7176
166.514408 3.7176
166.570804 3.7176
166.627231 3.2405
166.683630 3.2405
166.740060 3.2405
166.796456 3.2405
166.852885 3.2405
166.909284 2.9810
166.965720 2.9810
167.022120 2.9810
167.078414 2.9810
167.134808 2.9810
167.191201 3.2482
167.247642 3.2482
167.304069 3.2482
167.360540 3.2482
167.416933 3.2482
167.473375 3.0649
167.529769 3.0649
167.586079 3.0649
167.642453 3.0649
167.698848 3.2520
167.755276 3.2520
167.811678 3.2520
167.868117 3.2520
167.924516 3.2520
167.980941 3.4237
168.037340 3.4237
168.093767 3.4237
168.150186 3.4237
168.206480 3.4237
168.262872 3.1489
168.319265 3.1489
168.375700 3.1489
168.432135 3.1489
168.488605 3.1489
168.544999 3.0840
168.601440 3.0840
168.657835 3.0840
168.714143 3.0840
168.770515 3.0840
168.826910 2.9733
168.883341 2.9733
168.939743 2.9733
168.996173 2.9733
169.052569 2.9733
169.109000 3.2329
169.165398 3.2329
169.222220 3.2329
169.279434 3.2329
169.335976 3.0420
169.392415 3.0420
169.449398 3.0420
169.506357 3.0420
169.562894 3.0420
169.619368 3.0268
169.675769 3.0268
169.732232 3.0268
169.788628 3.0268
169.844935 3.0268
169.901309 2.9504
169.957706 2.9504
170.014136 2.9504
170.070532 2.9504
170.126960 2.9504
170.183355 3.0001
170.239779 3.0001
170.296173 3.0001
170.352465 3.0001
170.408855 3.0001
170.465247 3.1489
170.521688 3.1489
170.578083 3.1489
170.634527 3.1489
170.690954 3.1489
170.747424 2.9504
170.803818 2.9504
170.860128 2.9504
170.916501 2.9504
170.972895 2.9504
171.029322 2.9314
171.085723 2.9314
171.142147 2.9314
171.198541 2.9314
171.254972 3.1833
171.311392 3.1833
171.367829 3.1833
171.424229 3.1833
171.480523 3.1833
171.536917 3.6069
171.593311 3.6069
171.649752 3.6069
171.706147 3.6069
171.762591 3.6069
171.819030 3.0955
171.875503 3.0955
171.931907 3.0955
171.988216 3.0955
172.044590 3.0955
172.100984 3.0115
172.157410 3.0115
172.213808 3.0115
172.270231 3.0115
172.326625 3.0115
172.383056 2.9924
172.439455 2.9924
172.495893 2.9924
172.552292 2.9924
172.608590 2.9924
172.664980 2.9619
172.721376 2.9619
172.777815 2.9619
172.834212 2.9619
172.890652 2.9619
172.947098 3.0535
173.003567 3.0535
173.059962 3.0535
173.116269 3.0535
173.172641 3.4505
173.229035 3.4505
173.285466 3.4505
173.341864 3.4505
173.398289 3.4505
173.454683 2.9543
173.511119 2.9543
173.567518 2.9543
173.623813 2.9543
173.680194 2.9543
173.736592 3.1107
173.793030 3.1107
173.849425 3.1107
173.905866 3.1107
173.962261 3.1107
174.018703 3.4505
174.075128 3.4505
174.131594 3.4505
174.187990 3.4505
174.244297 3.4505
174.300669 4.1375
174.357066 4.1375
174.413494 4.1375
174.469894 4.1375
174.526339 4.1375
174.582736 6.5841
174.639168 6.5841
174.695567 6.5841
174.751863 6.5841
174.808252 5.0383
174.864644 5.0383
174.921081 5.0383
174.977476 5.0383
175.033920 5.0383
175.090312 4.1299
175.146751 4.1299
175.203176 4.1299
175.259645 4.1299
175.316039 4.1299
175.372346 3.6069
175.428719 3.6069
175.485115 3.6069
175.541543 3.6069
175.597942 3.6069
175.654367 3.4695
175.710763 3.4695
175.767196 3.4695
175.824075 3.4695
175.880860 3.4695
175.937416 3.6680
175.993825 3.6680
176.050260 3.6680
176.106683 3.6680
176.163120 3.6680
176.219517 4.6909
176.275953 4.6909
176.332389 4.6909
176.388725 4.6909
176.445096 4.6909
176.501495 3.9123
176.557921 3.9123
176.614326 3.9123
176.670741 3.9123
176.727147 3.0420
176.783574 3.0420
176.839975 3.0420
176.896405 3.0420
176.952813 3.0420
177.009109 3.0459
177.065492 3.0459
177.121889 3.0459
177.178324 3.0459
177.234722 3.0459
177.291158 3.0039
177.347553 3.0039
177.403988 3.0039
177.460432 3.0039
177.516769 3.0039
177.573134 3.0191
177.629539 3.0191
177.685965 3.0191
177.742387 3.0191
177.798807 3.0191
177.855204 3.0306
177.911631 3.0306
177.968033 3.0306
178.024470 3.0306
178.080870 3.0306
178.137166 3.0306
178.193551 3.0306
178.249948 3.0306
178.306383 3.0306
178.362780 3.0306
178.419217 3.1413
178.475615 3.1413
178.532051 3.1413
178.588484 3.1413
178.644819 3.8360
178.701364 3.8360
178.757983 3.8360
178.814476 3.8360
178.870884 3.8360
178.927306 3.9734
178.983709 3.9734
179.040136 3.9734
179.096541 3.9734
179.152976 3.9734
179.209382 3.8321
179.265677 3.8321
179.322081 3.8321
179.378480 3.8321
179.434918 3.8321
179.491316 4.8322
179.547754 4.8322
179.604153 4.8322
179.660594 4.8322
179.717026 4.8322
179.773362 3.8131
179.829733 3.8131
179.886136 3.8131
179.942562 3.8131
179.998967 3.8131
180.055389 3.6298
180.111789 3.6298
180.168213 3.6298
180.224614 3.6298
180.280912 4.0382
180.337297 4.0382
180.393691 4.0382
180.450123 4.0382
180.506523 4.0382
180.562960 4.4696
180.619358 4.4696
180.675795 4.4696
180.732194 4.4696
180.788632 4.4696
180.845063 3.1718
180.901992 3.1718
180.958856 3.1718
181.015386 3.1718
181.071804 3.1718
181.128199 3.0268
181.184629 3.0268
181.241026 3.0268
181.297462 3.0268
181.353860 3.0268
181.410165 3.0230
181.466555 3.0230
181.522948 3.0230
181.579386 3.0230
181.635781 3.0230
181.692222 3.0268
181.748616 3.0268
181.805057 3.0268
181.861918 3.0268
181.918874 3.0268
181.975416 3.4123
182.031757 3.4123
182.088133 3.4123
182.145018 3.4123
182.201706 3.5115
182.258142 3.5115
182.314581 3.5115
182.370979 3.5115
182.427414 3.5115
182.483816 3.1031
182.540153 3.1031
182.596541 3.1031
182.652934 3.1031
182.709378 3.1031
182.765772 3.0878
182.822212 3.0878
182.878606 3.0878
182.935047 3.0878
182.991443 3.0878
183.047750 3.1795
183.104682 3.1795
183.161588 3.1795
183.218018 3.1795
183.274312 3.1795
183.330688 3.0115
183.387092 3.0115
183.443514 3.0115
183.499915 3.0115
183.556211 3.0115
183.612588 3.0115
183.668993 3.0115
183.725426 3.0115
183.781825 3.0115
183.838261 3.0077
183.894656 3.0077
183.951089 3.0077
184.007488 3.0077
184.063921 3.0077
184.120339 3.0726
184.176645 3.0726
184.233048 3.0726
184.289481 3.0726
184.345903 3.0726
184.402306 3.2558
184.458729 3.2558
184.515127 3.2558
184.571553 3.2558
184.627956 3.2558
184.684254 2.9695
184.740638 2.9695
184.797037 2.9695
184.853470 2.9695
184.909871 2.9695
184.966310 3.3245
185.022709 3.3245
185.079142 3.3245
185.135542 3.3245
185.192616 3.3245
185.249446 3.2482
185.305888 3.2482
185.362346 3.2482
185.418785 3.2482
185.475207 3.2482
185.531612 3.0039
185.588031 3.0039
185.644428 3.0039
185.700853 3.0039
185.757274 2.9619
185.813570 2.9619
185.869957 2.9619
185.926361 2.9619
185.982802 2.9619
186.039200 2.9772
186.095638 2.9772
186.152036 2.9772
186.208474 2.9772
186.264873 2.9772
186.321181 2.9962
186.377549 2.9962
186.433951 2.9962
186.490408 2.9962
186.546847 2.9962
186.603269 3.1566
186.659670 3.1566
186.716095 3.1566
186.772498 3.1566
186.828932 3.1566
186.885339 2.9733
186.941634 2.9733
186.998018 2.9733
187.054422 2.9733
187.110862 2.9733
187.167259 3.2214
187.223696 3.2214
187.280094 3.2214
187.336553 3.2214
187.392951 3.2214
187.449258 3.1107
187.505627 3.1107
187.562029 3.1107
187.618486 3.1107
187.674925 3.3665
187.731348 3.3665
187.787749 3.3665
187.844176 3.3665
187.900580 3.3665
187.957013 3.3932
188.013419 3.3932
188.069713 3.3932
188.126101 3.3932
188.182506 3.3932
188.238944 3.4237
188.295342 3.4237
188.351778 3.4237
188.408178 3.4237
188.464616 3.4237
188.521014 3.4619
188.577322 3.4619
188.633696 3.4619
188.690095 3.4619
188.746571 3.4619
188.803025 3.0115
188.859448 3.0115
188.915865 3.0115
188.972287 3.0115
189.028691 3.0115
189.085123 3.1527
189.141527 3.1527
189.197821 3.1527
189.254206 3.1527
189.310609 3.6260
189.367047 3.6260
189.423445 3.6260
189.479882 3.6260
189.536281 3.6260
189.592715 3.1985
189.649114 3.1985
189.705422 3.1985
189.761796 3.1985
189.818196 3.1985
189.875331 2.9581
189.932242 2.9581
189.988666 2.9581
190.044961 2.9581
190.101348 2.9581
190.157760 3.3970
190.214055 3.3970
190.270438 3.3970
190.326833 3.3970
190.383269 3.3970
190.439676 3.4237
190.496113 3.4237
190.552534 3.4237
190.608973 3.4237
190.665371 3.4237
190.721809 3.4085
190.778207 3.4085
190.834516 3.4085
190.890886 3.4085
190.947285 3.4085
191.003741 3.1107
191.060179 3.1107
191.116612 3.1107
191.173013 3.1107
191.229446 3.0039
191.286500 3.0039
191.343337 3.0039
191.399817 3.0039
191.456233 3.0039
191.512673 3.2940
191.569076 3.2940
191.625517 3.2940
191.681913 3.2940
191.738356 3.2940
191.794751 3.8970
191.851060 3.8970
191.907438 3.8970
191.963835 3.8970
192.020263 3.8970
192.076662 3.3169
192.133140 3.3169
192.189575 3.3169
192.246002 3.3169
192.302400 3.3169
192.358840 2.9810
192.415889 2.9810
192.472988 2.9810
192.529564 2.9810
192.585988 2.9810
192.642424 2.9619
192.698829 2.9619
192.755267 2.9619
192.811668 2.9619
192.868105 3.1146
192.924503 3.1146
192.980812 3.1146
193.037181 3.1146
193.093580 3.1146
193.150005 2.9886
193.206410 2.9886
193.262863 2.9886
193.319296 2.9886
193.375721 2.9886
193.432127 3.0039
193.488557 3.0039
193.544958 3.0039
193.601251 3.0039
193.657638 3.0039
193.714058 3.3054
193.770492 3.3054
193.826894 3.3054
193.883334 3.3054
193.939731 3.3054
193.996169 3.7214
194.052568 3.7214
194.108879 3.7214
194.165246 3.7214
194.221645 3.7214
194.278070 4.7406
194.334475 4.7406
194.390959 4.7406
194.447411 4.7406
194.503831 4.7406
194.560231 3.9657
194.616540 3.9657
194.672928 3.9657
194.729324 3.9657
194.785762 2.9657
194.842162 2.9657
194.898600 2.9657
194.955004 2.9657
195.011445 2.9657
195.067841 3.7214
195.124773 3.7214
195.181557 3.7214
195.238067 3.7214
195.294492 3.7214
195.350921 4.5115
195.407345 4.5115
195.463751 4.5115
195.520218 4.5115
195.576660 4.5115
195.633525 4.2215
195.690627 4.2215
195.747148 4.2215
195.803598 4.2215
195.860004 4.2215
195.916437 3.9047
195.972840 3.9047
196.029274 3.9047
196.085685 3.9047
196.142117 3.9047
196.198519 3.6337
196.254826 3.6337
196.311195 3.6337
196.367598 3.6337
196.424018 3.0420
196.480425 3.0420
196.536835 3.0420
196.593243 3.0420
196.649696 3.0420
196.706138 2.9733
196.762557 2.9733
196.818961 2.9733
196.875268 2.9733
196.931681 2.9733
196.988085 2.9810
197.044518 2.9810
197.100920 2.9810
197.157352 2.9810
197.213757 2.9810
197.270190 3.0153
197.326591 3.0153
197.382900 3.0153
197.439263 3.0153
197.495665 3.0153
197.552083 3.0802
197.608490 3.0802
197.664919 3.0802
197.721325 3.0802
197.777771 3.0802
197.834210 2.9886
197.890631 2.9886
197.947039 2.9886
198.003335 2.9886
198.059718 2.9886
198.116120 3.1604
198.172552 3.1604
198.228953 3.1604
198.285388 3.1604
198.341793 4.1222
198.398227 4.1222
198.454629 4.1222
198.510971 4.1222
198.567335 4.1222
198.623739 3.8398
198.680160 3.8398
198.736569 3.8398
198.792987 3.8398
198.849390 3.8398
198.905845 4.0841
198.962289 4.0841
199.018715 4.0841
199.075121 4.0841
199.131417 4.0841
199.187800 3.6985
199.244202 3.6985
199.300635 3.6985
199.357039 3.6985
199.413471 3.6985
199.469877 3.8932
199.526310 3.8932
199.582716 3.8932
199.639025 3.8932
199.695392 3.8932
199.751795 3.2443
199.808219 3.2443
199.864626 3.2443
199.921042 3.2443
199.977443 3.2443
200.033917 3.1184
200.090375 3.1184
200.146700 3.1184
200.203079 3.1184
200.259480 3.8092
200.315907 3.8092
200.372309 3.8092
200.428740 3.8092
200.485144 3.8092
200.541574 3.9695
200.597981 3.9695
200.654416 3.9695
200.710822 3.9695
200.767129 3.9695
200.823496 4.0268
200.879899 4.0268
200.936322 4.0268
200.992729 4.0268
201.049146 4.0268
201.105550 4.2100
201.162000 4.2100
201.218441 4.2100
201.274734 4.2100
201.331117 4.2100
201.387519 4.6909
201.443951 4.6909
201.500353 4.6909
201.556789 4.6909
201.613191 4.6909
201.669625 3.5993
201.726051 3.5993
201.782486 3.5993
201.838890 3.5993
201.895198 3.0649
201.951562 3.0649
202.007968 3.0649
202.064387 3.0649
202.120793 3.0649
202.177209 3.2100
202.233612 3.2100
202.290062 3.2100
202.346504 3.2100
202.402797 3.2100
202.459182 3.1566
202.515585 3.1566
202.572019 3.1566
202.628421 3.1566
202.684858 3.1566
202.741260 2.9504
202.797694 2.9504
202.854101 2.9504
202.910411 2.9504
202.966777 2.9504
203.023178 3.2253
203.079598 3.2253
203.136007 3.2253
203.192417 3.2253
203.248826 3.2253
203.305267 3.3779
203.361674 3.3779
203.418137 3.3779
203.474580 3.3779
203.530877 3.3779
203.587260 3.5459
203.643662 3.5459
203.700096 3.5459
203.756500 3.5459
203.812932 3.4428
203.869334 3.4428
203.925769 3.4428
203.982179 3.4428
204.038487 3.4428
204.094851 2.9848
204.151254 2.9848
204.207677 2.9848
204.264084 2.9848
204.320501 2.9848
204.376904 3.0344
204.433326 3.0344
204.489731 3.0344
204.546193 3.0344
204.602647 3.0344
204.659557 3.6756
204.716470 3.6756
204.772976 3.6756
204.829416 3.6756
204.885820 3.6756
204.942278 5.7940
204.998673 5.7940
205.055117 5.7940
205.111521 5.7940
205.167829 5.7940
205.224203 7.6566
205.280601 7.6566
205.337032 7.6566
205.393433 7.6566
205.449859 7.6566
205.506257 4.3627
205.562682 4.3627
205.619088 4.3627
205.675482 4.3627
205.731935 3.2558
205.788334 3.2558
205.844771 3.2558
205.901166 3.2558
205.957608 3.2558
206.014002 3.0764
206.070442 3.0764
206.126835 3.0764
206.183279 3.0764
206.239677 3.0764
206.295983 3.2176
206.352355 3.2176
206.408753 3.2176
206.465182 3.2176
206.521598 3.2176
206.578023 4.3131
206.634421 4.3131
206.690850 4.3131
206.747249 4.3131
206.803577 4.3131
206.860008 3.0878
206.916402 3.0878
206.972843 3.0878
207.029238 3.0878
207.085680 3.0878
207.142073 3.0611
207.198514 3.0611
207.254908 3.0611
207.311349 3.0611
207.367747 3.3932
207.424055 3.3932
207.480431 3.3932
207.536828 3.3932
207.593258 3.3932
207.649658 3.1947
207.706083 3.1947
207.762480 3.1947
207.818907 3.1947
207.875307 3.1947
207.931639 3.0153
207.988063 3.0153
208.044455 3.0153
208.100901 3.0153
208.157308 3.0153
208.213748 2.9924
208.270142 2.9924
208.326583 2.9924
208.382981 2.9924
208.439420 2.9924
208.495819 3.0001
208.552124 3.0001
208.608496 3.0001
208.664890 3.0001
208.721317 3.0001
208.777715 3.0153
208.834141 3.0153
208.890535 3.0153
208.946964 3.0153
209.003363 3.0153
209.059692 3.0115
209.116116 3.0115
209.172509 3.0115
209.228946 3.0115
209.285340 2.9733
209.341782 2.9733
209.398176 2.9733
209.454619 2.9733
209.511016 2.9733
209.567323 3.0039
209.623697 3.0039
209.680091 3.0039
209.736538 3.0039
209.792935 3.0039
209.849358 2.9810
209.906346 2.9810
209.963337 2.9810
210.019807 2.9810
210.076244 2.9810
210.132646 3.2024
210.188976 3.2024
210.245400 3.2024
210.301791 3.2024
210.358234 3.2024
210.414627 2.9848
210.471068 2.9848
210.527461 2.9848
210.583906 2.9848
210.640302 2.9848
210.696610 2.9962
210.752983 2.9962
210.809388 2.9962
210.865817 2.9962
210.922217 2.9962
210.978643 3.0573
211.035041 3.0573
211.091463 3.0573
211.147869 3.0573
211.204302 2.9772
211.260702 2.9772
211.317078 2.9772
211.373505 2.9772
211.429909 2.9772
211.486351 3.1451
211.542745 3.1451
211.599186 3.1451
211.655582 3.1451
211.712022 3.1451
211.768418 2.9810
211.824725 2.9810
211.881104 2.9810
211.937500 2.9810
211.994454 2.9810
212.051062 3.0382
212.107701 3.0382
212.164128 3.0382
212.220530 3.0382
212.276948 3.0382
212.333245 3.8169
212.389628 3.8169
212.446067 3.8169
212.502526 3.8169
212.558931 3.8169
212.615365 4.0726
212.671768 4.0726
212.728201 4.0726
212.784605 4.0726
212.841036 2.9848
212.897440 2.9848
212.953783 2.9848
213.010157 2.9848
213.066559 2.9848
213.122980 2.9810
213.179387 2.9810
213.235804 2.9810
213.292206 2.9810
213.348627 2.9810
213.405036 2.9848
213.461332 2.9848
213.517716 2.9848
213.574152 2.9848
213.630613 2.9848
213.687016 2.9810
213.743449 2.9810
213.799852 2.9810
213.856282 2.9810
213.912691 2.9810
213.969124 2.9886
214.025528 2.9886
214.081838 2.9886
214.138208 2.9886
214.194611 2.9886
214.251032 2.9504
214.307439 2.9504
214.363868 2.9504
214.420274 2.9504
214.476702 2.9504
214.533131 4.0192
214.589425 4.0192
214.645807 4.0192
214.702241 4.0192
214.758705 4.1184
214.815108 4.1184
214.871541 4.1184
214.927944 4.1184
214.984379 4.1184
215.040782 3.3970
215.097089 3.3970
215.153454 3.3970
215.209859 3.3970
215.266280 3.3970
215.322687 3.0153
215.379104 3.0153
215.435507 3.0153
215.491928 3.0153
215.548333 3.0153
215.604764 2.9466
215.661172 2.9466
215.717468 2.9466
215.773851 2.9466
215.830288 2.9466
215.887264 2.9810
215.944100 2.9810
216.000543 2.9810
216.056826 2.9810
216.113250 2.9810
216.169647 2.9733
216.225955 2.9733
216.282327 2.9733
216.338726 2.9733
216.395157 2.9733
216.451561 2.9543
216.507983 2.9543
216.564381 2.9543
216.620806 2.9543
216.677210 3.1413
216.734233 3.1413
216.791044 3.1413
216.847522 3.1413
216.903976 3.1413
216.960438 4.5268
217.016896 4.5268
217.073315 4.5268
217.129748 4.5268
217.186150 4.5268
217.242583 4.1299
217.298985 4.1299
217.355292 4.1299
217.411659 4.1299
217.468062 4.1299
217.524487 4.7177
217.580897 4.7177
217.637327 4.7177
217.693734 4.7177
217.750182 4.7177
217.806599 3.6489
217.862895 3.6489
217.919280 3.6489
217.975683 3.6489
218.032121 3.6489
218.088556 2.9466
218.145017 2.9466
218.201418 2.9466
218.257853 2.9466
218.314254 2.9504
218.370685 2.9504
218.427087 2.9504
218.483396 2.9504
218.539761 2.9504
218.596164 3.1413
218.652587 3.1413
218.708996 3.1413
218.765427 3.1413
218.821834 3.1413
218.878264 2.9733
218.934675 2.9733
218.990971 2.9733
219.047353 2.9733
219.103755 2.9733
219.160191 2.9466
219.216626 2.9466
219.273086 2.9466
219.329508 2.9466
219.385940 2.9466
219.442342 2.9657
219.498650 2.9657
219.555016 2.9657
219.611421 2.9657
219.667843 2.9657
219.724251 2.9772
219.780676 2.9772
219.837079 2.9772
219.894067 2.9772
219.950661 2.9772
220.007048 2.9504
220.063479 2.9504
220.119873 2.9504
220.176307 2.9504
220.232707 3.1527
220.289144 3.1527
220.345579 3.1527
220.402041 3.1527
220.458942 3.1527
220.515673 3.1375
220.572597 3.1375
220.629449 3.1375
220.685891 3.1375
220.742302 3.1375
220.798731 3.3245
220.855132 3.3245
220.911588 3.3245
220.967983 3.3245
221.024407 3.3245
221.080815 3.2558
221.137110 3.2558
221.193493 3.2558
221.249883 3.2558
221.306320 3.2558
221.362715 3.1222
221.419155 3.1222
221.475583 3.1222
221.532054 3.1222
221.588448 3.1222
221.644889 2.7939
221.701286 2.7939
221.757598 2.7939
221.813972 2.7939
221.870369 2.7901
221.926799 2.7901
221.983201 2.7901
222.039644 2.7901
222.096043 2.7901
222.152481 2.8779
222.208883 2.8779
222.265179 2.8779
222.321564 2.8779
222.377956 2.8779
222.434397 2.9924
222.490790 2.9924
222.547249 2.9924
222.603695 2.9924
222.660169 2.9924
222.716574 2.9733
222.773017 2.9733
222.829414 2.9733
222.885723 2.9733
222.942098 2.9733
222.998494 2.9810
223.054924 2.9810
223.111323 2.9810
223.167762 2.9810
223.224160 2.9810
223.280587 3.0001
223.336980 3.0001
223.393284 3.0001
223.449676 3.0001
223.506071 3.0001
223.562510 3.0001
223.618902 3.0001
223.675338 3.0001
223.731764 3.0001
223.788228 2.9504
223.844622 2.9504
223.901059 2.9504
223.957456 2.9504
224.013763 2.9504
224.070682 2.9390
224.127570 2.9390
224.183994 2.9390
224.240288 2.9390
224.296671 2.9390
224.353077 2.9466
224.409501 2.9466
224.465909 2.9466
224.522204 2.9466
224.578587 2.9466
224.634991 2.9657
224.691425 2.9657
224.747828 2.9657
224.804262 2.9657
224.860699 2.9657
224.917161 2.9810
224.973565 2.9810
225.029874 2.9810
225.086240 2.9810
225.142643 2.9810
225.199061 2.9466
225.255469 2.9466
225.311892 2.9466
225.368304 2.9466
225.424725 2.9466
225.481130 2.8894
225.537551 2.8894
225.593959 2.8894
225.650254 2.8894
225.706657 2.9886
225.763060 2.9886
225.819494 2.9886
225.875898 2.9886
225.932335 2.9886
225.988770 3.0382
226.045232 3.0382
226.101633 3.0382
226.157942 3.0382
226.214305 3.0382
226.270707 3.0153
226.327122 3.0153
226.383531 3.0153
226.439947 3.0153
226.496349 3.0153
226.552773 2.9619
226.609182 2.9619
226.665612 2.9619
226.722020 2.9619
226.778315 2.9619
226.834700 2.9657
226.891103 2.9657
226.947534 2.9657
227.003939 2.9657
227.060372 2.9657
227.116807 2.9504
227.173266 2.9504
227.229672 2.9504
227.285979 2.9504
227.342357 3.0688
227.398766 3.0688
227.455188 3.0688
227.511595 3.0688
227.568011 3.0688
227.624414 2.9504
227.680835 2.9504
227.737248 2.9504
227.793542 2.9504
227.849921 2.9504
227.906321 2.9772
227.962752 2.9772
228.019156 2.9772
228.075589 2.9772
228.131993 2.9772
228.188427 2.9581
228.244877 2.9581
228.301342 2.9581
228.357759 2.9581
228.414066 2.9581
228.470432 2.8398
228.526835 2.8398
228.583260 2.8398
228.639668 2.8398
228.696086 2.8398
228.752490 2.7863
228.808918 2.7863
228.865327 2.7863
228.921655 2.7863
228.978036 2.7863
229.034439 2.7901
229.090869 2.7901
229.147272 2.7901
229.204271 2.7901
229.261374 2.7787
229.317928 2.7787
229.374250 2.7787
229.430695 2.7787
229.487099 2.7787
229.543408 2.7825
229.599773 2.7825
229.656181 2.7825
229.712603 2.7825
229.769012 2.7825
229.825430 2.7863
229.881837 2.7863
229.938263 2.7863
229.994672 2.7863
230.050976 2.7863
230.107990 2.7863
230.164833 2.7863
230.221276 2.7863
230.277560 2.7863
230.333966 2.7863
230.390365 2.7901
230.446800 2.7901
230.503258 2.7901
230.559593 2.7901
230.615959 2.7901
230.672357 2.7863
230.728783 2.7863
230.785189 2.7863
230.841605 2.7863
230.898013 2.7863
230.954440 2.8130
231.010844 2.8130
231.067281 2.8130
231.123685 2.8130
231.179982 2.7825
231.236367 2.7825
231.292767 2.7825
231.349205 2.7825
231.405606 2.7825
231.462043 2.7901
231.518441 2.7901
231.574883 0.0000 
231.631235 0.0000 
231.687460 0.0000 
231.743716 0.0000 
231.800006 0.0000 
231.856320 0.0000 
231.912614 0.0000 
231.968922 0.0000 
232.025212 0.0000 
232.081525 0.0000 
232.137835 0.0000 
232.194158 0.0000 
232.251095 0.0000 
232.307828 0.0000 
232.364206 0.0000 
232.420500 0.0000 
232.476827 0.0000 
232.533108 0.0000 
232.589439 0.0000 
232.645719 0.0000 
232.702050 0.0000 
232.758371 0.0000 
232.814596 0.0000 
232.870854 0.0000 
232.927140 0.0000 
232.983458 0.0000 
233.039747 0.0000 
233.096058 0.0000 
233.152341 0.0000 
233.208655 0.0000 
233.264943 0.0000 
233.321270 0.0000 
233.377559 0.0000 
233.433743 0.0000 
233.490024 0.0000 
233.546304 0.0000 
233.602635 0.0000 
233.658918 0.0000 
233.715272 0.0000 
233.771553 0.0000 
233.827885 0.0000 
233.884219 0.0000 
233.940449 0.0000 
233.996710 0.0000 
234.053009 0.0000 
234.109322 0.0000 
234.165611 0.0000 
234.221921 0.0000 
234.278208 0.0000 
234.334524 0.0000 
234.390812 0.0000 
234.447139 0.0000 
234.503430 0.0000 
234.559613 0.0000 
234.615893 0.0000 
234.672174 0.0000 
234.728508 0.0000 
234.784790 0.0000 
234.841122 0.0000 
234.897404 0.0000 
234.953735 0.0000 
235.010054 2.7863
235.066381 2.7863
235.122756 2.7863
235.179153 2.7863
235.235584 2.7863
235.291984 2.7863
235.348429 2.7863
235.404828 2.7863
235.461259 2.7863
235.517659 2.7863
235.574102 2.7901
235.630505 2.7901
235.686801 2.7901
235.743192 2.7901
235.799588 2.7901
235.856030 2.7939
235.912426 2.7939
235.968869 2.7939
236.025266 2.7939
236.081708 2.7939
236.138137 2.8169
236.194472 2.8169
236.250847 2.8169
236.307245 2.8169
236.363675 2.8169
236.420075 2.7863
236.476500 2.7863
236.532899 2.7863
236.589330 2.7863
236.645731 2.7825
236.702030 2.7825
236.758419 2.7825
236.814814 0.0000 
236.871166 0.0000 
236.927467 0.0000 
236.983802 0.0000 
237.040083 0.0000 
237.096414 0.0000 
237.152697 0.0000 
237.209028 0.0000 
237.265342 0.0000 
237.321565 0.0000 
237.377827 0.0000 
237.434114 0.0000 
237.490429 0.0000 
237.546717 0.0000 
237.603029 0.0000 
237.659314 0.0000 
237.715629 0.0000 
237.771918 0.0000 
237.828106 0.0000 
237.884386 0.0000 
237.940663 0.0000 
237.996989 0.0000 
238.053272 0.0000 
238.109605 0.0000 
238.165885 0.0000 
238.222215 0.0000 
238.278497 0.0000 
238.334828 0.0000 
238.391141 0.0000 
238.447366 0.0000 
238.503641 0.0000 
238.559928 0.0000 
238.616243 0.0000 
238.672533 0.0000 
238.728845 0.0000 
238.785132 0.0000 
238.841447 0.0000 
238.897739 0.0000 
238.954066 0.0000 
239.010358 0.0000 
239.066538 0.0000 
239.122818 0.0000 
239.179100 0.0000 
239.235433 0.0000 
239.291713 0.0000 
239.348042 0.0000 
239.404325 0.0000 
239.460656 0.0000 
239.516979 0.0000 
239.573205 0.0000 
239.629465 0.0000 
239.685758 0.0000 
239.742074 0.0000 
239.798364 0.0000 
239.854950 0.0000 
239.911320 0.0000 
239.967651 0.0000 
240.023943 0.0000 
240.080268 0.0000 
240.136577 0.0000 
240.192758 0.0000 
240.249039 0.0000 
240.305321 0.0000 
240.361653 0.0000 
240.418482 0.0000 
240.475114 0.0000 
240.531423 0.0000 
240.587757 2.7825
240.644178 2.7825
240.700519 2.7825
240.756887 2.7863
240.813293 2.7863
240.869719 2.7863
240.926125 2.7863
240.982550 2.7863
241.038949 2.8207
241.095374 2.8207
241.151777 2.8207
241.208075 2.8207
241.264464 2.8207
241.320851 2.8932
241.377294 2.8932
241.433688 2.8932
241.490133 2.8932
241.546524 2.8932
241.602973 2.7863
241.659365 2.7863
241.715835 2.7863
241.772260 2.7863
241.828603 2.7863
241.884976 2.7863
241.941377 2.7863
241.997804 2.7863
242.054211 2.7863
242.110645 2.7863
242.167049 2.7825
242.223483 0.0000 
242.279807 0.0000 
242.335992 0.0000 
242.392268 0.0000 
242.448544 0.0000 
242.504873 0.0000 
242.561153 0.0000 
242.617485 0.0000 
242.673765 0.0000 
242.730100 0.0000 
242.786380 0.0000 
242.842713 0.0000 
242.899489 0.0000 
242.956010 0.0000 
243.012325 0.0000 
243.068613 0.0000 
243.124931 0.0000 
243.181222 0.0000 
243.237544 0.0000 
243.293833 0.0000 
243.350181 0.0000 
243.406693 0.0000 
243.462958 0.0000 
243.519271 0.0000 
243.575568 0.0000 
243.631903 0.0000 
243.688184 0.0000 
243.744516 0.0000 
243.800797 0.0000 
243.857130 0.0000 
243.913411 0.0000 
243.969744 0.0000 
244.026059 0.0000 
244.082286 0.0000 
244.138547 0.0000 
244.194830 0.0000 
244.251145 0.0000 
244.307436 0.0000 
244.363760 0.0000 
244.420049 0.0000 
244.476371 0.0000 
244.532663 0.0000 
244.588849 0.0000 
244.645126 0.0000 
244.701404 0.0000 
244.757727 0.0000 
244.814015 0.0000 
244.870347 0.0000 
244.926647 0.0000 
244.982981 0.0000 
245.039262 0.0000 
245.095593 0.0000 
245.151921 0.0000 
245.208666 0.0000 
245.265484 0.0000 
245.321854 0.0000 
245.378159 0.0000 
245.434445 0.0000 
245.490759 0.0000 
245.547046 0.0000 
245.603356 0.0000 
245.659641 0.0000 
245.715841 0.0000 
245.772127 0.0000 
245.828410 0.0000 
245.884744 0.0000 
245.941026 0.0000 
245.997358 0.0000 
246.053641 0.0000 
246.109974 0.0000 
246.166253 0.0000 
246.222584 0.0000 
246.278900 0.0000 
246.335124 0.0000 
246.391383 0.0000 
246.447669 0.0000 
246.504009 0.0000 
246.560299 0.0000 
246.616610 0.0000 
246.672896 0.0000 
246.729213 0.0000 
246.785503 0.0000 
246.841689 0.0000 
246.897968 0.0000 
246.954253 0.0000 
247.010585 0.0000 
247.066865 0.0000 
247.123197 0.0000 
247.179478 0.0000 
247.235810 0.0000 
247.292090 0.0000 
247.348422 0.0000 
247.404739 0.0000 
247.460964 0.0000 
247.517221 0.0000 
247.573507 0.0000 
247.629823 0.0000 
247.686112 0.0000 
247.742421 0.0000 
247.798706 0.0000 
247.855024 0.0000 
247.911314 0.0000 
247.967500 0.0000 
248.023778 0.0000 
248.080057 0.0000 
248.136402 0.0000 
248.192682 0.0000 
248.249012 0.0000 
248.305294 0.0000 
248.361626 0.0000 
248.417912 0.0000 
248.474853 0.0000 
248.531624 0.0000 
248.587993 0.0000 
248.644805 0.0000 
248.701557 0.0000 
248.757868 0.0000 
248.814053 0.0000 
248.870305 0.0000 
248.926598 0.0000 
248.982908 0.0000 
249.039204 0.0000 
249.095391 0.0000 
249.151663 0.0000 
249.207951 0.0000 
249.264272 0.0000 
249.320561 0.0000 
249.376882 0.0000 
249.433171 0.0000 
249.489495 0.0000 
249.545783 0.0000 
249.602108 0.0000 
249.658431 0.0000 
249.714690 0.0000 
249.770943 0.0000 
249.827239 0.0000 
249.883546 0.0000 
249.939844 0.0000 
249.996148 0.0000 
250.052443 0.0000 
250.108751 0.0000 
250.165047 0.0000 
250.221231 0.0000 
250.277503 0.0000 
250.334362 0.0000 
250.390986 0.0000 
250.447294 0.0000 
250.503627 0.0000 
250.559905 0.0000 
250.616236 0.0000 
250.672517 0.0000 
250.728846 0.0000 
250.785187 0.0000 
250.841417 0.0000 
250.897678 0.0000 
250.953978 0.0000 
251.010287 0.0000 
251.066581 0.0000 
251.122891 0.0000 
251.179178 0.0000 
251.235493 0.0000 
251.291782 0.0000 
251.348002 0.0000 
251.404287 0.0000 
251.460566 0.0000 
251.516898 0.0000 
251.573179 0.0000 
251.629514 0.0000 
251.685794 0.0000 
251.742127 0.0000 
251.798405 0.0000 
251.854739 0.0000 
251.911053 0.0000 
251.967278 0.0000 
252.023537 0.0000 
252.079825 0.0000 
252.136140 0.0000 
252.192429 0.0000 
252.248740 0.0000 
252.305030 2.7863
252.361445 2.7863
252.417862 2.7863
252.474159 2.7863
252.530562 2.7787
252.586959 2.7787
252.643406 2.7787
252.699798 2.7787
252.756247 2.7787
252.812638 2.7863
252.869088 0.0000 
252.925404 0.0000 
252.981739 0.0000 
253.038054 0.0000 
253.094279 0.0000 
253.150539 0.0000 
253.206827 0.0000 
253.263141 0.0000 
253.319430 0.0000 
253.375738 0.0000 
253.432025 0.0000 
253.488341 0.0000 
253.544630 0.0000 
253.600815 0.0000 
253.657100 0.0000 
253.713381 0.0000 
253.769713 0.0000 
253.825993 0.0000 
253.882328 0.0000 
253.938608 0.0000 
253.994941 0.0000 
254.051222 0.0000 
254.107556 0.0000 
254.163869 0.0000 
254.220093 0.0000 
254.276350 0.0000 
254.332637 0.0000 
254.388951 0.0000 
254.445239 0.0000 
254.501553 0.0000 
254.557851 0.0000 
254.614167 0.0000 
254.670456 0.0000 
254.726643 0.0000 
254.782926 0.0000 
254.839207 0.0000 
254.895538 0.0000 
254.951820 0.0000 
255.008147 0.0000 
255.064433 0.0000 
255.120765 0.0000 
255.177046 0.0000 
255.233831 0.0000 
255.290536 0.0000 
255.346979 0.0000 
255.403292 0.0000 
255.459589 0.0000 
255.515894 0.0000 
255.572191 0.0000 
255.628497 0.0000 
255.685239 0.0000 
255.742171 0.0000 
255.799148 0.0000 
255.855574 0.0000 
255.911944 0.0000 
255.968236 0.0000 
256.024555 0.0000 
256.080843 0.0000 
256.137191 0.0000 
256.193479 0.0000 
256.249803 0.0000 
256.306094 0.0000 
256.362414 0.0000 
256.418753 0.0000 
256.474983 0.0000 
256.531238 0.0000 
256.587544 0.0000 
256.643850 0.0000 
256.700147 0.0000 
256.756453 0.0000 
256.813267 0.0000 
256.870129 0.0000 
256.926492 0.0000 
256.982689 0.0000 
257.039477 0.0000 
257.096463 0.0000 
257.152909 0.0000 
257.209078 0.0000 
257.265372 0.0000 
257.321659 0.0000 
257.377983 0.0000 
257.434272 0.0000 
257.490467 0.0000 
257.546755 0.0000 
257.603088 0.0000 
257.659396 0.0000 
257.715717 0.0000 
257.772020 0.0000 
257.828316 0.0000 
257.884624 0.0000 
257.940922 0.0000 
257.997235 0.0000 
258.053537 0.0000 
258.109722 0.0000 
258.165988 0.0000 
258.222282 0.0000 
258.278605 0.0000 
258.334893 0.0000 
258.391215 0.0000 
258.447503 0.0000 
258.503823 0.0000 
258.560116 0.0000 
258.616314 0.0000 
258.672600 0.0000 
258.728932 0.0000 
258.785240 0.0000 
258.841538 0.0000 
258.897839 0.0000 
258.954135 0.0000 
259.010443 0.0000 
259.066739 0.0000 
259.123054 0.0000 
259.179354 0.0000 
259.235539 0.0000 
259.291809 0.0000 
259.348117 0.0000 
259.404442 0.0000 
259.460729 0.0000 
259.517050 0.0000 
259.573339 0.0000 
259.629666 0.0000 
259.685956 0.0000 
259.742154 0.0000 
259.798440 0.0000 
259.854773 0.0000 
259.911081 0.0000 
259.967379 0.0000 
260.023683 0.0000 
260.079978 0.0000 
260.136286 0.0000 
260.192583 0.0000 
260.248897 0.0000 
260.305198 0.0000 
260.361383 0.0000 
260.417654 0.0000 
260.473944 0.0000 
260.530271 0.0000 
260.586560 0.0000 
260.642884 0.0000 
260.699173 0.0000 
260.755500 0.0000 
260.811790 0.0000 
260.868113 0.0000 
260.924455 0.0000 
260.980684 0.0000 
261.036936 0.0000 
261.093229 0.0000 
261.149536 0.0000 
261.205835 0.0000 
261.262148 0.0000 
261.318445 0.0000 
261.374760 0.0000 
261.431060 0.0000 
261.487246 0.0000 
261.543520 0.0000 
261.599808 0.0000 
261.656135 0.0000 
261.712424 0.0000 
261.768746 0.0000 
261.825035 0.0000 
261.881362 0.0000 
261.937653 0.0000 
261.993976 0.0000 
262.050316 0.0000 
262.106546 0.0000 
262.162797 0.0000 
262.219102 0.0000 
262.275409 0.0000 
262.331708 0.0000 
262.388024 0.0000 
262.444320 0.0000 
262.500642 0.0000 
262.556956 0.0000 
262.613140 0.0000 
262.669415 0.0000 
262.725704 0.0000 
262.782032 0.0000 
262.838321 0.0000 
262.894646 0.0000 
262.950935 0.0000 
263.007262 0.0000 
263.063549 0.0000 
263.119873 0.0000 
263.176196 0.0000 
263.232422 0.0000 
263.288671 0.0000 
263.344962 0.0000 
263.401271 0.0000 
263.457568 0.0000 
263.513884 0.0000 
263.570181 0.0000 
263.626498 0.0000 
263.682797 0.0000 
263.738983 0.0000 
263.795256 0.0000 
263.851546 0.0000 
263.907866 0.0000 
263.964161 0.0000 
264.020483 0.0000 
264.076772 0.0000 
264.133113 0.0000 
264.189400 0.0000 
264.245723 0.0000 
264.302046 0.0000 
264.358270 0.0000 
264.414520 0.0000 
264.470812 0.0000 
264.527119 0.0000 
264.583416 0.0000 
264.639732 0.0000 
264.696029 0.0000 
264.752334 0.0000 
264.808629 0.0000 
264.864827 0.0000 
264.921106 0.0000 
264.977397 0.0000 
265.034215 0.0000 
265.090945 0.0000 
265.147279 0.0000 
265.203448 0.0000 
265.259736 0.0000 
265.316022 0.0000 
265.372344 0.0000 
265.428671 0.0000 
265.484896 0.0000 
265.541145 0.0000 
265.597439 0.0000 
265.653746 0.0000 
265.710067 0.0000 
265.766364 0.0000 
265.822661 0.0000 
265.878970 0.0000 
265.935268 0.0000 
265.991454 0.0000 
266.047725 0.0000 
266.104016 0.0000 
266.160337 0.0000 
266.216625 0.0000 
266.272948 0.0000 
266.329238 0.0000 
266.385559 0.0000 
266.441846 0.0000 
266.498170 0.0000 
266.554495 0.0000 
266.610721 0.0000 
266.666974 0.0000 
266.723268 0.0000 
266.779579 0.0000 
266.835877 0.0000 
266.892172 0.0000 
266.948475 0.0000 
267.004786 0.0000 
267.061083 0.0000 
267.117268 0.0000 
267.173539 0.0000 
267.229830 0.0000 
267.286155 0.0000 
267.342462 0.0000 
267.398782 0.0000 
267.455072 0.0000 
267.511394 0.0000 
267.567682 0.0000 
267.624007 0.0000 
267.680349 0.0000 
267.736579 0.0000 
267.792831 0.0000 
267.849137 0.0000 
267.905448 0.0000 
267.961745 0.0000 
268.018049 0.0000 
268.074340 0.0000 
268.130650 0.0000 
268.186946 0.0000 
268.243131 0.0000 
268.299398 0.0000 
268.355685 0.0000 
268.412002 0.0000 
268.468289 0.0000 
268.524612 0.0000 
268.580903 0.0000 
268.637227 0.0000 
268.693515 0.0000 
268.749839 0.0000 
268.806164 0.0000 
268.862391 0.0000 
268.918663 0.0000 
268.974958 0.0000 
269.031268 0.0000 
269.087565 0.0000 
269.143866 0.0000 
269.200158 0.0000 
269.256461 0.0000 
269.312764 0.0000 
269.368949 0.0000 
269.425218 0.0000 
269.481504 0.0000 
269.537823 0.0000 
269.594112 0.0000 
269.650433 0.0000 
269.706724 0.0000 
269.763048 0.0000 
269.819336 0.0000 
269.875663 0.0000 
269.931986 0.0000 
269.988212 0.0000 
270.044464 0.0000 
270.100759 0.0000 
270.157064 0.0000 
270.213360 0.0000 
270.269663 0.0000 
270.325957 0.0000 
270.382259 0.0000 
270.438563 0.0000 
270.494748 0.0000 
270.551030 0.0000 
270.607325 0.0000 
270.663645 0.0000 
270.719934 0.0000 
270.776260 0.0000 
270.832549 0.0000 
270.889154 0.0000 
270.945509 0.0000 
271.001854 0.0000 
271.058172 0.0000 
271.114396 0.0000 
271.170651 0.0000 
271.226941 0.0000 
271.283252 0.0000 
271.339546 0.0000 
271.395851 0.0000 
271.452335 0.0000 
271.508874 0.0000 
271.565235 0.0000 
271.621421 0.0000 
271.677695 0.0000 
271.733976 0.0000 
271.790300 0.0000 
271.846585 0.0000 
271.902915 0.0000 
271.959199 0.0000 
272.015528 0.0000 
272.071811 0.0000 
272.128160 0.0000 
272.184478 0.0000 
272.240703 0.0000 
272.296952 0.0000 
272.353251 0.0000 
272.409562 0.0000 
272.465855 0.0000 
272.522160 0.0000 
272.578452 0.0000 
272.634764 0.0000 
272.691057 0.0000 
272.747244 0.0000 
272.803520 0.0000 
272.859802 0.0000 
272.916125 0.0000 
272.972411 0.0000 
273.028743 0.0000 
273.085026 0.0000 
273.141353 0.0000 
273.198121 0.0000 
273.255016 0.0000 
273.311454 0.0000 
273.367701 0.0000 
273.423960 0.0000 
273.480255 0.0000 
273.536569 0.0000 
273.592858 0.0000 
273.649167 0.0000 
273.705478 0.0000 
273.761788 0.0000 
273.818084 0.0000 
273.874270 0.0000 
273.930550 0.0000 
273.986826 0.0000 
274.043151 0.0000 
274.099432 0.0000 
274.155766 0.0000 
274.212046 0.0000 
274.268377 0.0000 
274.324657 0.0000 
274.380991 0.0000 
274.437305 0.0000 
274.493531 0.0000 
274.549785 0.0000 
274.606081 0.0000 
274.662927 0.0000 
274.719632 0.0000 
274.776010 0.0000 
274.832201 0.0000 
274.888486 0.0000 
274.944788 0.0000 
275.000981 0.0000 
275.057250 0.0000 
275.113534 0.0000 
275.169852 0.0000 
275.226142 0.0000 
275.282463 0.0000 
275.338773 0.0000 
275.395096 0.0000 
275.451386 0.0000 
275.507709 0.0000 
275.564031 0.0000 
275.620256 0.0000 
275.676504 0.0000 
275.732806 0.0000 
275.789112 0.0000 
275.845410 0.0000 
275.901713 0.0000 
275.958008 0.0000 
276.014311 0.0000 
276.070614 0.0000 
276.126802 0.0000 
276.183072 0.0000 
276.239356 0.0000 
276.295673 0.0000 
276.352411 0.0000 
276.409301 0.0000 
276.465641 0.0000 
276.521973 0.0000 
276.578256 0.0000 
276.634586 0.0000 
276.690903 0.0000 
276.747127 0.0000 
276.803386 0.0000 
276.859671 0.0000 
276.916008 0.0000 
276.972298 0.0000 
277.028608 0.0000 
277.084892 0.0000 
277.141208 0.0000 
277.197495 0.0000 
277.253683 0.0000 
277.309957 0.0000 
277.366234 0.0000 
277.422562 0.0000 
277.478846 0.0000 
277.535177 0.0000 
277.591458 0.0000 
277.647790 0.0000 
277.704074 0.0000 
277.760406 0.0000 
277.816721 0.0000 
277.873551 0.0000 
277.930303 0.0000 
277.986731 0.0000 
278.043039 0.0000 
278.099324 0.0000 
278.155642 0.0000 
278.211930 0.0000 
278.268251 0.0000 
278.324541 0.0000 
278.380733 0.0000 
278.437008 0.0000 
278.493711 0.0000 
278.550628 0.0000 
278.606968 0.0000 
278.663300 0.0000 
278.719580 0.0000 
278.775913 0.0000 
278.832194 0.0000 
278.888527 0.0000 
278.944862 0.0000 
279.001093 0.0000 
279.057352 0.0000 
279.113650 0.0000 
279.169964 0.0000 
279.226255 0.0000 
279.282564 0.0000 
279.338849 0.0000 
279.395165 0.0000 
279.451455 0.0000 
279.507642 0.0000 
279.563924 0.0000 
279.620206 0.0000 
279.677076 0.0000 
279.733740 0.0000 
279.790147 0.0000 
279.846316 0.0000 
279.902613 0.0000 
279.958902 0.0000 
280.015227 0.0000 
280.071552 0.0000 
280.127815 0.0000 
280.184067 0.0000 
280.240360 0.0000 
280.296666 0.0000 
280.352966 0.0000 
280.409281 0.0000 
280.465578 0.0000 
280.521892 0.0000 
280.578193 0.0000 
280.634379 0.0000 
280.690652 0.0000 
280.746942 0.0000 
280.803270 0.0000 
280.859559 0.0000 
280.915881 0.0000 
280.972170 0.0000 
281.028495 0.0000 
281.084783 0.0000 
281.141105 0.0000 
281.197426 0.0000 
281.253654 0.0000 
281.309904 0.0000 
281.366198 0.0000 
281.422981 0.0000 
281.479711 0.0000 
281.536020 0.0000 
281.592206 0.0000 
281.648486 0.0000 
281.704810 0.0000 
281.760999 0.0000 
281.817276 0.0000 
281.873561 0.0000 
281.929891 0.0000 
281.986176 0.0000 
282.042498 0.0000 
282.098788 0.0000 
282.155115 0.0000 
282.211397 0.0000 
282.267724 0.0000 
282.324040 0.0000 
282.380267 0.0000 
282.436524 0.0000 
282.492814 0.0000 
282.549126 0.0000 
282.605422 0.0000 
282.661742 0.0000 
282.718035 0.0000 
282.774353 0.0000 
282.830650 0.0000 
282.886835 0.0000 
282.943114 0.0000 
282.999399 0.0000 
283.055731 0.0000 
283.112016 0.0000 
283.168343 0.0000 
283.224627 0.0000 
283.280956 0.0000 
283.337259 0.0000 
283.393586 0.0000 
283.449906 0.0000 
283.506133 0.0000 
283.562389 0.0000 
283.618678 0.0000 
283.674991 0.0000 
283.731286 0.0000 
283.787606 0.0000 
283.843900 0.0000 
283.900209 0.0000 
283.956501 0.0000 
284.012699 0.0000 
284.068975 0.0000 
284.125258 0.0000 
284.181583 0.0000 
284.237867 0.0000 
284.294195 0.0000 
284.350480 0.0000 
284.406806 0.0000 
284.463089 0.0000 
284.519417 0.0000 
284.575752 0.0000 
284.631983 0.0000 
284.688240 0.0000 
284.744542 0.0000 
284.800856 0.0000 
284.857151 0.0000 
284.913488 0.0000 
284.969782 0.0000 
285.026092 0.0000 
285.082383 0.0000 
285.138579 0.0000 
285.194855 0.0000 
285.251137 0.0000 
285.307461 0.0000 
285.363745 0.0000 
285.420070 0.0000 
285.476357 0.0000 
285.532683 0.0000 
285.588967 0.0000 
285.645290 0.0000 
285.701616 0.0000 
285.757841 0.0000 
285.814091 0.0000 
285.870387 0.0000 
285.926698 0.0000 
285.982993 0.0000 
286.039299 0.0000 
286.095588 0.0000 
286.151902 0.0000 
286.208195 0.0000 
286.264380 0.0000 
286.320653 0.0000 
286.376936 0.0000 
286.433260 0.0000 
286.489545 0.0000 
286.545886 0.0000 
286.602173 0.0000 
286.658500 0.0000 
286.714785 0.0000 
286.771114 0.0000 
286.827435 0.0000 
286.883661 0.0000 
286.939917 0.0000 
286.996207 0.0000 
287.052519 0.0000 
287.109461 0.0000 
287.166332 0.0000 
287.222691 0.0000 
287.279002 0.0000 
287.335291 0.0000 
287.391492 0.0000 
287.447773 0.0000 
287.504052 0.0000 
287.560377 0.0000 
287.616658 0.0000 
287.672986 0.0000 
287.729267 0.0000 
287.785598 0.0000 
287.841878 0.0000 
287.898211 0.0000 
287.954528 0.0000 
288.010753 0.0000 
288.067004 0.0000 
288.123319 0.0000 
288.179632 0.0000 
288.235917 0.0000 
288.292225 0.0000 
288.348508 0.0000 
288.404823 0.0000 
288.461112 0.0000 
288.517296 0.0000 
288.573571 0.0000 
288.629850 0.0000 
288.686175 0.0000 
288.742456 0.0000 
288.798785 0.0000 
288.855067 0.0000 
288.911399 0.0000 
288.968217 0.0000 
289.025036 0.0000 
289.081468 0.0000 
289.137696 0.0000 
289.193959 0.0000 
289.250248 0.0000 
289.306563 0.0000 
289.362850 0.0000 
289.419160 0.0000 
289.475446 0.0000 
289.531762 0.0000 
289.588507 0.0000 
289.645239 0.0000 
289.701611 0.0000 
289.757921 0.0000 
289.814249 0.0000 
289.871206 0.0000 
289.927833 0.0000 
289.984139 0.0000 
290.040468 0.0000 
290.096748 0.0000 
290.153080 0.0000 
290.209411 0.0000 
290.265640 0.0000 
290.321900 0.0000 
290.378196 0.0000 
290.434509 0.0000 
290.490798 0.0000 
290.547109 0.0000 
290.603395 0.0000 
290.659710 0.0000 
290.715999 0.0000 
290.772182 0.0000 
290.828465 0.0000 
290.884747 0.0000 
290.941079 0.0000 
290.997361 0.0000 
291.053694 0.0000 
291.109979 0.0000 
291.166308 2.8016
291.222689 2.8016
291.279138 2.8016
291.335585 2.8016
291.391924 2.8054
291.448291 2.8054
291.504694 2.8054
291.561119 2.8054
291.617523 2.8054
291.673944 2.8016
291.730346 2.8016
291.786770 2.8016
291.843781 2.8016
291.900602 2.8016
291.957158 2.8016
292.013564 2.8016
292.070002 2.8016
292.126397 2.8016
292.182836 2.8016
292.239228 2.8016
292.295667 2.8016
292.352064 2.8016
292.408376 2.8016
292.464773 2.7978
292.521213 2.7978
292.577636 2.7978
292.634045 2.7978
292.690463 2.7978
292.746868 2.8054
292.803291 2.8054
292.859698 2.8054
292.916148 2.8054
292.972557 2.8054
293.028854 2.8016
293.085243 2.8016
293.141638 2.8016
293.198078 2.8016
293.254474 2.8016
293.310914 2.7978
293.367308 2.7978
293.423751 2.7978
293.480150 2.7978
293.536463 2.7978
293.592863 2.8016
293.649304 2.8016
293.705726 2.8016
293.762133 2.8016
293.818551 2.8016
293.874956 2.8016
293.931377 2.8016
293.987782 2.8016
294.044211 2.8016
294.100619 2.8016
294.156913 2.8054
294.213304 2.8054
294.269698 2.8054
294.326142 2.8054
294.382536 2.8130
294.438976 2.8130
294.495371 2.8130
294.551835 2.8130
294.608231 2.8130
294.664544 2.8016
294.720943 2.8016
294.777385 2.8016
294.833805 2.8016
294.890212 2.8016
294.946630 2.8016
295.003035 2.8016
295.059453 2.8016
295.115860 2.8016
295.172286 2.8016
295.228694 2.8016
295.284989 2.8016
295.341379 2.8016
295.397774 2.8016
295.454218 2.8016
295.510612 2.8092
295.567054 2.8092
295.623449 2.8092
295.679894 2.8092
295.736290 2.8092
295.792602 2.8016
295.849449 2.8016
295.906090 2.8016
295.962480 2.8016
296.018781 2.8016
296.075152 2.8016
296.131586 2.8016
296.188003 2.8016
296.244414 2.8016
296.300708 2.8054
296.357091 2.8054
296.413494 2.8054
296.469926 2.8054
296.526327 2.8054
296.582765 2.8016
296.639169 0.0000 
296.695524 2.8016
296.751901 2.8016
296.808339 2.8016
296.864739 2.8016
296.921051 2.8016
296.977447 2.8016
297.033890 2.8016
297.090307 2.8016
297.146718 2.8054
297.203132 2.8054
297.259538 2.8054
297.315955 2.8054
297.372367 2.8054
297.428660 2.8054
297.485048 2.8054
297.541450 2.8054
297.597882 2.8054
297.654290 2.8054
297.710749 2.8054
297.767677 2.8054
297.824698 2.8054
297.881150 2.8054
297.937463 2.8054
297.993833 2.8054
298.050232 2.8054
298.106693 2.8054
298.163130 2.8054
298.219546 2.8092
298.275948 2.8092
298.332374 2.8092
298.388777 2.8092
298.445209 2.8092
298.501616 2.8016
298.557907 2.8016
298.614296 2.8016
298.670697 2.8016
298.727146 2.8016
298.783537 2.8054
298.839983 2.8054
298.896374 2.8054
298.952816 2.8054
299.009214 2.8054
299.065525 2.8016
299.121895 2.8016
299.178297 2.8016
299.234754 2.8016
299.291192 2.8016
299.347635 2.8054
299.404037 2.8054
299.460457 2.8054
299.516867 2.8054
299.573301 2.8054
299.629708 2.8054
299.686000 2.8054
299.742395 2.8054
299.798792 2.8054
299.855241 2.8054
299.911632 2.8054
299.968072 2.8054
300.024473 2.8054
300.080918 2.8054
300.137309 2.8092
300.193620 2.8092
300.249986 2.8092
300.306393 2.8092
300.362851 2.8092
300.419290 2.8054
300.475714 2.8054
300.532113 2.8054
300.588539 2.8054
300.644944 2.8054
300.701382 0.0000 
300.757700 2.8054
300.813972 2.8054
300.870368 2.8054
300.926786 2.8054
300.983232 2.8054
301.039622 2.8054
301.096066 2.8054
301.152457 2.8054
301.208897 2.8054
301.265287 2.8092
301.321598 2.8092
301.377972 2.8092
301.434371 2.8092
301.490846 2.8092
301.547301 2.8092
301.603724 2.8092
301.660123 2.8092
301.716549 2.8092
301.772951 2.8092
301.829246 2.8092
301.885636 2.8092
301.942024 2.8092
301.998465 2.8092
302.054863 2.8092
302.111309 2.8092
302.167699 2.8092
302.224146 2.8092
302.280536 2.8092
302.336982 2.8130
302.393374 2.8130
302.449688 2.8130
302.506079 2.8130
302.562479 2.8130
302.618932 2.8054
302.675380 2.8054
302.731814 2.8054
302.788218 2.8054
302.844652 2.8054
302.901060 2.8092
302.957350 2.8092
303.013745 2.8092
303.070134 2.8092
303.126581 2.8092
303.182974 2.8054
303.239417 2.8054
303.295806 2.8054
303.352254 2.8054
303.408644 2.8054
303.465088 2.8092
303.521477 2.8092
303.577792 2.8092
303.634163 2.8092
303.690563 2.8092
303.747020 2.8092
303.803461 2.8092
303.859894 2.8092
303.916298 2.8092
303.972732 2.8130
304.029140 2.8130
304.085431 2.8130
304.141840 2.8130
304.198230 2.8130
304.254677 2.8130
304.311070 2.8130
304.367515 2.8130
304.423906 2.8130
304.480350 2.8130
304.536740 2.8130
304.593051 2.8130
304.649423 2.8130
304.705823 2.8130
304.762248 2.8130
304.818652 2.8092
304.875109 2.8092
304.932128 2.8092
304.989034 2.8092
305.045564 2.8092
305.101998 2.8092
305.158401 2.8092
305.214692 2.8092
305.271087 2.8092
305.327479 2.8130
305.383924 2.8130
305.440322 2.8130
305.496767 2.8130
305.553157 2.8130
305.609603 2.8092
305.665995 2.8092
305.722342 2.8092
305.778716 2.8092
305.835116 2.8092
305.891542 2.8092
305.947945 2.8092
306.004399 2.8092
306.060836 0.0000 
306.117174 2.8092
306.173548 2.8130
306.229973 2.8130
306.286368 2.8130
306.342674 2.8130
306.399070 2.8130
306.455465 2.8092
306.511903 2.8092
306.568301 2.8092
306.624742 2.8092
306.681136 2.8092
306.737575 2.8130
306.793971 2.8130
306.850283 2.8130
306.906658 2.8130
306.963055 2.8130
307.019483 2.8092
307.075884 2.8092
307.132365 2.8092
307.188809 2.8092
307.245247 2.8169
307.301656 2.8169
307.357977 2.8169
307.414364 2.8169
307.470756 2.8169
307.527198 2.8130
307.583594 2.8130
307.640036 2.8130
307.696436 2.8130
307.752875 2.8130
307.809277 2.8130
307.865719 2.8130
307.922114 2.8130
307.978424 2.8130
308.034798 2.8130
308.091192 2.8169
308.147620 2.8169
308.204022 2.8169
308.260493 2.8169
308.316928 2.8169
308.373349 2.8130
308.429752 2.8130
308.486058 2.8130
308.542449 2.8130
308.598841 2.8130
308.655280 2.8169
308.711675 2.8169
308.768111 2.8169
308.824520 2.8169
308.880962 2.8169
308.937377 2.8703
308.993816 2.8703
309.050213 2.8703
309.106520 2.8703
309.162892 2.8169
309.219288 2.8169
309.275718 2.8169
309.332118 2.8169
309.388574 2.8169
309.445006 2.8169
309.501437 2.8169
309.557837 2.8169
309.614132 2.8169
309.670523 2.8169
309.726921 2.8169
309.783358 2.8169
309.839761 2.8169
309.896201 2.8169
309.953166 2.8169
310.010186 2.8169
310.066638 2.8169
310.122946 2.8169
310.179322 2.8169
310.235717 2.8169
310.292139 2.8169
310.348546 2.8169
310.404972 2.8169
310.461367 2.8169
310.517855 2.8169
310.574292 2.8130
310.630711 2.8130
310.687112 2.8130
310.743419 2.8130
310.799817 2.8130
310.856212 2.8130
310.912655 2.8130
310.969051 2.8130
311.025495 2.8130
311.081893 2.8169
311.138333 2.8169
311.194727 2.8169
311.251343 2.8169
311.307807 2.8169
311.364216 2.8169
311.420642 2.8169
311.477051 2.8169
311.533476 2.8169
311.589869 2.8169
311.646331 2.8169
311.702768 2.8169
311.759754 2.8169
311.816621 2.8169
311.873043 2.8169
311.929486 2.8169
311.985886 2.8169
312.042321 2.8169
312.098721 2.8169
312.155183 2.8169
312.211588 2.8130
312.268025 2.8130
312.324426 2.8130
312.380735 2.8130
312.437105 2.8130
312.493505 2.8169
312.549933 2.8169
312.606336 2.8169
312.662756 2.8169
312.719155 2.8169
312.775632 2.8169
312.832088 2.8169
312.888385 2.8169
312.944764 2.8169
313.001170 2.8169
313.057599 2.8169
313.113997 2.8169
313.170432 2.8169
313.226831 2.8169
313.283262 2.8169
313.339670 2.8169
313.396108 2.8169
313.452509 2.8169
313.508817 2.8169
313.565187 2.8169
313.621588 2.8169
313.678017 2.8169
313.734441 2.8169
313.790864 2.8169
313.847265 2.8169
313.903719 2.8169
313.960165 2.8169
314.016461 2.8169
314.072847 2.8169
314.129246 2.8207
314.185681 2.8207
314.242078 2.8207
314.298509 2.8207
314.354913 2.8207
314.411350 2.8207
314.467752 2.8207
314.524190 2.8207
314.580590 2.8207
314.636897 2.8207
314.693264 2.8207
314.749666 2.8207
314.806089 2.8207
314.862492 2.8207
314.918913 2.8207
314.975315 2.8207
315.031772 2.8207
315.088211 2.8207
315.144506 2.8207
315.200895 2.8169
315.257293 2.8169
315.313749 2.8169
315.370147 2.8169
315.426587 2.8169
315.482985 2.8207
315.539422 2.8207
315.595825 2.8207
315.652263 2.8207
315.708662 2.8207
315.764969 2.8169
315.821339 2.8169
315.877742 2.8169
315.934165 2.8169
315.990568 2.8169
316.047555 2.8207
316.104156 2.8207
316.160578 2.8207
316.217033 2.8207
316.273432 2.8207
316.329864 2.8207
316.386265 2.8207
316.442698 2.8207
316.499101 2.8207
316.555534 2.8207
316.611935 2.8207
316.668362 2.8207
316.724775 2.8207
316.781082 2.8207
316.837955 2.8283
316.894802 2.8283
316.951250 2.8283
317.007546 2.8283
317.063927 2.8283
317.120906 2.8245
317.177801 2.8245
317.234330 2.8245
317.290806 2.8245
317.347241 2.8245
317.403538 2.8245
317.459926 2.8245
317.516321 2.8245
317.572763 2.8245
317.629158 2.8245
317.685599 2.8283
317.741993 2.8283
317.798435 2.8283
317.854836 2.8283
317.911653 2.8245
317.968308 2.8245
318.025036 2.8245
318.081570 2.8245
318.137992 2.8245
318.194415 2.8245
318.250819 2.8245
318.307451 2.8245
318.363933 2.8245
318.420285 2.8245
318.476726 2.8283
318.533155 2.8283
318.589596 2.8283
318.645991 2.8283
318.702429 2.8283
318.758829 2.8245
318.815269 2.8245
318.871663 2.8245
318.928102 2.8245
318.984508 2.8245
319.040815 2.8245
319.097182 2.8245
319.153587 2.8245
319.210012 2.8245
319.266409 2.8245
319.322835 2.8283
319.379447 2.8283
319.435960 2.8283
319.492375 2.8283
319.548705 2.8283
319.605128 2.8283
319.661527 2.8283
319.717964 2.8283
319.774365 2.8283
319.830803 2.8283
319.887390 2.8283
319.944445 2.8283
320.001266 2.8283
320.057698 2.8283
320.114146 2.8245
320.170549 2.8245
320.226976 2.8245
320.283379 2.8245
320.339800 2.8245
320.396199 2.8245
320.452627 2.8245
320.509029 2.8245
320.565463 2.8245
320.621866 2.8245
320.678197 3.1260
320.734620 3.1260
320.791019 3.1260
320.847457 3.1260
320.903856 3.1260
320.960295 3.1489
321.016694 3.1489
321.073130 3.1489
321.129530 3.1489
321.185837 3.1489
321.242216 2.9886
321.298617 0.0000 
321.354948 0.0000 
321.411250 0.0000 
321.467548 0.0000 
321.523847 0.0000 
321.580158 0.0000 
321.636450 0.0000 
321.692768 0.0000 
321.749083 0.0000 
321.805294 0.0000 
321.861605 0.0000 
321.917888 0.0000 
321.974215 0.0000 
322.030498 0.0000 
322.086819 0.0000 
322.143109 0.0000 
322.199439 0.0000 
322.255723 0.0000 
322.311920 0.0000 
322.368788 0.0000 
322.425548 0.0000 
322.481858 0.0000 
322.538048 0.0000 
322.594317 0.0000 
322.650612 0.0000 
322.706923 0.0000 
322.763217 0.0000 
322.819532 0.0000 
322.875827 0.0000 
322.932045 0.0000 
322.988356 0.0000 
323.044640 0.0000 
323.100963 0.0000 
323.157252 0.0000 
323.213578 0.0000 
323.269861 0.0000 
323.326213 0.0000 
323.382497 0.0000 
323.438694 0.0000 
323.494954 0.0000 
323.551245 0.0000 
323.607556 0.0000 
323.663848 0.0000 
323.720147 0.0000 
323.776442 0.0000 
323.832749 0.0000 
323.889038 0.0000 
323.945353 0.0000 
324.001650 0.0000 
324.057877 0.0000 
324.114192 0.0000 
324.170487 0.0000 
324.226810 0.0000 
324.283098 0.0000 
324.339423 0.0000 
324.395705 0.0000 
324.452030 0.0000 
324.508313 0.0000 
324.564509 0.0000 
324.620769 0.0000 
324.677060 0.0000 
324.733370 0.0000 
324.789661 0.0000 
324.845967 0.0000 
324.902275 0.0000 
324.958584 0.0000 
325.014876 0.0000 
325.071191 0.0000 
325.127485 0.0000 
325.183696 0.0000 
325.240003 0.0000 
325.296285 0.0000 
325.352614 0.0000 
325.408899 0.0000 
325.465226 0.0000 
325.521510 0.0000 
325.577839 0.0000 
325.634123 0.0000 
325.690319 0.0000 
325.746579 0.0000 
325.802871 0.0000 
325.859179 0.0000 
325.915473 0.0000 
325.971780 0.0000 
326.028072 0.0000 
326.084382 0.0000 
326.140675 0.0000 
326.196995 0.0000 
326.253288 0.0000 
326.309501 0.0000 
326.365811 0.0000 
326.422097 0.0000 
326.478425 0.0000 
326.534728 0.0000 
326.591055 0.0000 
326.647341 0.0000 
326.703663 0.0000 
326.759954 0.0000 
326.816152 0.0000 
326.872413 0.0000 
326.928704 0.0000 
326.985014 0.0000 
327.041306 0.0000 
327.097613 0.0000 
327.153901 0.0000 
327.210211 0.0000 
327.266502 0.0000 
327.322822 0.0000 
327.379122 0.0000 
327.435334 0.0000 
327.491644 0.0000 
327.547940 0.0000 
327.604268 0.0000 
327.660552 0.0000 
327.716880 0.0000 
327.773165 0.0000 
327.829494 0.0000 
327.885779 0.0000 
327.941976 0.0000 
327.998238 0.0000 
328.054529 0.0000 
328.110858 0.0000 
328.167150 0.0000 
328.223458 0.0000 
328.279747 0.0000 
328.336057 0.0000 
328.392350 0.0000 
328.448671 0.0000 
328.504963 0.0000 
328.561176 0.0000 
328.617485 0.0000 
328.673772 0.0000 
328.730098 0.0000 
328.786382 0.0000 
328.842709 0.0000 
328.898995 0.0000 
328.955317 0.0000 
329.011608 0.0000 
329.067803 0.0000 
329.124066 0.0000 
329.180353 0.0000 
329.236657 0.0000 
329.292949 0.0000 
329.349258 0.0000 
329.405545 0.0000 
329.461854 0.0000 
329.518146 0.0000 
329.574466 0.0000 
329.630759 0.0000 
329.686982 0.0000 
329.743314 0.0000 
329.799608 0.0000 
329.855936 0.0000 
329.912220 0.0000 
329.968539 0.0000 
330.024827 0.0000 
330.081150 0.0000 
330.137434 0.0000 
330.193629 0.0000 
330.249891 0.0000 
330.306177 0.0000 
330.362487 0.0000 
330.418780 0.0000 
330.475088 0.0000 
330.532005 0.0000 
330.588873 0.0000 
330.645228 0.0000 
330.701540 0.0000 
330.757826 0.0000 
330.814055 0.0000 
330.870375 0.0000 
330.926658 0.0000 
330.982990 0.0000 
331.039269 0.0000 
331.095597 0.0000 
331.151879 0.0000 
331.208207 0.0000 
331.264487 0.0000 
331.320718 0.0000 
331.376982 0.0000 
331.433267 0.0000 
331.489581 0.0000 
331.545869 0.0000 
331.602181 0.0000 
331.658465 0.0000 
331.714772 0.0000 
331.771066 0.0000 
331.827376 0.0000 
331.883661 0.0000 
331.939887 0.0000 
331.996197 0.0000 
332.052489 0.0000 
332.108818 0.0000 
332.165097 0.0000 
332.221419 0.0000 
332.277706 0.0000 
332.334036 0.0000 
332.390316 0.0000 
332.446511 0.0000 
332.502776 0.0000 
332.559061 0.0000 
332.615376 0.0000 
332.671667 0.0000 
332.727979 0.0000 
332.784263 0.0000 
332.840572 0.0000 
332.896862 0.0000 
332.953198 0.0000 
333.009483 2.8436
333.065814 2.8436
333.122251 2.8436
333.178641 2.8436
333.235085 2.8359
333.291475 2.8359
333.347922 2.8359
333.404312 2.8359
333.460758 2.8359
333.517149 2.8398
333.573464 2.8398
333.629838 2.8398
333.686237 2.8398
333.742664 0.0000 
333.798983 2.8474
333.855385 2.8474
333.911786 2.8474
333.968204 2.8474
334.024616 2.8474
334.081043 2.8512
334.137453 2.8512
334.193775 2.8512
334.250202 2.8512
334.306597 2.8512
334.363039 2.8512
334.419430 2.8512
334.475878 2.8512
334.532285 2.8512
334.588731 0.0000 
334.645037 2.8550
334.701328 2.8550
334.757707 2.8550
334.814103 2.8550
334.870529 2.8550
334.926932 2.8627
334.983358 2.8627
335.039754 2.8627
335.096181 2.8627
335.152582 2.8474
335.209017 2.8474
335.265414 2.8474
335.321756 2.8474
335.378184 2.8474
335.434586 2.8436
335.491021 2.8436
335.547424 2.8436
335.603864 2.8436
335.660258 2.8436
335.716700 2.8817
335.773098 2.8817
335.829405 2.8817
335.885785 2.8817
335.942181 2.8817
335.998607 2.8512
336.055013 2.8512
336.111457 2.8512
336.167851 2.8512
336.224281 2.8512
336.280680 2.8474
336.337114 2.8474
336.393514 2.8474
336.449844 2.8474
336.506271 2.8474
336.562666 2.8474
336.619107 2.8474
336.675504 2.8474
336.731945 2.8474
336.788339 2.8474
336.844782 2.8512
336.901178 2.8512
336.957486 2.8512
337.013865 2.8512
337.070259 2.8436
337.126691 2.8436
337.183089 2.8436
337.239514 2.8436
337.295909 2.8436
337.352346 0.0000 
337.408654 2.8436
337.464925 2.8436
337.521312 2.8436
337.577739 2.8436
337.634209 2.8512
337.690600 2.8512
337.747063 2.8512
337.803455 2.8512
337.859901 2.8512
337.916291 2.8436
337.972738 2.8436
338.029131 2.8436
338.085441 2.8436
338.141816 2.8436
338.198217 2.8474
338.254642 2.8474
338.311688 2.8474
338.368646 2.8474
338.425128 2.8474
338.481569 2.8474
338.537973 2.8474
338.594265 2.8474
338.650662 2.8474
338.707090 2.8474
338.763564 2.8436
338.819956 2.8436
338.876405 2.8436
338.932796 2.8436
338.989243 2.8474
339.045634 2.8474
339.101948 2.8474
339.158315 2.8474
339.214714 2.8474
339.271144 2.8436
339.327571 2.8436
339.383983 2.8436
339.440391 2.8436
339.496818 2.8436
339.553222 2.8512
339.609656 2.8512
339.666062 2.8512
339.722356 2.8512
339.778753 2.8512
339.835178 2.8512
339.891649 2.8512
339.948042 2.8512
340.004486 2.8512
340.060875 2.8512
340.117319 2.8512
340.173711 2.8512
340.230022 2.8512
340.286391 2.8512
340.342789 2.8512
340.399220 2.8436
340.455624 2.8436
340.512042 2.8436
340.568440 2.8436
340.624865 2.8436
340.681268 2.8436
340.737694 2.8436
340.794106 2.8436
340.850401 2.8436
340.906814 2.8474
340.963303 2.8474
341.019801 2.8474
341.076201 2.8474
341.132646 2.8474
341.189035 2.8436
